Job ID   : 43808331
Node     : fg2
Started  : Sun Jun 14 18:25:27 MDT 2026
Directory: /home/aleksander.berezowsk/spiking-eegnet
Requirement already satisfied: setuptools==69.5.1 in /home/aleksander.berezowsk/venv/lib/python3.12/site-packages (69.5.1)
Requirement already satisfied: torch==2.4.0 in /home/aleksander.berezowsk/venv/lib/python3.12/site-packages (2.4.0)
Requirement already satisfied: torchvision==0.19.0 in /home/aleksander.berezowsk/venv/lib/python3.12/site-packages (0.19.0)
Requirement already satisfied: torchaudio==2.4.0 in /home/aleksander.berezowsk/venv/lib/python3.12/site-packages (2.4.0)
Requirement already satisfied: torchmetrics in /home/aleksander.berezowsk/venv/lib/python3.12/site-packages (1.9.0)
Requirement already satisfied: filelock in /home/aleksander.berezowsk/venv/lib/python3.12/site-packages (from torch==2.4.0) (3.29.0)
Requirement already satisfied: typing-extensions>=4.8.0 in /home/aleksander.berezowsk/venv/lib/python3.12/site-packages (from torch==2.4.0) (4.15.0)
Requirement already satisfied: sympy in /home/aleksander.berezowsk/venv/lib/python3.12/site-packages (from torch==2.4.0) (1.14.0)
Requirement already satisfied: networkx in /home/aleksander.berezowsk/venv/lib/python3.12/site-packages (from torch==2.4.0) (3.6.1)
Requirement already satisfied: jinja2 in /home/aleksander.berezowsk/venv/lib/python3.12/site-packages (from torch==2.4.0) (3.1.6)
Requirement already satisfied: fsspec in /home/aleksander.berezowsk/venv/lib/python3.12/site-packages (from torch==2.4.0) (2026.4.0)
Requirement already satisfied: setuptools in /home/aleksander.berezowsk/venv/lib/python3.12/site-packages (from torch==2.4.0) (69.5.1)
Requirement already satisfied: nvidia-cuda-nvrtc-cu12==12.1.105 in /home/aleksander.berezowsk/venv/lib/python3.12/site-packages (from torch==2.4.0) (12.1.105)
Requirement already satisfied: nvidia-cuda-runtime-cu12==12.1.105 in /home/aleksander.berezowsk/venv/lib/python3.12/site-packages (from torch==2.4.0) (12.1.105)
Requirement already satisfied: nvidia-cuda-cupti-cu12==12.1.105 in /home/aleksander.berezowsk/venv/lib/python3.12/site-packages (from torch==2.4.0) (12.1.105)
Requirement already satisfied: nvidia-cudnn-cu12==9.1.0.70 in /home/aleksander.berezowsk/venv/lib/python3.12/site-packages (from torch==2.4.0) (9.1.0.70)
Requirement already satisfied: nvidia-cublas-cu12==12.1.3.1 in /home/aleksander.berezowsk/venv/lib/python3.12/site-packages (from torch==2.4.0) (12.1.3.1)
Requirement already satisfied: nvidia-cufft-cu12==11.0.2.54 in /home/aleksander.berezowsk/venv/lib/python3.12/site-packages (from torch==2.4.0) (11.0.2.54)
Requirement already satisfied: nvidia-curand-cu12==10.3.2.106 in /home/aleksander.berezowsk/venv/lib/python3.12/site-packages (from torch==2.4.0) (10.3.2.106)
Requirement already satisfied: nvidia-cusolver-cu12==11.4.5.107 in /home/aleksander.berezowsk/venv/lib/python3.12/site-packages (from torch==2.4.0) (11.4.5.107)
Requirement already satisfied: nvidia-cusparse-cu12==12.1.0.106 in /home/aleksander.berezowsk/venv/lib/python3.12/site-packages (from torch==2.4.0) (12.1.0.106)
Requirement already satisfied: nvidia-nccl-cu12==2.20.5 in /home/aleksander.berezowsk/venv/lib/python3.12/site-packages (from torch==2.4.0) (2.20.5)
Requirement already satisfied: nvidia-nvtx-cu12==12.1.105 in /home/aleksander.berezowsk/venv/lib/python3.12/site-packages (from torch==2.4.0) (12.1.105)
Requirement already satisfied: triton==3.0.0 in /home/aleksander.berezowsk/venv/lib/python3.12/site-packages (from torch==2.4.0) (3.0.0)
Requirement already satisfied: numpy in /home/aleksander.berezowsk/venv/lib/python3.12/site-packages (from torchvision==0.19.0) (2.4.6)
Requirement already satisfied: pillow!=8.3.*,>=5.3.0 in /home/aleksander.berezowsk/venv/lib/python3.12/site-packages (from torchvision==0.19.0) (12.2.0)
Requirement already satisfied: nvidia-nvjitlink-cu12 in /home/aleksander.berezowsk/venv/lib/python3.12/site-packages (from nvidia-cusolver-cu12==11.4.5.107->torch==2.4.0) (12.9.86)
Requirement already satisfied: packaging>17.1 in /home/aleksander.berezowsk/venv/lib/python3.12/site-packages (from torchmetrics) (26.2)
Requirement already satisfied: lightning-utilities>=0.15.3 in /home/aleksander.berezowsk/venv/lib/python3.12/site-packages (from torchmetrics) (0.15.3)
Requirement already satisfied: MarkupSafe>=2.0 in /home/aleksander.berezowsk/venv/lib/python3.12/site-packages (from jinja2->torch==2.4.0) (3.0.3)
Requirement already satisfied: mpmath<1.4,>=1.1.0 in /home/aleksander.berezowsk/venv/lib/python3.12/site-packages (from sympy->torch==2.4.0) (1.3.0)
Requirement already satisfied: optuna in /home/aleksander.berezowsk/venv/lib/python3.12/site-packages (4.9.0)
Requirement already satisfied: snntorch in /home/aleksander.berezowsk/venv/lib/python3.12/site-packages (0.9.4)
Requirement already satisfied: alembic>=1.5.0 in /home/aleksander.berezowsk/venv/lib/python3.12/site-packages (from optuna) (1.18.4)
Requirement already satisfied: colorlog in /home/aleksander.berezowsk/venv/lib/python3.12/site-packages (from optuna) (6.10.1)
Requirement already satisfied: numpy in /home/aleksander.berezowsk/venv/lib/python3.12/site-packages (from optuna) (2.4.6)
Requirement already satisfied: packaging>=20.0 in /home/aleksander.berezowsk/venv/lib/python3.12/site-packages (from optuna) (26.2)
Requirement already satisfied: sqlalchemy>=1.4.2 in /home/aleksander.berezowsk/venv/lib/python3.12/site-packages (from optuna) (2.0.50)
Requirement already satisfied: tqdm in /home/aleksander.berezowsk/venv/lib/python3.12/site-packages (from optuna) (4.67.3)
Requirement already satisfied: PyYAML in /home/aleksander.berezowsk/venv/lib/python3.12/site-packages (from optuna) (6.0.3)
Requirement already satisfied: Mako in /home/aleksander.berezowsk/venv/lib/python3.12/site-packages (from alembic>=1.5.0->optuna) (1.3.12)
Requirement already satisfied: typing-extensions>=4.12 in /home/aleksander.berezowsk/venv/lib/python3.12/site-packages (from alembic>=1.5.0->optuna) (4.15.0)
Requirement already satisfied: greenlet>=1 in /home/aleksander.berezowsk/venv/lib/python3.12/site-packages (from sqlalchemy>=1.4.2->optuna) (3.5.1)
Requirement already satisfied: MarkupSafe>=0.9.2 in /home/aleksander.berezowsk/venv/lib/python3.12/site-packages (from Mako->alembic>=1.5.0->optuna) (3.0.3)
Device: cuda
[BNCI2014_001] loading from cache: /home/aleksander.berezowsk/.cache/spiking_eegnet/BNCI2014_001_af1ccf3e92f684d8a93c057082b654d7.npz
[BNCI2014_001] cache hit: (5184, 1, 22, 1001), classes=['feet', 'left_hand', 'right_hand', 'tongue'], subjects=9
Dataset meta: {'n_classes': 4, 'n_channels': 22, 'n_samples': 1001, 'class_names': ['feet', 'left_hand', 'right_hand', 'tongue'], 'subject_list': [1, 2, 3, 4, 5, 6, 7, 8, 9], 'n_subjects': 9, 'sfreq': 250.0}

=== LOSO (hold out subject 0) ===
  Train: 4608 trials  |  Test: 576 trials
  Model params: 14,350
  epoch   1/100  loss=1.3862  bal_acc=0.2986
  epoch   2/100  loss=1.3766  bal_acc=0.3472
  epoch   3/100  loss=1.3654  bal_acc=0.3472
  epoch   4/100  loss=1.3516  bal_acc=0.3628
  epoch   5/100  loss=1.3309  bal_acc=0.3542
  epoch   6/100  loss=1.3070  bal_acc=0.3698
  epoch   7/100  loss=1.2856  bal_acc=0.3698
  epoch   8/100  loss=1.2641  bal_acc=0.3611
  epoch   9/100  loss=1.2456  bal_acc=0.3889
  epoch  10/100  loss=1.2256  bal_acc=0.3819
  epoch  11/100  loss=1.2126  bal_acc=0.3819
  epoch  12/100  loss=1.1970  bal_acc=0.3767
  epoch  13/100  loss=1.1848  bal_acc=0.3872
  epoch  14/100  loss=1.1628  bal_acc=0.4080
  epoch  15/100  loss=1.1509  bal_acc=0.3958
  epoch  16/100  loss=1.1479  bal_acc=0.4201
  epoch  17/100  loss=1.1377  bal_acc=0.4201
  epoch  18/100  loss=1.1188  bal_acc=0.4219
  epoch  19/100  loss=1.1172  bal_acc=0.4167
  epoch  20/100  loss=1.1071  bal_acc=0.4392
  epoch  21/100  loss=1.0910  bal_acc=0.4410
  epoch  22/100  loss=1.0890  bal_acc=0.4462
  epoch  23/100  loss=1.0683  bal_acc=0.4462
  epoch  24/100  loss=1.0696  bal_acc=0.4340
  epoch  25/100  loss=1.0559  bal_acc=0.4497
  epoch  26/100  loss=1.0519  bal_acc=0.4566
  epoch  27/100  loss=1.0391  bal_acc=0.4531
  epoch  28/100  loss=1.0354  bal_acc=0.4479
  epoch  29/100  loss=1.0312  bal_acc=0.4722
  epoch  30/100  loss=1.0106  bal_acc=0.4635
  epoch  31/100  loss=1.0074  bal_acc=0.4670
  epoch  32/100  loss=1.0118  bal_acc=0.4566
  epoch  33/100  loss=1.0080  bal_acc=0.4688
  epoch  34/100  loss=1.0000  bal_acc=0.4566
  epoch  35/100  loss=1.0045  bal_acc=0.4809
  epoch  36/100  loss=0.9807  bal_acc=0.4705
  epoch  37/100  loss=0.9849  bal_acc=0.4740
  epoch  38/100  loss=0.9721  bal_acc=0.4792
  epoch  39/100  loss=0.9670  bal_acc=0.4826
  epoch  40/100  loss=0.9621  bal_acc=0.4705
  epoch  41/100  loss=0.9655  bal_acc=0.4740
  epoch  42/100  loss=0.9484  bal_acc=0.4844
  epoch  43/100  loss=0.9486  bal_acc=0.4792
  epoch  44/100  loss=0.9452  bal_acc=0.4948
  epoch  45/100  loss=0.9402  bal_acc=0.4948
  epoch  46/100  loss=0.9427  bal_acc=0.4896
  epoch  47/100  loss=0.9300  bal_acc=0.4878
  epoch  48/100  loss=0.9222  bal_acc=0.5000
  epoch  49/100  loss=0.9194  bal_acc=0.4670
  epoch  50/100  loss=0.9234  bal_acc=0.4861
  epoch  51/100  loss=0.9058  bal_acc=0.4983
  epoch  52/100  loss=0.9114  bal_acc=0.5122
  epoch  53/100  loss=0.9075  bal_acc=0.5139
  epoch  54/100  loss=0.9143  bal_acc=0.5035
  epoch  55/100  loss=0.8971  bal_acc=0.4861
  epoch  56/100  loss=0.9109  bal_acc=0.4948
  epoch  57/100  loss=0.8897  bal_acc=0.4878
  epoch  58/100  loss=0.8881  bal_acc=0.5087
  epoch  59/100  loss=0.8971  bal_acc=0.5035
  epoch  60/100  loss=0.8819  bal_acc=0.5035
  epoch  61/100  loss=0.8815  bal_acc=0.4965
  epoch  62/100  loss=0.8728  bal_acc=0.4965
  epoch  63/100  loss=0.8897  bal_acc=0.4948
  epoch  64/100  loss=0.8639  bal_acc=0.5069
  epoch  65/100  loss=0.8669  bal_acc=0.5104
  epoch  66/100  loss=0.8615  bal_acc=0.5052
  epoch  67/100  loss=0.8602  bal_acc=0.5191
  epoch  68/100  loss=0.8606  bal_acc=0.4965
  epoch  69/100  loss=0.8667  bal_acc=0.5087
  epoch  70/100  loss=0.8430  bal_acc=0.4965
  epoch  71/100  loss=0.8408  bal_acc=0.5035
  epoch  72/100  loss=0.8518  bal_acc=0.5000
  epoch  73/100  loss=0.8481  bal_acc=0.5191
  epoch  74/100  loss=0.8409  bal_acc=0.5226
  epoch  75/100  loss=0.8436  bal_acc=0.4948
  epoch  76/100  loss=0.8224  bal_acc=0.5156
  epoch  77/100  loss=0.8248  bal_acc=0.5330
  epoch  78/100  loss=0.8333  bal_acc=0.5139
  epoch  79/100  loss=0.8069  bal_acc=0.5208
  epoch  80/100  loss=0.8209  bal_acc=0.5069
  epoch  81/100  loss=0.8106  bal_acc=0.5156
  epoch  82/100  loss=0.8108  bal_acc=0.5104
  epoch  83/100  loss=0.8016  bal_acc=0.5156
  epoch  84/100  loss=0.8033  bal_acc=0.5399
  epoch  85/100  loss=0.7915  bal_acc=0.5139
  epoch  86/100  loss=0.7821  bal_acc=0.5226
  epoch  87/100  loss=0.7945  bal_acc=0.5243
  epoch  88/100  loss=0.7980  bal_acc=0.5399
  epoch  89/100  loss=0.7991  bal_acc=0.5417
  epoch  90/100  loss=0.7825  bal_acc=0.5417
  epoch  91/100  loss=0.7950  bal_acc=0.5503
  epoch  92/100  loss=0.7800  bal_acc=0.5417
  epoch  93/100  loss=0.7788  bal_acc=0.5503
  epoch  94/100  loss=0.7727  bal_acc=0.5382
  epoch  95/100  loss=0.7869  bal_acc=0.5521
  epoch  96/100  loss=0.7655  bal_acc=0.5243
  epoch  97/100  loss=0.7538  bal_acc=0.5399
  epoch  98/100  loss=0.7775  bal_acc=0.5469
  epoch  99/100  loss=0.7718  bal_acc=0.5243
  epoch 100/100  loss=0.7699  bal_acc=0.5295
Results saved to results/BNCI2014_001/results.json
Trial logged to results/BNCI2014_001/trials.csv
[status] trial 0 done (state=COMPLETE, value=0.529513888888889) -- 1 completed total
Device: cuda
[BNCI2014_001] loading from cache: /home/aleksander.berezowsk/.cache/spiking_eegnet/BNCI2014_001_af1ccf3e92f684d8a93c057082b654d7.npz
[BNCI2014_001] cache hit: (5184, 1, 22, 1001), classes=['feet', 'left_hand', 'right_hand', 'tongue'], subjects=9
Dataset meta: {'n_classes': 4, 'n_channels': 22, 'n_samples': 1001, 'class_names': ['feet', 'left_hand', 'right_hand', 'tongue'], 'subject_list': [1, 2, 3, 4, 5, 6, 7, 8, 9], 'n_subjects': 9, 'sfreq': 250.0}

=== LOSO (hold out subject 0) ===
  Train: 4608 trials  |  Test: 576 trials
  Model params: 5,650
  epoch   1/100  loss=1.3906  bal_acc=0.3108
  epoch   2/100  loss=1.3854  bal_acc=0.3177
  epoch   3/100  loss=1.3810  bal_acc=0.3299
  epoch   4/100  loss=1.3733  bal_acc=0.3403
  epoch   5/100  loss=1.3654  bal_acc=0.3559
  epoch   6/100  loss=1.3581  bal_acc=0.3542
  epoch   7/100  loss=1.3489  bal_acc=0.3507
  epoch   8/100  loss=1.3339  bal_acc=0.3628
  epoch   9/100  loss=1.3249  bal_acc=0.3507
  epoch  10/100  loss=1.3112  bal_acc=0.3715
  epoch  11/100  loss=1.2997  bal_acc=0.3733
  epoch  12/100  loss=1.2944  bal_acc=0.3906
  epoch  13/100  loss=1.2752  bal_acc=0.3993
  epoch  14/100  loss=1.2644  bal_acc=0.4080
  epoch  15/100  loss=1.2471  bal_acc=0.4167
  epoch  16/100  loss=1.2292  bal_acc=0.4184
  epoch  17/100  loss=1.2229  bal_acc=0.4149
  epoch  18/100  loss=1.2063  bal_acc=0.4149
  epoch  19/100  loss=1.1941  bal_acc=0.4149
  epoch  20/100  loss=1.1866  bal_acc=0.4288
  epoch  21/100  loss=1.1791  bal_acc=0.4444
  epoch  22/100  loss=1.1700  bal_acc=0.4410
  epoch  23/100  loss=1.1599  bal_acc=0.4479
  epoch  24/100  loss=1.1541  bal_acc=0.4323
  epoch  25/100  loss=1.1445  bal_acc=0.4444
  epoch  26/100  loss=1.1391  bal_acc=0.4444
  epoch  27/100  loss=1.1373  bal_acc=0.4583
  epoch  28/100  loss=1.1261  bal_acc=0.4427
  epoch  29/100  loss=1.1333  bal_acc=0.4462
  epoch  30/100  loss=1.1271  bal_acc=0.4497
  epoch  31/100  loss=1.1185  bal_acc=0.4479
  epoch  32/100  loss=1.1161  bal_acc=0.4653
  epoch  33/100  loss=1.1066  bal_acc=0.4601
  epoch  34/100  loss=1.1068  bal_acc=0.4531
  epoch  35/100  loss=1.0993  bal_acc=0.4792
  epoch  36/100  loss=1.1045  bal_acc=0.4653
  epoch  37/100  loss=1.1002  bal_acc=0.4635
  epoch  38/100  loss=1.0935  bal_acc=0.4653
  epoch  39/100  loss=1.0960  bal_acc=0.4688
  epoch  40/100  loss=1.0798  bal_acc=0.4601
  epoch  41/100  loss=1.0800  bal_acc=0.4618
  epoch  42/100  loss=1.0832  bal_acc=0.4722
  epoch  43/100  loss=1.0841  bal_acc=0.4809
  epoch  44/100  loss=1.0733  bal_acc=0.4896
  epoch  45/100  loss=1.0667  bal_acc=0.4740
  epoch  46/100  loss=1.0744  bal_acc=0.4861
  epoch  47/100  loss=1.0556  bal_acc=0.5017
  epoch  48/100  loss=1.0632  bal_acc=0.5087
  epoch  49/100  loss=1.0546  bal_acc=0.5069
  epoch  50/100  loss=1.0601  bal_acc=0.5035
  epoch  51/100  loss=1.0535  bal_acc=0.5017
  epoch  52/100  loss=1.0536  bal_acc=0.4948
  epoch  53/100  loss=1.0406  bal_acc=0.5104
  epoch  54/100  loss=1.0480  bal_acc=0.5174
  epoch  55/100  loss=1.0363  bal_acc=0.5087
  epoch  56/100  loss=1.0404  bal_acc=0.5156
  epoch  57/100  loss=1.0406  bal_acc=0.5000
  epoch  58/100  loss=1.0282  bal_acc=0.5226
  epoch  59/100  loss=1.0299  bal_acc=0.5226
  epoch  60/100  loss=1.0236  bal_acc=0.5330
  epoch  61/100  loss=1.0281  bal_acc=0.5312
  epoch  62/100  loss=1.0226  bal_acc=0.5174
  epoch  63/100  loss=1.0287  bal_acc=0.5330
  epoch  64/100  loss=1.0192  bal_acc=0.5312
  epoch  65/100  loss=1.0158  bal_acc=0.5243
  epoch  66/100  loss=1.0108  bal_acc=0.5260
  epoch  67/100  loss=1.0206  bal_acc=0.5260
  epoch  68/100  loss=1.0122  bal_acc=0.5417
  epoch  69/100  loss=1.0102  bal_acc=0.5434
  epoch  70/100  loss=1.0067  bal_acc=0.5347
  epoch  71/100  loss=1.0052  bal_acc=0.5365
  epoch  72/100  loss=0.9994  bal_acc=0.5278
  epoch  73/100  loss=1.0029  bal_acc=0.5330
  epoch  74/100  loss=0.9964  bal_acc=0.5365
  epoch  75/100  loss=0.9944  bal_acc=0.5330
  epoch  76/100  loss=0.9858  bal_acc=0.5330
  epoch  77/100  loss=0.9865  bal_acc=0.5556
  epoch  78/100  loss=0.9782  bal_acc=0.5573
  epoch  79/100  loss=0.9868  bal_acc=0.5469
  epoch  80/100  loss=0.9868  bal_acc=0.5486
  epoch  81/100  loss=0.9810  bal_acc=0.5538
  epoch  82/100  loss=0.9832  bal_acc=0.5538
  epoch  83/100  loss=0.9796  bal_acc=0.5642
  epoch  84/100  loss=0.9725  bal_acc=0.5521
  epoch  85/100  loss=0.9843  bal_acc=0.5556
  epoch  86/100  loss=0.9878  bal_acc=0.5538
  epoch  87/100  loss=0.9667  bal_acc=0.5642
  epoch  88/100  loss=0.9716  bal_acc=0.5608
  epoch  89/100  loss=0.9679  bal_acc=0.5521
  epoch  90/100  loss=0.9594  bal_acc=0.5538
  epoch  91/100  loss=0.9544  bal_acc=0.5556
  epoch  92/100  loss=0.9551  bal_acc=0.5625
  epoch  93/100  loss=0.9667  bal_acc=0.5625
  epoch  94/100  loss=0.9485  bal_acc=0.5833
  epoch  95/100  loss=0.9605  bal_acc=0.5694
  epoch  96/100  loss=0.9568  bal_acc=0.5556
  epoch  97/100  loss=0.9614  bal_acc=0.5590
  epoch  98/100  loss=0.9533  bal_acc=0.5625
  epoch  99/100  loss=0.9579  bal_acc=0.5625
  epoch 100/100  loss=0.9556  bal_acc=0.5747
Results saved to results/BNCI2014_001/results.json
Trial logged to results/BNCI2014_001/trials.csv
[status] trial 1 done (state=COMPLETE, value=0.5746527777777778) -- 2 completed total
Device: cuda
[BNCI2014_001] loading from cache: /home/aleksander.berezowsk/.cache/spiking_eegnet/BNCI2014_001_af1ccf3e92f684d8a93c057082b654d7.npz
[BNCI2014_001] cache hit: (5184, 1, 22, 1001), classes=['feet', 'left_hand', 'right_hand', 'tongue'], subjects=9
Dataset meta: {'n_classes': 4, 'n_channels': 22, 'n_samples': 1001, 'class_names': ['feet', 'left_hand', 'right_hand', 'tongue'], 'subject_list': [1, 2, 3, 4, 5, 6, 7, 8, 9], 'n_subjects': 9, 'sfreq': 250.0}

Applying bandpass filter: 24.630686051378447–63.654269883229716 Hz

=== LOSO (hold out subject 0) ===
  Train: 4608 trials  |  Test: 576 trials
  Model params: 14,582
  epoch   1/100  loss=1.4017  bal_acc=0.2517
  epoch   2/100  loss=1.3973  bal_acc=0.2448
  epoch   3/100  loss=1.3863  bal_acc=0.2604
  epoch   4/100  loss=1.3889  bal_acc=0.2882
  epoch   5/100  loss=1.3839  bal_acc=0.2622
  epoch   6/100  loss=1.3764  bal_acc=0.2535
  epoch   7/100  loss=1.3691  bal_acc=0.2500
  epoch   8/100  loss=1.3719  bal_acc=0.2569
  epoch   9/100  loss=1.3668  bal_acc=0.2622
  epoch  10/100  loss=1.3570  bal_acc=0.2674
  epoch  11/100  loss=1.3569  bal_acc=0.2622
  epoch  12/100  loss=1.3456  bal_acc=0.2552
  epoch  13/100  loss=1.3469  bal_acc=0.2413
  epoch  14/100  loss=1.3551  bal_acc=0.2604
  epoch  15/100  loss=1.3385  bal_acc=0.2726
  epoch  16/100  loss=1.3415  bal_acc=0.2500
  epoch  17/100  loss=1.3384  bal_acc=0.2500
  epoch  18/100  loss=1.3322  bal_acc=0.2535
  epoch  19/100  loss=1.3394  bal_acc=0.2517
  epoch  20/100  loss=1.3338  bal_acc=0.2691
  epoch  21/100  loss=1.3283  bal_acc=0.2465
  epoch  22/100  loss=1.3229  bal_acc=0.2656
  epoch  23/100  loss=1.3264  bal_acc=0.2674
  epoch  24/100  loss=1.3268  bal_acc=0.2778
  epoch  25/100  loss=1.3234  bal_acc=0.2812
  epoch  26/100  loss=1.3188  bal_acc=0.2622
  epoch  27/100  loss=1.3163  bal_acc=0.3021
  epoch  28/100  loss=1.3209  bal_acc=0.2535
  epoch  29/100  loss=1.3133  bal_acc=0.2830
  epoch  30/100  loss=1.3167  bal_acc=0.2812
  epoch  31/100  loss=1.3142  bal_acc=0.2535
  epoch  32/100  loss=1.3089  bal_acc=0.2726
  epoch  33/100  loss=1.3140  bal_acc=0.2569
  epoch  34/100  loss=1.3195  bal_acc=0.2483
  epoch  35/100  loss=1.3239  bal_acc=0.2622
  epoch  36/100  loss=1.3156  bal_acc=0.2760
  epoch  37/100  loss=1.3049  bal_acc=0.2604
  epoch  38/100  loss=1.3099  bal_acc=0.2569
  epoch  39/100  loss=1.3084  bal_acc=0.2622
  epoch  40/100  loss=1.2997  bal_acc=0.2795
  epoch  41/100  loss=1.3075  bal_acc=0.2604
  epoch  42/100  loss=1.3025  bal_acc=0.2708
  epoch  43/100  loss=1.3011  bal_acc=0.2639
  epoch  44/100  loss=1.3030  bal_acc=0.3003
  epoch  45/100  loss=1.2956  bal_acc=0.2917
  epoch  46/100  loss=1.2980  bal_acc=0.2795
  epoch  47/100  loss=1.3065  bal_acc=0.2743
  epoch  48/100  loss=1.2994  bal_acc=0.2969
  epoch  49/100  loss=1.2925  bal_acc=0.2760
  epoch  50/100  loss=1.2902  bal_acc=0.2726
  epoch  51/100  loss=1.2972  bal_acc=0.2726
  epoch  52/100  loss=1.2961  bal_acc=0.2726
  epoch  53/100  loss=1.2916  bal_acc=0.2674
  epoch  54/100  loss=1.2905  bal_acc=0.2587
  epoch  55/100  loss=1.2749  bal_acc=0.2743
  epoch  56/100  loss=1.2948  bal_acc=0.2760
  epoch  57/100  loss=1.3032  bal_acc=0.2674
  epoch  58/100  loss=1.2984  bal_acc=0.2812
  epoch  59/100  loss=1.2908  bal_acc=0.2604
  epoch  60/100  loss=1.2843  bal_acc=0.2587
  epoch  61/100  loss=1.2836  bal_acc=0.2674
  epoch  62/100  loss=1.2819  bal_acc=0.2500
  epoch  63/100  loss=1.2788  bal_acc=0.2517
  epoch  64/100  loss=1.2807  bal_acc=0.2622
  epoch  65/100  loss=1.2909  bal_acc=0.2552
  epoch  66/100  loss=1.2894  bal_acc=0.2760
  epoch  67/100  loss=1.2847  bal_acc=0.2569
  epoch  68/100  loss=1.2910  bal_acc=0.2656
  epoch  69/100  loss=1.2902  bal_acc=0.2830
  epoch  70/100  loss=1.2897  bal_acc=0.2743
  epoch  71/100  loss=1.2912  bal_acc=0.2552
  epoch  72/100  loss=1.2867  bal_acc=0.2569
  epoch  73/100  loss=1.2858  bal_acc=0.2639
  epoch  74/100  loss=1.2942  bal_acc=0.2587
  epoch  75/100  loss=1.2834  bal_acc=0.2517
  epoch  76/100  loss=1.2799  bal_acc=0.2639
  epoch  77/100  loss=1.2773  bal_acc=0.2587
  epoch  78/100  loss=1.2794  bal_acc=0.2743
  epoch  79/100  loss=1.2822  bal_acc=0.2552
  epoch  80/100  loss=1.2705  bal_acc=0.2413
  epoch  81/100  loss=1.2748  bal_acc=0.2552
  epoch  82/100  loss=1.2704  bal_acc=0.2500
  epoch  83/100  loss=1.2724  bal_acc=0.2569
  epoch  84/100  loss=1.2761  bal_acc=0.2396
  epoch  85/100  loss=1.2755  bal_acc=0.2500
  epoch  86/100  loss=1.2649  bal_acc=0.2569
  epoch  87/100  loss=1.2692  bal_acc=0.2587
  epoch  88/100  loss=1.2699  bal_acc=0.2535
  epoch  89/100  loss=1.2750  bal_acc=0.2726
  epoch  90/100  loss=1.2665  bal_acc=0.2517
  epoch  91/100  loss=1.2724  bal_acc=0.2847
  epoch  92/100  loss=1.2647  bal_acc=0.2830
  epoch  93/100  loss=1.2624  bal_acc=0.2760
  epoch  94/100  loss=1.2740  bal_acc=0.2587
  epoch  95/100  loss=1.2692  bal_acc=0.2396
  epoch  96/100  loss=1.2674  bal_acc=0.2448
  epoch  97/100  loss=1.2663  bal_acc=0.2431
  epoch  98/100  loss=1.2633  bal_acc=0.2535
  epoch  99/100  loss=1.2699  bal_acc=0.2396
  epoch 100/100  loss=1.2594  bal_acc=0.2448
Results saved to results/BNCI2014_001/results.json
Trial logged to results/BNCI2014_001/trials.csv
[status] trial 2 done (state=COMPLETE, value=0.24479166666666666) -- 3 completed total
Device: cuda
[BNCI2014_001] loading from cache: /home/aleksander.berezowsk/.cache/spiking_eegnet/BNCI2014_001_af1ccf3e92f684d8a93c057082b654d7.npz
[BNCI2014_001] cache hit: (5184, 1, 22, 1001), classes=['feet', 'left_hand', 'right_hand', 'tongue'], subjects=9
Dataset meta: {'n_classes': 4, 'n_channels': 22, 'n_samples': 1001, 'class_names': ['feet', 'left_hand', 'right_hand', 'tongue'], 'subject_list': [1, 2, 3, 4, 5, 6, 7, 8, 9], 'n_subjects': 9, 'sfreq': 250.0}

Applying bandpass filter: 13.889233912168306–22.526720332257838 Hz

=== LOSO (hold out subject 0) ===
  Train: 4608 trials  |  Test: 576 trials
  Model params: 20,952
  epoch   1/100  loss=1.4487  bal_acc=0.3212
  epoch   2/100  loss=1.4069  bal_acc=0.2726
  epoch   3/100  loss=1.3875  bal_acc=0.2743
  epoch   4/100  loss=1.3733  bal_acc=0.2951
  epoch   5/100  loss=1.3701  bal_acc=0.3021
  epoch   6/100  loss=1.3657  bal_acc=0.2865
  epoch   7/100  loss=1.3613  bal_acc=0.2743
  epoch   8/100  loss=1.3686  bal_acc=0.2622
  epoch   9/100  loss=1.3508  bal_acc=0.3455
  epoch  10/100  loss=1.3534  bal_acc=0.3177
  epoch  11/100  loss=1.3498  bal_acc=0.3160
  epoch  12/100  loss=1.3510  bal_acc=0.2535
  epoch  13/100  loss=1.3474  bal_acc=0.2604
  epoch  14/100  loss=1.3518  bal_acc=0.2622
  epoch  15/100  loss=1.3533  bal_acc=0.2622
  epoch  16/100  loss=1.3497  bal_acc=0.2865
  epoch  17/100  loss=1.3490  bal_acc=0.3108
  epoch  18/100  loss=1.3500  bal_acc=0.2569
  epoch  19/100  loss=1.3455  bal_acc=0.2951
  epoch  20/100  loss=1.3374  bal_acc=0.3090
  epoch  21/100  loss=1.3400  bal_acc=0.2760
  epoch  22/100  loss=1.3361  bal_acc=0.2726
  epoch  23/100  loss=1.3301  bal_acc=0.2622
  epoch  24/100  loss=1.3411  bal_acc=0.2656
  epoch  25/100  loss=1.3410  bal_acc=0.2656
  epoch  26/100  loss=1.3341  bal_acc=0.2934
  epoch  27/100  loss=1.3310  bal_acc=0.3420
  epoch  28/100  loss=1.3397  bal_acc=0.2934
  epoch  29/100  loss=1.3319  bal_acc=0.2830
  epoch  30/100  loss=1.3276  bal_acc=0.3021
  epoch  31/100  loss=1.3207  bal_acc=0.3264
  epoch  32/100  loss=1.3255  bal_acc=0.3125
  epoch  33/100  loss=1.3203  bal_acc=0.3142
  epoch  34/100  loss=1.3323  bal_acc=0.3108
  epoch  35/100  loss=1.3219  bal_acc=0.3142
  epoch  36/100  loss=1.3311  bal_acc=0.2934
  epoch  37/100  loss=1.3334  bal_acc=0.2674
  epoch  38/100  loss=1.3304  bal_acc=0.2674
  epoch  39/100  loss=1.3275  bal_acc=0.2969
  epoch  40/100  loss=1.3334  bal_acc=0.2899
  epoch  41/100  loss=1.3367  bal_acc=0.2726
  epoch  42/100  loss=1.3366  bal_acc=0.2691
  epoch  43/100  loss=1.3236  bal_acc=0.2587
  epoch  44/100  loss=1.3330  bal_acc=0.2951
  epoch  45/100  loss=1.3309  bal_acc=0.3038
  epoch  46/100  loss=1.3288  bal_acc=0.3003
  epoch  47/100  loss=1.3270  bal_acc=0.2882
  epoch  48/100  loss=1.3273  bal_acc=0.3021
  epoch  49/100  loss=1.3274  bal_acc=0.3073
  epoch  50/100  loss=1.3250  bal_acc=0.2934
  epoch  51/100  loss=1.3251  bal_acc=0.2951
  epoch  52/100  loss=1.3226  bal_acc=0.2951
  epoch  53/100  loss=1.3218  bal_acc=0.3003
  epoch  54/100  loss=1.3198  bal_acc=0.2639
  epoch  55/100  loss=1.3184  bal_acc=0.3160
  epoch  56/100  loss=1.3198  bal_acc=0.2587
  epoch  57/100  loss=1.3187  bal_acc=0.3003
  epoch  58/100  loss=1.3269  bal_acc=0.2969
  epoch  59/100  loss=1.3247  bal_acc=0.2951
  epoch  60/100  loss=1.3239  bal_acc=0.3056
  epoch  61/100  loss=1.3216  bal_acc=0.2951
  epoch  62/100  loss=1.3207  bal_acc=0.3247
  epoch  63/100  loss=1.3184  bal_acc=0.3090
  epoch  64/100  loss=1.3149  bal_acc=0.3212
  epoch  65/100  loss=1.3248  bal_acc=0.3021
  epoch  66/100  loss=1.3177  bal_acc=0.3281
  epoch  67/100  loss=1.3206  bal_acc=0.3524
  epoch  68/100  loss=1.3232  bal_acc=0.3212
  epoch  69/100  loss=1.3185  bal_acc=0.2934
  epoch  70/100  loss=1.3177  bal_acc=0.2604
  epoch  71/100  loss=1.3145  bal_acc=0.3125
  epoch  72/100  loss=1.3078  bal_acc=0.2969
  epoch  73/100  loss=1.3214  bal_acc=0.2969
  epoch  74/100  loss=1.3109  bal_acc=0.2465
  epoch  75/100  loss=1.3132  bal_acc=0.2500
  epoch  76/100  loss=1.3114  bal_acc=0.3021
  epoch  77/100  loss=1.3122  bal_acc=0.2535
  epoch  78/100  loss=1.3199  bal_acc=0.3021
  epoch  79/100  loss=1.3110  bal_acc=0.3733
  epoch  80/100  loss=1.3132  bal_acc=0.2569
  epoch  81/100  loss=1.3172  bal_acc=0.2986
  epoch  82/100  loss=1.3207  bal_acc=0.3177
  epoch  83/100  loss=1.3099  bal_acc=0.2847
  epoch  84/100  loss=1.3103  bal_acc=0.2951
  epoch  85/100  loss=1.3056  bal_acc=0.2951
  epoch  86/100  loss=1.3081  bal_acc=0.3090
  epoch  87/100  loss=1.3154  bal_acc=0.3090
  epoch  88/100  loss=1.3079  bal_acc=0.2969
  epoch  89/100  loss=1.3021  bal_acc=0.3090
  epoch  90/100  loss=1.3123  bal_acc=0.2639
  epoch  91/100  loss=1.3089  bal_acc=0.3177
  epoch  92/100  loss=1.3091  bal_acc=0.3090
  epoch  93/100  loss=1.3141  bal_acc=0.2760
  epoch  94/100  loss=1.3159  bal_acc=0.3212
  epoch  95/100  loss=1.3050  bal_acc=0.3385
  epoch  96/100  loss=1.3013  bal_acc=0.3056
  epoch  97/100  loss=1.3075  bal_acc=0.3003
  epoch  98/100  loss=1.3014  bal_acc=0.2760
  epoch  99/100  loss=1.2929  bal_acc=0.3142
  epoch 100/100  loss=1.3118  bal_acc=0.2951
Results saved to results/BNCI2014_001/results.json
Trial logged to results/BNCI2014_001/trials.csv
[status] trial 3 done (state=COMPLETE, value=0.2951388888888889) -- 4 completed total
Device: cuda
[BNCI2014_001] loading from cache: /home/aleksander.berezowsk/.cache/spiking_eegnet/BNCI2014_001_af1ccf3e92f684d8a93c057082b654d7.npz
[BNCI2014_001] cache hit: (5184, 1, 22, 1001), classes=['feet', 'left_hand', 'right_hand', 'tongue'], subjects=9
Dataset meta: {'n_classes': 4, 'n_channels': 22, 'n_samples': 1001, 'class_names': ['feet', 'left_hand', 'right_hand', 'tongue'], 'subject_list': [1, 2, 3, 4, 5, 6, 7, 8, 9], 'n_subjects': 9, 'sfreq': 250.0}

=== LOSO (hold out subject 0) ===
  Train: 4608 trials  |  Test: 576 trials
  Model params: 41,930
  epoch   1/100  loss=1.3531  bal_acc=0.3333
  epoch   2/100  loss=1.2204  bal_acc=0.3889
  epoch   3/100  loss=1.1343  bal_acc=0.4184
  epoch   4/100  loss=1.1033  bal_acc=0.3941
  epoch   5/100  loss=1.0460  bal_acc=0.4462
  epoch   6/100  loss=1.0108  bal_acc=0.4688
  epoch   7/100  loss=0.9713  bal_acc=0.4375
  epoch   8/100  loss=0.9406  bal_acc=0.4948
  epoch   9/100  loss=0.9191  bal_acc=0.4740
  epoch  10/100  loss=0.8882  bal_acc=0.4740
  epoch  11/100  loss=0.8811  bal_acc=0.4792
  epoch  12/100  loss=0.8479  bal_acc=0.5017
  epoch  13/100  loss=0.8524  bal_acc=0.4983
  epoch  14/100  loss=0.8191  bal_acc=0.4531
  epoch  15/100  loss=0.8118  bal_acc=0.4670
  epoch  16/100  loss=0.7883  bal_acc=0.4861
  epoch  17/100  loss=0.7660  bal_acc=0.4844
  epoch  18/100  loss=0.7441  bal_acc=0.4740
  epoch  19/100  loss=0.7407  bal_acc=0.5017
  epoch  20/100  loss=0.7075  bal_acc=0.4774
  epoch  21/100  loss=0.6948  bal_acc=0.4583
  epoch  22/100  loss=0.7163  bal_acc=0.4844
  epoch  23/100  loss=0.6938  bal_acc=0.4670
  epoch  24/100  loss=0.6942  bal_acc=0.4688
  epoch  25/100  loss=0.6620  bal_acc=0.4826
  epoch  26/100  loss=0.6679  bal_acc=0.4913
  epoch  27/100  loss=0.6604  bal_acc=0.4757
  epoch  28/100  loss=0.6559  bal_acc=0.4809
  epoch  29/100  loss=0.6687  bal_acc=0.4844
  epoch  30/100  loss=0.6344  bal_acc=0.4896
  epoch  31/100  loss=0.6167  bal_acc=0.4983
  epoch  32/100  loss=0.6201  bal_acc=0.5191
  epoch  33/100  loss=0.5900  bal_acc=0.5226
  epoch  34/100  loss=0.5770  bal_acc=0.5104
  epoch  35/100  loss=0.5901  bal_acc=0.5260
  epoch  36/100  loss=0.5840  bal_acc=0.5069
  epoch  37/100  loss=0.5749  bal_acc=0.4896
  epoch  38/100  loss=0.5556  bal_acc=0.4844
  epoch  39/100  loss=0.5762  bal_acc=0.5226
  epoch  40/100  loss=0.5581  bal_acc=0.4774
  epoch  41/100  loss=0.5550  bal_acc=0.5000
  epoch  42/100  loss=0.5405  bal_acc=0.4983
  epoch  43/100  loss=0.5444  bal_acc=0.5243
  epoch  44/100  loss=0.5447  bal_acc=0.5104
  epoch  45/100  loss=0.5234  bal_acc=0.4878
  epoch  46/100  loss=0.5167  bal_acc=0.4931
  epoch  47/100  loss=0.5185  bal_acc=0.4861
  epoch  48/100  loss=0.5160  bal_acc=0.4913
  epoch  49/100  loss=0.5005  bal_acc=0.4983
  epoch  50/100  loss=0.5199  bal_acc=0.4740
  epoch  51/100  loss=0.5215  bal_acc=0.4757
  epoch  52/100  loss=0.4944  bal_acc=0.4826
  epoch  53/100  loss=0.5024  bal_acc=0.4601
  epoch  54/100  loss=0.5092  bal_acc=0.5139
  epoch  55/100  loss=0.4900  bal_acc=0.4774
  epoch  56/100  loss=0.4800  bal_acc=0.5191
  epoch  57/100  loss=0.4797  bal_acc=0.4948
  epoch  58/100  loss=0.4868  bal_acc=0.5069
  epoch  59/100  loss=0.4841  bal_acc=0.5243
  epoch  60/100  loss=0.4748  bal_acc=0.5104
  epoch  61/100  loss=0.4751  bal_acc=0.4878
  epoch  62/100  loss=0.4944  bal_acc=0.4861
  epoch  63/100  loss=0.4767  bal_acc=0.4688
  epoch  64/100  loss=0.4536  bal_acc=0.4861
  epoch  65/100  loss=0.4348  bal_acc=0.5122
  epoch  66/100  loss=0.4470  bal_acc=0.5000
  epoch  67/100  loss=0.4635  bal_acc=0.4826
  epoch  68/100  loss=0.4495  bal_acc=0.5035
  epoch  69/100  loss=0.4430  bal_acc=0.5087
  epoch  70/100  loss=0.4349  bal_acc=0.4826
  epoch  71/100  loss=0.4477  bal_acc=0.5035
  epoch  72/100  loss=0.4273  bal_acc=0.5035
  epoch  73/100  loss=0.4236  bal_acc=0.5139
  epoch  74/100  loss=0.4104  bal_acc=0.5104
  epoch  75/100  loss=0.4297  bal_acc=0.4826
  epoch  76/100  loss=0.4068  bal_acc=0.4931
  epoch  77/100  loss=0.4265  bal_acc=0.5087
  epoch  78/100  loss=0.4164  bal_acc=0.4844
  epoch  79/100  loss=0.4143  bal_acc=0.4740
  epoch  80/100  loss=0.3881  bal_acc=0.4757
  epoch  81/100  loss=0.3719  bal_acc=0.4809
  epoch  82/100  loss=0.4005  bal_acc=0.5052
  epoch  83/100  loss=0.4407  bal_acc=0.4670
  epoch  84/100  loss=0.4087  bal_acc=0.4948
  epoch  85/100  loss=0.4098  bal_acc=0.5000
  epoch  86/100  loss=0.4024  bal_acc=0.5087
  epoch  87/100  loss=0.3823  bal_acc=0.5035
  epoch  88/100  loss=0.3871  bal_acc=0.5122
  epoch  89/100  loss=0.4020  bal_acc=0.4878
  epoch  90/100  loss=0.3721  bal_acc=0.4618
  epoch  91/100  loss=0.3870  bal_acc=0.4774
  epoch  92/100  loss=0.3628  bal_acc=0.4670
  epoch  93/100  loss=0.3688  bal_acc=0.4601
  epoch  94/100  loss=0.3617  bal_acc=0.4792
  epoch  95/100  loss=0.3518  bal_acc=0.4809
  epoch  96/100  loss=0.3640  bal_acc=0.4792
  epoch  97/100  loss=0.3852  bal_acc=0.4792
  epoch  98/100  loss=0.3695  bal_acc=0.4601
  epoch  99/100  loss=0.3759  bal_acc=0.4670
  epoch 100/100  loss=0.3688  bal_acc=0.4618
Results saved to results/BNCI2014_001/results.json
Trial logged to results/BNCI2014_001/trials.csv
[status] trial 4 done (state=COMPLETE, value=0.4618055555555556) -- 5 completed total
Device: cuda
[BNCI2014_001] loading from cache: /home/aleksander.berezowsk/.cache/spiking_eegnet/BNCI2014_001_af1ccf3e92f684d8a93c057082b654d7.npz
[BNCI2014_001] cache hit: (5184, 1, 22, 1001), classes=['feet', 'left_hand', 'right_hand', 'tongue'], subjects=9
Dataset meta: {'n_classes': 4, 'n_channels': 22, 'n_samples': 1001, 'class_names': ['feet', 'left_hand', 'right_hand', 'tongue'], 'subject_list': [1, 2, 3, 4, 5, 6, 7, 8, 9], 'n_subjects': 9, 'sfreq': 250.0}

Applying bandpass filter: 7.215265857763277–91.03924180224222 Hz

=== LOSO (hold out subject 0) ===
  Train: 4608 trials  |  Test: 576 trials
  Model params: 9,150
  epoch   1/100  loss=1.3892  bal_acc=0.2778
  epoch   2/100  loss=1.3828  bal_acc=0.2865
  epoch   3/100  loss=1.3760  bal_acc=0.2726
  epoch   4/100  loss=1.3715  bal_acc=0.3368
  epoch   5/100  loss=1.3627  bal_acc=0.3368
  epoch   6/100  loss=1.3536  bal_acc=0.3837
  epoch   7/100  loss=1.3481  bal_acc=0.4132
  epoch   8/100  loss=1.3386  bal_acc=0.4062
  epoch   9/100  loss=1.3277  bal_acc=0.4410
  epoch  10/100  loss=1.3221  bal_acc=0.4549
  epoch  11/100  loss=1.3094  bal_acc=0.4479
  epoch  12/100  loss=1.3004  bal_acc=0.4497
  epoch  13/100  loss=1.2932  bal_acc=0.4601
  epoch  14/100  loss=1.2742  bal_acc=0.4635
  epoch  15/100  loss=1.2644  bal_acc=0.4913
  epoch  16/100  loss=1.2500  bal_acc=0.5000
  epoch  17/100  loss=1.2334  bal_acc=0.5191
  epoch  18/100  loss=1.2204  bal_acc=0.4653
  epoch  19/100  loss=1.2147  bal_acc=0.5312
  epoch  20/100  loss=1.1931  bal_acc=0.4566
  epoch  21/100  loss=1.1832  bal_acc=0.4878
  epoch  22/100  loss=1.1791  bal_acc=0.5156
  epoch  23/100  loss=1.1744  bal_acc=0.4844
  epoch  24/100  loss=1.1611  bal_acc=0.5503
  epoch  25/100  loss=1.1520  bal_acc=0.5486
  epoch  26/100  loss=1.1435  bal_acc=0.5608
  epoch  27/100  loss=1.1473  bal_acc=0.5642
  epoch  28/100  loss=1.1342  bal_acc=0.5260
  epoch  29/100  loss=1.1304  bal_acc=0.4931
  epoch  30/100  loss=1.1285  bal_acc=0.5035
  epoch  31/100  loss=1.1174  bal_acc=0.5729
  epoch  32/100  loss=1.1172  bal_acc=0.5712
  epoch  33/100  loss=1.1088  bal_acc=0.5781
  epoch  34/100  loss=1.1004  bal_acc=0.4913
  epoch  35/100  loss=1.1004  bal_acc=0.5399
  epoch  36/100  loss=1.0900  bal_acc=0.5104
  epoch  37/100  loss=1.0829  bal_acc=0.5556
  epoch  38/100  loss=1.0852  bal_acc=0.5052
  epoch  39/100  loss=1.0766  bal_acc=0.5608
  epoch  40/100  loss=1.0670  bal_acc=0.5660
  epoch  41/100  loss=1.0646  bal_acc=0.5538
  epoch  42/100  loss=1.0592  bal_acc=0.5816
  epoch  43/100  loss=1.0543  bal_acc=0.5694
  epoch  44/100  loss=1.0494  bal_acc=0.5642
  epoch  45/100  loss=1.0495  bal_acc=0.5833
  epoch  46/100  loss=1.0392  bal_acc=0.5573
  epoch  47/100  loss=1.0390  bal_acc=0.5660
  epoch  48/100  loss=1.0388  bal_acc=0.4184
  epoch  49/100  loss=1.0378  bal_acc=0.4826
  epoch  50/100  loss=1.0303  bal_acc=0.5538
  epoch  51/100  loss=1.0286  bal_acc=0.5694
  epoch  52/100  loss=1.0278  bal_acc=0.5660
  epoch  53/100  loss=1.0250  bal_acc=0.5764
  epoch  54/100  loss=1.0285  bal_acc=0.5694
  epoch  55/100  loss=1.0188  bal_acc=0.5885
  epoch  56/100  loss=1.0203  bal_acc=0.5660
  epoch  57/100  loss=1.0073  bal_acc=0.5642
  epoch  58/100  loss=1.0086  bal_acc=0.5417
  epoch  59/100  loss=1.0081  bal_acc=0.5573
  epoch  60/100  loss=1.0120  bal_acc=0.5417
  epoch  61/100  loss=1.0045  bal_acc=0.5486
  epoch  62/100  loss=1.0019  bal_acc=0.4983
  epoch  63/100  loss=0.9973  bal_acc=0.4705
  epoch  64/100  loss=1.0000  bal_acc=0.4792
  epoch  65/100  loss=0.9953  bal_acc=0.5521
  epoch  66/100  loss=1.0023  bal_acc=0.5104
  epoch  67/100  loss=0.9907  bal_acc=0.5590
  epoch  68/100  loss=0.9878  bal_acc=0.5278
  epoch  69/100  loss=0.9922  bal_acc=0.4809
  epoch  70/100  loss=0.9898  bal_acc=0.5243
  epoch  71/100  loss=0.9871  bal_acc=0.5399
  epoch  72/100  loss=0.9908  bal_acc=0.5660
  epoch  73/100  loss=0.9810  bal_acc=0.5156
  epoch  74/100  loss=0.9788  bal_acc=0.4271
  epoch  75/100  loss=0.9764  bal_acc=0.4861
  epoch  76/100  loss=0.9726  bal_acc=0.5955
  epoch  77/100  loss=0.9755  bal_acc=0.4757
  epoch  78/100  loss=0.9662  bal_acc=0.4896
  epoch  79/100  loss=0.9631  bal_acc=0.5642
  epoch  80/100  loss=0.9725  bal_acc=0.4549
  epoch  81/100  loss=0.9635  bal_acc=0.5764
  epoch  82/100  loss=0.9604  bal_acc=0.6111
  epoch  83/100  loss=0.9549  bal_acc=0.5660
  epoch  84/100  loss=0.9571  bal_acc=0.5608
  epoch  85/100  loss=0.9523  bal_acc=0.5486
  epoch  86/100  loss=0.9551  bal_acc=0.4705
  epoch  87/100  loss=0.9534  bal_acc=0.5260
  epoch  88/100  loss=0.9462  bal_acc=0.5417
  epoch  89/100  loss=0.9423  bal_acc=0.5139
  epoch  90/100  loss=0.9434  bal_acc=0.4740
  epoch  91/100  loss=0.9497  bal_acc=0.4271
  epoch  92/100  loss=0.9533  bal_acc=0.4601
  epoch  93/100  loss=0.9398  bal_acc=0.5521
  epoch  94/100  loss=0.9470  bal_acc=0.5764
  epoch  95/100  loss=0.9402  bal_acc=0.5000
  epoch  96/100  loss=0.9412  bal_acc=0.5712
  epoch  97/100  loss=0.9439  bal_acc=0.4896
  epoch  98/100  loss=0.9337  bal_acc=0.4462
  epoch  99/100  loss=0.9265  bal_acc=0.4531
  epoch 100/100  loss=0.9337  bal_acc=0.4288
Results saved to results/BNCI2014_001/results.json
Trial logged to results/BNCI2014_001/trials.csv
[status] trial 5 done (state=COMPLETE, value=0.4288194444444444) -- 6 completed total
Device: cuda
[BNCI2014_001] loading from cache: /home/aleksander.berezowsk/.cache/spiking_eegnet/BNCI2014_001_af1ccf3e92f684d8a93c057082b654d7.npz
[BNCI2014_001] cache hit: (5184, 1, 22, 1001), classes=['feet', 'left_hand', 'right_hand', 'tongue'], subjects=9
Dataset meta: {'n_classes': 4, 'n_channels': 22, 'n_samples': 1001, 'class_names': ['feet', 'left_hand', 'right_hand', 'tongue'], 'subject_list': [1, 2, 3, 4, 5, 6, 7, 8, 9], 'n_subjects': 9, 'sfreq': 250.0}

Applying bandpass filter: 36.25120631426152–76.47162715913555 Hz

=== LOSO (hold out subject 0) ===
  Train: 4608 trials  |  Test: 576 trials
  Model params: 16,891
  epoch   1/100  loss=1.3960  bal_acc=0.2622
  epoch   2/100  loss=1.3857  bal_acc=0.2743
  epoch   3/100  loss=1.3765  bal_acc=0.2882
  epoch   4/100  loss=1.3664  bal_acc=0.2604
  epoch   5/100  loss=1.3586  bal_acc=0.2795
  epoch   6/100  loss=1.3516  bal_acc=0.2552
  epoch   7/100  loss=1.3375  bal_acc=0.2708
  epoch   8/100  loss=1.3312  bal_acc=0.2622
  epoch   9/100  loss=1.3206  bal_acc=0.2622
  epoch  10/100  loss=1.3091  bal_acc=0.2465
  epoch  11/100  loss=1.3022  bal_acc=0.2708
  epoch  12/100  loss=1.2917  bal_acc=0.2847
  epoch  13/100  loss=1.2776  bal_acc=0.2535
  epoch  14/100  loss=1.2729  bal_acc=0.2604
  epoch  15/100  loss=1.2602  bal_acc=0.2639
  epoch  16/100  loss=1.2538  bal_acc=0.2569
  epoch  17/100  loss=1.2386  bal_acc=0.2708
  epoch  18/100  loss=1.2255  bal_acc=0.2448
  epoch  19/100  loss=1.2177  bal_acc=0.2726
  epoch  20/100  loss=1.2095  bal_acc=0.2448
  epoch  21/100  loss=1.2051  bal_acc=0.2396
  epoch  22/100  loss=1.1861  bal_acc=0.2569
  epoch  23/100  loss=1.1822  bal_acc=0.2587
  epoch  24/100  loss=1.1740  bal_acc=0.2778
  epoch  25/100  loss=1.1657  bal_acc=0.2535
  epoch  26/100  loss=1.1571  bal_acc=0.2483
  epoch  27/100  loss=1.1466  bal_acc=0.2378
  epoch  28/100  loss=1.1551  bal_acc=0.2552
  epoch  29/100  loss=1.1436  bal_acc=0.2569
  epoch  30/100  loss=1.1316  bal_acc=0.2500
  epoch  31/100  loss=1.1194  bal_acc=0.2413
  epoch  32/100  loss=1.1086  bal_acc=0.2413
  epoch  33/100  loss=1.1045  bal_acc=0.2396
  epoch  34/100  loss=1.1056  bal_acc=0.2257
  epoch  35/100  loss=1.0952  bal_acc=0.2448
  epoch  36/100  loss=1.1007  bal_acc=0.2465
  epoch  37/100  loss=1.0720  bal_acc=0.2448
  epoch  38/100  loss=1.0731  bal_acc=0.2535
  epoch  39/100  loss=1.0771  bal_acc=0.2431
  epoch  40/100  loss=1.0640  bal_acc=0.2483
  epoch  41/100  loss=1.0671  bal_acc=0.2413
  epoch  42/100  loss=1.0569  bal_acc=0.2552
  epoch  43/100  loss=1.0466  bal_acc=0.2413
  epoch  44/100  loss=1.0421  bal_acc=0.2535
  epoch  45/100  loss=1.0394  bal_acc=0.2483
  epoch  46/100  loss=1.0309  bal_acc=0.2517
  epoch  47/100  loss=1.0238  bal_acc=0.2483
  epoch  48/100  loss=1.0323  bal_acc=0.2309
  epoch  49/100  loss=1.0300  bal_acc=0.2465
  epoch  50/100  loss=1.0181  bal_acc=0.2396
  epoch  51/100  loss=1.0141  bal_acc=0.2413
  epoch  52/100  loss=1.0107  bal_acc=0.2552
  epoch  53/100  loss=1.0021  bal_acc=0.2344
  epoch  54/100  loss=1.0036  bal_acc=0.2552
  epoch  55/100  loss=0.9964  bal_acc=0.2413
  epoch  56/100  loss=0.9905  bal_acc=0.2326
  epoch  57/100  loss=1.0012  bal_acc=0.2483
  epoch  58/100  loss=0.9827  bal_acc=0.2257
  epoch  59/100  loss=0.9750  bal_acc=0.2431
  epoch  60/100  loss=0.9831  bal_acc=0.2465
  epoch  61/100  loss=0.9671  bal_acc=0.2431
  epoch  62/100  loss=0.9760  bal_acc=0.2309
  epoch  63/100  loss=0.9638  bal_acc=0.2535
  epoch  64/100  loss=0.9634  bal_acc=0.2448
  epoch  65/100  loss=0.9601  bal_acc=0.2413
  epoch  66/100  loss=0.9585  bal_acc=0.2517
  epoch  67/100  loss=0.9465  bal_acc=0.2396
  epoch  68/100  loss=0.9471  bal_acc=0.2465
  epoch  69/100  loss=0.9435  bal_acc=0.2604
  epoch  70/100  loss=0.9318  bal_acc=0.2465
  epoch  71/100  loss=0.9350  bal_acc=0.2396
  epoch  72/100  loss=0.9392  bal_acc=0.2431
  epoch  73/100  loss=0.9324  bal_acc=0.2361
  epoch  74/100  loss=0.9207  bal_acc=0.2222
  epoch  75/100  loss=0.9208  bal_acc=0.2292
  epoch  76/100  loss=0.9199  bal_acc=0.2378
  epoch  77/100  loss=0.9060  bal_acc=0.2378
  epoch  78/100  loss=0.9195  bal_acc=0.2309
  epoch  79/100  loss=0.9031  bal_acc=0.2344
  epoch  80/100  loss=0.8990  bal_acc=0.2448
  epoch  81/100  loss=0.9033  bal_acc=0.2309
  epoch  82/100  loss=0.9069  bal_acc=0.2483
  epoch  83/100  loss=0.8909  bal_acc=0.2326
  epoch  84/100  loss=0.8989  bal_acc=0.2465
  epoch  85/100  loss=0.8859  bal_acc=0.2448
  epoch  86/100  loss=0.8980  bal_acc=0.2413
  epoch  87/100  loss=0.8902  bal_acc=0.2448
  epoch  88/100  loss=0.8796  bal_acc=0.2448
  epoch  89/100  loss=0.8746  bal_acc=0.2465
  epoch  90/100  loss=0.8676  bal_acc=0.2309
  epoch  91/100  loss=0.8909  bal_acc=0.2378
  epoch  92/100  loss=0.8688  bal_acc=0.2344
  epoch  93/100  loss=0.8850  bal_acc=0.2517
  epoch  94/100  loss=0.8879  bal_acc=0.2413
  epoch  95/100  loss=0.8641  bal_acc=0.2483
  epoch  96/100  loss=0.8658  bal_acc=0.2448
  epoch  97/100  loss=0.8660  bal_acc=0.2413
  epoch  98/100  loss=0.8737  bal_acc=0.2431
  epoch  99/100  loss=0.8556  bal_acc=0.2500
  epoch 100/100  loss=0.8588  bal_acc=0.2465
Results saved to results/BNCI2014_001/results.json
Trial logged to results/BNCI2014_001/trials.csv
[status] trial 6 done (state=COMPLETE, value=0.24652777777777776) -- 7 completed total
Device: cuda
[BNCI2014_001] loading from cache: /home/aleksander.berezowsk/.cache/spiking_eegnet/BNCI2014_001_af1ccf3e92f684d8a93c057082b654d7.npz
[BNCI2014_001] cache hit: (5184, 1, 22, 1001), classes=['feet', 'left_hand', 'right_hand', 'tongue'], subjects=9
Dataset meta: {'n_classes': 4, 'n_channels': 22, 'n_samples': 1001, 'class_names': ['feet', 'left_hand', 'right_hand', 'tongue'], 'subject_list': [1, 2, 3, 4, 5, 6, 7, 8, 9], 'n_subjects': 9, 'sfreq': 250.0}

=== LOSO (hold out subject 0) ===
  Train: 4608 trials  |  Test: 576 trials
  Model params: 20,974
  epoch   1/100  loss=1.3878  bal_acc=0.2743
  epoch   2/100  loss=1.3202  bal_acc=0.3073
  epoch   3/100  loss=1.2773  bal_acc=0.3490
  epoch   4/100  loss=1.2610  bal_acc=0.3646
  epoch   5/100  loss=1.2454  bal_acc=0.3472
  epoch   6/100  loss=1.2273  bal_acc=0.3576
  epoch   7/100  loss=1.2184  bal_acc=0.3750
  epoch   8/100  loss=1.2196  bal_acc=0.3715
  epoch   9/100  loss=1.2107  bal_acc=0.3715
  epoch  10/100  loss=1.2014  bal_acc=0.3681
  epoch  11/100  loss=1.1915  bal_acc=0.3767
  epoch  12/100  loss=1.1826  bal_acc=0.3802
  epoch  13/100  loss=1.1751  bal_acc=0.3611
  epoch  14/100  loss=1.1586  bal_acc=0.3819
  epoch  15/100  loss=1.1596  bal_acc=0.3559
  epoch  16/100  loss=1.1495  bal_acc=0.3785
  epoch  17/100  loss=1.1493  bal_acc=0.4010
  epoch  18/100  loss=1.1541  bal_acc=0.3681
  epoch  19/100  loss=1.1305  bal_acc=0.3698
  epoch  20/100  loss=1.1202  bal_acc=0.3906
  epoch  21/100  loss=1.1354  bal_acc=0.3281
  epoch  22/100  loss=1.1094  bal_acc=0.3698
  epoch  23/100  loss=1.1013  bal_acc=0.3872
  epoch  24/100  loss=1.1061  bal_acc=0.3924
  epoch  25/100  loss=1.1128  bal_acc=0.3542
  epoch  26/100  loss=1.1064  bal_acc=0.3854
  epoch  27/100  loss=1.0940  bal_acc=0.3889
  epoch  28/100  loss=1.0949  bal_acc=0.4045
  epoch  29/100  loss=1.1017  bal_acc=0.4028
  epoch  30/100  loss=1.1048  bal_acc=0.4115
  epoch  31/100  loss=1.0681  bal_acc=0.3854
  epoch  32/100  loss=1.0988  bal_acc=0.4080
  epoch  33/100  loss=1.1126  bal_acc=0.3958
  epoch  34/100  loss=1.1137  bal_acc=0.3785
  epoch  35/100  loss=1.1212  bal_acc=0.4062
  epoch  36/100  loss=1.1348  bal_acc=0.3733
  epoch  37/100  loss=1.1057  bal_acc=0.3819
  epoch  38/100  loss=1.1200  bal_acc=0.4062
  epoch  39/100  loss=1.1154  bal_acc=0.3628
  epoch  40/100  loss=1.1386  bal_acc=0.3767
  epoch  41/100  loss=1.1132  bal_acc=0.3802
  epoch  42/100  loss=1.1110  bal_acc=0.4115
  epoch  43/100  loss=1.1181  bal_acc=0.3924
  epoch  44/100  loss=1.1085  bal_acc=0.3976
  epoch  45/100  loss=1.1011  bal_acc=0.3872
  epoch  46/100  loss=1.1086  bal_acc=0.3698
  epoch  47/100  loss=1.1183  bal_acc=0.3733
  epoch  48/100  loss=1.0900  bal_acc=0.3802
  epoch  49/100  loss=1.1070  bal_acc=0.3056
  epoch  50/100  loss=1.1112  bal_acc=0.3837
  epoch  51/100  loss=1.0967  bal_acc=0.3681
  epoch  52/100  loss=1.1101  bal_acc=0.3559
  epoch  53/100  loss=1.1270  bal_acc=0.3698
  epoch  54/100  loss=1.0914  bal_acc=0.3785
  epoch  55/100  loss=1.0873  bal_acc=0.4080
  epoch  56/100  loss=1.0736  bal_acc=0.3559
  epoch  57/100  loss=1.1020  bal_acc=0.3403
  epoch  58/100  loss=1.0875  bal_acc=0.3767
  epoch  59/100  loss=1.0734  bal_acc=0.3733
  epoch  60/100  loss=1.0870  bal_acc=0.3993
  epoch  61/100  loss=1.0763  bal_acc=0.3906
  epoch  62/100  loss=1.0833  bal_acc=0.3924
  epoch  63/100  loss=1.0945  bal_acc=0.3524
  epoch  64/100  loss=1.0780  bal_acc=0.4028
  epoch  65/100  loss=1.0737  bal_acc=0.3715
  epoch  66/100  loss=1.0970  bal_acc=0.3576
  epoch  67/100  loss=1.1016  bal_acc=0.3594
  epoch  68/100  loss=1.0967  bal_acc=0.3976
  epoch  69/100  loss=1.1031  bal_acc=0.3924
  epoch  70/100  loss=1.1162  bal_acc=0.3715
  epoch  71/100  loss=1.1194  bal_acc=0.3767
  epoch  72/100  loss=1.1088  bal_acc=0.3594
  epoch  73/100  loss=1.0867  bal_acc=0.3646
  epoch  74/100  loss=1.0879  bal_acc=0.3472
  epoch  75/100  loss=1.1065  bal_acc=0.3750
  epoch  76/100  loss=1.1045  bal_acc=0.3681
  epoch  77/100  loss=1.0773  bal_acc=0.3854
  epoch  78/100  loss=1.0648  bal_acc=0.3785
  epoch  79/100  loss=1.0887  bal_acc=0.3750
  epoch  80/100  loss=1.0888  bal_acc=0.3542
  epoch  81/100  loss=1.0581  bal_acc=0.3594
  epoch  82/100  loss=1.0929  bal_acc=0.3472
  epoch  83/100  loss=1.0660  bal_acc=0.3854
  epoch  84/100  loss=1.0440  bal_acc=0.3941
  epoch  85/100  loss=1.0400  bal_acc=0.3941
  epoch  86/100  loss=1.0569  bal_acc=0.3854
  epoch  87/100  loss=1.0390  bal_acc=0.3906
  epoch  88/100  loss=1.0679  bal_acc=0.4149
  epoch  89/100  loss=1.0612  bal_acc=0.3889
  epoch  90/100  loss=1.0752  bal_acc=0.4097
  epoch  91/100  loss=1.0519  bal_acc=0.4410
  epoch  92/100  loss=1.0661  bal_acc=0.4271
  epoch  93/100  loss=1.0760  bal_acc=0.3993
  epoch  94/100  loss=1.0550  bal_acc=0.3993
  epoch  95/100  loss=1.0673  bal_acc=0.4010
  epoch  96/100  loss=1.0492  bal_acc=0.3872
  epoch  97/100  loss=1.0540  bal_acc=0.3941
  epoch  98/100  loss=1.0606  bal_acc=0.3976
  epoch  99/100  loss=1.0550  bal_acc=0.4062
  epoch 100/100  loss=1.0422  bal_acc=0.3958
Results saved to results/BNCI2014_001/results.json
Trial logged to results/BNCI2014_001/trials.csv
[status] trial 7 done (state=COMPLETE, value=0.39583333333333326) -- 8 completed total
Device: cuda
[BNCI2014_001] loading from cache: /home/aleksander.berezowsk/.cache/spiking_eegnet/BNCI2014_001_af1ccf3e92f684d8a93c057082b654d7.npz
[BNCI2014_001] cache hit: (5184, 1, 22, 1001), classes=['feet', 'left_hand', 'right_hand', 'tongue'], subjects=9
Dataset meta: {'n_classes': 4, 'n_channels': 22, 'n_samples': 1001, 'class_names': ['feet', 'left_hand', 'right_hand', 'tongue'], 'subject_list': [1, 2, 3, 4, 5, 6, 7, 8, 9], 'n_subjects': 9, 'sfreq': 250.0}

=== LOSO (hold out subject 0) ===
  Train: 4608 trials  |  Test: 576 trials
  Model params: 48,418
  epoch   1/100  loss=1.9013  bal_acc=0.3090
  epoch   2/100  loss=1.4175  bal_acc=0.2674
  epoch   3/100  loss=1.3802  bal_acc=0.2604
  epoch   4/100  loss=1.3659  bal_acc=0.2483
  epoch   5/100  loss=1.3731  bal_acc=0.2951
  epoch   6/100  loss=1.3680  bal_acc=0.2517
  epoch   7/100  loss=1.3748  bal_acc=0.2535
  epoch   8/100  loss=1.3770  bal_acc=0.2569
  epoch   9/100  loss=1.3693  bal_acc=0.2396
  epoch  10/100  loss=1.3818  bal_acc=0.2500
  epoch  11/100  loss=1.3779  bal_acc=0.2500
  epoch  12/100  loss=1.3844  bal_acc=0.2552
  epoch  13/100  loss=1.3697  bal_acc=0.2500
  epoch  14/100  loss=1.3716  bal_acc=0.2639
  epoch  15/100  loss=1.3742  bal_acc=0.2622
  epoch  16/100  loss=1.3658  bal_acc=0.2500
  epoch  17/100  loss=1.3658  bal_acc=0.2552
  epoch  18/100  loss=1.3769  bal_acc=0.2500
  epoch  19/100  loss=1.3666  bal_acc=0.2396
  epoch  20/100  loss=1.3616  bal_acc=0.2500
  epoch  21/100  loss=1.3517  bal_acc=0.2812
  epoch  22/100  loss=1.3624  bal_acc=0.2552
  epoch  23/100  loss=1.3570  bal_acc=0.2899
  epoch  24/100  loss=1.3767  bal_acc=0.2483
  epoch  25/100  loss=1.3638  bal_acc=0.2917
  epoch  26/100  loss=1.3597  bal_acc=0.2465
  epoch  27/100  loss=1.3717  bal_acc=0.2639
  epoch  28/100  loss=1.3659  bal_acc=0.2622
  epoch  29/100  loss=1.3571  bal_acc=0.3160
  epoch  30/100  loss=1.3671  bal_acc=0.2882
  epoch  31/100  loss=1.3543  bal_acc=0.3125
  epoch  32/100  loss=1.3624  bal_acc=0.2604
  epoch  33/100  loss=1.3611  bal_acc=0.2934
  epoch  34/100  loss=1.3562  bal_acc=0.2760
  epoch  35/100  loss=1.3723  bal_acc=0.2535
  epoch  36/100  loss=1.3537  bal_acc=0.2951
  epoch  37/100  loss=1.3510  bal_acc=0.3299
  epoch  38/100  loss=1.3454  bal_acc=0.2847
  epoch  39/100  loss=1.3461  bal_acc=0.2778
  epoch  40/100  loss=1.3500  bal_acc=0.3038
  epoch  41/100  loss=1.3559  bal_acc=0.3108
  epoch  42/100  loss=1.3500  bal_acc=0.2778
  epoch  43/100  loss=1.3538  bal_acc=0.2899
  epoch  44/100  loss=1.3435  bal_acc=0.2951
  epoch  45/100  loss=1.3269  bal_acc=0.3333
  epoch  46/100  loss=1.3338  bal_acc=0.3073
  epoch  47/100  loss=1.3549  bal_acc=0.2830
  epoch  48/100  loss=1.3454  bal_acc=0.3056
  epoch  49/100  loss=1.3690  bal_acc=0.3003
  epoch  50/100  loss=1.3671  bal_acc=0.2830
  epoch  51/100  loss=1.3398  bal_acc=0.3090
  epoch  52/100  loss=1.3312  bal_acc=0.2743
  epoch  53/100  loss=1.3271  bal_acc=0.2951
  epoch  54/100  loss=1.3270  bal_acc=0.2865
  epoch  55/100  loss=1.3186  bal_acc=0.2917
  epoch  56/100  loss=1.3303  bal_acc=0.2934
  epoch  57/100  loss=1.3266  bal_acc=0.2917
  epoch  58/100  loss=1.3205  bal_acc=0.2622
  epoch  59/100  loss=1.3368  bal_acc=0.3108
  epoch  60/100  loss=1.3127  bal_acc=0.3316
  epoch  61/100  loss=1.3145  bal_acc=0.3385
  epoch  62/100  loss=1.3246  bal_acc=0.3160
  epoch  63/100  loss=1.3543  bal_acc=0.3021
  epoch  64/100  loss=1.3218  bal_acc=0.3090
  epoch  65/100  loss=1.3241  bal_acc=0.2969
  epoch  66/100  loss=1.3255  bal_acc=0.2934
  epoch  67/100  loss=1.3274  bal_acc=0.3281
  epoch  68/100  loss=1.3241  bal_acc=0.3142
  epoch  69/100  loss=1.3351  bal_acc=0.2986
  epoch  70/100  loss=1.3120  bal_acc=0.3073
  epoch  71/100  loss=1.3292  bal_acc=0.2917
  epoch  72/100  loss=1.3264  bal_acc=0.2969
  epoch  73/100  loss=1.3294  bal_acc=0.3385
  epoch  74/100  loss=1.3218  bal_acc=0.3281
  epoch  75/100  loss=1.3193  bal_acc=0.2986
  epoch  76/100  loss=1.3194  bal_acc=0.2656
  epoch  77/100  loss=1.3300  bal_acc=0.3385
  epoch  78/100  loss=1.3105  bal_acc=0.2778
  epoch  79/100  loss=1.3262  bal_acc=0.3351
  epoch  80/100  loss=1.3162  bal_acc=0.3559
  epoch  81/100  loss=1.3277  bal_acc=0.3142
  epoch  82/100  loss=1.3137  bal_acc=0.3108
  epoch  83/100  loss=1.3068  bal_acc=0.2830
  epoch  84/100  loss=1.3181  bal_acc=0.3264
  epoch  85/100  loss=1.3182  bal_acc=0.3073
  epoch  86/100  loss=1.3087  bal_acc=0.3108
  epoch  87/100  loss=1.3178  bal_acc=0.3472
  epoch  88/100  loss=1.3180  bal_acc=0.3767
  epoch  89/100  loss=1.3269  bal_acc=0.3212
  epoch  90/100  loss=1.3288  bal_acc=0.3073
  epoch  91/100  loss=1.3274  bal_acc=0.2865
  epoch  92/100  loss=1.3348  bal_acc=0.2639
  epoch  93/100  loss=1.3208  bal_acc=0.2760
  epoch  94/100  loss=1.3342  bal_acc=0.2917
  epoch  95/100  loss=1.3215  bal_acc=0.3160
  epoch  96/100  loss=1.3413  bal_acc=0.2483
  epoch  97/100  loss=1.3282  bal_acc=0.3420
  epoch  98/100  loss=1.3293  bal_acc=0.2882
  epoch  99/100  loss=1.3285  bal_acc=0.2674
  epoch 100/100  loss=1.3360  bal_acc=0.2535
Results saved to results/BNCI2014_001/results.json
Trial logged to results/BNCI2014_001/trials.csv
[status] trial 8 done (state=COMPLETE, value=0.2534722222222222) -- 9 completed total
Device: cuda
[BNCI2014_001] loading from cache: /home/aleksander.berezowsk/.cache/spiking_eegnet/BNCI2014_001_af1ccf3e92f684d8a93c057082b654d7.npz
[BNCI2014_001] cache hit: (5184, 1, 22, 1001), classes=['feet', 'left_hand', 'right_hand', 'tongue'], subjects=9
Dataset meta: {'n_classes': 4, 'n_channels': 22, 'n_samples': 1001, 'class_names': ['feet', 'left_hand', 'right_hand', 'tongue'], 'subject_list': [1, 2, 3, 4, 5, 6, 7, 8, 9], 'n_subjects': 9, 'sfreq': 250.0}

Applying bandpass filter: 36.329058459268815–47.772127879018846 Hz

=== LOSO (hold out subject 0) ===
  Train: 4608 trials  |  Test: 576 trials
  Model params: 34,341
  epoch   1/100  loss=1.4023  bal_acc=0.2552
  epoch   2/100  loss=1.3946  bal_acc=0.2708
  epoch   3/100  loss=1.3929  bal_acc=0.2674
  epoch   4/100  loss=1.3824  bal_acc=0.2795
  epoch   5/100  loss=1.3821  bal_acc=0.2587
  epoch   6/100  loss=1.3806  bal_acc=0.2604
  epoch   7/100  loss=1.3790  bal_acc=0.2865
  epoch   8/100  loss=1.3733  bal_acc=0.2812
  epoch   9/100  loss=1.3692  bal_acc=0.2899
  epoch  10/100  loss=1.3663  bal_acc=0.2986
  epoch  11/100  loss=1.3630  bal_acc=0.2726
  epoch  12/100  loss=1.3589  bal_acc=0.2726
  epoch  13/100  loss=1.3563  bal_acc=0.2517
  epoch  14/100  loss=1.3534  bal_acc=0.2795
  epoch  15/100  loss=1.3531  bal_acc=0.2622
  epoch  16/100  loss=1.3466  bal_acc=0.2743
  epoch  17/100  loss=1.3449  bal_acc=0.2639
  epoch  18/100  loss=1.3446  bal_acc=0.2552
  epoch  19/100  loss=1.3416  bal_acc=0.2726
  epoch  20/100  loss=1.3356  bal_acc=0.2517
  epoch  21/100  loss=1.3435  bal_acc=0.2639
  epoch  22/100  loss=1.3353  bal_acc=0.2674
  epoch  23/100  loss=1.3365  bal_acc=0.2708
  epoch  24/100  loss=1.3232  bal_acc=0.2899
  epoch  25/100  loss=1.3178  bal_acc=0.2917
  epoch  26/100  loss=1.3159  bal_acc=0.2569
  epoch  27/100  loss=1.3225  bal_acc=0.2743
  epoch  28/100  loss=1.3099  bal_acc=0.2674
  epoch  29/100  loss=1.3132  bal_acc=0.2674
  epoch  30/100  loss=1.3034  bal_acc=0.2760
  epoch  31/100  loss=1.3001  bal_acc=0.2656
  epoch  32/100  loss=1.3037  bal_acc=0.2639
  epoch  33/100  loss=1.3056  bal_acc=0.2569
  epoch  34/100  loss=1.2948  bal_acc=0.2604
  epoch  35/100  loss=1.2996  bal_acc=0.2413
  epoch  36/100  loss=1.2960  bal_acc=0.2535
  epoch  37/100  loss=1.2931  bal_acc=0.2378
  epoch  38/100  loss=1.2845  bal_acc=0.2691
  epoch  39/100  loss=1.2948  bal_acc=0.2656
  epoch  40/100  loss=1.2920  bal_acc=0.2587
  epoch  41/100  loss=1.2868  bal_acc=0.2552
  epoch  42/100  loss=1.2869  bal_acc=0.2587
  epoch  43/100  loss=1.2765  bal_acc=0.2517
  epoch  44/100  loss=1.2615  bal_acc=0.2656
  epoch  45/100  loss=1.2744  bal_acc=0.2726
  epoch  46/100  loss=1.2621  bal_acc=0.2674
  epoch  47/100  loss=1.2610  bal_acc=0.2465
  epoch  48/100  loss=1.2599  bal_acc=0.2431
  epoch  49/100  loss=1.2600  bal_acc=0.2656
  epoch  50/100  loss=1.2597  bal_acc=0.2622
  epoch  51/100  loss=1.2519  bal_acc=0.2708
  epoch  52/100  loss=1.2564  bal_acc=0.2500
  epoch  53/100  loss=1.2495  bal_acc=0.2865
  epoch  54/100  loss=1.2496  bal_acc=0.2951
  epoch  55/100  loss=1.2413  bal_acc=0.2778
  epoch  56/100  loss=1.2526  bal_acc=0.2535
  epoch  57/100  loss=1.2435  bal_acc=0.2674
  epoch  58/100  loss=1.2384  bal_acc=0.2552
  epoch  59/100  loss=1.2304  bal_acc=0.2951
  epoch  60/100  loss=1.2490  bal_acc=0.2917
  epoch  61/100  loss=1.2326  bal_acc=0.2778
  epoch  62/100  loss=1.2258  bal_acc=0.2639
  epoch  63/100  loss=1.2357  bal_acc=0.2795
  epoch  64/100  loss=1.2287  bal_acc=0.2708
  epoch  65/100  loss=1.2186  bal_acc=0.2622
  epoch  66/100  loss=1.2214  bal_acc=0.2691
  epoch  67/100  loss=1.2206  bal_acc=0.2726
  epoch  68/100  loss=1.2321  bal_acc=0.2587
  epoch  69/100  loss=1.2163  bal_acc=0.2535
  epoch  70/100  loss=1.2261  bal_acc=0.2569
  epoch  71/100  loss=1.2187  bal_acc=0.2708
  epoch  72/100  loss=1.2163  bal_acc=0.2691
  epoch  73/100  loss=1.2249  bal_acc=0.2830
  epoch  74/100  loss=1.2072  bal_acc=0.2656
  epoch  75/100  loss=1.2234  bal_acc=0.3003
  epoch  76/100  loss=1.2229  bal_acc=0.2778
  epoch  77/100  loss=1.2136  bal_acc=0.2760
  epoch  78/100  loss=1.2037  bal_acc=0.2795
  epoch  79/100  loss=1.2152  bal_acc=0.2760
  epoch  80/100  loss=1.2086  bal_acc=0.2691
  epoch  81/100  loss=1.2040  bal_acc=0.2951
  epoch  82/100  loss=1.1977  bal_acc=0.2795
  epoch  83/100  loss=1.1991  bal_acc=0.2656
  epoch  84/100  loss=1.1997  bal_acc=0.2622
  epoch  85/100  loss=1.1929  bal_acc=0.2795
  epoch  86/100  loss=1.2064  bal_acc=0.2899
  epoch  87/100  loss=1.2028  bal_acc=0.2587
  epoch  88/100  loss=1.2018  bal_acc=0.2760
  epoch  89/100  loss=1.2017  bal_acc=0.2830
  epoch  90/100  loss=1.1886  bal_acc=0.2778
  epoch  91/100  loss=1.1898  bal_acc=0.2587
  epoch  92/100  loss=1.2061  bal_acc=0.2760
  epoch  93/100  loss=1.2030  bal_acc=0.2778
  epoch  94/100  loss=1.2000  bal_acc=0.2622
  epoch  95/100  loss=1.1966  bal_acc=0.2448
  epoch  96/100  loss=1.1995  bal_acc=0.2674
  epoch  97/100  loss=1.1937  bal_acc=0.2743
  epoch  98/100  loss=1.2023  bal_acc=0.2795
  epoch  99/100  loss=1.1923  bal_acc=0.2778
  epoch 100/100  loss=1.1869  bal_acc=0.2726
Results saved to results/BNCI2014_001/results.json
Trial logged to results/BNCI2014_001/trials.csv
[status] trial 9 done (state=COMPLETE, value=0.2725694444444444) -- 10 completed total
Device: cuda
[BNCI2014_001] loading from cache: /home/aleksander.berezowsk/.cache/spiking_eegnet/BNCI2014_001_af1ccf3e92f684d8a93c057082b654d7.npz
[BNCI2014_001] cache hit: (5184, 1, 22, 1001), classes=['feet', 'left_hand', 'right_hand', 'tongue'], subjects=9
Dataset meta: {'n_classes': 4, 'n_channels': 22, 'n_samples': 1001, 'class_names': ['feet', 'left_hand', 'right_hand', 'tongue'], 'subject_list': [1, 2, 3, 4, 5, 6, 7, 8, 9], 'n_subjects': 9, 'sfreq': 250.0}

Applying bandpass filter: 2.8185914193757986–62.37988885986848 Hz

=== LOSO (hold out subject 0) ===
  Train: 4608 trials  |  Test: 576 trials
  Model params: 6,484
  epoch   1/100  loss=1.3865  bal_acc=0.4444
  epoch   2/100  loss=1.3502  bal_acc=0.5052
  epoch   3/100  loss=1.3198  bal_acc=0.4514
  epoch   4/100  loss=1.2761  bal_acc=0.4306
  epoch   5/100  loss=1.2555  bal_acc=0.5174
  epoch   6/100  loss=1.2391  bal_acc=0.5382
  epoch   7/100  loss=1.2196  bal_acc=0.5226
  epoch   8/100  loss=1.2282  bal_acc=0.3750
  epoch   9/100  loss=1.2119  bal_acc=0.4462
  epoch  10/100  loss=1.2186  bal_acc=0.5451
  epoch  11/100  loss=1.2012  bal_acc=0.5122
  epoch  12/100  loss=1.2113  bal_acc=0.4427
  epoch  13/100  loss=1.2010  bal_acc=0.5399
  epoch  14/100  loss=1.2071  bal_acc=0.5521
  epoch  15/100  loss=1.2032  bal_acc=0.4948
  epoch  16/100  loss=1.1968  bal_acc=0.5538
  epoch  17/100  loss=1.1867  bal_acc=0.4688
  epoch  18/100  loss=1.1826  bal_acc=0.4896
  epoch  19/100  loss=1.1896  bal_acc=0.5208
  epoch  20/100  loss=1.1818  bal_acc=0.5156
  epoch  21/100  loss=1.2013  bal_acc=0.5312
  epoch  22/100  loss=1.1986  bal_acc=0.4062
  epoch  23/100  loss=1.1857  bal_acc=0.4670
  epoch  24/100  loss=1.1707  bal_acc=0.5295
  epoch  25/100  loss=1.1748  bal_acc=0.4462
  epoch  26/100  loss=1.1662  bal_acc=0.4705
  epoch  27/100  loss=1.1541  bal_acc=0.4375
  epoch  28/100  loss=1.1570  bal_acc=0.4306
  epoch  29/100  loss=1.1618  bal_acc=0.4149
  epoch  30/100  loss=1.1574  bal_acc=0.4948
  epoch  31/100  loss=1.1493  bal_acc=0.4861
  epoch  32/100  loss=1.1379  bal_acc=0.3715
  epoch  33/100  loss=1.1414  bal_acc=0.3281
  epoch  34/100  loss=1.1350  bal_acc=0.4097
  epoch  35/100  loss=1.1329  bal_acc=0.4670
  epoch  36/100  loss=1.1266  bal_acc=0.4826
  epoch  37/100  loss=1.1586  bal_acc=0.3715
  epoch  38/100  loss=1.1492  bal_acc=0.5174
  epoch  39/100  loss=1.1246  bal_acc=0.5017
  epoch  40/100  loss=1.1265  bal_acc=0.4115
  epoch  41/100  loss=1.1236  bal_acc=0.5208
  epoch  42/100  loss=1.1296  bal_acc=0.5347
  epoch  43/100  loss=1.1166  bal_acc=0.5226
  epoch  44/100  loss=1.1090  bal_acc=0.5330
  epoch  45/100  loss=1.1061  bal_acc=0.4340
  epoch  46/100  loss=1.0913  bal_acc=0.5590
  epoch  47/100  loss=1.0892  bal_acc=0.4583
  epoch  48/100  loss=1.1027  bal_acc=0.4740
  epoch  49/100  loss=1.0952  bal_acc=0.5573
  epoch  50/100  loss=1.0918  bal_acc=0.5694
  epoch  51/100  loss=1.0921  bal_acc=0.5573
  epoch  52/100  loss=1.1049  bal_acc=0.5243
  epoch  53/100  loss=1.0856  bal_acc=0.5556
  epoch  54/100  loss=1.0858  bal_acc=0.5191
  epoch  55/100  loss=1.0949  bal_acc=0.5365
  epoch  56/100  loss=1.0999  bal_acc=0.5920
  epoch  57/100  loss=1.0928  bal_acc=0.5330
  epoch  58/100  loss=1.0942  bal_acc=0.5781
  epoch  59/100  loss=1.0889  bal_acc=0.5434
  epoch  60/100  loss=1.0823  bal_acc=0.5764
  epoch  61/100  loss=1.0832  bal_acc=0.4740
  epoch  62/100  loss=1.0866  bal_acc=0.5573
  epoch  63/100  loss=1.0739  bal_acc=0.5677
  epoch  64/100  loss=1.0895  bal_acc=0.3559
  epoch  65/100  loss=1.0813  bal_acc=0.5451
  epoch  66/100  loss=1.0780  bal_acc=0.5260
  epoch  67/100  loss=1.0839  bal_acc=0.5156
  epoch  68/100  loss=1.0911  bal_acc=0.4931
  epoch  69/100  loss=1.0880  bal_acc=0.5104
  epoch  70/100  loss=1.0932  bal_acc=0.5694
  epoch  71/100  loss=1.0818  bal_acc=0.5000
  epoch  72/100  loss=1.0988  bal_acc=0.5278
  epoch  73/100  loss=1.0988  bal_acc=0.5642
  epoch  74/100  loss=1.0855  bal_acc=0.5573
  epoch  75/100  loss=1.1011  bal_acc=0.5538
  epoch  76/100  loss=1.0931  bal_acc=0.5278
  epoch  77/100  loss=1.0727  bal_acc=0.3385
  epoch  78/100  loss=1.0682  bal_acc=0.5104
  epoch  79/100  loss=1.0876  bal_acc=0.5347
  epoch  80/100  loss=1.0771  bal_acc=0.5382
  epoch  81/100  loss=1.0828  bal_acc=0.4583
  epoch  82/100  loss=1.0749  bal_acc=0.5052
  epoch  83/100  loss=1.0836  bal_acc=0.5156
  epoch  84/100  loss=1.0726  bal_acc=0.5330
  epoch  85/100  loss=1.0789  bal_acc=0.5191
  epoch  86/100  loss=1.0905  bal_acc=0.5208
  epoch  87/100  loss=1.0762  bal_acc=0.4653
  epoch  88/100  loss=1.0750  bal_acc=0.5052
  epoch  89/100  loss=1.0778  bal_acc=0.5399
  epoch  90/100  loss=1.0900  bal_acc=0.5469
  epoch  91/100  loss=1.0768  bal_acc=0.5851
  epoch  92/100  loss=1.0842  bal_acc=0.5799
  epoch  93/100  loss=1.0742  bal_acc=0.5156
  epoch  94/100  loss=1.0571  bal_acc=0.4618
  epoch  95/100  loss=1.0598  bal_acc=0.5347
  epoch  96/100  loss=1.0612  bal_acc=0.4184
  epoch  97/100  loss=1.0670  bal_acc=0.5260
  epoch  98/100  loss=1.0755  bal_acc=0.5312
  epoch  99/100  loss=1.0607  bal_acc=0.5660
  epoch 100/100  loss=1.0440  bal_acc=0.3715
Results saved to results/BNCI2014_001/results.json
Trial logged to results/BNCI2014_001/trials.csv
[status] trial 10 done (state=COMPLETE, value=0.3715277777777778) -- 11 completed total
Device: cuda
[BNCI2014_001] loading from cache: /home/aleksander.berezowsk/.cache/spiking_eegnet/BNCI2014_001_af1ccf3e92f684d8a93c057082b654d7.npz
[BNCI2014_001] cache hit: (5184, 1, 22, 1001), classes=['feet', 'left_hand', 'right_hand', 'tongue'], subjects=9
Dataset meta: {'n_classes': 4, 'n_channels': 22, 'n_samples': 1001, 'class_names': ['feet', 'left_hand', 'right_hand', 'tongue'], 'subject_list': [1, 2, 3, 4, 5, 6, 7, 8, 9], 'n_subjects': 9, 'sfreq': 250.0}

Applying bandpass filter: 34.06678799569532–84.83581889148056 Hz

=== LOSO (hold out subject 0) ===
  Train: 4608 trials  |  Test: 576 trials
  Model params: 8,581
  epoch   1/100  loss=1.3939  bal_acc=0.2604
  epoch   2/100  loss=1.3895  bal_acc=0.2708
  epoch   3/100  loss=1.3803  bal_acc=0.2760
  epoch   4/100  loss=1.3782  bal_acc=0.2760
  epoch   5/100  loss=1.3729  bal_acc=0.2535
  epoch   6/100  loss=1.3706  bal_acc=0.2535
  epoch   7/100  loss=1.3620  bal_acc=0.2865
  epoch   8/100  loss=1.3587  bal_acc=0.2587
  epoch   9/100  loss=1.3510  bal_acc=0.2587
  epoch  10/100  loss=1.3471  bal_acc=0.2760
  epoch  11/100  loss=1.3407  bal_acc=0.2535
  epoch  12/100  loss=1.3359  bal_acc=0.2674
  epoch  13/100  loss=1.3276  bal_acc=0.2708
  epoch  14/100  loss=1.3175  bal_acc=0.2500
  epoch  15/100  loss=1.3118  bal_acc=0.2569
  epoch  16/100  loss=1.3008  bal_acc=0.2795
  epoch  17/100  loss=1.2929  bal_acc=0.2778
  epoch  18/100  loss=1.2830  bal_acc=0.2691
  epoch  19/100  loss=1.2805  bal_acc=0.2517
  epoch  20/100  loss=1.2712  bal_acc=0.2604
  epoch  21/100  loss=1.2566  bal_acc=0.2743
  epoch  22/100  loss=1.2471  bal_acc=0.2361
  epoch  23/100  loss=1.2491  bal_acc=0.2830
  epoch  24/100  loss=1.2425  bal_acc=0.2552
  epoch  25/100  loss=1.2238  bal_acc=0.2587
  epoch  26/100  loss=1.2148  bal_acc=0.2535
  epoch  27/100  loss=1.2094  bal_acc=0.2691
  epoch  28/100  loss=1.1990  bal_acc=0.2448
  epoch  29/100  loss=1.2055  bal_acc=0.2569
  epoch  30/100  loss=1.1963  bal_acc=0.2500
  epoch  31/100  loss=1.1934  bal_acc=0.2500
  epoch  32/100  loss=1.1784  bal_acc=0.2569
  epoch  33/100  loss=1.1704  bal_acc=0.2587
  epoch  34/100  loss=1.1708  bal_acc=0.2535
  epoch  35/100  loss=1.1665  bal_acc=0.2622
  epoch  36/100  loss=1.1657  bal_acc=0.2569
  epoch  37/100  loss=1.1486  bal_acc=0.2604
  epoch  38/100  loss=1.1527  bal_acc=0.2622
  epoch  39/100  loss=1.1367  bal_acc=0.2656
  epoch  40/100  loss=1.1376  bal_acc=0.2639
  epoch  41/100  loss=1.1280  bal_acc=0.2812
  epoch  42/100  loss=1.1193  bal_acc=0.2674
  epoch  43/100  loss=1.1172  bal_acc=0.2760
  epoch  44/100  loss=1.1173  bal_acc=0.2622
  epoch  45/100  loss=1.1060  bal_acc=0.2812
  epoch  46/100  loss=1.0990  bal_acc=0.2708
  epoch  47/100  loss=1.0912  bal_acc=0.2743
  epoch  48/100  loss=1.0933  bal_acc=0.2726
  epoch  49/100  loss=1.0830  bal_acc=0.2830
  epoch  50/100  loss=1.0870  bal_acc=0.2795
  epoch  51/100  loss=1.0789  bal_acc=0.2760
  epoch  52/100  loss=1.0734  bal_acc=0.2708
  epoch  53/100  loss=1.0722  bal_acc=0.2743
  epoch  54/100  loss=1.0637  bal_acc=0.2726
  epoch  55/100  loss=1.0627  bal_acc=0.2847
  epoch  56/100  loss=1.0559  bal_acc=0.2778
  epoch  57/100  loss=1.0487  bal_acc=0.2552
  epoch  58/100  loss=1.0608  bal_acc=0.2743
  epoch  59/100  loss=1.0453  bal_acc=0.2674
  epoch  60/100  loss=1.0346  bal_acc=0.2812
  epoch  61/100  loss=1.0445  bal_acc=0.2656
  epoch  62/100  loss=1.0402  bal_acc=0.2569
  epoch  63/100  loss=1.0392  bal_acc=0.2604
  epoch  64/100  loss=1.0348  bal_acc=0.2622
  epoch  65/100  loss=1.0363  bal_acc=0.2778
  epoch  66/100  loss=1.0259  bal_acc=0.2674
  epoch  67/100  loss=1.0123  bal_acc=0.2830
  epoch  68/100  loss=1.0175  bal_acc=0.2778
  epoch  69/100  loss=0.9979  bal_acc=0.2674
  epoch  70/100  loss=1.0000  bal_acc=0.2760
  epoch  71/100  loss=0.9883  bal_acc=0.2778
  epoch  72/100  loss=0.9803  bal_acc=0.2812
  epoch  73/100  loss=0.9992  bal_acc=0.2795
  epoch  74/100  loss=0.9741  bal_acc=0.2951
  epoch  75/100  loss=0.9813  bal_acc=0.2847
  epoch  76/100  loss=0.9835  bal_acc=0.2934
  epoch  77/100  loss=0.9713  bal_acc=0.2656
  epoch  78/100  loss=0.9695  bal_acc=0.2639
  epoch  79/100  loss=0.9736  bal_acc=0.2934
  epoch  80/100  loss=0.9667  bal_acc=0.2847
  epoch  81/100  loss=0.9683  bal_acc=0.2760
  epoch  82/100  loss=0.9639  bal_acc=0.2639
  epoch  83/100  loss=0.9696  bal_acc=0.2656
  epoch  84/100  loss=0.9713  bal_acc=0.2917
  epoch  85/100  loss=0.9541  bal_acc=0.2778
  epoch  86/100  loss=0.9530  bal_acc=0.2951
  epoch  87/100  loss=0.9591  bal_acc=0.2917
  epoch  88/100  loss=0.9602  bal_acc=0.3021
  epoch  89/100  loss=0.9425  bal_acc=0.2812
  epoch  90/100  loss=0.9382  bal_acc=0.2830
  epoch  91/100  loss=0.9502  bal_acc=0.2726
  epoch  92/100  loss=0.9477  bal_acc=0.2726
  epoch  93/100  loss=0.9355  bal_acc=0.2726
  epoch  94/100  loss=0.9376  bal_acc=0.2691
  epoch  95/100  loss=0.9364  bal_acc=0.2778
  epoch  96/100  loss=0.9319  bal_acc=0.2795
  epoch  97/100  loss=0.9284  bal_acc=0.2760
  epoch  98/100  loss=0.9319  bal_acc=0.2674
  epoch  99/100  loss=0.9235  bal_acc=0.2778
  epoch 100/100  loss=0.9191  bal_acc=0.2865
Results saved to results/BNCI2014_001/results.json
Trial logged to results/BNCI2014_001/trials.csv
[status] trial 11 done (state=COMPLETE, value=0.28645833333333337) -- 12 completed total
Device: cuda
[BNCI2014_001] loading from cache: /home/aleksander.berezowsk/.cache/spiking_eegnet/BNCI2014_001_af1ccf3e92f684d8a93c057082b654d7.npz
[BNCI2014_001] cache hit: (5184, 1, 22, 1001), classes=['feet', 'left_hand', 'right_hand', 'tongue'], subjects=9
Dataset meta: {'n_classes': 4, 'n_channels': 22, 'n_samples': 1001, 'class_names': ['feet', 'left_hand', 'right_hand', 'tongue'], 'subject_list': [1, 2, 3, 4, 5, 6, 7, 8, 9], 'n_subjects': 9, 'sfreq': 250.0}

Applying bandpass filter: 31.7343778570894–99.85335328314522 Hz

=== LOSO (hold out subject 0) ===
  Train: 4608 trials  |  Test: 576 trials
  Model params: 18,087
  epoch   1/100  loss=1.3925  bal_acc=0.2639
  epoch   2/100  loss=1.3914  bal_acc=0.2483
  epoch   3/100  loss=1.3900  bal_acc=0.2569
  epoch   4/100  loss=1.3880  bal_acc=0.2743
  epoch   5/100  loss=1.3892  bal_acc=0.2656
  epoch   6/100  loss=1.3856  bal_acc=0.2674
  epoch   7/100  loss=1.3853  bal_acc=0.2569
  epoch   8/100  loss=1.3852  bal_acc=0.2587
  epoch   9/100  loss=1.3823  bal_acc=0.2517
  epoch  10/100  loss=1.3844  bal_acc=0.2587
  epoch  11/100  loss=1.3845  bal_acc=0.2917
  epoch  12/100  loss=1.3804  bal_acc=0.2500
  epoch  13/100  loss=1.3799  bal_acc=0.2760
  epoch  14/100  loss=1.3804  bal_acc=0.2778
  epoch  15/100  loss=1.3796  bal_acc=0.2622
  epoch  16/100  loss=1.3787  bal_acc=0.2517
  epoch  17/100  loss=1.3786  bal_acc=0.2448
  epoch  18/100  loss=1.3772  bal_acc=0.2743
  epoch  19/100  loss=1.3776  bal_acc=0.2604
  epoch  20/100  loss=1.3760  bal_acc=0.2656
  epoch  21/100  loss=1.3747  bal_acc=0.2431
  epoch  22/100  loss=1.3736  bal_acc=0.2708
  epoch  23/100  loss=1.3770  bal_acc=0.2674
  epoch  24/100  loss=1.3727  bal_acc=0.2674
  epoch  25/100  loss=1.3729  bal_acc=0.2569
  epoch  26/100  loss=1.3739  bal_acc=0.2535
  epoch  27/100  loss=1.3691  bal_acc=0.2500
  epoch  28/100  loss=1.3711  bal_acc=0.2500
  epoch  29/100  loss=1.3715  bal_acc=0.2552
  epoch  30/100  loss=1.3693  bal_acc=0.2639
  epoch  31/100  loss=1.3683  bal_acc=0.2622
  epoch  32/100  loss=1.3691  bal_acc=0.2708
  epoch  33/100  loss=1.3666  bal_acc=0.2517
  epoch  34/100  loss=1.3649  bal_acc=0.2552
  epoch  35/100  loss=1.3623  bal_acc=0.2674
  epoch  36/100  loss=1.3630  bal_acc=0.2569
  epoch  37/100  loss=1.3626  bal_acc=0.2465
  epoch  38/100  loss=1.3633  bal_acc=0.2622
  epoch  39/100  loss=1.3599  bal_acc=0.2760
  epoch  40/100  loss=1.3608  bal_acc=0.2795
  epoch  41/100  loss=1.3592  bal_acc=0.2535
  epoch  42/100  loss=1.3586  bal_acc=0.2500
  epoch  43/100  loss=1.3571  bal_acc=0.2587
  epoch  44/100  loss=1.3589  bal_acc=0.2483
  epoch  45/100  loss=1.3532  bal_acc=0.2378
  epoch  46/100  loss=1.3571  bal_acc=0.2431
  epoch  47/100  loss=1.3559  bal_acc=0.2743
  epoch  48/100  loss=1.3510  bal_acc=0.2622
  epoch  49/100  loss=1.3523  bal_acc=0.2639
  epoch  50/100  loss=1.3528  bal_acc=0.2639
  epoch  51/100  loss=1.3477  bal_acc=0.2639
  epoch  52/100  loss=1.3500  bal_acc=0.2656
  epoch  53/100  loss=1.3479  bal_acc=0.2674
  epoch  54/100  loss=1.3476  bal_acc=0.2656
  epoch  55/100  loss=1.3448  bal_acc=0.2569
  epoch  56/100  loss=1.3458  bal_acc=0.2552
  epoch  57/100  loss=1.3479  bal_acc=0.2726
  epoch  58/100  loss=1.3432  bal_acc=0.2517
  epoch  59/100  loss=1.3460  bal_acc=0.2500
  epoch  60/100  loss=1.3425  bal_acc=0.2604
  epoch  61/100  loss=1.3421  bal_acc=0.2656
  epoch  62/100  loss=1.3388  bal_acc=0.2656
  epoch  63/100  loss=1.3433  bal_acc=0.2691
  epoch  64/100  loss=1.3401  bal_acc=0.2674
  epoch  65/100  loss=1.3357  bal_acc=0.2830
  epoch  66/100  loss=1.3381  bal_acc=0.2691
  epoch  67/100  loss=1.3377  bal_acc=0.2500
  epoch  68/100  loss=1.3390  bal_acc=0.2587
  epoch  69/100  loss=1.3365  bal_acc=0.2743
  epoch  70/100  loss=1.3329  bal_acc=0.2552
  epoch  71/100  loss=1.3338  bal_acc=0.2465
  epoch  72/100  loss=1.3347  bal_acc=0.2604
  epoch  73/100  loss=1.3297  bal_acc=0.2639
  epoch  74/100  loss=1.3346  bal_acc=0.2535
  epoch  75/100  loss=1.3277  bal_acc=0.2604
  epoch  76/100  loss=1.3295  bal_acc=0.2569
  epoch  77/100  loss=1.3259  bal_acc=0.2865
  epoch  78/100  loss=1.3255  bal_acc=0.2812
  epoch  79/100  loss=1.3258  bal_acc=0.2552
  epoch  80/100  loss=1.3232  bal_acc=0.2552
  epoch  81/100  loss=1.3226  bal_acc=0.2743
  epoch  82/100  loss=1.3232  bal_acc=0.2604
  epoch  83/100  loss=1.3236  bal_acc=0.2691
  epoch  84/100  loss=1.3224  bal_acc=0.2587
  epoch  85/100  loss=1.3198  bal_acc=0.2622
  epoch  86/100  loss=1.3192  bal_acc=0.2517
  epoch  87/100  loss=1.3224  bal_acc=0.2726
  epoch  88/100  loss=1.3199  bal_acc=0.2639
  epoch  89/100  loss=1.3191  bal_acc=0.2691
  epoch  90/100  loss=1.3162  bal_acc=0.2882
  epoch  91/100  loss=1.3182  bal_acc=0.2917
  epoch  92/100  loss=1.3125  bal_acc=0.2865
  epoch  93/100  loss=1.3185  bal_acc=0.2882
  epoch  94/100  loss=1.3133  bal_acc=0.2604
  epoch  95/100  loss=1.3176  bal_acc=0.2674
  epoch  96/100  loss=1.3146  bal_acc=0.2639
  epoch  97/100  loss=1.3084  bal_acc=0.2552
  epoch  98/100  loss=1.3123  bal_acc=0.2639
  epoch  99/100  loss=1.3104  bal_acc=0.2587
  epoch 100/100  loss=1.3080  bal_acc=0.2587
Results saved to results/BNCI2014_001/results.json
Trial logged to results/BNCI2014_001/trials.csv
[status] trial 12 done (state=COMPLETE, value=0.2586805555555556) -- 13 completed total
Device: cuda
[BNCI2014_001] loading from cache: /home/aleksander.berezowsk/.cache/spiking_eegnet/BNCI2014_001_af1ccf3e92f684d8a93c057082b654d7.npz
[BNCI2014_001] cache hit: (5184, 1, 22, 1001), classes=['feet', 'left_hand', 'right_hand', 'tongue'], subjects=9
Dataset meta: {'n_classes': 4, 'n_channels': 22, 'n_samples': 1001, 'class_names': ['feet', 'left_hand', 'right_hand', 'tongue'], 'subject_list': [1, 2, 3, 4, 5, 6, 7, 8, 9], 'n_subjects': 9, 'sfreq': 250.0}

Applying bandpass filter: 13.030303177716837–92.42923342009239 Hz

=== LOSO (hold out subject 0) ===
  Train: 4608 trials  |  Test: 576 trials
  Model params: 5,072
  epoch   1/100  loss=1.3949  bal_acc=0.3733
  epoch   2/100  loss=1.3666  bal_acc=0.2517
  epoch   3/100  loss=1.3619  bal_acc=0.2517
  epoch   4/100  loss=1.3462  bal_acc=0.2899
  epoch   5/100  loss=1.3437  bal_acc=0.3281
  epoch   6/100  loss=1.3431  bal_acc=0.2934
  epoch   7/100  loss=1.3376  bal_acc=0.2726
  epoch   8/100  loss=1.3306  bal_acc=0.3976
  epoch   9/100  loss=1.3221  bal_acc=0.3455
  epoch  10/100  loss=1.3354  bal_acc=0.3194
  epoch  11/100  loss=1.3258  bal_acc=0.3524
  epoch  12/100  loss=1.3234  bal_acc=0.2604
  epoch  13/100  loss=1.3244  bal_acc=0.3628
  epoch  14/100  loss=1.3177  bal_acc=0.3368
  epoch  15/100  loss=1.3238  bal_acc=0.3194
  epoch  16/100  loss=1.3257  bal_acc=0.3611
  epoch  17/100  loss=1.3444  bal_acc=0.3542
  epoch  18/100  loss=1.3643  bal_acc=0.3212
  epoch  19/100  loss=1.3506  bal_acc=0.3490
  epoch  20/100  loss=1.3357  bal_acc=0.3750
  epoch  21/100  loss=1.3318  bal_acc=0.4045
  epoch  22/100  loss=1.3335  bal_acc=0.3490
  epoch  23/100  loss=1.3294  bal_acc=0.3802
  epoch  24/100  loss=1.3315  bal_acc=0.3559
  epoch  25/100  loss=1.3247  bal_acc=0.4080
  epoch  26/100  loss=1.3275  bal_acc=0.3924
  epoch  27/100  loss=1.3218  bal_acc=0.3958
  epoch  28/100  loss=1.3209  bal_acc=0.2917
  epoch  29/100  loss=1.3228  bal_acc=0.3750
  epoch  30/100  loss=1.3192  bal_acc=0.4080
  epoch  31/100  loss=1.3289  bal_acc=0.3299
  epoch  32/100  loss=1.3290  bal_acc=0.3906
  epoch  33/100  loss=1.3144  bal_acc=0.3542
  epoch  34/100  loss=1.3146  bal_acc=0.3281
  epoch  35/100  loss=1.3193  bal_acc=0.3628
  epoch  36/100  loss=1.3066  bal_acc=0.3472
  epoch  37/100  loss=1.3060  bal_acc=0.4323
  epoch  38/100  loss=1.3039  bal_acc=0.4323
  epoch  39/100  loss=1.2984  bal_acc=0.3455
  epoch  40/100  loss=1.2994  bal_acc=0.3906
  epoch  41/100  loss=1.2992  bal_acc=0.4288
  epoch  42/100  loss=1.3024  bal_acc=0.3698
  epoch  43/100  loss=1.3069  bal_acc=0.3403
  epoch  44/100  loss=1.3155  bal_acc=0.2760
  epoch  45/100  loss=1.3133  bal_acc=0.3941
  epoch  46/100  loss=1.3107  bal_acc=0.2691
  epoch  47/100  loss=1.3070  bal_acc=0.4306
  epoch  48/100  loss=1.3102  bal_acc=0.4097
  epoch  49/100  loss=1.3103  bal_acc=0.3611
  epoch  50/100  loss=1.3164  bal_acc=0.3646
  epoch  51/100  loss=1.3088  bal_acc=0.4062
  epoch  52/100  loss=1.3106  bal_acc=0.4410
  epoch  53/100  loss=1.3062  bal_acc=0.3802
  epoch  54/100  loss=1.3275  bal_acc=0.4670
  epoch  55/100  loss=1.3110  bal_acc=0.3924
  epoch  56/100  loss=1.3070  bal_acc=0.4514
  epoch  57/100  loss=1.3080  bal_acc=0.4184
  epoch  58/100  loss=1.3091  bal_acc=0.3559
  epoch  59/100  loss=1.3142  bal_acc=0.3750
  epoch  60/100  loss=1.3114  bal_acc=0.3872
  epoch  61/100  loss=1.3118  bal_acc=0.3854
  epoch  62/100  loss=1.2993  bal_acc=0.4392
  epoch  63/100  loss=1.3037  bal_acc=0.4410
  epoch  64/100  loss=1.3006  bal_acc=0.3299
  epoch  65/100  loss=1.3065  bal_acc=0.4080
  epoch  66/100  loss=1.2899  bal_acc=0.4427
  epoch  67/100  loss=1.2973  bal_acc=0.4201
  epoch  68/100  loss=1.2921  bal_acc=0.4826
  epoch  69/100  loss=1.2864  bal_acc=0.4722
  epoch  70/100  loss=1.2942  bal_acc=0.4583
  epoch  71/100  loss=1.2939  bal_acc=0.3958
  epoch  72/100  loss=1.2909  bal_acc=0.4427
  epoch  73/100  loss=1.2904  bal_acc=0.4097
  epoch  74/100  loss=1.3018  bal_acc=0.4688
  epoch  75/100  loss=1.2880  bal_acc=0.4010
  epoch  76/100  loss=1.2918  bal_acc=0.4167
  epoch  77/100  loss=1.2970  bal_acc=0.3976
  epoch  78/100  loss=1.3120  bal_acc=0.3056
  epoch  79/100  loss=1.3057  bal_acc=0.3264
  epoch  80/100  loss=1.3029  bal_acc=0.3264
  epoch  81/100  loss=1.3003  bal_acc=0.3490
  epoch  82/100  loss=1.3019  bal_acc=0.3177
  epoch  83/100  loss=1.2955  bal_acc=0.4375
  epoch  84/100  loss=1.2944  bal_acc=0.4340
  epoch  85/100  loss=1.2862  bal_acc=0.4236
  epoch  86/100  loss=1.2936  bal_acc=0.4479
  epoch  87/100  loss=1.3191  bal_acc=0.4531
  epoch  88/100  loss=1.3096  bal_acc=0.4080
  epoch  89/100  loss=1.2899  bal_acc=0.3993
  epoch  90/100  loss=1.2918  bal_acc=0.3576
  epoch  91/100  loss=1.2941  bal_acc=0.4115
  epoch  92/100  loss=1.3020  bal_acc=0.2847
  epoch  93/100  loss=1.3061  bal_acc=0.4253
  epoch  94/100  loss=1.2982  bal_acc=0.2812
  epoch  95/100  loss=1.3002  bal_acc=0.3837
  epoch  96/100  loss=1.3056  bal_acc=0.4306
  epoch  97/100  loss=1.3047  bal_acc=0.4236
  epoch  98/100  loss=1.3003  bal_acc=0.4531
  epoch  99/100  loss=1.3038  bal_acc=0.4722
  epoch 100/100  loss=1.3046  bal_acc=0.3924
Results saved to results/BNCI2014_001/results.json
Trial logged to results/BNCI2014_001/trials.csv
[status] trial 13 done (state=COMPLETE, value=0.3923611111111111) -- 14 completed total
Device: cuda
[BNCI2014_001] loading from cache: /home/aleksander.berezowsk/.cache/spiking_eegnet/BNCI2014_001_af1ccf3e92f684d8a93c057082b654d7.npz
[BNCI2014_001] cache hit: (5184, 1, 22, 1001), classes=['feet', 'left_hand', 'right_hand', 'tongue'], subjects=9
Dataset meta: {'n_classes': 4, 'n_channels': 22, 'n_samples': 1001, 'class_names': ['feet', 'left_hand', 'right_hand', 'tongue'], 'subject_list': [1, 2, 3, 4, 5, 6, 7, 8, 9], 'n_subjects': 9, 'sfreq': 250.0}

Applying bandpass filter: 7.785089568350011–109.53807120338472 Hz

=== LOSO (hold out subject 0) ===
  Train: 4608 trials  |  Test: 576 trials
  Model params: 18,346
  epoch   1/100  loss=1.4352  bal_acc=0.3420
  epoch   2/100  loss=1.3150  bal_acc=0.4253
  epoch   3/100  loss=1.2657  bal_acc=0.4444
  epoch   4/100  loss=1.2127  bal_acc=0.4479
  epoch   5/100  loss=1.1824  bal_acc=0.4583
  epoch   6/100  loss=1.1613  bal_acc=0.4896
  epoch   7/100  loss=1.1288  bal_acc=0.4306
  epoch   8/100  loss=1.1071  bal_acc=0.4323
  epoch   9/100  loss=1.0996  bal_acc=0.4392
  epoch  10/100  loss=1.0924  bal_acc=0.4080
  epoch  11/100  loss=1.0657  bal_acc=0.3767
  epoch  12/100  loss=1.0671  bal_acc=0.4219
  epoch  13/100  loss=1.0505  bal_acc=0.5000
  epoch  14/100  loss=1.0356  bal_acc=0.3906
  epoch  15/100  loss=1.0372  bal_acc=0.4236
  epoch  16/100  loss=1.0353  bal_acc=0.4809
  epoch  17/100  loss=1.0208  bal_acc=0.4983
  epoch  18/100  loss=1.0087  bal_acc=0.3715
  epoch  19/100  loss=1.0145  bal_acc=0.4826
  epoch  20/100  loss=0.9964  bal_acc=0.4774
  epoch  21/100  loss=0.9968  bal_acc=0.2899
  epoch  22/100  loss=0.9843  bal_acc=0.4253
  epoch  23/100  loss=0.9721  bal_acc=0.5122
  epoch  24/100  loss=0.9701  bal_acc=0.3142
  epoch  25/100  loss=0.9473  bal_acc=0.3385
  epoch  26/100  loss=0.9510  bal_acc=0.4826
  epoch  27/100  loss=0.9443  bal_acc=0.5625
  epoch  28/100  loss=0.9350  bal_acc=0.3924
  epoch  29/100  loss=0.9227  bal_acc=0.3802
  epoch  30/100  loss=0.9419  bal_acc=0.4913
  epoch  31/100  loss=0.9500  bal_acc=0.3854
  epoch  32/100  loss=0.9107  bal_acc=0.4236
  epoch  33/100  loss=0.9214  bal_acc=0.4896
  epoch  34/100  loss=0.9013  bal_acc=0.4722
  epoch  35/100  loss=0.9113  bal_acc=0.5156
  epoch  36/100  loss=0.9052  bal_acc=0.4705
  epoch  37/100  loss=0.9045  bal_acc=0.4983
  epoch  38/100  loss=0.8996  bal_acc=0.4931
  epoch  39/100  loss=0.8997  bal_acc=0.4896
  epoch  40/100  loss=0.8923  bal_acc=0.4722
  epoch  41/100  loss=0.8953  bal_acc=0.5260
  epoch  42/100  loss=0.8945  bal_acc=0.4983
  epoch  43/100  loss=0.8505  bal_acc=0.5087
  epoch  44/100  loss=0.8740  bal_acc=0.4427
  epoch  45/100  loss=0.8540  bal_acc=0.5781
  epoch  46/100  loss=0.8668  bal_acc=0.5243
  epoch  47/100  loss=0.8653  bal_acc=0.5590
  epoch  48/100  loss=0.8630  bal_acc=0.4948
  epoch  49/100  loss=0.8565  bal_acc=0.3889
  epoch  50/100  loss=0.8357  bal_acc=0.5417
  epoch  51/100  loss=0.8298  bal_acc=0.5226
  epoch  52/100  loss=0.8437  bal_acc=0.5365
  epoch  53/100  loss=0.8262  bal_acc=0.5243
  epoch  54/100  loss=0.8288  bal_acc=0.4583
  epoch  55/100  loss=0.8690  bal_acc=0.5174
  epoch  56/100  loss=0.8772  bal_acc=0.4531
  epoch  57/100  loss=0.8479  bal_acc=0.5243
  epoch  58/100  loss=0.8326  bal_acc=0.4340
  epoch  59/100  loss=0.8402  bal_acc=0.3576
  epoch  60/100  loss=0.8289  bal_acc=0.4080
  epoch  61/100  loss=0.8570  bal_acc=0.3646
  epoch  62/100  loss=0.8523  bal_acc=0.3646
  epoch  63/100  loss=0.8262  bal_acc=0.4983
  epoch  64/100  loss=0.8393  bal_acc=0.4948
  epoch  65/100  loss=0.8354  bal_acc=0.4757
  epoch  66/100  loss=0.8138  bal_acc=0.4167
  epoch  67/100  loss=0.8090  bal_acc=0.4531
  epoch  68/100  loss=0.7958  bal_acc=0.5469
  epoch  69/100  loss=0.8159  bal_acc=0.5278
  epoch  70/100  loss=0.8045  bal_acc=0.4878
  epoch  71/100  loss=0.8331  bal_acc=0.3854
  epoch  72/100  loss=0.8072  bal_acc=0.4792
  epoch  73/100  loss=0.7886  bal_acc=0.4896
  epoch  74/100  loss=0.8055  bal_acc=0.5260
  epoch  75/100  loss=0.7738  bal_acc=0.4774
  epoch  76/100  loss=0.8081  bal_acc=0.4479
  epoch  77/100  loss=0.7935  bal_acc=0.5312
  epoch  78/100  loss=0.7788  bal_acc=0.5226
  epoch  79/100  loss=0.7761  bal_acc=0.4688
  epoch  80/100  loss=0.7962  bal_acc=0.4149
  epoch  81/100  loss=0.7795  bal_acc=0.5139
  epoch  82/100  loss=0.7579  bal_acc=0.4358
  epoch  83/100  loss=0.7855  bal_acc=0.5035
  epoch  84/100  loss=0.7579  bal_acc=0.3958
  epoch  85/100  loss=0.7596  bal_acc=0.4201
  epoch  86/100  loss=0.7529  bal_acc=0.4028
  epoch  87/100  loss=0.7820  bal_acc=0.5486
  epoch  88/100  loss=0.7866  bal_acc=0.4826
  epoch  89/100  loss=0.7693  bal_acc=0.4983
  epoch  90/100  loss=0.7579  bal_acc=0.5851
  epoch  91/100  loss=0.7545  bal_acc=0.4740
  epoch  92/100  loss=0.7871  bal_acc=0.4253
  epoch  93/100  loss=0.7605  bal_acc=0.5035
  epoch  94/100  loss=0.7603  bal_acc=0.5243
  epoch  95/100  loss=0.7556  bal_acc=0.5278
  epoch  96/100  loss=0.7533  bal_acc=0.4670
  epoch  97/100  loss=0.7771  bal_acc=0.5469
  epoch  98/100  loss=0.7571  bal_acc=0.4688
  epoch  99/100  loss=0.7644  bal_acc=0.4132
  epoch 100/100  loss=0.7555  bal_acc=0.4201
Results saved to results/BNCI2014_001/results.json
Trial logged to results/BNCI2014_001/trials.csv
[status] trial 14 done (state=COMPLETE, value=0.4201388888888889) -- 15 completed total
Device: cuda
[BNCI2014_001] loading from cache: /home/aleksander.berezowsk/.cache/spiking_eegnet/BNCI2014_001_af1ccf3e92f684d8a93c057082b654d7.npz
[BNCI2014_001] cache hit: (5184, 1, 22, 1001), classes=['feet', 'left_hand', 'right_hand', 'tongue'], subjects=9
Dataset meta: {'n_classes': 4, 'n_channels': 22, 'n_samples': 1001, 'class_names': ['feet', 'left_hand', 'right_hand', 'tongue'], 'subject_list': [1, 2, 3, 4, 5, 6, 7, 8, 9], 'n_subjects': 9, 'sfreq': 250.0}

=== LOSO (hold out subject 0) ===
  Train: 4608 trials  |  Test: 576 trials
  Model params: 31,022
  epoch   1/100  loss=1.4001  bal_acc=0.3785
  epoch   2/100  loss=1.2657  bal_acc=0.3802
  epoch   3/100  loss=1.1361  bal_acc=0.3924
  epoch   4/100  loss=1.1011  bal_acc=0.3333
  epoch   5/100  loss=1.0657  bal_acc=0.4167
  epoch   6/100  loss=1.0062  bal_acc=0.4271
  epoch   7/100  loss=0.9883  bal_acc=0.4167
  epoch   8/100  loss=0.9440  bal_acc=0.3646
  epoch   9/100  loss=0.9200  bal_acc=0.4167
  epoch  10/100  loss=0.8961  bal_acc=0.4115
  epoch  11/100  loss=0.8758  bal_acc=0.4028
  epoch  12/100  loss=0.8396  bal_acc=0.4462
  epoch  13/100  loss=0.7999  bal_acc=0.4184
  epoch  14/100  loss=0.8127  bal_acc=0.4062
  epoch  15/100  loss=0.8022  bal_acc=0.4080
  epoch  16/100  loss=0.7888  bal_acc=0.4410
  epoch  17/100  loss=0.7550  bal_acc=0.4010
  epoch  18/100  loss=0.7295  bal_acc=0.4184
  epoch  19/100  loss=0.7182  bal_acc=0.4167
  epoch  20/100  loss=0.6969  bal_acc=0.4149
  epoch  21/100  loss=0.6719  bal_acc=0.4288
  epoch  22/100  loss=0.6477  bal_acc=0.4167
  epoch  23/100  loss=0.6369  bal_acc=0.4479
  epoch  24/100  loss=0.6319  bal_acc=0.4358
  epoch  25/100  loss=0.6357  bal_acc=0.4497
  epoch  26/100  loss=0.6315  bal_acc=0.3854
  epoch  27/100  loss=0.6020  bal_acc=0.4201
  epoch  28/100  loss=0.6120  bal_acc=0.3941
  epoch  29/100  loss=0.5902  bal_acc=0.4045
  epoch  30/100  loss=0.5488  bal_acc=0.4236
  epoch  31/100  loss=0.5468  bal_acc=0.4271
  epoch  32/100  loss=0.5415  bal_acc=0.4323
  epoch  33/100  loss=0.5555  bal_acc=0.4479
  epoch  34/100  loss=0.5342  bal_acc=0.4410
  epoch  35/100  loss=0.5209  bal_acc=0.4549
  epoch  36/100  loss=0.4982  bal_acc=0.4358
  epoch  37/100  loss=0.4902  bal_acc=0.4670
  epoch  38/100  loss=0.5044  bal_acc=0.4531
  epoch  39/100  loss=0.4820  bal_acc=0.4566
  epoch  40/100  loss=0.5169  bal_acc=0.4427
  epoch  41/100  loss=0.4940  bal_acc=0.4549
  epoch  42/100  loss=0.4621  bal_acc=0.4549
  epoch  43/100  loss=0.5056  bal_acc=0.4566
  epoch  44/100  loss=0.4747  bal_acc=0.4635
  epoch  45/100  loss=0.4888  bal_acc=0.4566
  epoch  46/100  loss=0.4890  bal_acc=0.4306
  epoch  47/100  loss=0.4572  bal_acc=0.4410
  epoch  48/100  loss=0.4592  bal_acc=0.4392
  epoch  49/100  loss=0.4503  bal_acc=0.4670
  epoch  50/100  loss=0.4283  bal_acc=0.4549
  epoch  51/100  loss=0.4273  bal_acc=0.4427
  epoch  52/100  loss=0.4333  bal_acc=0.4115
  epoch  53/100  loss=0.4495  bal_acc=0.4705
  epoch  54/100  loss=0.4445  bal_acc=0.4774
  epoch  55/100  loss=0.4388  bal_acc=0.4826
  epoch  56/100  loss=0.4354  bal_acc=0.4549
  epoch  57/100  loss=0.4332  bal_acc=0.4549
  epoch  58/100  loss=0.4220  bal_acc=0.4635
  epoch  59/100  loss=0.4023  bal_acc=0.4792
  epoch  60/100  loss=0.4127  bal_acc=0.4479
  epoch  61/100  loss=0.4107  bal_acc=0.4531
  epoch  62/100  loss=0.4229  bal_acc=0.4601
  epoch  63/100  loss=0.4324  bal_acc=0.4653
  epoch  64/100  loss=0.3744  bal_acc=0.4670
  epoch  65/100  loss=0.3948  bal_acc=0.4757
  epoch  66/100  loss=0.3875  bal_acc=0.4774
  epoch  67/100  loss=0.3739  bal_acc=0.5035
  epoch  68/100  loss=0.4195  bal_acc=0.4722
  epoch  69/100  loss=0.3890  bal_acc=0.4931
  epoch  70/100  loss=0.3805  bal_acc=0.4618
  epoch  71/100  loss=0.3736  bal_acc=0.4983
  epoch  72/100  loss=0.3829  bal_acc=0.4878
  epoch  73/100  loss=0.3770  bal_acc=0.4774
  epoch  74/100  loss=0.3817  bal_acc=0.4531
  epoch  75/100  loss=0.3792  bal_acc=0.4878
  epoch  76/100  loss=0.3679  bal_acc=0.4479
  epoch  77/100  loss=0.3892  bal_acc=0.4688
  epoch  78/100  loss=0.3564  bal_acc=0.4601
  epoch  79/100  loss=0.3853  bal_acc=0.4688
  epoch  80/100  loss=0.3675  bal_acc=0.4497
  epoch  81/100  loss=0.3560  bal_acc=0.4601
  epoch  82/100  loss=0.3693  bal_acc=0.4826
  epoch  83/100  loss=0.3736  bal_acc=0.4427
  epoch  84/100  loss=0.3604  bal_acc=0.4635
  epoch  85/100  loss=0.3583  bal_acc=0.4983
  epoch  86/100  loss=0.3523  bal_acc=0.4323
  epoch  87/100  loss=0.3641  bal_acc=0.4479
  epoch  88/100  loss=0.3525  bal_acc=0.4497
  epoch  89/100  loss=0.3543  bal_acc=0.4306
  epoch  90/100  loss=0.3305  bal_acc=0.4757
  epoch  91/100  loss=0.3307  bal_acc=0.4583
  epoch  92/100  loss=0.3428  bal_acc=0.4479
  epoch  93/100  loss=0.3434  bal_acc=0.4340
  epoch  94/100  loss=0.3478  bal_acc=0.4288
  epoch  95/100  loss=0.3401  bal_acc=0.4080
  epoch  96/100  loss=0.3353  bal_acc=0.4479
  epoch  97/100  loss=0.3586  bal_acc=0.4375
  epoch  98/100  loss=0.3507  bal_acc=0.4497
  epoch  99/100  loss=0.3409  bal_acc=0.4479
  epoch 100/100  loss=0.3324  bal_acc=0.4497
Results saved to results/BNCI2014_001/results.json
Trial logged to results/BNCI2014_001/trials.csv
[status] trial 15 done (state=COMPLETE, value=0.4496527777777778) -- 16 completed total
Device: cuda
[BNCI2014_001] loading from cache: /home/aleksander.berezowsk/.cache/spiking_eegnet/BNCI2014_001_af1ccf3e92f684d8a93c057082b654d7.npz
[BNCI2014_001] cache hit: (5184, 1, 22, 1001), classes=['feet', 'left_hand', 'right_hand', 'tongue'], subjects=9
Dataset meta: {'n_classes': 4, 'n_channels': 22, 'n_samples': 1001, 'class_names': ['feet', 'left_hand', 'right_hand', 'tongue'], 'subject_list': [1, 2, 3, 4, 5, 6, 7, 8, 9], 'n_subjects': 9, 'sfreq': 250.0}

Applying bandpass filter: 20.08968635624159–68.84441626226655 Hz

=== LOSO (hold out subject 0) ===
  Train: 4608 trials  |  Test: 576 trials
  Model params: 26,573
  epoch   1/100  loss=1.3982  bal_acc=0.2639
  epoch   2/100  loss=1.3635  bal_acc=0.2760
  epoch   3/100  loss=1.3272  bal_acc=0.3733
  epoch   4/100  loss=1.2945  bal_acc=0.3420
  epoch   5/100  loss=1.2660  bal_acc=0.3490
  epoch   6/100  loss=1.2599  bal_acc=0.3993
  epoch   7/100  loss=1.2284  bal_acc=0.3837
  epoch   8/100  loss=1.2183  bal_acc=0.3906
  epoch   9/100  loss=1.2163  bal_acc=0.3628
  epoch  10/100  loss=1.1978  bal_acc=0.3837
  epoch  11/100  loss=1.1754  bal_acc=0.3212
  epoch  12/100  loss=1.1762  bal_acc=0.3438
  epoch  13/100  loss=1.1754  bal_acc=0.3698
  epoch  14/100  loss=1.1674  bal_acc=0.3681
  epoch  15/100  loss=1.1665  bal_acc=0.3507
  epoch  16/100  loss=1.1568  bal_acc=0.3281
  epoch  17/100  loss=1.1310  bal_acc=0.3819
  epoch  18/100  loss=1.1256  bal_acc=0.3229
  epoch  19/100  loss=1.1310  bal_acc=0.3559
  epoch  20/100  loss=1.1331  bal_acc=0.3333
  epoch  21/100  loss=1.1218  bal_acc=0.3681
  epoch  22/100  loss=1.1036  bal_acc=0.3438
  epoch  23/100  loss=1.1111  bal_acc=0.3628
  epoch  24/100  loss=1.0939  bal_acc=0.3594
  epoch  25/100  loss=1.0763  bal_acc=0.3438
  epoch  26/100  loss=1.0864  bal_acc=0.3229
  epoch  27/100  loss=1.0776  bal_acc=0.3646
  epoch  28/100  loss=1.0674  bal_acc=0.3576
  epoch  29/100  loss=1.0593  bal_acc=0.3455
  epoch  30/100  loss=1.0348  bal_acc=0.3681
  epoch  31/100  loss=1.0402  bal_acc=0.3420
  epoch  32/100  loss=1.0318  bal_acc=0.3802
  epoch  33/100  loss=1.0463  bal_acc=0.3750
  epoch  34/100  loss=1.0411  bal_acc=0.3750
  epoch  35/100  loss=1.0263  bal_acc=0.3125
  epoch  36/100  loss=1.0539  bal_acc=0.3229
  epoch  37/100  loss=1.0324  bal_acc=0.3576
  epoch  38/100  loss=1.0201  bal_acc=0.3611
  epoch  39/100  loss=1.0097  bal_acc=0.3611
  epoch  40/100  loss=1.0004  bal_acc=0.3698
  epoch  41/100  loss=0.9963  bal_acc=0.3299
  epoch  42/100  loss=1.0073  bal_acc=0.3594
  epoch  43/100  loss=0.9924  bal_acc=0.3559
  epoch  44/100  loss=0.9886  bal_acc=0.3524
  epoch  45/100  loss=0.9924  bal_acc=0.3507
  epoch  46/100  loss=0.9988  bal_acc=0.3767
  epoch  47/100  loss=0.9727  bal_acc=0.3524
  epoch  48/100  loss=0.9927  bal_acc=0.3594
  epoch  49/100  loss=0.9956  bal_acc=0.3368
  epoch  50/100  loss=0.9726  bal_acc=0.3767
  epoch  51/100  loss=0.9763  bal_acc=0.3455
  epoch  52/100  loss=0.9800  bal_acc=0.3281
  epoch  53/100  loss=0.9596  bal_acc=0.3403
  epoch  54/100  loss=0.9604  bal_acc=0.3351
  epoch  55/100  loss=0.9561  bal_acc=0.3368
  epoch  56/100  loss=0.9562  bal_acc=0.3281
  epoch  57/100  loss=0.9834  bal_acc=0.3663
  epoch  58/100  loss=0.9546  bal_acc=0.3524
  epoch  59/100  loss=0.9435  bal_acc=0.3420
  epoch  60/100  loss=0.9281  bal_acc=0.3628
  epoch  61/100  loss=0.9411  bal_acc=0.3628
  epoch  62/100  loss=0.9272  bal_acc=0.3611
  epoch  63/100  loss=0.9037  bal_acc=0.3507
  epoch  64/100  loss=0.9270  bal_acc=0.3611
  epoch  65/100  loss=0.9130  bal_acc=0.3663
  epoch  66/100  loss=0.9114  bal_acc=0.3438
  epoch  67/100  loss=0.8980  bal_acc=0.3594
  epoch  68/100  loss=0.9052  bal_acc=0.3281
  epoch  69/100  loss=0.9016  bal_acc=0.3281
  epoch  70/100  loss=0.9005  bal_acc=0.3403
  epoch  71/100  loss=0.9110  bal_acc=0.3594
  epoch  72/100  loss=0.8949  bal_acc=0.3229
  epoch  73/100  loss=0.8996  bal_acc=0.3299
  epoch  74/100  loss=0.9099  bal_acc=0.3542
  epoch  75/100  loss=0.8851  bal_acc=0.3524
  epoch  76/100  loss=0.9119  bal_acc=0.3351
  epoch  77/100  loss=0.9000  bal_acc=0.3420
  epoch  78/100  loss=0.8938  bal_acc=0.3646
  epoch  79/100  loss=0.8825  bal_acc=0.3351
  epoch  80/100  loss=0.8760  bal_acc=0.3490
  epoch  81/100  loss=0.8766  bal_acc=0.3333
  epoch  82/100  loss=0.8670  bal_acc=0.3524
  epoch  83/100  loss=0.8631  bal_acc=0.3455
  epoch  84/100  loss=0.8769  bal_acc=0.3524
  epoch  85/100  loss=0.9031  bal_acc=0.3090
  epoch  86/100  loss=0.8616  bal_acc=0.3490
  epoch  87/100  loss=0.8488  bal_acc=0.3299
  epoch  88/100  loss=0.8460  bal_acc=0.3299
  epoch  89/100  loss=0.8554  bal_acc=0.3524
  epoch  90/100  loss=0.8461  bal_acc=0.3229
  epoch  91/100  loss=0.8482  bal_acc=0.3142
  epoch  92/100  loss=0.8448  bal_acc=0.3160
  epoch  93/100  loss=0.8536  bal_acc=0.3316
  epoch  94/100  loss=0.8533  bal_acc=0.3420
  epoch  95/100  loss=0.8504  bal_acc=0.3247
  epoch  96/100  loss=0.8477  bal_acc=0.3160
  epoch  97/100  loss=0.8386  bal_acc=0.3177
  epoch  98/100  loss=0.8438  bal_acc=0.3420
  epoch  99/100  loss=0.8260  bal_acc=0.3385
  epoch 100/100  loss=0.8427  bal_acc=0.3368
Results saved to results/BNCI2014_001/results.json
Trial logged to results/BNCI2014_001/trials.csv
[status] trial 16 done (state=COMPLETE, value=0.3368055555555556) -- 17 completed total
Device: cuda
[BNCI2014_001] loading from cache: /home/aleksander.berezowsk/.cache/spiking_eegnet/BNCI2014_001_af1ccf3e92f684d8a93c057082b654d7.npz
[BNCI2014_001] cache hit: (5184, 1, 22, 1001), classes=['feet', 'left_hand', 'right_hand', 'tongue'], subjects=9
Dataset meta: {'n_classes': 4, 'n_channels': 22, 'n_samples': 1001, 'class_names': ['feet', 'left_hand', 'right_hand', 'tongue'], 'subject_list': [1, 2, 3, 4, 5, 6, 7, 8, 9], 'n_subjects': 9, 'sfreq': 250.0}

Applying bandpass filter: 37.71784979730096–15.390583959894958 Hz
Finished : Sun Jun 14 22:07:28 MDT 2026
Exit code: 0
