Job ID   : 43804833
Node     : fg2
Started  : Sat Jun 13 13:21:02 MDT 2026
Directory: /home/aleksander.berezowsk/spiking-eegnet
Requirement already satisfied: setuptools==69.5.1 in /home/aleksander.berezowsk/venv/lib/python3.12/site-packages (69.5.1)
Requirement already satisfied: torch==2.4.0 in /home/aleksander.berezowsk/venv/lib/python3.12/site-packages (2.4.0)
Requirement already satisfied: torchvision==0.19.0 in /home/aleksander.berezowsk/venv/lib/python3.12/site-packages (0.19.0)
Requirement already satisfied: torchaudio==2.4.0 in /home/aleksander.berezowsk/venv/lib/python3.12/site-packages (2.4.0)
Requirement already satisfied: torchmetrics in /home/aleksander.berezowsk/venv/lib/python3.12/site-packages (1.9.0)
Requirement already satisfied: filelock in /home/aleksander.berezowsk/venv/lib/python3.12/site-packages (from torch==2.4.0) (3.29.0)
Requirement already satisfied: typing-extensions>=4.8.0 in /home/aleksander.berezowsk/venv/lib/python3.12/site-packages (from torch==2.4.0) (4.15.0)
Requirement already satisfied: sympy in /home/aleksander.berezowsk/venv/lib/python3.12/site-packages (from torch==2.4.0) (1.14.0)
Requirement already satisfied: networkx in /home/aleksander.berezowsk/venv/lib/python3.12/site-packages (from torch==2.4.0) (3.6.1)
Requirement already satisfied: jinja2 in /home/aleksander.berezowsk/venv/lib/python3.12/site-packages (from torch==2.4.0) (3.1.6)
Requirement already satisfied: fsspec in /home/aleksander.berezowsk/venv/lib/python3.12/site-packages (from torch==2.4.0) (2026.4.0)
Requirement already satisfied: setuptools in /home/aleksander.berezowsk/venv/lib/python3.12/site-packages (from torch==2.4.0) (69.5.1)
Requirement already satisfied: nvidia-cuda-nvrtc-cu12==12.1.105 in /home/aleksander.berezowsk/venv/lib/python3.12/site-packages (from torch==2.4.0) (12.1.105)
Requirement already satisfied: nvidia-cuda-runtime-cu12==12.1.105 in /home/aleksander.berezowsk/venv/lib/python3.12/site-packages (from torch==2.4.0) (12.1.105)
Requirement already satisfied: nvidia-cuda-cupti-cu12==12.1.105 in /home/aleksander.berezowsk/venv/lib/python3.12/site-packages (from torch==2.4.0) (12.1.105)
Requirement already satisfied: nvidia-cudnn-cu12==9.1.0.70 in /home/aleksander.berezowsk/venv/lib/python3.12/site-packages (from torch==2.4.0) (9.1.0.70)
Requirement already satisfied: nvidia-cublas-cu12==12.1.3.1 in /home/aleksander.berezowsk/venv/lib/python3.12/site-packages (from torch==2.4.0) (12.1.3.1)
Requirement already satisfied: nvidia-cufft-cu12==11.0.2.54 in /home/aleksander.berezowsk/venv/lib/python3.12/site-packages (from torch==2.4.0) (11.0.2.54)
Requirement already satisfied: nvidia-curand-cu12==10.3.2.106 in /home/aleksander.berezowsk/venv/lib/python3.12/site-packages (from torch==2.4.0) (10.3.2.106)
Requirement already satisfied: nvidia-cusolver-cu12==11.4.5.107 in /home/aleksander.berezowsk/venv/lib/python3.12/site-packages (from torch==2.4.0) (11.4.5.107)
Requirement already satisfied: nvidia-cusparse-cu12==12.1.0.106 in /home/aleksander.berezowsk/venv/lib/python3.12/site-packages (from torch==2.4.0) (12.1.0.106)
Requirement already satisfied: nvidia-nccl-cu12==2.20.5 in /home/aleksander.berezowsk/venv/lib/python3.12/site-packages (from torch==2.4.0) (2.20.5)
Requirement already satisfied: nvidia-nvtx-cu12==12.1.105 in /home/aleksander.berezowsk/venv/lib/python3.12/site-packages (from torch==2.4.0) (12.1.105)
Requirement already satisfied: triton==3.0.0 in /home/aleksander.berezowsk/venv/lib/python3.12/site-packages (from torch==2.4.0) (3.0.0)
Requirement already satisfied: numpy in /home/aleksander.berezowsk/venv/lib/python3.12/site-packages (from torchvision==0.19.0) (2.4.6)
Requirement already satisfied: pillow!=8.3.*,>=5.3.0 in /home/aleksander.berezowsk/venv/lib/python3.12/site-packages (from torchvision==0.19.0) (12.2.0)
Requirement already satisfied: nvidia-nvjitlink-cu12 in /home/aleksander.berezowsk/venv/lib/python3.12/site-packages (from nvidia-cusolver-cu12==11.4.5.107->torch==2.4.0) (12.9.86)
Requirement already satisfied: packaging>17.1 in /home/aleksander.berezowsk/venv/lib/python3.12/site-packages (from torchmetrics) (26.2)
Requirement already satisfied: lightning-utilities>=0.15.3 in /home/aleksander.berezowsk/venv/lib/python3.12/site-packages (from torchmetrics) (0.15.3)
Requirement already satisfied: MarkupSafe>=2.0 in /home/aleksander.berezowsk/venv/lib/python3.12/site-packages (from jinja2->torch==2.4.0) (3.0.3)
Requirement already satisfied: mpmath<1.4,>=1.1.0 in /home/aleksander.berezowsk/venv/lib/python3.12/site-packages (from sympy->torch==2.4.0) (1.3.0)
Requirement already satisfied: optuna in /home/aleksander.berezowsk/venv/lib/python3.12/site-packages (4.9.0)
Requirement already satisfied: snntorch in /home/aleksander.berezowsk/venv/lib/python3.12/site-packages (0.9.4)
Requirement already satisfied: alembic>=1.5.0 in /home/aleksander.berezowsk/venv/lib/python3.12/site-packages (from optuna) (1.18.4)
Requirement already satisfied: colorlog in /home/aleksander.berezowsk/venv/lib/python3.12/site-packages (from optuna) (6.10.1)
Requirement already satisfied: numpy in /home/aleksander.berezowsk/venv/lib/python3.12/site-packages (from optuna) (2.4.6)
Requirement already satisfied: packaging>=20.0 in /home/aleksander.berezowsk/venv/lib/python3.12/site-packages (from optuna) (26.2)
Requirement already satisfied: sqlalchemy>=1.4.2 in /home/aleksander.berezowsk/venv/lib/python3.12/site-packages (from optuna) (2.0.50)
Requirement already satisfied: tqdm in /home/aleksander.berezowsk/venv/lib/python3.12/site-packages (from optuna) (4.67.3)
Requirement already satisfied: PyYAML in /home/aleksander.berezowsk/venv/lib/python3.12/site-packages (from optuna) (6.0.3)
Requirement already satisfied: Mako in /home/aleksander.berezowsk/venv/lib/python3.12/site-packages (from alembic>=1.5.0->optuna) (1.3.12)
Requirement already satisfied: typing-extensions>=4.12 in /home/aleksander.berezowsk/venv/lib/python3.12/site-packages (from alembic>=1.5.0->optuna) (4.15.0)
Requirement already satisfied: greenlet>=1 in /home/aleksander.berezowsk/venv/lib/python3.12/site-packages (from sqlalchemy>=1.4.2->optuna) (3.5.1)
Requirement already satisfied: MarkupSafe>=0.9.2 in /home/aleksander.berezowsk/venv/lib/python3.12/site-packages (from Mako->alembic>=1.5.0->optuna) (3.0.3)
Device: cuda
[BNCI2014_001] loading from cache: /home/aleksander.berezowsk/.cache/spiking_eegnet/BNCI2014_001_af1ccf3e92f684d8a93c057082b654d7.npz
[BNCI2014_001] cache hit: (5184, 1, 22, 1001), classes=['feet', 'left_hand', 'right_hand', 'tongue'], subjects=9
Dataset meta: {'n_classes': 4, 'n_channels': 22, 'n_samples': 1001, 'class_names': ['feet', 'left_hand', 'right_hand', 'tongue'], 'subject_list': [1, 2, 3, 4, 5, 6, 7, 8, 9], 'n_subjects': 9, 'sfreq': 250.0}

Applying bandpass filter: 34.272011697864464–102.14537206373595 Hz

=== LOSO (hold out subject 0) ===
  Train: 4608 trials  |  Test: 576 trials
  Model params: 17,942
  epoch   1/100  loss=1.4252  bal_acc=0.2760
  epoch   2/100  loss=1.4096  bal_acc=0.2517
  epoch   3/100  loss=1.4044  bal_acc=0.2691
  epoch   4/100  loss=1.4017  bal_acc=0.2656
  epoch   5/100  loss=1.4057  bal_acc=0.2552
  epoch   6/100  loss=1.3987  bal_acc=0.2691
  epoch   7/100  loss=1.3931  bal_acc=0.2587
  epoch   8/100  loss=1.3949  bal_acc=0.2847
  epoch   9/100  loss=1.3834  bal_acc=0.3021
  epoch  10/100  loss=1.3851  bal_acc=0.2760
  epoch  11/100  loss=1.3820  bal_acc=0.2569
  epoch  12/100  loss=1.3828  bal_acc=0.2726
  epoch  13/100  loss=1.3725  bal_acc=0.2656
  epoch  14/100  loss=1.3805  bal_acc=0.2552
  epoch  15/100  loss=1.3679  bal_acc=0.2500
  epoch  16/100  loss=1.3639  bal_acc=0.2708
  epoch  17/100  loss=1.3612  bal_acc=0.2778
  epoch  18/100  loss=1.3679  bal_acc=0.2760
  epoch  19/100  loss=1.3591  bal_acc=0.2778
  epoch  20/100  loss=1.3611  bal_acc=0.2865
  epoch  21/100  loss=1.3518  bal_acc=0.2795
  epoch  22/100  loss=1.3501  bal_acc=0.3056
  epoch  23/100  loss=1.3528  bal_acc=0.2865
  epoch  24/100  loss=1.3532  bal_acc=0.2882
  epoch  25/100  loss=1.3539  bal_acc=0.2552
  epoch  26/100  loss=1.3480  bal_acc=0.2656
  epoch  27/100  loss=1.3519  bal_acc=0.2656
  epoch  28/100  loss=1.3453  bal_acc=0.2691
  epoch  29/100  loss=1.3473  bal_acc=0.2899
  epoch  30/100  loss=1.3531  bal_acc=0.2917
  epoch  31/100  loss=1.3509  bal_acc=0.2795
  epoch  32/100  loss=1.3517  bal_acc=0.2830
  epoch  33/100  loss=1.3468  bal_acc=0.2812
  epoch  34/100  loss=1.3436  bal_acc=0.2656
  epoch  35/100  loss=1.3439  bal_acc=0.2535
  epoch  36/100  loss=1.3406  bal_acc=0.2812
  epoch  37/100  loss=1.3416  bal_acc=0.2691
  epoch  38/100  loss=1.3348  bal_acc=0.2778
  epoch  39/100  loss=1.3454  bal_acc=0.2882
  epoch  40/100  loss=1.3417  bal_acc=0.2830
  epoch  41/100  loss=1.3328  bal_acc=0.2691
  epoch  42/100  loss=1.3348  bal_acc=0.2917
  epoch  43/100  loss=1.3403  bal_acc=0.2760
  epoch  44/100  loss=1.3289  bal_acc=0.3003
  epoch  45/100  loss=1.3339  bal_acc=0.2778
  epoch  46/100  loss=1.3305  bal_acc=0.3021
  epoch  47/100  loss=1.3287  bal_acc=0.2882
  epoch  48/100  loss=1.3194  bal_acc=0.2934
  epoch  49/100  loss=1.3307  bal_acc=0.2639
  epoch  50/100  loss=1.3243  bal_acc=0.2743
  epoch  51/100  loss=1.3344  bal_acc=0.2934
  epoch  52/100  loss=1.3285  bal_acc=0.2951
  epoch  53/100  loss=1.3259  bal_acc=0.2847
  epoch  54/100  loss=1.3267  bal_acc=0.2986
  epoch  55/100  loss=1.3153  bal_acc=0.2865
  epoch  56/100  loss=1.3178  bal_acc=0.2656
  epoch  57/100  loss=1.3271  bal_acc=0.2865
  epoch  58/100  loss=1.3226  bal_acc=0.2778
  epoch  59/100  loss=1.3237  bal_acc=0.2899
  epoch  60/100  loss=1.3069  bal_acc=0.2674
  epoch  61/100  loss=1.3210  bal_acc=0.2604
  epoch  62/100  loss=1.3154  bal_acc=0.3003
  epoch  63/100  loss=1.3215  bal_acc=0.2795
  epoch  64/100  loss=1.3108  bal_acc=0.2569
  epoch  65/100  loss=1.3019  bal_acc=0.2934
  epoch  66/100  loss=1.3163  bal_acc=0.2969
  epoch  67/100  loss=1.3050  bal_acc=0.2986
  epoch  68/100  loss=1.3146  bal_acc=0.2778
  epoch  69/100  loss=1.3054  bal_acc=0.2778
  epoch  70/100  loss=1.3129  bal_acc=0.2882
  epoch  71/100  loss=1.3175  bal_acc=0.2812
  epoch  72/100  loss=1.3128  bal_acc=0.2795
  epoch  73/100  loss=1.3164  bal_acc=0.2865
  epoch  74/100  loss=1.3056  bal_acc=0.2899
  epoch  75/100  loss=1.3035  bal_acc=0.3056
  epoch  76/100  loss=1.3045  bal_acc=0.2830
  epoch  77/100  loss=1.3097  bal_acc=0.3090
  epoch  78/100  loss=1.2952  bal_acc=0.2951
  epoch  79/100  loss=1.3021  bal_acc=0.2899
  epoch  80/100  loss=1.3166  bal_acc=0.2778
  epoch  81/100  loss=1.3114  bal_acc=0.2778
  epoch  82/100  loss=1.2954  bal_acc=0.2622
  epoch  83/100  loss=1.3102  bal_acc=0.2517
  epoch  84/100  loss=1.3074  bal_acc=0.2830
  epoch  85/100  loss=1.3061  bal_acc=0.2552
  epoch  86/100  loss=1.2996  bal_acc=0.2778
  epoch  87/100  loss=1.3014  bal_acc=0.2778
  epoch  88/100  loss=1.2902  bal_acc=0.2847
  epoch  89/100  loss=1.2819  bal_acc=0.2639
  epoch  90/100  loss=1.2962  bal_acc=0.2587
  epoch  91/100  loss=1.2974  bal_acc=0.2535
  epoch  92/100  loss=1.2869  bal_acc=0.2656
  epoch  93/100  loss=1.2903  bal_acc=0.2656
  epoch  94/100  loss=1.3018  bal_acc=0.2795
  epoch  95/100  loss=1.2999  bal_acc=0.2917
  epoch  96/100  loss=1.2845  bal_acc=0.2674
  epoch  97/100  loss=1.2859  bal_acc=0.2691
  epoch  98/100  loss=1.2916  bal_acc=0.2917
  epoch  99/100  loss=1.2912  bal_acc=0.2691
  epoch 100/100  loss=1.2861  bal_acc=0.2899

============================================================
Post-Training Quantization (INT2)
============================================================
fp32        balanced accuracy : 0.2899
INT2       balanced accuracy : 0.2535
Accuracy drop               : +0.0365
Results saved to results/BNCI2014_001/results.json
Trial logged to results/BNCI2014_001/trials.csv
Device: cuda
[BNCI2014_001] loading from cache: /home/aleksander.berezowsk/.cache/spiking_eegnet/BNCI2014_001_af1ccf3e92f684d8a93c057082b654d7.npz
[BNCI2014_001] cache hit: (5184, 1, 22, 1001), classes=['feet', 'left_hand', 'right_hand', 'tongue'], subjects=9
Dataset meta: {'n_classes': 4, 'n_channels': 22, 'n_samples': 1001, 'class_names': ['feet', 'left_hand', 'right_hand', 'tongue'], 'subject_list': [1, 2, 3, 4, 5, 6, 7, 8, 9], 'n_subjects': 9, 'sfreq': 250.0}

Applying bandpass filter: 18.904998958683446–63.61483738773496 Hz

=== LOSO (hold out subject 0) ===
  Train: 4608 trials  |  Test: 576 trials
  Model params: 6,166
  epoch   1/100  loss=1.4068  bal_acc=0.2639
  epoch   2/100  loss=1.4008  bal_acc=0.2465
  epoch   3/100  loss=1.4047  bal_acc=0.2622
  epoch   4/100  loss=1.3978  bal_acc=0.2674
  epoch   5/100  loss=1.3911  bal_acc=0.2882
  epoch   6/100  loss=1.3913  bal_acc=0.2830
  epoch   7/100  loss=1.3902  bal_acc=0.2760
  epoch   8/100  loss=1.3862  bal_acc=0.2882
  epoch   9/100  loss=1.3811  bal_acc=0.2951
  epoch  10/100  loss=1.3804  bal_acc=0.2535
  epoch  11/100  loss=1.3806  bal_acc=0.2587
  epoch  12/100  loss=1.3715  bal_acc=0.2743
  epoch  13/100  loss=1.3743  bal_acc=0.2969
  epoch  14/100  loss=1.3705  bal_acc=0.3142
  epoch  15/100  loss=1.3600  bal_acc=0.2622
  epoch  16/100  loss=1.3580  bal_acc=0.2726
  epoch  17/100  loss=1.3580  bal_acc=0.2847
  epoch  18/100  loss=1.3521  bal_acc=0.2951
  epoch  19/100  loss=1.3572  bal_acc=0.2778
  epoch  20/100  loss=1.3461  bal_acc=0.2969
  epoch  21/100  loss=1.3518  bal_acc=0.2760
  epoch  22/100  loss=1.3502  bal_acc=0.2847
  epoch  23/100  loss=1.3403  bal_acc=0.2882
  epoch  24/100  loss=1.3430  bal_acc=0.2743
  epoch  25/100  loss=1.3484  bal_acc=0.2795
  epoch  26/100  loss=1.3408  bal_acc=0.2743
  epoch  27/100  loss=1.3352  bal_acc=0.3073
  epoch  28/100  loss=1.3311  bal_acc=0.2847
  epoch  29/100  loss=1.3355  bal_acc=0.2760
  epoch  30/100  loss=1.3305  bal_acc=0.2691
  epoch  31/100  loss=1.3399  bal_acc=0.2778
  epoch  32/100  loss=1.3339  bal_acc=0.2587
  epoch  33/100  loss=1.3295  bal_acc=0.3021
  epoch  34/100  loss=1.3240  bal_acc=0.2899
  epoch  35/100  loss=1.3232  bal_acc=0.2830
  epoch  36/100  loss=1.3258  bal_acc=0.2812
  epoch  37/100  loss=1.3207  bal_acc=0.2899
  epoch  38/100  loss=1.3173  bal_acc=0.3038
  epoch  39/100  loss=1.3190  bal_acc=0.2882
  epoch  40/100  loss=1.3158  bal_acc=0.2951
  epoch  41/100  loss=1.3146  bal_acc=0.2604
  epoch  42/100  loss=1.3107  bal_acc=0.2743
  epoch  43/100  loss=1.3192  bal_acc=0.2865
  epoch  44/100  loss=1.3115  bal_acc=0.2778
  epoch  45/100  loss=1.3108  bal_acc=0.2986
  epoch  46/100  loss=1.3175  bal_acc=0.3142
  epoch  47/100  loss=1.3142  bal_acc=0.3003
  epoch  48/100  loss=1.3087  bal_acc=0.3299
  epoch  49/100  loss=1.3116  bal_acc=0.2812
  epoch  50/100  loss=1.3055  bal_acc=0.3247
  epoch  51/100  loss=1.3012  bal_acc=0.3003
  epoch  52/100  loss=1.3048  bal_acc=0.3194
  epoch  53/100  loss=1.3025  bal_acc=0.2865
  epoch  54/100  loss=1.3032  bal_acc=0.2708
  epoch  55/100  loss=1.2979  bal_acc=0.3299
  epoch  56/100  loss=1.3026  bal_acc=0.2951
  epoch  57/100  loss=1.3008  bal_acc=0.2969
  epoch  58/100  loss=1.3044  bal_acc=0.3073
  epoch  59/100  loss=1.3019  bal_acc=0.2778
  epoch  60/100  loss=1.3067  bal_acc=0.2812
  epoch  61/100  loss=1.3015  bal_acc=0.2639
  epoch  62/100  loss=1.3031  bal_acc=0.2899
  epoch  63/100  loss=1.2984  bal_acc=0.2969
  epoch  64/100  loss=1.3014  bal_acc=0.3038
  epoch  65/100  loss=1.2989  bal_acc=0.2778
  epoch  66/100  loss=1.2955  bal_acc=0.2986
  epoch  67/100  loss=1.2992  bal_acc=0.3160
  epoch  68/100  loss=1.2998  bal_acc=0.3056
  epoch  69/100  loss=1.2876  bal_acc=0.3455
  epoch  70/100  loss=1.2958  bal_acc=0.3281
  epoch  71/100  loss=1.2912  bal_acc=0.3281
  epoch  72/100  loss=1.2909  bal_acc=0.3403
  epoch  73/100  loss=1.2807  bal_acc=0.3351
  epoch  74/100  loss=1.2750  bal_acc=0.3281
  epoch  75/100  loss=1.2796  bal_acc=0.3490
  epoch  76/100  loss=1.2849  bal_acc=0.3247
  epoch  77/100  loss=1.2841  bal_acc=0.3524
  epoch  78/100  loss=1.2822  bal_acc=0.3368
  epoch  79/100  loss=1.2836  bal_acc=0.3073
  epoch  80/100  loss=1.2788  bal_acc=0.3177
  epoch  81/100  loss=1.2816  bal_acc=0.3247
  epoch  82/100  loss=1.2764  bal_acc=0.3351
  epoch  83/100  loss=1.2753  bal_acc=0.3368
  epoch  84/100  loss=1.2747  bal_acc=0.3438
  epoch  85/100  loss=1.2818  bal_acc=0.3455
  epoch  86/100  loss=1.2831  bal_acc=0.3403
  epoch  87/100  loss=1.2842  bal_acc=0.3698
  epoch  88/100  loss=1.2722  bal_acc=0.3698
  epoch  89/100  loss=1.2815  bal_acc=0.3628
  epoch  90/100  loss=1.2775  bal_acc=0.3628
  epoch  91/100  loss=1.2818  bal_acc=0.3594
  epoch  92/100  loss=1.2764  bal_acc=0.3628
  epoch  93/100  loss=1.2681  bal_acc=0.3490
  epoch  94/100  loss=1.2674  bal_acc=0.3906
  epoch  95/100  loss=1.2762  bal_acc=0.3594
  epoch  96/100  loss=1.2651  bal_acc=0.3472
  epoch  97/100  loss=1.2740  bal_acc=0.3802
  epoch  98/100  loss=1.2626  bal_acc=0.3628
  epoch  99/100  loss=1.2749  bal_acc=0.3524
  epoch 100/100  loss=1.2593  bal_acc=0.3455
Results saved to results/BNCI2014_001/results.json
Trial logged to results/BNCI2014_001/trials.csv
Device: cuda
[BNCI2014_001] loading from cache: /home/aleksander.berezowsk/.cache/spiking_eegnet/BNCI2014_001_af1ccf3e92f684d8a93c057082b654d7.npz
[BNCI2014_001] cache hit: (5184, 1, 22, 1001), classes=['feet', 'left_hand', 'right_hand', 'tongue'], subjects=9
Dataset meta: {'n_classes': 4, 'n_channels': 22, 'n_samples': 1001, 'class_names': ['feet', 'left_hand', 'right_hand', 'tongue'], 'subject_list': [1, 2, 3, 4, 5, 6, 7, 8, 9], 'n_subjects': 9, 'sfreq': 250.0}

Applying bandpass filter: 25.843856323840264–68.68843952909043 Hz

=== LOSO (hold out subject 0) ===
  Train: 4608 trials  |  Test: 576 trials
  Model params: 11,452
  epoch   1/100  loss=1.4682  bal_acc=0.2569
  epoch   2/100  loss=1.3952  bal_acc=0.2639
  epoch   3/100  loss=1.3859  bal_acc=0.2639
  epoch   4/100  loss=1.3810  bal_acc=0.2483
  epoch   5/100  loss=1.3666  bal_acc=0.2517
  epoch   6/100  loss=1.3561  bal_acc=0.2500
  epoch   7/100  loss=1.3458  bal_acc=0.2431
  epoch   8/100  loss=1.3484  bal_acc=0.2639
  epoch   9/100  loss=1.3438  bal_acc=0.2691
  epoch  10/100  loss=1.3452  bal_acc=0.2622
  epoch  11/100  loss=1.3446  bal_acc=0.2431
  epoch  12/100  loss=1.3452  bal_acc=0.2639
  epoch  13/100  loss=1.3400  bal_acc=0.2569
  epoch  14/100  loss=1.3419  bal_acc=0.2604
  epoch  15/100  loss=1.3365  bal_acc=0.2622
  epoch  16/100  loss=1.3323  bal_acc=0.2552
  epoch  17/100  loss=1.3297  bal_acc=0.2778
  epoch  18/100  loss=1.3340  bal_acc=0.2674
  epoch  19/100  loss=1.3223  bal_acc=0.2899
  epoch  20/100  loss=1.3287  bal_acc=0.2517
  epoch  21/100  loss=1.3177  bal_acc=0.2708
  epoch  22/100  loss=1.3200  bal_acc=0.2413
  epoch  23/100  loss=1.3234  bal_acc=0.2587
  epoch  24/100  loss=1.3111  bal_acc=0.2361
  epoch  25/100  loss=1.3128  bal_acc=0.2465
  epoch  26/100  loss=1.3113  bal_acc=0.2639
  epoch  27/100  loss=1.3141  bal_acc=0.2448
  epoch  28/100  loss=1.3086  bal_acc=0.2708
  epoch  29/100  loss=1.3146  bal_acc=0.2656
  epoch  30/100  loss=1.3101  bal_acc=0.2361
  epoch  31/100  loss=1.3088  bal_acc=0.2448
  epoch  32/100  loss=1.3029  bal_acc=0.2326
  epoch  33/100  loss=1.3083  bal_acc=0.2517
  epoch  34/100  loss=1.3037  bal_acc=0.2743
  epoch  35/100  loss=1.2988  bal_acc=0.2257
  epoch  36/100  loss=1.2935  bal_acc=0.2309
  epoch  37/100  loss=1.2972  bal_acc=0.2222
  epoch  38/100  loss=1.3008  bal_acc=0.2396
  epoch  39/100  loss=1.3041  bal_acc=0.2344
  epoch  40/100  loss=1.2947  bal_acc=0.2101
  epoch  41/100  loss=1.2909  bal_acc=0.2240
  epoch  42/100  loss=1.2848  bal_acc=0.2135
  epoch  43/100  loss=1.3006  bal_acc=0.2465
  epoch  44/100  loss=1.2925  bal_acc=0.2378
  epoch  45/100  loss=1.3002  bal_acc=0.2431
  epoch  46/100  loss=1.2906  bal_acc=0.2153
  epoch  47/100  loss=1.2920  bal_acc=0.2587
  epoch  48/100  loss=1.3037  bal_acc=0.2413
  epoch  49/100  loss=1.2917  bal_acc=0.2361
  epoch  50/100  loss=1.2875  bal_acc=0.2292
  epoch  51/100  loss=1.2952  bal_acc=0.2326
  epoch  52/100  loss=1.2816  bal_acc=0.2257
  epoch  53/100  loss=1.2903  bal_acc=0.2361
  epoch  54/100  loss=1.2960  bal_acc=0.2743
  epoch  55/100  loss=1.2998  bal_acc=0.2483
  epoch  56/100  loss=1.2873  bal_acc=0.2483
  epoch  57/100  loss=1.2861  bal_acc=0.2292
  epoch  58/100  loss=1.2814  bal_acc=0.2587
  epoch  59/100  loss=1.2865  bal_acc=0.2448
  epoch  60/100  loss=1.2866  bal_acc=0.2569
  epoch  61/100  loss=1.2849  bal_acc=0.2378
  epoch  62/100  loss=1.2886  bal_acc=0.2569
  epoch  63/100  loss=1.2803  bal_acc=0.2552
  epoch  64/100  loss=1.2807  bal_acc=0.2292
  epoch  65/100  loss=1.2790  bal_acc=0.2396
  epoch  66/100  loss=1.2826  bal_acc=0.2448
  epoch  67/100  loss=1.2904  bal_acc=0.2587
  epoch  68/100  loss=1.2947  bal_acc=0.2656
  epoch  69/100  loss=1.2863  bal_acc=0.2726
  epoch  70/100  loss=1.2907  bal_acc=0.2604
  epoch  71/100  loss=1.2820  bal_acc=0.2604
  epoch  72/100  loss=1.2662  bal_acc=0.2396
  epoch  73/100  loss=1.2729  bal_acc=0.2691
  epoch  74/100  loss=1.2618  bal_acc=0.2465
  epoch  75/100  loss=1.2698  bal_acc=0.2639
  epoch  76/100  loss=1.2673  bal_acc=0.2344
  epoch  77/100  loss=1.2586  bal_acc=0.2378
  epoch  78/100  loss=1.2671  bal_acc=0.2552
  epoch  79/100  loss=1.2707  bal_acc=0.2587
  epoch  80/100  loss=1.2743  bal_acc=0.2309
  epoch  81/100  loss=1.2811  bal_acc=0.2552
  epoch  82/100  loss=1.2720  bal_acc=0.2431
  epoch  83/100  loss=1.2807  bal_acc=0.2587
  epoch  84/100  loss=1.2667  bal_acc=0.2812
  epoch  85/100  loss=1.2625  bal_acc=0.2413
  epoch  86/100  loss=1.2678  bal_acc=0.2917
  epoch  87/100  loss=1.2625  bal_acc=0.2743
  epoch  88/100  loss=1.2631  bal_acc=0.2899
  epoch  89/100  loss=1.2727  bal_acc=0.2847
  epoch  90/100  loss=1.2740  bal_acc=0.2378
  epoch  91/100  loss=1.2630  bal_acc=0.2587
  epoch  92/100  loss=1.2525  bal_acc=0.2708
  epoch  93/100  loss=1.2662  bal_acc=0.2708
  epoch  94/100  loss=1.2572  bal_acc=0.2778
  epoch  95/100  loss=1.2690  bal_acc=0.2674
  epoch  96/100  loss=1.2631  bal_acc=0.2812
  epoch  97/100  loss=1.2639  bal_acc=0.2917
  epoch  98/100  loss=1.2703  bal_acc=0.2656
  epoch  99/100  loss=1.2747  bal_acc=0.2760
  epoch 100/100  loss=1.2732  bal_acc=0.2465

============================================================
Post-Training Quantization (INT4)
============================================================
fp32        balanced accuracy : 0.2465
INT4       balanced accuracy : 0.2569
Accuracy drop               : -0.0104
Results saved to results/BNCI2014_001/results.json
Trial logged to results/BNCI2014_001/trials.csv
Device: cuda
[BNCI2014_001] loading from cache: /home/aleksander.berezowsk/.cache/spiking_eegnet/BNCI2014_001_af1ccf3e92f684d8a93c057082b654d7.npz
[BNCI2014_001] cache hit: (5184, 1, 22, 1001), classes=['feet', 'left_hand', 'right_hand', 'tongue'], subjects=9
Dataset meta: {'n_classes': 4, 'n_channels': 22, 'n_samples': 1001, 'class_names': ['feet', 'left_hand', 'right_hand', 'tongue'], 'subject_list': [1, 2, 3, 4, 5, 6, 7, 8, 9], 'n_subjects': 9, 'sfreq': 250.0}

=== LOSO (hold out subject 0) ===
  Train: 4608 trials  |  Test: 576 trials
  Model params: 23,120
  epoch   1/100  loss=1.3593  bal_acc=0.3385
  epoch   2/100  loss=1.2359  bal_acc=0.3906
  epoch   3/100  loss=1.1609  bal_acc=0.3663
  epoch   4/100  loss=1.1256  bal_acc=0.3715
  epoch   5/100  loss=1.0924  bal_acc=0.3594
  epoch   6/100  loss=1.0483  bal_acc=0.3698
  epoch   7/100  loss=1.0242  bal_acc=0.4149
  epoch   8/100  loss=0.9857  bal_acc=0.4167
  epoch   9/100  loss=0.9674  bal_acc=0.4184
  epoch  10/100  loss=0.9629  bal_acc=0.4010
  epoch  11/100  loss=0.9486  bal_acc=0.3924
  epoch  12/100  loss=0.9231  bal_acc=0.4045
  epoch  13/100  loss=0.9095  bal_acc=0.4080
  epoch  14/100  loss=0.8864  bal_acc=0.4045
  epoch  15/100  loss=0.8680  bal_acc=0.4201
  epoch  16/100  loss=0.8938  bal_acc=0.3976
  epoch  17/100  loss=0.8785  bal_acc=0.4392
  epoch  18/100  loss=0.8731  bal_acc=0.4583
  epoch  19/100  loss=0.8305  bal_acc=0.3715
  epoch  20/100  loss=0.8119  bal_acc=0.3854
  epoch  21/100  loss=0.8012  bal_acc=0.4167
  epoch  22/100  loss=0.7970  bal_acc=0.3993
  epoch  23/100  loss=0.7979  bal_acc=0.3958
  epoch  24/100  loss=0.7667  bal_acc=0.4132
  epoch  25/100  loss=0.7540  bal_acc=0.4010
  epoch  26/100  loss=0.7744  bal_acc=0.3976
  epoch  27/100  loss=0.7621  bal_acc=0.4201
  epoch  28/100  loss=0.7600  bal_acc=0.4132
  epoch  29/100  loss=0.7791  bal_acc=0.4167
  epoch  30/100  loss=0.7587  bal_acc=0.4184
  epoch  31/100  loss=0.7152  bal_acc=0.4149
  epoch  32/100  loss=0.7165  bal_acc=0.4201
  epoch  33/100  loss=0.7072  bal_acc=0.4184
  epoch  34/100  loss=0.7178  bal_acc=0.4288
  epoch  35/100  loss=0.6957  bal_acc=0.4323
  epoch  36/100  loss=0.7364  bal_acc=0.3941
  epoch  37/100  loss=0.7018  bal_acc=0.3976
  epoch  38/100  loss=0.6649  bal_acc=0.4253
  epoch  39/100  loss=0.7071  bal_acc=0.4132
  epoch  40/100  loss=0.6652  bal_acc=0.4375
  epoch  41/100  loss=0.7192  bal_acc=0.4167
  epoch  42/100  loss=0.6654  bal_acc=0.4323
  epoch  43/100  loss=0.6783  bal_acc=0.4080
  epoch  44/100  loss=0.6438  bal_acc=0.4184
  epoch  45/100  loss=0.6369  bal_acc=0.4253
  epoch  46/100  loss=0.6288  bal_acc=0.4028
  epoch  47/100  loss=0.6398  bal_acc=0.4149
  epoch  48/100  loss=0.6393  bal_acc=0.4618
  epoch  49/100  loss=0.6450  bal_acc=0.4219
  epoch  50/100  loss=0.6191  bal_acc=0.4271
  epoch  51/100  loss=0.6139  bal_acc=0.4219
  epoch  52/100  loss=0.6396  bal_acc=0.4288
  epoch  53/100  loss=0.6408  bal_acc=0.4306
  epoch  54/100  loss=0.6295  bal_acc=0.3941
  epoch  55/100  loss=0.6030  bal_acc=0.4653
  epoch  56/100  loss=0.6579  bal_acc=0.4306
  epoch  57/100  loss=0.6201  bal_acc=0.4271
  epoch  58/100  loss=0.6027  bal_acc=0.4201
  epoch  59/100  loss=0.6172  bal_acc=0.4288
  epoch  60/100  loss=0.5890  bal_acc=0.4375
  epoch  61/100  loss=0.5793  bal_acc=0.4358
  epoch  62/100  loss=0.6160  bal_acc=0.4705
  epoch  63/100  loss=0.5737  bal_acc=0.4462
  epoch  64/100  loss=0.5549  bal_acc=0.4549
  epoch  65/100  loss=0.5514  bal_acc=0.4497
  epoch  66/100  loss=0.5397  bal_acc=0.4566
  epoch  67/100  loss=0.5515  bal_acc=0.4497
  epoch  68/100  loss=0.5468  bal_acc=0.4670
  epoch  69/100  loss=0.5676  bal_acc=0.4549
  epoch  70/100  loss=0.5675  bal_acc=0.4410
  epoch  71/100  loss=0.5559  bal_acc=0.4340
  epoch  72/100  loss=0.5505  bal_acc=0.4583
  epoch  73/100  loss=0.5142  bal_acc=0.4271
  epoch  74/100  loss=0.5367  bal_acc=0.4549
  epoch  75/100  loss=0.5823  bal_acc=0.4462
  epoch  76/100  loss=0.5488  bal_acc=0.4427
  epoch  77/100  loss=0.5341  bal_acc=0.4427
  epoch  78/100  loss=0.5466  bal_acc=0.4497
  epoch  79/100  loss=0.5314  bal_acc=0.4566
  epoch  80/100  loss=0.5443  bal_acc=0.4792
  epoch  81/100  loss=0.5129  bal_acc=0.4740
  epoch  82/100  loss=0.5116  bal_acc=0.4757
  epoch  83/100  loss=0.4765  bal_acc=0.4705
  epoch  84/100  loss=0.4914  bal_acc=0.4896
  epoch  85/100  loss=0.5082  bal_acc=0.4635
  epoch  86/100  loss=0.5192  bal_acc=0.4705
  epoch  87/100  loss=0.5198  bal_acc=0.4688
  epoch  88/100  loss=0.5673  bal_acc=0.4653
  epoch  89/100  loss=0.4909  bal_acc=0.4896
  epoch  90/100  loss=0.4842  bal_acc=0.4653
  epoch  91/100  loss=0.5270  bal_acc=0.4792
  epoch  92/100  loss=0.4694  bal_acc=0.4688
  epoch  93/100  loss=0.4609  bal_acc=0.4844
  epoch  94/100  loss=0.4735  bal_acc=0.4844
  epoch  95/100  loss=0.4596  bal_acc=0.4983
  epoch  96/100  loss=0.4526  bal_acc=0.4549
  epoch  97/100  loss=0.4660  bal_acc=0.4635
  epoch  98/100  loss=0.4695  bal_acc=0.4583
  epoch  99/100  loss=0.4307  bal_acc=0.4288
  epoch 100/100  loss=0.4532  bal_acc=0.4514
Results saved to results/BNCI2014_001/results.json
Trial logged to results/BNCI2014_001/trials.csv
Device: cuda
[BNCI2014_001] loading from cache: /home/aleksander.berezowsk/.cache/spiking_eegnet/BNCI2014_001_af1ccf3e92f684d8a93c057082b654d7.npz
[BNCI2014_001] cache hit: (5184, 1, 22, 1001), classes=['feet', 'left_hand', 'right_hand', 'tongue'], subjects=9
Dataset meta: {'n_classes': 4, 'n_channels': 22, 'n_samples': 1001, 'class_names': ['feet', 'left_hand', 'right_hand', 'tongue'], 'subject_list': [1, 2, 3, 4, 5, 6, 7, 8, 9], 'n_subjects': 9, 'sfreq': 250.0}

=== LOSO (hold out subject 0) ===
  Train: 4608 trials  |  Test: 576 trials
  Model params: 14,592
  epoch   1/100  loss=1.3358  bal_acc=0.4444
  epoch   2/100  loss=1.1835  bal_acc=0.4705
  epoch   3/100  loss=1.0872  bal_acc=0.5278
  epoch   4/100  loss=1.0223  bal_acc=0.5590
  epoch   5/100  loss=0.9712  bal_acc=0.5573
  epoch   6/100  loss=0.9251  bal_acc=0.5903
  epoch   7/100  loss=0.8986  bal_acc=0.5451
  epoch   8/100  loss=0.8836  bal_acc=0.5747
  epoch   9/100  loss=0.8377  bal_acc=0.5851
  epoch  10/100  loss=0.8074  bal_acc=0.6128
  epoch  11/100  loss=0.7880  bal_acc=0.5538
  epoch  12/100  loss=0.7913  bal_acc=0.5556
  epoch  13/100  loss=0.7634  bal_acc=0.5573
  epoch  14/100  loss=0.7627  bal_acc=0.5573
  epoch  15/100  loss=0.7339  bal_acc=0.6024
  epoch  16/100  loss=0.7233  bal_acc=0.5920
  epoch  17/100  loss=0.7225  bal_acc=0.5573
  epoch  18/100  loss=0.7068  bal_acc=0.5521
  epoch  19/100  loss=0.7027  bal_acc=0.5694
  epoch  20/100  loss=0.6945  bal_acc=0.5174
  epoch  21/100  loss=0.6677  bal_acc=0.5677
  epoch  22/100  loss=0.6725  bal_acc=0.5677
  epoch  23/100  loss=0.6747  bal_acc=0.5382
  epoch  24/100  loss=0.6579  bal_acc=0.5729
  epoch  25/100  loss=0.6337  bal_acc=0.6198
  epoch  26/100  loss=0.6323  bal_acc=0.5278
  epoch  27/100  loss=0.6100  bal_acc=0.6007
  epoch  28/100  loss=0.6183  bal_acc=0.5816
  epoch  29/100  loss=0.6082  bal_acc=0.5972
  epoch  30/100  loss=0.6129  bal_acc=0.5503
  epoch  31/100  loss=0.6011  bal_acc=0.5382
  epoch  32/100  loss=0.5917  bal_acc=0.5521
  epoch  33/100  loss=0.5718  bal_acc=0.5764
  epoch  34/100  loss=0.5780  bal_acc=0.5469
  epoch  35/100  loss=0.5616  bal_acc=0.5747
  epoch  36/100  loss=0.5664  bal_acc=0.5469
  epoch  37/100  loss=0.5817  bal_acc=0.5816
  epoch  38/100  loss=0.5771  bal_acc=0.5816
  epoch  39/100  loss=0.5720  bal_acc=0.6042
  epoch  40/100  loss=0.5795  bal_acc=0.5486
  epoch  41/100  loss=0.5635  bal_acc=0.5851
  epoch  42/100  loss=0.5679  bal_acc=0.5278
  epoch  43/100  loss=0.5580  bal_acc=0.5851
  epoch  44/100  loss=0.5413  bal_acc=0.5851
  epoch  45/100  loss=0.5479  bal_acc=0.5833
  epoch  46/100  loss=0.5316  bal_acc=0.5608
  epoch  47/100  loss=0.5488  bal_acc=0.5747
  epoch  48/100  loss=0.5114  bal_acc=0.5694
  epoch  49/100  loss=0.5420  bal_acc=0.5885
  epoch  50/100  loss=0.5088  bal_acc=0.6076
  epoch  51/100  loss=0.5235  bal_acc=0.5694
  epoch  52/100  loss=0.5329  bal_acc=0.5677
  epoch  53/100  loss=0.5195  bal_acc=0.5851
  epoch  54/100  loss=0.5088  bal_acc=0.6024
  epoch  55/100  loss=0.5119  bal_acc=0.5764
  epoch  56/100  loss=0.5085  bal_acc=0.5868
  epoch  57/100  loss=0.5072  bal_acc=0.5955
  epoch  58/100  loss=0.5158  bal_acc=0.5938
  epoch  59/100  loss=0.5115  bal_acc=0.5417
  epoch  60/100  loss=0.5265  bal_acc=0.5677
  epoch  61/100  loss=0.5135  bal_acc=0.5747
  epoch  62/100  loss=0.5015  bal_acc=0.5642
  epoch  63/100  loss=0.4971  bal_acc=0.6128
  epoch  64/100  loss=0.4798  bal_acc=0.5833
  epoch  65/100  loss=0.4980  bal_acc=0.5938
  epoch  66/100  loss=0.4869  bal_acc=0.6042
  epoch  67/100  loss=0.4786  bal_acc=0.5990
  epoch  68/100  loss=0.4745  bal_acc=0.5764
  epoch  69/100  loss=0.4705  bal_acc=0.5781
  epoch  70/100  loss=0.4660  bal_acc=0.5538
  epoch  71/100  loss=0.4687  bal_acc=0.5677
  epoch  72/100  loss=0.4898  bal_acc=0.5903
  epoch  73/100  loss=0.4735  bal_acc=0.5608
  epoch  74/100  loss=0.4637  bal_acc=0.5972
  epoch  75/100  loss=0.4783  bal_acc=0.5972
  epoch  76/100  loss=0.4720  bal_acc=0.6076
  epoch  77/100  loss=0.4821  bal_acc=0.6094
  epoch  78/100  loss=0.4494  bal_acc=0.6163
  epoch  79/100  loss=0.4688  bal_acc=0.6163
  epoch  80/100  loss=0.4574  bal_acc=0.5642
  epoch  81/100  loss=0.4429  bal_acc=0.6094
  epoch  82/100  loss=0.4652  bal_acc=0.6094
  epoch  83/100  loss=0.4494  bal_acc=0.5747
  epoch  84/100  loss=0.4266  bal_acc=0.5694
  epoch  85/100  loss=0.4272  bal_acc=0.6059
  epoch  86/100  loss=0.4355  bal_acc=0.5747
  epoch  87/100  loss=0.4236  bal_acc=0.5781
  epoch  88/100  loss=0.4303  bal_acc=0.6233
  epoch  89/100  loss=0.4433  bal_acc=0.5781
  epoch  90/100  loss=0.4465  bal_acc=0.5781
  epoch  91/100  loss=0.4268  bal_acc=0.6111
  epoch  92/100  loss=0.4433  bal_acc=0.5990
  epoch  93/100  loss=0.4174  bal_acc=0.5712
  epoch  94/100  loss=0.4271  bal_acc=0.5955
  epoch  95/100  loss=0.4387  bal_acc=0.5833
  epoch  96/100  loss=0.4239  bal_acc=0.5538
  epoch  97/100  loss=0.4230  bal_acc=0.5556
  epoch  98/100  loss=0.4286  bal_acc=0.5590
  epoch  99/100  loss=0.4414  bal_acc=0.5729
  epoch 100/100  loss=0.4181  bal_acc=0.5747
Results saved to results/BNCI2014_001/results.json
Trial logged to results/BNCI2014_001/trials.csv
Device: cuda
[BNCI2014_001] loading from cache: /home/aleksander.berezowsk/.cache/spiking_eegnet/BNCI2014_001_af1ccf3e92f684d8a93c057082b654d7.npz
[BNCI2014_001] cache hit: (5184, 1, 22, 1001), classes=['feet', 'left_hand', 'right_hand', 'tongue'], subjects=9
Dataset meta: {'n_classes': 4, 'n_channels': 22, 'n_samples': 1001, 'class_names': ['feet', 'left_hand', 'right_hand', 'tongue'], 'subject_list': [1, 2, 3, 4, 5, 6, 7, 8, 9], 'n_subjects': 9, 'sfreq': 250.0}

=== LOSO (hold out subject 0) ===
  Train: 4608 trials  |  Test: 576 trials
  Model params: 18,005
  epoch   1/100  loss=1.3895  bal_acc=0.3385
  epoch   2/100  loss=1.2637  bal_acc=0.3924
  epoch   3/100  loss=1.1736  bal_acc=0.4219
  epoch   4/100  loss=1.1129  bal_acc=0.4392
  epoch   5/100  loss=1.0782  bal_acc=0.4358
  epoch   6/100  loss=1.0637  bal_acc=0.3663
  epoch   7/100  loss=1.0345  bal_acc=0.4080
  epoch   8/100  loss=0.9878  bal_acc=0.4705
  epoch   9/100  loss=0.9608  bal_acc=0.4184
  epoch  10/100  loss=0.9396  bal_acc=0.4132
  epoch  11/100  loss=0.9099  bal_acc=0.4688
  epoch  12/100  loss=0.8737  bal_acc=0.3924
  epoch  13/100  loss=0.8830  bal_acc=0.4653
  epoch  14/100  loss=0.8534  bal_acc=0.3958
  epoch  15/100  loss=0.8104  bal_acc=0.5156
  epoch  16/100  loss=0.8254  bal_acc=0.4566
  epoch  17/100  loss=0.8096  bal_acc=0.4201
  epoch  18/100  loss=0.8023  bal_acc=0.3993
  epoch  19/100  loss=0.7897  bal_acc=0.4913
  epoch  20/100  loss=0.7516  bal_acc=0.4601
  epoch  21/100  loss=0.7438  bal_acc=0.4896
  epoch  22/100  loss=0.7354  bal_acc=0.4497
  epoch  23/100  loss=0.7205  bal_acc=0.4705
  epoch  24/100  loss=0.7109  bal_acc=0.4861
  epoch  25/100  loss=0.7122  bal_acc=0.5191
  epoch  26/100  loss=0.7258  bal_acc=0.4479
  epoch  27/100  loss=0.7049  bal_acc=0.5035
  epoch  28/100  loss=0.6633  bal_acc=0.4948
  epoch  29/100  loss=0.6701  bal_acc=0.5069
  epoch  30/100  loss=0.6620  bal_acc=0.4583
  epoch  31/100  loss=0.6676  bal_acc=0.4479
  epoch  32/100  loss=0.6806  bal_acc=0.5069
  epoch  33/100  loss=0.6461  bal_acc=0.4531
  epoch  34/100  loss=0.6588  bal_acc=0.4983
  epoch  35/100  loss=0.6523  bal_acc=0.5278
  epoch  36/100  loss=0.6375  bal_acc=0.5017
  epoch  37/100  loss=0.6378  bal_acc=0.4931
  epoch  38/100  loss=0.6210  bal_acc=0.5069
  epoch  39/100  loss=0.6162  bal_acc=0.5052
  epoch  40/100  loss=0.6405  bal_acc=0.5851
  epoch  41/100  loss=0.6022  bal_acc=0.4878
  epoch  42/100  loss=0.6095  bal_acc=0.5556
  epoch  43/100  loss=0.6066  bal_acc=0.5382
  epoch  44/100  loss=0.5994  bal_acc=0.5434
  epoch  45/100  loss=0.6050  bal_acc=0.5156
  epoch  46/100  loss=0.6028  bal_acc=0.5035
  epoch  47/100  loss=0.6167  bal_acc=0.5503
  epoch  48/100  loss=0.6068  bal_acc=0.5260
  epoch  49/100  loss=0.6057  bal_acc=0.4792
  epoch  50/100  loss=0.5837  bal_acc=0.5069
  epoch  51/100  loss=0.5670  bal_acc=0.5087
  epoch  52/100  loss=0.5699  bal_acc=0.5260
  epoch  53/100  loss=0.5701  bal_acc=0.4913
  epoch  54/100  loss=0.5767  bal_acc=0.5278
  epoch  55/100  loss=0.5714  bal_acc=0.5451
  epoch  56/100  loss=0.5732  bal_acc=0.5260
  epoch  57/100  loss=0.5444  bal_acc=0.5000
  epoch  58/100  loss=0.5353  bal_acc=0.5174
  epoch  59/100  loss=0.5460  bal_acc=0.4792
  epoch  60/100  loss=0.5607  bal_acc=0.4948
  epoch  61/100  loss=0.5730  bal_acc=0.5243
  epoch  62/100  loss=0.5452  bal_acc=0.5417
  epoch  63/100  loss=0.5589  bal_acc=0.5226
  epoch  64/100  loss=0.5461  bal_acc=0.5226
  epoch  65/100  loss=0.5458  bal_acc=0.4965
  epoch  66/100  loss=0.5501  bal_acc=0.5052
  epoch  67/100  loss=0.5480  bal_acc=0.5069
  epoch  68/100  loss=0.5358  bal_acc=0.5174
  epoch  69/100  loss=0.5278  bal_acc=0.5312
  epoch  70/100  loss=0.5392  bal_acc=0.4878
  epoch  71/100  loss=0.5263  bal_acc=0.5747
  epoch  72/100  loss=0.5073  bal_acc=0.5208
  epoch  73/100  loss=0.5158  bal_acc=0.5208
  epoch  74/100  loss=0.5256  bal_acc=0.5417
  epoch  75/100  loss=0.5482  bal_acc=0.4931
  epoch  76/100  loss=0.5550  bal_acc=0.4792
  epoch  77/100  loss=0.5168  bal_acc=0.4444
  epoch  78/100  loss=0.5287  bal_acc=0.5347
  epoch  79/100  loss=0.5206  bal_acc=0.4948
  epoch  80/100  loss=0.5296  bal_acc=0.5139
  epoch  81/100  loss=0.5067  bal_acc=0.4948
  epoch  82/100  loss=0.5189  bal_acc=0.5104
  epoch  83/100  loss=0.5109  bal_acc=0.5243
  epoch  84/100  loss=0.5222  bal_acc=0.4913
  epoch  85/100  loss=0.5143  bal_acc=0.5226
  epoch  86/100  loss=0.5288  bal_acc=0.5087
  epoch  87/100  loss=0.4934  bal_acc=0.5069
  epoch  88/100  loss=0.5091  bal_acc=0.5104
  epoch  89/100  loss=0.5232  bal_acc=0.5312
  epoch  90/100  loss=0.5088  bal_acc=0.5035
  epoch  91/100  loss=0.4820  bal_acc=0.5104
  epoch  92/100  loss=0.5166  bal_acc=0.5000
  epoch  93/100  loss=0.4979  bal_acc=0.5174
  epoch  94/100  loss=0.4977  bal_acc=0.5451
  epoch  95/100  loss=0.4937  bal_acc=0.5156
  epoch  96/100  loss=0.4903  bal_acc=0.5191
  epoch  97/100  loss=0.5006  bal_acc=0.5295
  epoch  98/100  loss=0.4999  bal_acc=0.5399
  epoch  99/100  loss=0.5234  bal_acc=0.5243
  epoch 100/100  loss=0.4930  bal_acc=0.5000

============================================================
Post-Training Quantization (INT16)
============================================================
fp32        balanced accuracy : 0.5000
INT16      balanced accuracy : 0.5000
Accuracy drop               : +0.0000
Results saved to results/BNCI2014_001/results.json
Trial logged to results/BNCI2014_001/trials.csv
Device: cuda
[BNCI2014_001] loading from cache: /home/aleksander.berezowsk/.cache/spiking_eegnet/BNCI2014_001_af1ccf3e92f684d8a93c057082b654d7.npz
[BNCI2014_001] cache hit: (5184, 1, 22, 1001), classes=['feet', 'left_hand', 'right_hand', 'tongue'], subjects=9
Dataset meta: {'n_classes': 4, 'n_channels': 22, 'n_samples': 1001, 'class_names': ['feet', 'left_hand', 'right_hand', 'tongue'], 'subject_list': [1, 2, 3, 4, 5, 6, 7, 8, 9], 'n_subjects': 9, 'sfreq': 250.0}

Applying bandpass filter: 14.389900243290088–23.59962414187621 Hz

=== LOSO (hold out subject 0) ===
  Train: 4608 trials  |  Test: 576 trials
  Model params: 21,678
  epoch   1/100  loss=1.3926  bal_acc=0.2309
  epoch   2/100  loss=1.3879  bal_acc=0.2257
  epoch   3/100  loss=1.3851  bal_acc=0.2413
  epoch   4/100  loss=1.3789  bal_acc=0.2483
  epoch   5/100  loss=1.3779  bal_acc=0.2535
  epoch   6/100  loss=1.3697  bal_acc=0.2691
  epoch   7/100  loss=1.3645  bal_acc=0.2847
  epoch   8/100  loss=1.3584  bal_acc=0.3177
  epoch   9/100  loss=1.3525  bal_acc=0.2917
  epoch  10/100  loss=1.3461  bal_acc=0.3281
  epoch  11/100  loss=1.3420  bal_acc=0.3368
  epoch  12/100  loss=1.3317  bal_acc=0.3438
  epoch  13/100  loss=1.3281  bal_acc=0.3003
  epoch  14/100  loss=1.3203  bal_acc=0.3524
  epoch  15/100  loss=1.3137  bal_acc=0.3559
  epoch  16/100  loss=1.3096  bal_acc=0.3472
  epoch  17/100  loss=1.3033  bal_acc=0.3125
  epoch  18/100  loss=1.2947  bal_acc=0.3351
  epoch  19/100  loss=1.2897  bal_acc=0.3351
  epoch  20/100  loss=1.2834  bal_acc=0.3351
  epoch  21/100  loss=1.2798  bal_acc=0.3194
  epoch  22/100  loss=1.2652  bal_acc=0.3281
  epoch  23/100  loss=1.2634  bal_acc=0.3212
  epoch  24/100  loss=1.2577  bal_acc=0.3142
  epoch  25/100  loss=1.2501  bal_acc=0.3333
  epoch  26/100  loss=1.2454  bal_acc=0.3247
  epoch  27/100  loss=1.2472  bal_acc=0.3247
  epoch  28/100  loss=1.2421  bal_acc=0.3212
  epoch  29/100  loss=1.2348  bal_acc=0.3385
  epoch  30/100  loss=1.2225  bal_acc=0.3472
  epoch  31/100  loss=1.2183  bal_acc=0.3507
  epoch  32/100  loss=1.2105  bal_acc=0.3333
  epoch  33/100  loss=1.2093  bal_acc=0.3160
  epoch  34/100  loss=1.2088  bal_acc=0.3438
  epoch  35/100  loss=1.2016  bal_acc=0.3385
  epoch  36/100  loss=1.1981  bal_acc=0.3229
  epoch  37/100  loss=1.1924  bal_acc=0.3438
  epoch  38/100  loss=1.1914  bal_acc=0.3455
  epoch  39/100  loss=1.1855  bal_acc=0.3316
  epoch  40/100  loss=1.1770  bal_acc=0.3229
  epoch  41/100  loss=1.1739  bal_acc=0.3194
  epoch  42/100  loss=1.1674  bal_acc=0.3316
  epoch  43/100  loss=1.1617  bal_acc=0.3403
  epoch  44/100  loss=1.1547  bal_acc=0.3281
  epoch  45/100  loss=1.1639  bal_acc=0.3142
  epoch  46/100  loss=1.1571  bal_acc=0.3750
  epoch  47/100  loss=1.1522  bal_acc=0.3472
  epoch  48/100  loss=1.1464  bal_acc=0.3438
  epoch  49/100  loss=1.1410  bal_acc=0.3507
  epoch  50/100  loss=1.1394  bal_acc=0.3403
  epoch  51/100  loss=1.1375  bal_acc=0.3247
  epoch  52/100  loss=1.1309  bal_acc=0.3646
  epoch  53/100  loss=1.1327  bal_acc=0.3681
  epoch  54/100  loss=1.1295  bal_acc=0.3594
  epoch  55/100  loss=1.1263  bal_acc=0.3142
  epoch  56/100  loss=1.1158  bal_acc=0.3420
  epoch  57/100  loss=1.1155  bal_acc=0.3403
  epoch  58/100  loss=1.1104  bal_acc=0.3455
  epoch  59/100  loss=1.1006  bal_acc=0.3160
  epoch  60/100  loss=1.1027  bal_acc=0.3663
  epoch  61/100  loss=1.1011  bal_acc=0.3281
  epoch  62/100  loss=1.0950  bal_acc=0.3194
  epoch  63/100  loss=1.0899  bal_acc=0.3628
  epoch  64/100  loss=1.0941  bal_acc=0.3368
  epoch  65/100  loss=1.0896  bal_acc=0.3802
  epoch  66/100  loss=1.0879  bal_acc=0.3750
  epoch  67/100  loss=1.0821  bal_acc=0.3767
  epoch  68/100  loss=1.0778  bal_acc=0.3681
  epoch  69/100  loss=1.0713  bal_acc=0.3819
  epoch  70/100  loss=1.0755  bal_acc=0.3767
  epoch  71/100  loss=1.0699  bal_acc=0.3455
  epoch  72/100  loss=1.0656  bal_acc=0.3455
  epoch  73/100  loss=1.0672  bal_acc=0.3472
  epoch  74/100  loss=1.0651  bal_acc=0.3264
  epoch  75/100  loss=1.0544  bal_acc=0.3542
  epoch  76/100  loss=1.0630  bal_acc=0.3507
  epoch  77/100  loss=1.0596  bal_acc=0.3854
  epoch  78/100  loss=1.0531  bal_acc=0.3958
  epoch  79/100  loss=1.0440  bal_acc=0.3542
  epoch  80/100  loss=1.0528  bal_acc=0.3663
  epoch  81/100  loss=1.0508  bal_acc=0.3438
  epoch  82/100  loss=1.0426  bal_acc=0.3420
  epoch  83/100  loss=1.0419  bal_acc=0.3628
  epoch  84/100  loss=1.0282  bal_acc=0.3490
  epoch  85/100  loss=1.0441  bal_acc=0.3628
  epoch  86/100  loss=1.0337  bal_acc=0.3559
  epoch  87/100  loss=1.0294  bal_acc=0.3542
  epoch  88/100  loss=1.0302  bal_acc=0.3455
  epoch  89/100  loss=1.0253  bal_acc=0.3559
  epoch  90/100  loss=1.0281  bal_acc=0.3472
  epoch  91/100  loss=1.0210  bal_acc=0.3594
  epoch  92/100  loss=1.0095  bal_acc=0.3715
  epoch  93/100  loss=1.0182  bal_acc=0.3906
  epoch  94/100  loss=1.0138  bal_acc=0.3802
  epoch  95/100  loss=1.0066  bal_acc=0.3802
  epoch  96/100  loss=0.9971  bal_acc=0.3698
  epoch  97/100  loss=1.0122  bal_acc=0.3663
  epoch  98/100  loss=1.0049  bal_acc=0.3594
  epoch  99/100  loss=1.0128  bal_acc=0.3455
  epoch 100/100  loss=0.9979  bal_acc=0.3681

============================================================
Post-Training Quantization (INT16)
============================================================
fp32        balanced accuracy : 0.3681
INT16      balanced accuracy : 0.3681
Accuracy drop               : +0.0000
Results saved to results/BNCI2014_001/results.json
Trial logged to results/BNCI2014_001/trials.csv
Device: cuda
[BNCI2014_001] loading from cache: /home/aleksander.berezowsk/.cache/spiking_eegnet/BNCI2014_001_af1ccf3e92f684d8a93c057082b654d7.npz
[BNCI2014_001] cache hit: (5184, 1, 22, 1001), classes=['feet', 'left_hand', 'right_hand', 'tongue'], subjects=9
Dataset meta: {'n_classes': 4, 'n_channels': 22, 'n_samples': 1001, 'class_names': ['feet', 'left_hand', 'right_hand', 'tongue'], 'subject_list': [1, 2, 3, 4, 5, 6, 7, 8, 9], 'n_subjects': 9, 'sfreq': 250.0}

=== LOSO (hold out subject 0) ===
  Train: 4608 trials  |  Test: 576 trials
  Model params: 28,659
  epoch   1/100  loss=1.3459  bal_acc=0.3837
  epoch   2/100  loss=1.2342  bal_acc=0.3837
  epoch   3/100  loss=1.1357  bal_acc=0.4045
  epoch   4/100  loss=1.0596  bal_acc=0.4184
  epoch   5/100  loss=0.9927  bal_acc=0.4687
  epoch   6/100  loss=0.9294  bal_acc=0.4514
  epoch   7/100  loss=0.8840  bal_acc=0.4444
  epoch   8/100  loss=0.8482  bal_acc=0.4844
  epoch   9/100  loss=0.8006  bal_acc=0.4601
  epoch  10/100  loss=0.7810  bal_acc=0.4583
  epoch  11/100  loss=0.7489  bal_acc=0.4549
  epoch  12/100  loss=0.7210  bal_acc=0.4861
  epoch  13/100  loss=0.7017  bal_acc=0.5104
  epoch  14/100  loss=0.6685  bal_acc=0.5035
  epoch  15/100  loss=0.6465  bal_acc=0.5139
  epoch  16/100  loss=0.6314  bal_acc=0.5156
  epoch  17/100  loss=0.6059  bal_acc=0.5278
  epoch  18/100  loss=0.5909  bal_acc=0.5278
  epoch  19/100  loss=0.5670  bal_acc=0.5139
  epoch  20/100  loss=0.5569  bal_acc=0.4844
  epoch  21/100  loss=0.5432  bal_acc=0.5365
  epoch  22/100  loss=0.5446  bal_acc=0.5052
  epoch  23/100  loss=0.5278  bal_acc=0.5243
  epoch  24/100  loss=0.5218  bal_acc=0.5278
  epoch  25/100  loss=0.5054  bal_acc=0.5312
  epoch  26/100  loss=0.4951  bal_acc=0.5226
  epoch  27/100  loss=0.4722  bal_acc=0.5330
  epoch  28/100  loss=0.4724  bal_acc=0.5191
  epoch  29/100  loss=0.4530  bal_acc=0.5278
  epoch  30/100  loss=0.4429  bal_acc=0.5399
  epoch  31/100  loss=0.4276  bal_acc=0.5451
  epoch  32/100  loss=0.4286  bal_acc=0.5295
  epoch  33/100  loss=0.4114  bal_acc=0.5156
  epoch  34/100  loss=0.4131  bal_acc=0.5312
  epoch  35/100  loss=0.4020  bal_acc=0.5174
  epoch  36/100  loss=0.3936  bal_acc=0.5139
  epoch  37/100  loss=0.3895  bal_acc=0.5174
  epoch  38/100  loss=0.3823  bal_acc=0.5278
  epoch  39/100  loss=0.3597  bal_acc=0.5278
  epoch  40/100  loss=0.3444  bal_acc=0.5122
  epoch  41/100  loss=0.3451  bal_acc=0.5208
  epoch  42/100  loss=0.3394  bal_acc=0.5035
  epoch  43/100  loss=0.3368  bal_acc=0.5069
  epoch  44/100  loss=0.3368  bal_acc=0.5104
  epoch  45/100  loss=0.3250  bal_acc=0.5295
  epoch  46/100  loss=0.3296  bal_acc=0.5139
  epoch  47/100  loss=0.3144  bal_acc=0.5208
  epoch  48/100  loss=0.3038  bal_acc=0.5260
  epoch  49/100  loss=0.2972  bal_acc=0.5017
  epoch  50/100  loss=0.2899  bal_acc=0.5174
  epoch  51/100  loss=0.2798  bal_acc=0.5139
  epoch  52/100  loss=0.2676  bal_acc=0.4965
  epoch  53/100  loss=0.2609  bal_acc=0.5191
  epoch  54/100  loss=0.2764  bal_acc=0.5035
  epoch  55/100  loss=0.2824  bal_acc=0.5243
  epoch  56/100  loss=0.2663  bal_acc=0.5399
  epoch  57/100  loss=0.2617  bal_acc=0.5417
  epoch  58/100  loss=0.2578  bal_acc=0.5243
  epoch  59/100  loss=0.2475  bal_acc=0.5295
  epoch  60/100  loss=0.2376  bal_acc=0.5243
  epoch  61/100  loss=0.2381  bal_acc=0.5503
  epoch  62/100  loss=0.2371  bal_acc=0.5469
  epoch  63/100  loss=0.2292  bal_acc=0.5295
  epoch  64/100  loss=0.2273  bal_acc=0.5243
  epoch  65/100  loss=0.2304  bal_acc=0.5295
  epoch  66/100  loss=0.2314  bal_acc=0.5365
  epoch  67/100  loss=0.2186  bal_acc=0.5260
  epoch  68/100  loss=0.2103  bal_acc=0.5295
  epoch  69/100  loss=0.2101  bal_acc=0.5260
  epoch  70/100  loss=0.2170  bal_acc=0.5243
  epoch  71/100  loss=0.2169  bal_acc=0.5208
  epoch  72/100  loss=0.2197  bal_acc=0.5486
  epoch  73/100  loss=0.2205  bal_acc=0.5503
  epoch  74/100  loss=0.2132  bal_acc=0.5191
  epoch  75/100  loss=0.2205  bal_acc=0.5434
  epoch  76/100  loss=0.2088  bal_acc=0.5417
  epoch  77/100  loss=0.2064  bal_acc=0.5312
  epoch  78/100  loss=0.2022  bal_acc=0.5156
  epoch  79/100  loss=0.2055  bal_acc=0.5035
  epoch  80/100  loss=0.2044  bal_acc=0.5208
  epoch  81/100  loss=0.1887  bal_acc=0.5156
  epoch  82/100  loss=0.1992  bal_acc=0.4774
  epoch  83/100  loss=0.1871  bal_acc=0.5208
  epoch  84/100  loss=0.1778  bal_acc=0.5417
  epoch  85/100  loss=0.1630  bal_acc=0.5087
  epoch  86/100  loss=0.1752  bal_acc=0.5174
  epoch  87/100  loss=0.1670  bal_acc=0.5521
  epoch  88/100  loss=0.1707  bal_acc=0.5330
  epoch  89/100  loss=0.1677  bal_acc=0.5434
  epoch  90/100  loss=0.1781  bal_acc=0.5382
  epoch  91/100  loss=0.1664  bal_acc=0.5052
  epoch  92/100  loss=0.1638  bal_acc=0.5382
  epoch  93/100  loss=0.1643  bal_acc=0.5330
  epoch  94/100  loss=0.1625  bal_acc=0.5052
  epoch  95/100  loss=0.1470  bal_acc=0.5434
  epoch  96/100  loss=0.1490  bal_acc=0.5226
  epoch  97/100  loss=0.1393  bal_acc=0.5174
  epoch  98/100  loss=0.1452  bal_acc=0.5174
  epoch  99/100  loss=0.1533  bal_acc=0.5260
  epoch 100/100  loss=0.1382  bal_acc=0.5330
Results saved to results/BNCI2014_001/results.json
Trial logged to results/BNCI2014_001/trials.csv
Device: cuda
[BNCI2014_001] loading from cache: /home/aleksander.berezowsk/.cache/spiking_eegnet/BNCI2014_001_af1ccf3e92f684d8a93c057082b654d7.npz
[BNCI2014_001] cache hit: (5184, 1, 22, 1001), classes=['feet', 'left_hand', 'right_hand', 'tongue'], subjects=9
Dataset meta: {'n_classes': 4, 'n_channels': 22, 'n_samples': 1001, 'class_names': ['feet', 'left_hand', 'right_hand', 'tongue'], 'subject_list': [1, 2, 3, 4, 5, 6, 7, 8, 9], 'n_subjects': 9, 'sfreq': 250.0}

=== LOSO (hold out subject 0) ===
  Train: 4608 trials  |  Test: 576 trials
  Model params: 12,084
  epoch   1/100  loss=1.3883  bal_acc=0.3212
  epoch   2/100  loss=1.3153  bal_acc=0.3819
  epoch   3/100  loss=1.2904  bal_acc=0.3854
  epoch   4/100  loss=1.2566  bal_acc=0.3819
  epoch   5/100  loss=1.2458  bal_acc=0.3455
  epoch   6/100  loss=1.2389  bal_acc=0.3681
  epoch   7/100  loss=1.2223  bal_acc=0.4045
  epoch   8/100  loss=1.2367  bal_acc=0.3924
  epoch   9/100  loss=1.1897  bal_acc=0.3906
  epoch  10/100  loss=1.1868  bal_acc=0.3906
  epoch  11/100  loss=1.1800  bal_acc=0.4323
  epoch  12/100  loss=1.1791  bal_acc=0.4601
  epoch  13/100  loss=1.1730  bal_acc=0.4028
  epoch  14/100  loss=1.1613  bal_acc=0.4358
  epoch  15/100  loss=1.1593  bal_acc=0.4323
  epoch  16/100  loss=1.1723  bal_acc=0.4236
  epoch  17/100  loss=1.1614  bal_acc=0.3993
  epoch  18/100  loss=1.1654  bal_acc=0.4323
  epoch  19/100  loss=1.1387  bal_acc=0.4497
  epoch  20/100  loss=1.1475  bal_acc=0.4514
  epoch  21/100  loss=1.1319  bal_acc=0.4444
  epoch  22/100  loss=1.1320  bal_acc=0.4618
  epoch  23/100  loss=1.1244  bal_acc=0.4931
  epoch  24/100  loss=1.1128  bal_acc=0.4167
  epoch  25/100  loss=1.1285  bal_acc=0.4323
  epoch  26/100  loss=1.1200  bal_acc=0.4097
  epoch  27/100  loss=1.1386  bal_acc=0.4167
  epoch  28/100  loss=1.1049  bal_acc=0.4306
  epoch  29/100  loss=1.1014  bal_acc=0.4410
  epoch  30/100  loss=1.0995  bal_acc=0.4549
  epoch  31/100  loss=1.0885  bal_acc=0.4896
  epoch  32/100  loss=1.0955  bal_acc=0.4444
  epoch  33/100  loss=1.0868  bal_acc=0.4896
  epoch  34/100  loss=1.0660  bal_acc=0.4497
  epoch  35/100  loss=1.0973  bal_acc=0.4288
  epoch  36/100  loss=1.0932  bal_acc=0.4306
  epoch  37/100  loss=1.0921  bal_acc=0.4427
  epoch  38/100  loss=1.0991  bal_acc=0.4514
  epoch  39/100  loss=1.0669  bal_acc=0.4253
  epoch  40/100  loss=1.0688  bal_acc=0.4358
  epoch  41/100  loss=1.0789  bal_acc=0.4323
  epoch  42/100  loss=1.0652  bal_acc=0.4531
  epoch  43/100  loss=1.0658  bal_acc=0.4462
  epoch  44/100  loss=1.0576  bal_acc=0.4410
  epoch  45/100  loss=1.0360  bal_acc=0.4288
  epoch  46/100  loss=1.0438  bal_acc=0.4566
  epoch  47/100  loss=1.0496  bal_acc=0.4444
  epoch  48/100  loss=1.0500  bal_acc=0.4566
  epoch  49/100  loss=1.0564  bal_acc=0.4358
  epoch  50/100  loss=1.0625  bal_acc=0.4531
  epoch  51/100  loss=1.0601  bal_acc=0.4601
  epoch  52/100  loss=1.0875  bal_acc=0.4618
  epoch  53/100  loss=1.0349  bal_acc=0.4688
  epoch  54/100  loss=1.0073  bal_acc=0.4549
  epoch  55/100  loss=1.0360  bal_acc=0.4444
  epoch  56/100  loss=1.0164  bal_acc=0.4757
  epoch  57/100  loss=0.9987  bal_acc=0.4948
  epoch  58/100  loss=1.0189  bal_acc=0.4497
  epoch  59/100  loss=1.0333  bal_acc=0.4705
  epoch  60/100  loss=1.0345  bal_acc=0.4705
  epoch  61/100  loss=1.0495  bal_acc=0.4653
  epoch  62/100  loss=1.0391  bal_acc=0.4826
  epoch  63/100  loss=1.0181  bal_acc=0.4549
  epoch  64/100  loss=1.0260  bal_acc=0.4531
  epoch  65/100  loss=0.9987  bal_acc=0.4427
  epoch  66/100  loss=0.9944  bal_acc=0.4670
  epoch  67/100  loss=1.0150  bal_acc=0.4635
  epoch  68/100  loss=1.0035  bal_acc=0.4375
  epoch  69/100  loss=1.0154  bal_acc=0.4497
  epoch  70/100  loss=0.9957  bal_acc=0.4288
  epoch  71/100  loss=0.9969  bal_acc=0.4531
  epoch  72/100  loss=1.0041  bal_acc=0.4792
  epoch  73/100  loss=0.9974  bal_acc=0.4740
  epoch  74/100  loss=1.0089  bal_acc=0.4358
  epoch  75/100  loss=1.0125  bal_acc=0.4462
  epoch  76/100  loss=1.0055  bal_acc=0.4340
  epoch  77/100  loss=1.0203  bal_acc=0.4531
  epoch  78/100  loss=0.9976  bal_acc=0.4531
  epoch  79/100  loss=0.9981  bal_acc=0.4462
  epoch  80/100  loss=0.9990  bal_acc=0.4653
  epoch  81/100  loss=0.9927  bal_acc=0.4774
  epoch  82/100  loss=0.9729  bal_acc=0.4670
  epoch  83/100  loss=0.9668  bal_acc=0.4670
  epoch  84/100  loss=0.9773  bal_acc=0.4444
  epoch  85/100  loss=0.9728  bal_acc=0.4514
  epoch  86/100  loss=0.9676  bal_acc=0.4340
  epoch  87/100  loss=0.9886  bal_acc=0.4670
  epoch  88/100  loss=0.9755  bal_acc=0.4705
  epoch  89/100  loss=0.9752  bal_acc=0.4722
  epoch  90/100  loss=0.9912  bal_acc=0.5104
  epoch  91/100  loss=1.0009  bal_acc=0.4774
  epoch  92/100  loss=0.9937  bal_acc=0.4479
  epoch  93/100  loss=0.9905  bal_acc=0.4792
  epoch  94/100  loss=0.9812  bal_acc=0.4740
  epoch  95/100  loss=0.9673  bal_acc=0.4410
  epoch  96/100  loss=0.9612  bal_acc=0.4635
  epoch  97/100  loss=0.9444  bal_acc=0.4931
  epoch  98/100  loss=0.9506  bal_acc=0.4653
  epoch  99/100  loss=0.9730  bal_acc=0.4549
  epoch 100/100  loss=0.9646  bal_acc=0.5104
Results saved to results/BNCI2014_001/results.json
Trial logged to results/BNCI2014_001/trials.csv
Device: cuda
[BNCI2014_001] loading from cache: /home/aleksander.berezowsk/.cache/spiking_eegnet/BNCI2014_001_af1ccf3e92f684d8a93c057082b654d7.npz
[BNCI2014_001] cache hit: (5184, 1, 22, 1001), classes=['feet', 'left_hand', 'right_hand', 'tongue'], subjects=9
Dataset meta: {'n_classes': 4, 'n_channels': 22, 'n_samples': 1001, 'class_names': ['feet', 'left_hand', 'right_hand', 'tongue'], 'subject_list': [1, 2, 3, 4, 5, 6, 7, 8, 9], 'n_subjects': 9, 'sfreq': 250.0}

=== LOSO (hold out subject 0) ===
  Train: 4608 trials  |  Test: 576 trials
  Model params: 31,972
  epoch   1/100  loss=1.3860  bal_acc=0.2934
  epoch   2/100  loss=1.3660  bal_acc=0.3264
  epoch   3/100  loss=1.3481  bal_acc=0.3420
  epoch   4/100  loss=1.3331  bal_acc=0.3611
  epoch   5/100  loss=1.3169  bal_acc=0.3542
  epoch   6/100  loss=1.3040  bal_acc=0.3490
  epoch   7/100  loss=1.2914  bal_acc=0.3681
  epoch   8/100  loss=1.2800  bal_acc=0.3733
  epoch   9/100  loss=1.2698  bal_acc=0.3594
  epoch  10/100  loss=1.2609  bal_acc=0.3681
  epoch  11/100  loss=1.2510  bal_acc=0.3750
  epoch  12/100  loss=1.2432  bal_acc=0.3750
  epoch  13/100  loss=1.2342  bal_acc=0.3611
  epoch  14/100  loss=1.2256  bal_acc=0.3733
  epoch  15/100  loss=1.2189  bal_acc=0.3733  [pruned by Optuna at epoch 15]
Device: cuda
[BNCI2014_001] loading from cache: /home/aleksander.berezowsk/.cache/spiking_eegnet/BNCI2014_001_af1ccf3e92f684d8a93c057082b654d7.npz
[BNCI2014_001] cache hit: (5184, 1, 22, 1001), classes=['feet', 'left_hand', 'right_hand', 'tongue'], subjects=9
Dataset meta: {'n_classes': 4, 'n_channels': 22, 'n_samples': 1001, 'class_names': ['feet', 'left_hand', 'right_hand', 'tongue'], 'subject_list': [1, 2, 3, 4, 5, 6, 7, 8, 9], 'n_subjects': 9, 'sfreq': 250.0}

=== LOSO (hold out subject 0) ===
  Train: 4608 trials  |  Test: 576 trials
  Model params: 28,336
  epoch   1/100  loss=1.3480  bal_acc=0.3663
  epoch   2/100  loss=1.2398  bal_acc=0.3594
  epoch   3/100  loss=1.1737  bal_acc=0.4028
  epoch   4/100  loss=1.1309  bal_acc=0.3819
  epoch   5/100  loss=1.0804  bal_acc=0.4271
  epoch   6/100  loss=1.0338  bal_acc=0.4410
  epoch   7/100  loss=0.9946  bal_acc=0.4722
  epoch   8/100  loss=0.9581  bal_acc=0.4184
  epoch   9/100  loss=0.9242  bal_acc=0.4427
  epoch  10/100  loss=0.8802  bal_acc=0.4566
  epoch  11/100  loss=0.8577  bal_acc=0.4531
  epoch  12/100  loss=0.8376  bal_acc=0.4635
  epoch  13/100  loss=0.8011  bal_acc=0.4618
  epoch  14/100  loss=0.7880  bal_acc=0.4410
  epoch  15/100  loss=0.7628  bal_acc=0.4531
  epoch  16/100  loss=0.7266  bal_acc=0.4635
  epoch  17/100  loss=0.7141  bal_acc=0.4687
  epoch  18/100  loss=0.6998  bal_acc=0.4861
  epoch  19/100  loss=0.6825  bal_acc=0.4913
  epoch  20/100  loss=0.6757  bal_acc=0.4948
  epoch  21/100  loss=0.6635  bal_acc=0.4878
  epoch  22/100  loss=0.6450  bal_acc=0.4809
  epoch  23/100  loss=0.6450  bal_acc=0.4757
  epoch  24/100  loss=0.6310  bal_acc=0.4722
  epoch  25/100  loss=0.6254  bal_acc=0.4878
  epoch  26/100  loss=0.6222  bal_acc=0.4826
  epoch  27/100  loss=0.5940  bal_acc=0.4861
  epoch  28/100  loss=0.5840  bal_acc=0.4670
  epoch  29/100  loss=0.5747  bal_acc=0.4757
  epoch  30/100  loss=0.5546  bal_acc=0.4826
  epoch  31/100  loss=0.5577  bal_acc=0.4583
  epoch  32/100  loss=0.5426  bal_acc=0.4948
  epoch  33/100  loss=0.5385  bal_acc=0.4670
  epoch  34/100  loss=0.5251  bal_acc=0.4722
  epoch  35/100  loss=0.5239  bal_acc=0.4705
  epoch  36/100  loss=0.5238  bal_acc=0.4757
  epoch  37/100  loss=0.5092  bal_acc=0.4913
  epoch  38/100  loss=0.5014  bal_acc=0.4809
  epoch  39/100  loss=0.4934  bal_acc=0.4722
  epoch  40/100  loss=0.4921  bal_acc=0.4653
  epoch  41/100  loss=0.4794  bal_acc=0.5017
  epoch  42/100  loss=0.4753  bal_acc=0.4878
  epoch  43/100  loss=0.4709  bal_acc=0.4792
  epoch  44/100  loss=0.4541  bal_acc=0.4722
  epoch  45/100  loss=0.4530  bal_acc=0.4618
  epoch  46/100  loss=0.4487  bal_acc=0.4861
  epoch  47/100  loss=0.4390  bal_acc=0.4948
  epoch  48/100  loss=0.4359  bal_acc=0.4809
  epoch  49/100  loss=0.4294  bal_acc=0.4844
  epoch  50/100  loss=0.4273  bal_acc=0.4931
  epoch  51/100  loss=0.4286  bal_acc=0.4913
  epoch  52/100  loss=0.4028  bal_acc=0.4774
  epoch  53/100  loss=0.4088  bal_acc=0.5000
  epoch  54/100  loss=0.3981  bal_acc=0.5156
  epoch  55/100  loss=0.4004  bal_acc=0.4913
  epoch  56/100  loss=0.3973  bal_acc=0.4861
  epoch  57/100  loss=0.3914  bal_acc=0.4948
  epoch  58/100  loss=0.3744  bal_acc=0.4670
  epoch  59/100  loss=0.3834  bal_acc=0.4740
  epoch  60/100  loss=0.3629  bal_acc=0.4774
  epoch  61/100  loss=0.3616  bal_acc=0.4792
  epoch  62/100  loss=0.3516  bal_acc=0.4792
  epoch  63/100  loss=0.3460  bal_acc=0.4878
  epoch  64/100  loss=0.3576  bal_acc=0.4826
  epoch  65/100  loss=0.3388  bal_acc=0.4844
  epoch  66/100  loss=0.3426  bal_acc=0.4948
  epoch  67/100  loss=0.3337  bal_acc=0.4792
  epoch  68/100  loss=0.3331  bal_acc=0.4792
  epoch  69/100  loss=0.3332  bal_acc=0.4878
  epoch  70/100  loss=0.3269  bal_acc=0.4948
  epoch  71/100  loss=0.3277  bal_acc=0.4809
  epoch  72/100  loss=0.3274  bal_acc=0.4757
  epoch  73/100  loss=0.3183  bal_acc=0.4618
  epoch  74/100  loss=0.3128  bal_acc=0.4826
  epoch  75/100  loss=0.3014  bal_acc=0.4844
  epoch  76/100  loss=0.3004  bal_acc=0.4792
  epoch  77/100  loss=0.3021  bal_acc=0.4878
  epoch  78/100  loss=0.3042  bal_acc=0.4931
  epoch  79/100  loss=0.2953  bal_acc=0.4913
  epoch  80/100  loss=0.2959  bal_acc=0.4774
  epoch  81/100  loss=0.2887  bal_acc=0.5035
  epoch  82/100  loss=0.2875  bal_acc=0.4809
  epoch  83/100  loss=0.2937  bal_acc=0.4826
  epoch  84/100  loss=0.2832  bal_acc=0.4826
  epoch  85/100  loss=0.2888  bal_acc=0.5017
  epoch  86/100  loss=0.2751  bal_acc=0.4826
  epoch  87/100  loss=0.2769  bal_acc=0.4896
  epoch  88/100  loss=0.2801  bal_acc=0.4965
  epoch  89/100  loss=0.2889  bal_acc=0.4670
  epoch  90/100  loss=0.2828  bal_acc=0.4792
  epoch  91/100  loss=0.2732  bal_acc=0.4809
  epoch  92/100  loss=0.2645  bal_acc=0.4809
  epoch  93/100  loss=0.2548  bal_acc=0.4983
  epoch  94/100  loss=0.2499  bal_acc=0.5104
  epoch  95/100  loss=0.2596  bal_acc=0.4844
  epoch  96/100  loss=0.2480  bal_acc=0.4948
  epoch  97/100  loss=0.2396  bal_acc=0.4826
  epoch  98/100  loss=0.2427  bal_acc=0.4826
  epoch  99/100  loss=0.2495  bal_acc=0.4844
  epoch 100/100  loss=0.2314  bal_acc=0.4774
Results saved to results/BNCI2014_001/results.json
Trial logged to results/BNCI2014_001/trials.csv
Device: cuda
[BNCI2014_001] loading from cache: /home/aleksander.berezowsk/.cache/spiking_eegnet/BNCI2014_001_af1ccf3e92f684d8a93c057082b654d7.npz
[BNCI2014_001] cache hit: (5184, 1, 22, 1001), classes=['feet', 'left_hand', 'right_hand', 'tongue'], subjects=9
Dataset meta: {'n_classes': 4, 'n_channels': 22, 'n_samples': 1001, 'class_names': ['feet', 'left_hand', 'right_hand', 'tongue'], 'subject_list': [1, 2, 3, 4, 5, 6, 7, 8, 9], 'n_subjects': 9, 'sfreq': 250.0}

=== LOSO (hold out subject 0) ===
  Train: 4608 trials  |  Test: 576 trials
  Model params: 24,664
  epoch   1/100  loss=1.3902  bal_acc=0.3160
  epoch   2/100  loss=1.3675  bal_acc=0.3438
  epoch   3/100  loss=1.3396  bal_acc=0.3785
  epoch   4/100  loss=1.3205  bal_acc=0.3837
  epoch   5/100  loss=1.2908  bal_acc=0.3646
  epoch   6/100  loss=1.2696  bal_acc=0.4080
  epoch   7/100  loss=1.2461  bal_acc=0.3976
  epoch   8/100  loss=1.2298  bal_acc=0.4080
  epoch   9/100  loss=1.2056  bal_acc=0.4149
  epoch  10/100  loss=1.1903  bal_acc=0.4358
  epoch  11/100  loss=1.1692  bal_acc=0.4427
  epoch  12/100  loss=1.1623  bal_acc=0.4340
  epoch  13/100  loss=1.1466  bal_acc=0.4601
  epoch  14/100  loss=1.1390  bal_acc=0.4497
  epoch  15/100  loss=1.1281  bal_acc=0.4583
  epoch  16/100  loss=1.1242  bal_acc=0.4722
  epoch  17/100  loss=1.1038  bal_acc=0.4549
  epoch  18/100  loss=1.0966  bal_acc=0.4722
  epoch  19/100  loss=1.0776  bal_acc=0.4722
  epoch  20/100  loss=1.0791  bal_acc=0.4740
  epoch  21/100  loss=1.0592  bal_acc=0.4913
  epoch  22/100  loss=1.0559  bal_acc=0.4826
  epoch  23/100  loss=1.0529  bal_acc=0.4896
  epoch  24/100  loss=1.0387  bal_acc=0.4809
  epoch  25/100  loss=1.0240  bal_acc=0.4653
  epoch  26/100  loss=1.0171  bal_acc=0.4826
  epoch  27/100  loss=1.0259  bal_acc=0.4965
  epoch  28/100  loss=1.0181  bal_acc=0.5069
  epoch  29/100  loss=1.0138  bal_acc=0.4809
  epoch  30/100  loss=1.0208  bal_acc=0.4809
  epoch  31/100  loss=1.0033  bal_acc=0.5260
  epoch  32/100  loss=0.9971  bal_acc=0.5017
  epoch  33/100  loss=0.9857  bal_acc=0.5069
  epoch  34/100  loss=0.9748  bal_acc=0.4618
  epoch  35/100  loss=0.9617  bal_acc=0.5260
  epoch  36/100  loss=0.9590  bal_acc=0.4653
  epoch  37/100  loss=0.9587  bal_acc=0.4774
  epoch  38/100  loss=0.9603  bal_acc=0.5191
  epoch  39/100  loss=0.9572  bal_acc=0.4531
  epoch  40/100  loss=0.9440  bal_acc=0.4479
  epoch  41/100  loss=0.9590  bal_acc=0.4653
  epoch  42/100  loss=0.9511  bal_acc=0.5330
  epoch  43/100  loss=0.9365  bal_acc=0.5295
  epoch  44/100  loss=0.9338  bal_acc=0.5347
  epoch  45/100  loss=0.9114  bal_acc=0.5417
  epoch  46/100  loss=0.9220  bal_acc=0.5278
  epoch  47/100  loss=0.9178  bal_acc=0.5087
  epoch  48/100  loss=0.9091  bal_acc=0.5156
  epoch  49/100  loss=0.9124  bal_acc=0.5260
  epoch  50/100  loss=0.9108  bal_acc=0.5573
  epoch  51/100  loss=0.9060  bal_acc=0.5382
  epoch  52/100  loss=0.8978  bal_acc=0.5538
