mkdir: cannot create directory ‘/scratch/mne_data’: Permission denied

[notice] A new release of pip is available: 24.2 -> 26.1.2
[notice] To update, run: pip install --upgrade pip

[notice] A new release of pip is available: 24.2 -> 26.1.2
[notice] To update, run: pip install --upgrade pip
ERROR: Invalid requirement: 'Binary file requirements.txt matches': Expected end or semicolon (after name and no valid version specifier)
    Binary file requirements.txt matches
           ^ (from line 1 of /home/aleksander.berezowsk/requirements_notorch.txt)

[notice] A new release of pip is available: 24.2 -> 26.1.2
[notice] To update, run: pip install --upgrade pip

[notice] A new release of pip is available: 24.2 -> 26.1.2
[notice] To update, run: pip install --upgrade pip
/home/aleksander.berezowsk/spiking-eegnet/src/main.py:97: ExperimentalWarning: Argument ``multivariate`` is an experimental feature. The interface can change in the future.
  sampler=TPESampler(n_startup_trials=tpe_trails, multivariate=True, group=True)
/home/aleksander.berezowsk/spiking-eegnet/src/main.py:97: ExperimentalWarning: Argument ``group`` is an experimental feature. The interface can change in the future.
  sampler=TPESampler(n_startup_trials=tpe_trails, multivariate=True, group=True)
[I 2026-06-22 21:59:40,353] Using an existing study with name 'snn_eegnet_v3_200_20' instead of creating a new one.
[I 2026-06-23 02:24:57,579] Trial 3 finished with value: 0.4050925925925926 and parameters: {'FLOW': 3.846675512104058, 'FHIGH': 93.91229689169379, 'LR_EXP': -2.5452875492840414, 'DROPOUT': 0.4560977357124092, 'BETA': 0.9352933379736443, 'SPIKE_GRAD_SLOPE': 8.480267573896208, 'TEMPORAL_FILTERS': 15, 'DEPTH_MULTIPLIER': 1, 'POINTWISE_FILTERS': 13, 'TEMPORAL_KERNEL_DIV': 7, 'SEPARABLE_KERNEL_SIZE': 7, 'POOL1_SIZE': 2, 'POOL2_SIZE': 3, 'N_STEPS_TRAIN': 5, 'N_STEPS_EVAL': 14, 'READOUT_MODE': 'spk_last'}. Best is trial 3 with value: 0.4050925925925926.
[I 2026-06-23 11:20:42,575] Trial 6 finished with value: 0.3829089506172839 and parameters: {'FLOW': 4.66421219099068, 'FHIGH': 92.18236926572136, 'LR_EXP': -3.460351541409368, 'DROPOUT': 0.38982189339354645, 'BETA': 0.5270516327426961, 'SPIKE_GRAD_SLOPE': 16.37483553253525, 'TEMPORAL_FILTERS': 20, 'DEPTH_MULTIPLIER': 1, 'POINTWISE_FILTERS': 62, 'TEMPORAL_KERNEL_DIV': 3, 'SEPARABLE_KERNEL_SIZE': 13, 'POOL1_SIZE': 6, 'POOL2_SIZE': 7, 'N_STEPS_TRAIN': 7, 'N_STEPS_EVAL': 9, 'READOUT_MODE': 'spk_last'}. Best is trial 4 with value: 0.4220679012345679.
[I 2026-06-23 19:27:57,801] Trial 9 finished with value: 0.43441358024691357 and parameters: {'FLOW': 3.187719505261931, 'FHIGH': 92.50871521100831, 'LR_EXP': -3.782871612949618, 'DROPOUT': 0.7152133298001517, 'BETA': 0.7983519474731222, 'SPIKE_GRAD_SLOPE': 46.33834083885558, 'TEMPORAL_FILTERS': 16, 'DEPTH_MULTIPLIER': 3, 'POINTWISE_FILTERS': 18, 'TEMPORAL_KERNEL_DIV': 3, 'SEPARABLE_KERNEL_SIZE': 31, 'POOL1_SIZE': 5, 'POOL2_SIZE': 8, 'N_STEPS_TRAIN': 6, 'N_STEPS_EVAL': 6, 'READOUT_MODE': 'mem_last'}. Best is trial 9 with value: 0.43441358024691357.
slurmstepd: error: *** JOB 44160234 ON fg6 CANCELLED AT 2026-06-23T21:59:26 DUE TO TIME LIMIT ***
