Job ID   : 44069105
Node     : fg1
Started  : Mon Jun 22 13:49:08 MDT 2026
Directory: /home/aleksander.berezowsk/spiking-eegnet
Requirement already satisfied: setuptools==69.5.1 in /home/aleksander.berezowsk/venv/lib/python3.12/site-packages (69.5.1)
Requirement already satisfied: torch==2.4.0 in /home/aleksander.berezowsk/venv/lib/python3.12/site-packages (2.4.0)
Requirement already satisfied: torchvision==0.19.0 in /home/aleksander.berezowsk/venv/lib/python3.12/site-packages (0.19.0)
Requirement already satisfied: torchaudio==2.4.0 in /home/aleksander.berezowsk/venv/lib/python3.12/site-packages (2.4.0)
Requirement already satisfied: torchmetrics in /home/aleksander.berezowsk/venv/lib/python3.12/site-packages (1.9.0)
Requirement already satisfied: filelock in /home/aleksander.berezowsk/venv/lib/python3.12/site-packages (from torch==2.4.0) (3.29.0)
Requirement already satisfied: typing-extensions>=4.8.0 in /home/aleksander.berezowsk/venv/lib/python3.12/site-packages (from torch==2.4.0) (4.15.0)
Requirement already satisfied: sympy in /home/aleksander.berezowsk/venv/lib/python3.12/site-packages (from torch==2.4.0) (1.14.0)
Requirement already satisfied: networkx in /home/aleksander.berezowsk/venv/lib/python3.12/site-packages (from torch==2.4.0) (3.6.1)
Requirement already satisfied: jinja2 in /home/aleksander.berezowsk/venv/lib/python3.12/site-packages (from torch==2.4.0) (3.1.6)
Requirement already satisfied: fsspec in /home/aleksander.berezowsk/venv/lib/python3.12/site-packages (from torch==2.4.0) (2026.4.0)
Requirement already satisfied: setuptools in /home/aleksander.berezowsk/venv/lib/python3.12/site-packages (from torch==2.4.0) (69.5.1)
Requirement already satisfied: nvidia-cuda-nvrtc-cu12==12.1.105 in /home/aleksander.berezowsk/venv/lib/python3.12/site-packages (from torch==2.4.0) (12.1.105)
Requirement already satisfied: nvidia-cuda-runtime-cu12==12.1.105 in /home/aleksander.berezowsk/venv/lib/python3.12/site-packages (from torch==2.4.0) (12.1.105)
Requirement already satisfied: nvidia-cuda-cupti-cu12==12.1.105 in /home/aleksander.berezowsk/venv/lib/python3.12/site-packages (from torch==2.4.0) (12.1.105)
Requirement already satisfied: nvidia-cudnn-cu12==9.1.0.70 in /home/aleksander.berezowsk/venv/lib/python3.12/site-packages (from torch==2.4.0) (9.1.0.70)
Requirement already satisfied: nvidia-cublas-cu12==12.1.3.1 in /home/aleksander.berezowsk/venv/lib/python3.12/site-packages (from torch==2.4.0) (12.1.3.1)
Requirement already satisfied: nvidia-cufft-cu12==11.0.2.54 in /home/aleksander.berezowsk/venv/lib/python3.12/site-packages (from torch==2.4.0) (11.0.2.54)
Requirement already satisfied: nvidia-curand-cu12==10.3.2.106 in /home/aleksander.berezowsk/venv/lib/python3.12/site-packages (from torch==2.4.0) (10.3.2.106)
Requirement already satisfied: nvidia-cusolver-cu12==11.4.5.107 in /home/aleksander.berezowsk/venv/lib/python3.12/site-packages (from torch==2.4.0) (11.4.5.107)
Requirement already satisfied: nvidia-cusparse-cu12==12.1.0.106 in /home/aleksander.berezowsk/venv/lib/python3.12/site-packages (from torch==2.4.0) (12.1.0.106)
Requirement already satisfied: nvidia-nccl-cu12==2.20.5 in /home/aleksander.berezowsk/venv/lib/python3.12/site-packages (from torch==2.4.0) (2.20.5)
Requirement already satisfied: nvidia-nvtx-cu12==12.1.105 in /home/aleksander.berezowsk/venv/lib/python3.12/site-packages (from torch==2.4.0) (12.1.105)
Requirement already satisfied: triton==3.0.0 in /home/aleksander.berezowsk/venv/lib/python3.12/site-packages (from torch==2.4.0) (3.0.0)
Requirement already satisfied: numpy in /home/aleksander.berezowsk/venv/lib/python3.12/site-packages (from torchvision==0.19.0) (2.4.6)
Requirement already satisfied: pillow!=8.3.*,>=5.3.0 in /home/aleksander.berezowsk/venv/lib/python3.12/site-packages (from torchvision==0.19.0) (12.2.0)
Requirement already satisfied: nvidia-nvjitlink-cu12 in /home/aleksander.berezowsk/venv/lib/python3.12/site-packages (from nvidia-cusolver-cu12==11.4.5.107->torch==2.4.0) (12.9.86)
Requirement already satisfied: packaging>17.1 in /home/aleksander.berezowsk/venv/lib/python3.12/site-packages (from torchmetrics) (26.2)
Requirement already satisfied: lightning-utilities>=0.15.3 in /home/aleksander.berezowsk/venv/lib/python3.12/site-packages (from torchmetrics) (0.15.3)
Requirement already satisfied: MarkupSafe>=2.0 in /home/aleksander.berezowsk/venv/lib/python3.12/site-packages (from jinja2->torch==2.4.0) (3.0.3)
Requirement already satisfied: mpmath<1.4,>=1.1.0 in /home/aleksander.berezowsk/venv/lib/python3.12/site-packages (from sympy->torch==2.4.0) (1.3.0)
Requirement already satisfied: optuna in /home/aleksander.berezowsk/venv/lib/python3.12/site-packages (4.9.0)
Requirement already satisfied: snntorch in /home/aleksander.berezowsk/venv/lib/python3.12/site-packages (0.9.4)
Requirement already satisfied: alembic>=1.5.0 in /home/aleksander.berezowsk/venv/lib/python3.12/site-packages (from optuna) (1.18.4)
Requirement already satisfied: colorlog in /home/aleksander.berezowsk/venv/lib/python3.12/site-packages (from optuna) (6.10.1)
Requirement already satisfied: numpy in /home/aleksander.berezowsk/venv/lib/python3.12/site-packages (from optuna) (2.4.6)
Requirement already satisfied: packaging>=20.0 in /home/aleksander.berezowsk/venv/lib/python3.12/site-packages (from optuna) (26.2)
Requirement already satisfied: sqlalchemy>=1.4.2 in /home/aleksander.berezowsk/venv/lib/python3.12/site-packages (from optuna) (2.0.50)
Requirement already satisfied: tqdm in /home/aleksander.berezowsk/venv/lib/python3.12/site-packages (from optuna) (4.67.3)
Requirement already satisfied: PyYAML in /home/aleksander.berezowsk/venv/lib/python3.12/site-packages (from optuna) (6.0.3)
Requirement already satisfied: Mako in /home/aleksander.berezowsk/venv/lib/python3.12/site-packages (from alembic>=1.5.0->optuna) (1.3.12)
Requirement already satisfied: typing-extensions>=4.12 in /home/aleksander.berezowsk/venv/lib/python3.12/site-packages (from alembic>=1.5.0->optuna) (4.15.0)
Requirement already satisfied: greenlet>=1 in /home/aleksander.berezowsk/venv/lib/python3.12/site-packages (from sqlalchemy>=1.4.2->optuna) (3.5.1)
Requirement already satisfied: MarkupSafe>=0.9.2 in /home/aleksander.berezowsk/venv/lib/python3.12/site-packages (from Mako->alembic>=1.5.0->optuna) (3.0.3)
Device: cuda
[BNCI2014_001] loading from cache: /home/aleksander.berezowsk/.cache/spiking_eegnet/BNCI2014_001_af1ccf3e92f684d8a93c057082b654d7.npz
[BNCI2014_001] cache hit: (5184, 1, 22, 1001), classes=['feet', 'left_hand', 'right_hand', 'tongue'], subjects=9
Dataset meta: {'n_classes': 4, 'n_channels': 22, 'n_samples': 1001, 'class_names': ['feet', 'left_hand', 'right_hand', 'tongue'], 'subject_list': [1, 2, 3, 4, 5, 6, 7, 8, 9], 'n_subjects': 9, 'sfreq': 250.0}

Applying bandpass filter: 1.9141298466270802–43.13412401777728 Hz

=== LOSO (hold out subject 0) ===
  Train: 4608 trials  |  Test: 576 trials
  Model params: 11,646
  epoch   1/100  loss=1.3661  bal_acc=0.4444
  epoch   2/100  loss=1.2321  bal_acc=0.4774
  epoch   3/100  loss=1.1079  bal_acc=0.5417
  epoch   4/100  loss=1.0378  bal_acc=0.4531
  epoch   5/100  loss=0.9929  bal_acc=0.4844
  epoch   6/100  loss=0.9495  bal_acc=0.5104
  epoch   7/100  loss=0.9127  bal_acc=0.5799
  epoch   8/100  loss=0.8865  bal_acc=0.5156
  epoch   9/100  loss=0.8629  bal_acc=0.5503
  epoch  10/100  loss=0.8409  bal_acc=0.4531
  epoch  11/100  loss=0.8193  bal_acc=0.5712
  epoch  12/100  loss=0.7964  bal_acc=0.6267
  epoch  13/100  loss=0.7742  bal_acc=0.6076
  epoch  14/100  loss=0.7562  bal_acc=0.4392
  epoch  15/100  loss=0.7378  bal_acc=0.6076
  epoch  16/100  loss=0.7187  bal_acc=0.5868
  epoch  17/100  loss=0.7115  bal_acc=0.5938
  epoch  18/100  loss=0.7033  bal_acc=0.4375
  epoch  19/100  loss=0.6851  bal_acc=0.4983
  epoch  20/100  loss=0.6669  bal_acc=0.5521
  epoch  21/100  loss=0.6569  bal_acc=0.5208
  epoch  22/100  loss=0.6433  bal_acc=0.6337
  epoch  23/100  loss=0.6518  bal_acc=0.5503
  epoch  24/100  loss=0.6264  bal_acc=0.5365
  epoch  25/100  loss=0.6237  bal_acc=0.6528
  epoch  26/100  loss=0.6083  bal_acc=0.5694
  epoch  27/100  loss=0.6000  bal_acc=0.6163
  epoch  28/100  loss=0.5929  bal_acc=0.5486
  epoch  29/100  loss=0.5863  bal_acc=0.6042
  epoch  30/100  loss=0.5585  bal_acc=0.6076
  epoch  31/100  loss=0.5683  bal_acc=0.5851
  epoch  32/100  loss=0.5455  bal_acc=0.5729
  epoch  33/100  loss=0.5619  bal_acc=0.5556
  epoch  34/100  loss=0.5451  bal_acc=0.5990
  epoch  35/100  loss=0.5362  bal_acc=0.6215
  epoch  36/100  loss=0.5306  bal_acc=0.6007
  epoch  37/100  loss=0.5287  bal_acc=0.5885
  epoch  38/100  loss=0.5249  bal_acc=0.5573
  epoch  39/100  loss=0.5133  bal_acc=0.5851
  epoch  40/100  loss=0.5120  bal_acc=0.5642
  epoch  41/100  loss=0.5163  bal_acc=0.6337
  epoch  42/100  loss=0.4963  bal_acc=0.6042
  epoch  43/100  loss=0.4928  bal_acc=0.5868
  epoch  44/100  loss=0.5067  bal_acc=0.5885
  epoch  45/100  loss=0.4781  bal_acc=0.5903
  epoch  46/100  loss=0.4858  bal_acc=0.6059
  epoch  47/100  loss=0.4868  bal_acc=0.6128
  epoch  48/100  loss=0.4755  bal_acc=0.5660
  epoch  49/100  loss=0.4654  bal_acc=0.5972
  epoch  50/100  loss=0.4517  bal_acc=0.5469
  epoch  51/100  loss=0.4684  bal_acc=0.5990
  epoch  52/100  loss=0.4675  bal_acc=0.6059
  epoch  53/100  loss=0.4728  bal_acc=0.5903
  epoch  54/100  loss=0.4402  bal_acc=0.6007
  epoch  55/100  loss=0.4526  bal_acc=0.5833
  epoch  56/100  loss=0.4425  bal_acc=0.5920
  epoch  57/100  loss=0.4427  bal_acc=0.5781
  epoch  58/100  loss=0.4498  bal_acc=0.6146
  epoch  59/100  loss=0.4310  bal_acc=0.6441
  epoch  60/100  loss=0.4389  bal_acc=0.6094
  epoch  61/100  loss=0.4320  bal_acc=0.6319
  epoch  62/100  loss=0.4274  bal_acc=0.6319
  epoch  63/100  loss=0.4227  bal_acc=0.6163
  epoch  64/100  loss=0.4235  bal_acc=0.6354
  epoch  65/100  loss=0.4377  bal_acc=0.6337
  epoch  66/100  loss=0.4294  bal_acc=0.6302
  epoch  67/100  loss=0.4168  bal_acc=0.6042
  epoch  68/100  loss=0.4210  bal_acc=0.6024
  epoch  69/100  loss=0.4200  bal_acc=0.6302
  epoch  70/100  loss=0.4050  bal_acc=0.6250
  epoch  71/100  loss=0.3937  bal_acc=0.6389
  epoch  72/100  loss=0.3993  bal_acc=0.6059
  epoch  73/100  loss=0.4052  bal_acc=0.6354
  epoch  74/100  loss=0.4096  bal_acc=0.5729
  epoch  75/100  loss=0.4076  bal_acc=0.6267
  epoch  76/100  loss=0.3767  bal_acc=0.6267
  epoch  77/100  loss=0.3860  bal_acc=0.5573
  epoch  78/100  loss=0.3928  bal_acc=0.6267
  epoch  79/100  loss=0.3969  bal_acc=0.5556
  epoch  80/100  loss=0.3855  bal_acc=0.6059
  epoch  81/100  loss=0.3869  bal_acc=0.6250
  epoch  82/100  loss=0.3760  bal_acc=0.6215
  epoch  83/100  loss=0.3888  bal_acc=0.6319
  epoch  84/100  loss=0.3979  bal_acc=0.6285
  epoch  85/100  loss=0.3624  bal_acc=0.5677
  epoch  86/100  loss=0.3816  bal_acc=0.5955
  epoch  87/100  loss=0.3718  bal_acc=0.6076
  epoch  88/100  loss=0.3869  bal_acc=0.5868
  epoch  89/100  loss=0.3743  bal_acc=0.6493
  epoch  90/100  loss=0.3850  bal_acc=0.6319
  epoch  91/100  loss=0.3736  bal_acc=0.6024
  epoch  92/100  loss=0.3610  bal_acc=0.6163
  epoch  93/100  loss=0.3766  bal_acc=0.6389
  epoch  94/100  loss=0.3538  bal_acc=0.6319
  epoch  95/100  loss=0.3657  bal_acc=0.5972
  epoch  96/100  loss=0.3561  bal_acc=0.6337
  epoch  97/100  loss=0.3594  bal_acc=0.6146
  epoch  98/100  loss=0.3687  bal_acc=0.6250
  epoch  99/100  loss=0.3692  bal_acc=0.5990
  epoch 100/100  loss=0.3504  bal_acc=0.6302
  [LOSO 1/9] subject 0: acc=0.6302  running_mean=0.6302

=== LOSO (hold out subject 1) ===
  Train: 4608 trials  |  Test: 576 trials
  Model params: 11,646
  epoch   1/100  loss=1.3547  bal_acc=0.2847
  epoch   2/100  loss=1.2039  bal_acc=0.2674
  epoch   3/100  loss=1.0785  bal_acc=0.3194
  epoch   4/100  loss=1.0039  bal_acc=0.2951
  epoch   5/100  loss=0.9568  bal_acc=0.3455
  epoch   6/100  loss=0.9114  bal_acc=0.3819
  epoch   7/100  loss=0.8766  bal_acc=0.3472
  epoch   8/100  loss=0.8419  bal_acc=0.3750
  epoch   9/100  loss=0.8111  bal_acc=0.3160
  epoch  10/100  loss=0.7963  bal_acc=0.3455
  epoch  11/100  loss=0.7753  bal_acc=0.3819
  epoch  12/100  loss=0.7622  bal_acc=0.3663
  epoch  13/100  loss=0.7253  bal_acc=0.3351
  epoch  14/100  loss=0.6988  bal_acc=0.3733
  epoch  15/100  loss=0.6864  bal_acc=0.3663
  epoch  16/100  loss=0.6686  bal_acc=0.3507
  epoch  17/100  loss=0.6654  bal_acc=0.3559
  epoch  18/100  loss=0.6463  bal_acc=0.3628
  epoch  19/100  loss=0.6350  bal_acc=0.3142
  epoch  20/100  loss=0.6270  bal_acc=0.3281
  epoch  21/100  loss=0.6055  bal_acc=0.3264
  epoch  22/100  loss=0.5896  bal_acc=0.3160
  epoch  23/100  loss=0.5956  bal_acc=0.3698
  epoch  24/100  loss=0.5718  bal_acc=0.3663
  epoch  25/100  loss=0.5605  bal_acc=0.3021
  epoch  26/100  loss=0.5651  bal_acc=0.3385
  epoch  27/100  loss=0.5543  bal_acc=0.3455
  epoch  28/100  loss=0.5385  bal_acc=0.3524
  epoch  29/100  loss=0.5197  bal_acc=0.3611
  epoch  30/100  loss=0.5174  bal_acc=0.3576
  epoch  31/100  loss=0.5230  bal_acc=0.3837
  epoch  32/100  loss=0.5170  bal_acc=0.3646
  epoch  33/100  loss=0.5049  bal_acc=0.3837
  epoch  34/100  loss=0.5054  bal_acc=0.3507
  epoch  35/100  loss=0.5011  bal_acc=0.3438
  epoch  36/100  loss=0.4919  bal_acc=0.3299
  epoch  37/100  loss=0.4941  bal_acc=0.3420
  epoch  38/100  loss=0.4786  bal_acc=0.3767
  epoch  39/100  loss=0.4775  bal_acc=0.3542
  epoch  40/100  loss=0.4843  bal_acc=0.3837
  epoch  41/100  loss=0.4669  bal_acc=0.3490
  epoch  42/100  loss=0.4642  bal_acc=0.3524
  epoch  43/100  loss=0.4464  bal_acc=0.3073
  epoch  44/100  loss=0.4465  bal_acc=0.3247
  epoch  45/100  loss=0.4520  bal_acc=0.3542
  epoch  46/100  loss=0.4495  bal_acc=0.3785
  epoch  47/100  loss=0.4568  bal_acc=0.3212
  epoch  48/100  loss=0.4370  bal_acc=0.3611
  epoch  49/100  loss=0.4296  bal_acc=0.3663
  epoch  50/100  loss=0.4226  bal_acc=0.3576
  epoch  51/100  loss=0.4296  bal_acc=0.3281
  epoch  52/100  loss=0.4180  bal_acc=0.3385
  epoch  53/100  loss=0.4213  bal_acc=0.3594
  epoch  54/100  loss=0.4215  bal_acc=0.3733
  epoch  55/100  loss=0.4205  bal_acc=0.3576
  epoch  56/100  loss=0.4133  bal_acc=0.3733
  epoch  57/100  loss=0.4193  bal_acc=0.3611
  epoch  58/100  loss=0.4078  bal_acc=0.3837
  epoch  59/100  loss=0.4034  bal_acc=0.3576
  epoch  60/100  loss=0.4023  bal_acc=0.3767
  epoch  61/100  loss=0.3891  bal_acc=0.3715
  epoch  62/100  loss=0.3907  bal_acc=0.3594
  epoch  63/100  loss=0.3918  bal_acc=0.3958
  epoch  64/100  loss=0.3977  bal_acc=0.3906
  epoch  65/100  loss=0.3721  bal_acc=0.3611
  epoch  66/100  loss=0.3753  bal_acc=0.3976
  epoch  67/100  loss=0.3855  bal_acc=0.3924
  epoch  68/100  loss=0.3829  bal_acc=0.3993
  epoch  69/100  loss=0.3762  bal_acc=0.3733
  epoch  70/100  loss=0.3872  bal_acc=0.3785
  epoch  71/100  loss=0.3685  bal_acc=0.3889
  epoch  72/100  loss=0.3542  bal_acc=0.3385
  epoch  73/100  loss=0.3658  bal_acc=0.3542
  epoch  74/100  loss=0.3643  bal_acc=0.3976
  epoch  75/100  loss=0.3477  bal_acc=0.2917
  epoch  76/100  loss=0.3498  bal_acc=0.3108
  epoch  77/100  loss=0.3643  bal_acc=0.3819
  epoch  78/100  loss=0.3562  bal_acc=0.3507
  epoch  79/100  loss=0.3605  bal_acc=0.3785
  epoch  80/100  loss=0.3417  bal_acc=0.3941
  epoch  81/100  loss=0.3701  bal_acc=0.3646
  epoch  82/100  loss=0.3535  bal_acc=0.3663
  epoch  83/100  loss=0.3577  bal_acc=0.3733
  epoch  84/100  loss=0.3376  bal_acc=0.3333
  epoch  85/100  loss=0.3402  bal_acc=0.3663
  epoch  86/100  loss=0.3462  bal_acc=0.3819
  epoch  87/100  loss=0.3496  bal_acc=0.3785
  epoch  88/100  loss=0.3489  bal_acc=0.3611
  epoch  89/100  loss=0.3512  bal_acc=0.3628
  epoch  90/100  loss=0.3406  bal_acc=0.3229
  epoch  91/100  loss=0.3390  bal_acc=0.3663
  epoch  92/100  loss=0.3392  bal_acc=0.3889
  epoch  93/100  loss=0.3223  bal_acc=0.3819
  epoch  94/100  loss=0.3201  bal_acc=0.3906
  epoch  95/100  loss=0.3251  bal_acc=0.3993
  epoch  96/100  loss=0.3450  bal_acc=0.3802
  epoch  97/100  loss=0.3357  bal_acc=0.3819
  epoch  98/100  loss=0.3305  bal_acc=0.3941
  epoch  99/100  loss=0.3403  bal_acc=0.3333
  epoch 100/100  loss=0.3259  bal_acc=0.4028
  [LOSO 2/9] subject 1: acc=0.4028  running_mean=0.5165

=== LOSO (hold out subject 2) ===
  Train: 4608 trials  |  Test: 576 trials
  Model params: 11,646
  epoch   1/100  loss=1.3763  bal_acc=0.3420
  epoch   2/100  loss=1.2794  bal_acc=0.5781
  epoch   3/100  loss=1.1627  bal_acc=0.5625
  epoch   4/100  loss=1.0949  bal_acc=0.6250
  epoch   5/100  loss=1.0394  bal_acc=0.5556
  epoch   6/100  loss=0.9916  bal_acc=0.5903
  epoch   7/100  loss=0.9640  bal_acc=0.5608
  epoch   8/100  loss=0.9334  bal_acc=0.5851
  epoch   9/100  loss=0.8972  bal_acc=0.3819
  epoch  10/100  loss=0.8870  bal_acc=0.4913
  epoch  11/100  loss=0.8535  bal_acc=0.5799
  epoch  12/100  loss=0.8376  bal_acc=0.5642
  epoch  13/100  loss=0.8155  bal_acc=0.5000
  epoch  14/100  loss=0.7950  bal_acc=0.5104
  epoch  15/100  loss=0.7799  bal_acc=0.4670
  epoch  16/100  loss=0.7621  bal_acc=0.5642
  epoch  17/100  loss=0.7472  bal_acc=0.5833
  epoch  18/100  loss=0.7299  bal_acc=0.4809
  epoch  19/100  loss=0.7122  bal_acc=0.5729
  epoch  20/100  loss=0.6966  bal_acc=0.6215
  epoch  21/100  loss=0.6858  bal_acc=0.5052
  epoch  22/100  loss=0.6702  bal_acc=0.5972
  epoch  23/100  loss=0.6648  bal_acc=0.4913
  epoch  24/100  loss=0.6370  bal_acc=0.5608
  epoch  25/100  loss=0.6364  bal_acc=0.5816
  epoch  26/100  loss=0.6357  bal_acc=0.5851
  epoch  27/100  loss=0.6328  bal_acc=0.5851
  epoch  28/100  loss=0.6230  bal_acc=0.6059
  epoch  29/100  loss=0.6009  bal_acc=0.5087
  epoch  30/100  loss=0.5941  bal_acc=0.5087
  epoch  31/100  loss=0.5846  bal_acc=0.5469
  epoch  32/100  loss=0.5769  bal_acc=0.5330
  epoch  33/100  loss=0.5607  bal_acc=0.5799
  epoch  34/100  loss=0.5636  bal_acc=0.5035
  epoch  35/100  loss=0.5571  bal_acc=0.5764
  epoch  36/100  loss=0.5437  bal_acc=0.5694
  epoch  37/100  loss=0.5491  bal_acc=0.5938
  epoch  38/100  loss=0.5533  bal_acc=0.5347
  epoch  39/100  loss=0.5325  bal_acc=0.4601
  epoch  40/100  loss=0.5230  bal_acc=0.4653
  epoch  41/100  loss=0.5164  bal_acc=0.5486
  epoch  42/100  loss=0.5291  bal_acc=0.5191
  epoch  43/100  loss=0.5217  bal_acc=0.5208
  epoch  44/100  loss=0.5379  bal_acc=0.4844
  epoch  45/100  loss=0.5125  bal_acc=0.5243
  epoch  46/100  loss=0.4988  bal_acc=0.5521
  epoch  47/100  loss=0.5036  bal_acc=0.5208
  epoch  48/100  loss=0.4875  bal_acc=0.5347
  epoch  49/100  loss=0.4856  bal_acc=0.5347
  epoch  50/100  loss=0.4921  bal_acc=0.4878
  epoch  51/100  loss=0.4815  bal_acc=0.5434
  epoch  52/100  loss=0.4967  bal_acc=0.6128
  epoch  53/100  loss=0.4887  bal_acc=0.5920
  epoch  54/100  loss=0.4643  bal_acc=0.4896
  epoch  55/100  loss=0.4754  bal_acc=0.4861
  epoch  56/100  loss=0.4523  bal_acc=0.5660
  epoch  57/100  loss=0.4679  bal_acc=0.5087
  epoch  58/100  loss=0.4541  bal_acc=0.5503
  epoch  59/100  loss=0.4541  bal_acc=0.4896
  epoch  60/100  loss=0.4496  bal_acc=0.4427
  epoch  61/100  loss=0.4647  bal_acc=0.5087
  epoch  62/100  loss=0.4439  bal_acc=0.6024
  epoch  63/100  loss=0.4574  bal_acc=0.6007
  epoch  64/100  loss=0.4454  bal_acc=0.5903
  epoch  65/100  loss=0.4352  bal_acc=0.5312
  epoch  66/100  loss=0.4363  bal_acc=0.6111
  epoch  67/100  loss=0.4291  bal_acc=0.5573
  epoch  68/100  loss=0.4394  bal_acc=0.5573
  epoch  69/100  loss=0.4350  bal_acc=0.5556
  epoch  70/100  loss=0.4276  bal_acc=0.5660
  epoch  71/100  loss=0.4436  bal_acc=0.5503
  epoch  72/100  loss=0.4203  bal_acc=0.4670
  epoch  73/100  loss=0.4184  bal_acc=0.5069
  epoch  74/100  loss=0.4228  bal_acc=0.6024
  epoch  75/100  loss=0.4152  bal_acc=0.5781
  epoch  76/100  loss=0.4031  bal_acc=0.5642
  epoch  77/100  loss=0.4080  bal_acc=0.5799
  epoch  78/100  loss=0.4134  bal_acc=0.4774
  epoch  79/100  loss=0.3891  bal_acc=0.5208
  epoch  80/100  loss=0.4063  bal_acc=0.4618
  epoch  81/100  loss=0.4051  bal_acc=0.4583
  epoch  82/100  loss=0.3994  bal_acc=0.4688
  epoch  83/100  loss=0.3986  bal_acc=0.4705
  epoch  84/100  loss=0.4028  bal_acc=0.5087
  epoch  85/100  loss=0.3945  bal_acc=0.5781
  epoch  86/100  loss=0.3929  bal_acc=0.4983
  epoch  87/100  loss=0.4006  bal_acc=0.5677
  epoch  88/100  loss=0.3896  bal_acc=0.4983
  epoch  89/100  loss=0.3841  bal_acc=0.5260
  epoch  90/100  loss=0.3762  bal_acc=0.5365
  epoch  91/100  loss=0.3868  bal_acc=0.4878
  epoch  92/100  loss=0.3784  bal_acc=0.5642
  epoch  93/100  loss=0.3741  bal_acc=0.5191
  epoch  94/100  loss=0.3827  bal_acc=0.5451
  epoch  95/100  loss=0.3966  bal_acc=0.5434
  epoch  96/100  loss=0.3881  bal_acc=0.5764
  epoch  97/100  loss=0.3683  bal_acc=0.5556
  epoch  98/100  loss=0.3733  bal_acc=0.5035
  epoch  99/100  loss=0.3805  bal_acc=0.5660
  epoch 100/100  loss=0.3752  bal_acc=0.6128
  [LOSO 3/9] subject 2: acc=0.6128  running_mean=0.5486

=== LOSO (hold out subject 3) ===
  Train: 4608 trials  |  Test: 576 trials
  Model params: 11,646
  epoch   1/100  loss=1.3619  bal_acc=0.3351
  epoch   2/100  loss=1.2252  bal_acc=0.3316
  epoch   3/100  loss=1.0935  bal_acc=0.3403
  epoch   4/100  loss=1.0196  bal_acc=0.3264
  epoch   5/100  loss=0.9732  bal_acc=0.3559
  epoch   6/100  loss=0.9206  bal_acc=0.3420
  epoch   7/100  loss=0.8901  bal_acc=0.3872
  epoch   8/100  loss=0.8587  bal_acc=0.3750
  epoch   9/100  loss=0.8328  bal_acc=0.3507
  epoch  10/100  loss=0.8074  bal_acc=0.3507
  epoch  11/100  loss=0.7816  bal_acc=0.3542
  epoch  12/100  loss=0.7565  bal_acc=0.3819
  epoch  13/100  loss=0.7473  bal_acc=0.3594
  epoch  14/100  loss=0.7178  bal_acc=0.4010
  epoch  15/100  loss=0.7213  bal_acc=0.3038
  epoch  16/100  loss=0.7024  bal_acc=0.3785
  epoch  17/100  loss=0.6712  bal_acc=0.3837
  epoch  18/100  loss=0.6660  bal_acc=0.3281
  epoch  19/100  loss=0.6509  bal_acc=0.3333
  epoch  20/100  loss=0.6438  bal_acc=0.3403
  epoch  21/100  loss=0.6264  bal_acc=0.2830
  epoch  22/100  loss=0.6212  bal_acc=0.3594
  epoch  23/100  loss=0.6043  bal_acc=0.3872
  epoch  24/100  loss=0.5943  bal_acc=0.3854
  epoch  25/100  loss=0.5801  bal_acc=0.3767
  epoch  26/100  loss=0.5650  bal_acc=0.3958
  epoch  27/100  loss=0.5705  bal_acc=0.3733
  epoch  28/100  loss=0.5682  bal_acc=0.3247
  epoch  29/100  loss=0.5502  bal_acc=0.4080
  epoch  30/100  loss=0.5599  bal_acc=0.3611
  epoch  31/100  loss=0.5257  bal_acc=0.3837
  epoch  32/100  loss=0.5271  bal_acc=0.3385
  epoch  33/100  loss=0.5219  bal_acc=0.4288
  epoch  34/100  loss=0.5285  bal_acc=0.2969
  epoch  35/100  loss=0.5236  bal_acc=0.3854
  epoch  36/100  loss=0.5007  bal_acc=0.3247
  epoch  37/100  loss=0.5110  bal_acc=0.3785
  epoch  38/100  loss=0.4909  bal_acc=0.4132
  epoch  39/100  loss=0.4869  bal_acc=0.3906
  epoch  40/100  loss=0.4709  bal_acc=0.3750
  epoch  41/100  loss=0.4727  bal_acc=0.3542
  epoch  42/100  loss=0.4566  bal_acc=0.3802
  epoch  43/100  loss=0.4637  bal_acc=0.3889
  epoch  44/100  loss=0.4509  bal_acc=0.3837
  epoch  45/100  loss=0.4545  bal_acc=0.3958
  epoch  46/100  loss=0.4643  bal_acc=0.4028
  epoch  47/100  loss=0.4327  bal_acc=0.4306
  epoch  48/100  loss=0.4337  bal_acc=0.3524
  epoch  49/100  loss=0.4377  bal_acc=0.3507
  epoch  50/100  loss=0.4465  bal_acc=0.3889
  epoch  51/100  loss=0.4250  bal_acc=0.3889
  epoch  52/100  loss=0.4266  bal_acc=0.3715
  epoch  53/100  loss=0.4015  bal_acc=0.3802
  epoch  54/100  loss=0.4137  bal_acc=0.3056
  epoch  55/100  loss=0.4195  bal_acc=0.3542
  epoch  56/100  loss=0.4048  bal_acc=0.4010
