
[notice] A new release of pip is available: 24.2 -> 26.1.2
[notice] To update, run: pip install --upgrade pip

[notice] A new release of pip is available: 24.2 -> 26.1.2
[notice] To update, run: pip install --upgrade pip
ERROR: Invalid requirement: 'Binary file requirements.txt matches': Expected end or semicolon (after name and no valid version specifier)
    Binary file requirements.txt matches
           ^ (from line 1 of /home/aleksander.berezowsk/requirements_notorch.txt)

[notice] A new release of pip is available: 24.2 -> 26.1.2
[notice] To update, run: pip install --upgrade pip

[notice] A new release of pip is available: 24.2 -> 26.1.2
[notice] To update, run: pip install --upgrade pip
/home/aleksander.berezowsk/spiking-eegnet/src/quantization_testing/model_analysis.py:292: UserWarning: This figure includes Axes that are not compatible with tight_layout, so results might be incorrect.
  fig.tight_layout()
/home/aleksander.berezowsk/spiking-eegnet/src/quantization_testing/evaluator.py:164: UserWarning: To copy construct from a tensor, it is recommended to use sourceTensor.clone().detach() or sourceTensor.clone().detach().requires_grad_(True), rather than torch.tensor(sourceTensor).
  beta1 = _qp(q, torch.tensor(model.lif1.beta, dtype=torch.float32))
/home/aleksander.berezowsk/spiking-eegnet/src/quantization_testing/evaluator.py:165: UserWarning: To copy construct from a tensor, it is recommended to use sourceTensor.clone().detach() or sourceTensor.clone().detach().requires_grad_(True), rather than torch.tensor(sourceTensor).
  beta2 = _qp(q, torch.tensor(model.lif2.beta, dtype=torch.float32))
/home/aleksander.berezowsk/spiking-eegnet/src/quantization_testing/evaluator.py:166: UserWarning: To copy construct from a tensor, it is recommended to use sourceTensor.clone().detach() or sourceTensor.clone().detach().requires_grad_(True), rather than torch.tensor(sourceTensor).
  beta3 = _qp(q, torch.tensor(model.lif3.beta, dtype=torch.float32))
/home/aleksander.berezowsk/spiking-eegnet/src/quantization_testing/evaluator.py:164: UserWarning: To copy construct from a tensor, it is recommended to use sourceTensor.clone().detach() or sourceTensor.clone().detach().requires_grad_(True), rather than torch.tensor(sourceTensor).
  beta1 = _qp(q, torch.tensor(model.lif1.beta, dtype=torch.float32))
/home/aleksander.berezowsk/spiking-eegnet/src/quantization_testing/evaluator.py:165: UserWarning: To copy construct from a tensor, it is recommended to use sourceTensor.clone().detach() or sourceTensor.clone().detach().requires_grad_(True), rather than torch.tensor(sourceTensor).
  beta2 = _qp(q, torch.tensor(model.lif2.beta, dtype=torch.float32))
/home/aleksander.berezowsk/spiking-eegnet/src/quantization_testing/evaluator.py:166: UserWarning: To copy construct from a tensor, it is recommended to use sourceTensor.clone().detach() or sourceTensor.clone().detach().requires_grad_(True), rather than torch.tensor(sourceTensor).
  beta3 = _qp(q, torch.tensor(model.lif3.beta, dtype=torch.float32))
/home/aleksander.berezowsk/spiking-eegnet/src/quantization_testing/evaluator.py:164: UserWarning: To copy construct from a tensor, it is recommended to use sourceTensor.clone().detach() or sourceTensor.clone().detach().requires_grad_(True), rather than torch.tensor(sourceTensor).
  beta1 = _qp(q, torch.tensor(model.lif1.beta, dtype=torch.float32))
/home/aleksander.berezowsk/spiking-eegnet/src/quantization_testing/evaluator.py:165: UserWarning: To copy construct from a tensor, it is recommended to use sourceTensor.clone().detach() or sourceTensor.clone().detach().requires_grad_(True), rather than torch.tensor(sourceTensor).
  beta2 = _qp(q, torch.tensor(model.lif2.beta, dtype=torch.float32))
/home/aleksander.berezowsk/spiking-eegnet/src/quantization_testing/evaluator.py:166: UserWarning: To copy construct from a tensor, it is recommended to use sourceTensor.clone().detach() or sourceTensor.clone().detach().requires_grad_(True), rather than torch.tensor(sourceTensor).
  beta3 = _qp(q, torch.tensor(model.lif3.beta, dtype=torch.float32))
/home/aleksander.berezowsk/spiking-eegnet/src/quantization_testing/evaluator.py:164: UserWarning: To copy construct from a tensor, it is recommended to use sourceTensor.clone().detach() or sourceTensor.clone().detach().requires_grad_(True), rather than torch.tensor(sourceTensor).
  beta1 = _qp(q, torch.tensor(model.lif1.beta, dtype=torch.float32))
/home/aleksander.berezowsk/spiking-eegnet/src/quantization_testing/evaluator.py:165: UserWarning: To copy construct from a tensor, it is recommended to use sourceTensor.clone().detach() or sourceTensor.clone().detach().requires_grad_(True), rather than torch.tensor(sourceTensor).
  beta2 = _qp(q, torch.tensor(model.lif2.beta, dtype=torch.float32))
/home/aleksander.berezowsk/spiking-eegnet/src/quantization_testing/evaluator.py:166: UserWarning: To copy construct from a tensor, it is recommended to use sourceTensor.clone().detach() or sourceTensor.clone().detach().requires_grad_(True), rather than torch.tensor(sourceTensor).
  beta3 = _qp(q, torch.tensor(model.lif3.beta, dtype=torch.float32))
/home/aleksander.berezowsk/spiking-eegnet/src/quantization_testing/evaluator.py:164: UserWarning: To copy construct from a tensor, it is recommended to use sourceTensor.clone().detach() or sourceTensor.clone().detach().requires_grad_(True), rather than torch.tensor(sourceTensor).
  beta1 = _qp(q, torch.tensor(model.lif1.beta, dtype=torch.float32))
/home/aleksander.berezowsk/spiking-eegnet/src/quantization_testing/evaluator.py:165: UserWarning: To copy construct from a tensor, it is recommended to use sourceTensor.clone().detach() or sourceTensor.clone().detach().requires_grad_(True), rather than torch.tensor(sourceTensor).
  beta2 = _qp(q, torch.tensor(model.lif2.beta, dtype=torch.float32))
/home/aleksander.berezowsk/spiking-eegnet/src/quantization_testing/evaluator.py:166: UserWarning: To copy construct from a tensor, it is recommended to use sourceTensor.clone().detach() or sourceTensor.clone().detach().requires_grad_(True), rather than torch.tensor(sourceTensor).
  beta3 = _qp(q, torch.tensor(model.lif3.beta, dtype=torch.float32))
/home/aleksander.berezowsk/spiking-eegnet/src/quantization_testing/evaluator.py:164: UserWarning: To copy construct from a tensor, it is recommended to use sourceTensor.clone().detach() or sourceTensor.clone().detach().requires_grad_(True), rather than torch.tensor(sourceTensor).
  beta1 = _qp(q, torch.tensor(model.lif1.beta, dtype=torch.float32))
/home/aleksander.berezowsk/spiking-eegnet/src/quantization_testing/evaluator.py:165: UserWarning: To copy construct from a tensor, it is recommended to use sourceTensor.clone().detach() or sourceTensor.clone().detach().requires_grad_(True), rather than torch.tensor(sourceTensor).
  beta2 = _qp(q, torch.tensor(model.lif2.beta, dtype=torch.float32))
/home/aleksander.berezowsk/spiking-eegnet/src/quantization_testing/evaluator.py:166: UserWarning: To copy construct from a tensor, it is recommended to use sourceTensor.clone().detach() or sourceTensor.clone().detach().requires_grad_(True), rather than torch.tensor(sourceTensor).
  beta3 = _qp(q, torch.tensor(model.lif3.beta, dtype=torch.float32))
/home/aleksander.berezowsk/spiking-eegnet/src/quantization_testing/evaluator.py:164: UserWarning: To copy construct from a tensor, it is recommended to use sourceTensor.clone().detach() or sourceTensor.clone().detach().requires_grad_(True), rather than torch.tensor(sourceTensor).
  beta1 = _qp(q, torch.tensor(model.lif1.beta, dtype=torch.float32))
/home/aleksander.berezowsk/spiking-eegnet/src/quantization_testing/evaluator.py:165: UserWarning: To copy construct from a tensor, it is recommended to use sourceTensor.clone().detach() or sourceTensor.clone().detach().requires_grad_(True), rather than torch.tensor(sourceTensor).
  beta2 = _qp(q, torch.tensor(model.lif2.beta, dtype=torch.float32))
/home/aleksander.berezowsk/spiking-eegnet/src/quantization_testing/evaluator.py:166: UserWarning: To copy construct from a tensor, it is recommended to use sourceTensor.clone().detach() or sourceTensor.clone().detach().requires_grad_(True), rather than torch.tensor(sourceTensor).
  beta3 = _qp(q, torch.tensor(model.lif3.beta, dtype=torch.float32))
/home/aleksander.berezowsk/spiking-eegnet/src/quantization_testing/evaluator.py:164: UserWarning: To copy construct from a tensor, it is recommended to use sourceTensor.clone().detach() or sourceTensor.clone().detach().requires_grad_(True), rather than torch.tensor(sourceTensor).
  beta1 = _qp(q, torch.tensor(model.lif1.beta, dtype=torch.float32))
/home/aleksander.berezowsk/spiking-eegnet/src/quantization_testing/evaluator.py:165: UserWarning: To copy construct from a tensor, it is recommended to use sourceTensor.clone().detach() or sourceTensor.clone().detach().requires_grad_(True), rather than torch.tensor(sourceTensor).
  beta2 = _qp(q, torch.tensor(model.lif2.beta, dtype=torch.float32))
/home/aleksander.berezowsk/spiking-eegnet/src/quantization_testing/evaluator.py:166: UserWarning: To copy construct from a tensor, it is recommended to use sourceTensor.clone().detach() or sourceTensor.clone().detach().requires_grad_(True), rather than torch.tensor(sourceTensor).
  beta3 = _qp(q, torch.tensor(model.lif3.beta, dtype=torch.float32))
/home/aleksander.berezowsk/spiking-eegnet/src/quantization_testing/evaluator.py:164: UserWarning: To copy construct from a tensor, it is recommended to use sourceTensor.clone().detach() or sourceTensor.clone().detach().requires_grad_(True), rather than torch.tensor(sourceTensor).
  beta1 = _qp(q, torch.tensor(model.lif1.beta, dtype=torch.float32))
/home/aleksander.berezowsk/spiking-eegnet/src/quantization_testing/evaluator.py:165: UserWarning: To copy construct from a tensor, it is recommended to use sourceTensor.clone().detach() or sourceTensor.clone().detach().requires_grad_(True), rather than torch.tensor(sourceTensor).
  beta2 = _qp(q, torch.tensor(model.lif2.beta, dtype=torch.float32))
/home/aleksander.berezowsk/spiking-eegnet/src/quantization_testing/evaluator.py:166: UserWarning: To copy construct from a tensor, it is recommended to use sourceTensor.clone().detach() or sourceTensor.clone().detach().requires_grad_(True), rather than torch.tensor(sourceTensor).
  beta3 = _qp(q, torch.tensor(model.lif3.beta, dtype=torch.float32))
/home/aleksander.berezowsk/spiking-eegnet/src/quantization_testing/evaluator.py:164: UserWarning: To copy construct from a tensor, it is recommended to use sourceTensor.clone().detach() or sourceTensor.clone().detach().requires_grad_(True), rather than torch.tensor(sourceTensor).
  beta1 = _qp(q, torch.tensor(model.lif1.beta, dtype=torch.float32))
/home/aleksander.berezowsk/spiking-eegnet/src/quantization_testing/evaluator.py:165: UserWarning: To copy construct from a tensor, it is recommended to use sourceTensor.clone().detach() or sourceTensor.clone().detach().requires_grad_(True), rather than torch.tensor(sourceTensor).
  beta2 = _qp(q, torch.tensor(model.lif2.beta, dtype=torch.float32))
/home/aleksander.berezowsk/spiking-eegnet/src/quantization_testing/evaluator.py:166: UserWarning: To copy construct from a tensor, it is recommended to use sourceTensor.clone().detach() or sourceTensor.clone().detach().requires_grad_(True), rather than torch.tensor(sourceTensor).
  beta3 = _qp(q, torch.tensor(model.lif3.beta, dtype=torch.float32))
/home/aleksander.berezowsk/spiking-eegnet/src/quantization_testing/evaluator.py:164: UserWarning: To copy construct from a tensor, it is recommended to use sourceTensor.clone().detach() or sourceTensor.clone().detach().requires_grad_(True), rather than torch.tensor(sourceTensor).
  beta1 = _qp(q, torch.tensor(model.lif1.beta, dtype=torch.float32))
/home/aleksander.berezowsk/spiking-eegnet/src/quantization_testing/evaluator.py:165: UserWarning: To copy construct from a tensor, it is recommended to use sourceTensor.clone().detach() or sourceTensor.clone().detach().requires_grad_(True), rather than torch.tensor(sourceTensor).
  beta2 = _qp(q, torch.tensor(model.lif2.beta, dtype=torch.float32))
/home/aleksander.berezowsk/spiking-eegnet/src/quantization_testing/evaluator.py:166: UserWarning: To copy construct from a tensor, it is recommended to use sourceTensor.clone().detach() or sourceTensor.clone().detach().requires_grad_(True), rather than torch.tensor(sourceTensor).
  beta3 = _qp(q, torch.tensor(model.lif3.beta, dtype=torch.float32))
/home/aleksander.berezowsk/spiking-eegnet/src/quantization_testing/evaluator.py:164: UserWarning: To copy construct from a tensor, it is recommended to use sourceTensor.clone().detach() or sourceTensor.clone().detach().requires_grad_(True), rather than torch.tensor(sourceTensor).
  beta1 = _qp(q, torch.tensor(model.lif1.beta, dtype=torch.float32))
/home/aleksander.berezowsk/spiking-eegnet/src/quantization_testing/evaluator.py:165: UserWarning: To copy construct from a tensor, it is recommended to use sourceTensor.clone().detach() or sourceTensor.clone().detach().requires_grad_(True), rather than torch.tensor(sourceTensor).
  beta2 = _qp(q, torch.tensor(model.lif2.beta, dtype=torch.float32))
/home/aleksander.berezowsk/spiking-eegnet/src/quantization_testing/evaluator.py:166: UserWarning: To copy construct from a tensor, it is recommended to use sourceTensor.clone().detach() or sourceTensor.clone().detach().requires_grad_(True), rather than torch.tensor(sourceTensor).
  beta3 = _qp(q, torch.tensor(model.lif3.beta, dtype=torch.float32))
/home/aleksander.berezowsk/spiking-eegnet/src/quantization_testing/evaluator.py:164: UserWarning: To copy construct from a tensor, it is recommended to use sourceTensor.clone().detach() or sourceTensor.clone().detach().requires_grad_(True), rather than torch.tensor(sourceTensor).
  beta1 = _qp(q, torch.tensor(model.lif1.beta, dtype=torch.float32))
/home/aleksander.berezowsk/spiking-eegnet/src/quantization_testing/evaluator.py:165: UserWarning: To copy construct from a tensor, it is recommended to use sourceTensor.clone().detach() or sourceTensor.clone().detach().requires_grad_(True), rather than torch.tensor(sourceTensor).
  beta2 = _qp(q, torch.tensor(model.lif2.beta, dtype=torch.float32))
/home/aleksander.berezowsk/spiking-eegnet/src/quantization_testing/evaluator.py:166: UserWarning: To copy construct from a tensor, it is recommended to use sourceTensor.clone().detach() or sourceTensor.clone().detach().requires_grad_(True), rather than torch.tensor(sourceTensor).
  beta3 = _qp(q, torch.tensor(model.lif3.beta, dtype=torch.float32))
/home/aleksander.berezowsk/spiking-eegnet/src/quantization_testing/evaluator.py:164: UserWarning: To copy construct from a tensor, it is recommended to use sourceTensor.clone().detach() or sourceTensor.clone().detach().requires_grad_(True), rather than torch.tensor(sourceTensor).
  beta1 = _qp(q, torch.tensor(model.lif1.beta, dtype=torch.float32))
/home/aleksander.berezowsk/spiking-eegnet/src/quantization_testing/evaluator.py:165: UserWarning: To copy construct from a tensor, it is recommended to use sourceTensor.clone().detach() or sourceTensor.clone().detach().requires_grad_(True), rather than torch.tensor(sourceTensor).
  beta2 = _qp(q, torch.tensor(model.lif2.beta, dtype=torch.float32))
/home/aleksander.berezowsk/spiking-eegnet/src/quantization_testing/evaluator.py:166: UserWarning: To copy construct from a tensor, it is recommended to use sourceTensor.clone().detach() or sourceTensor.clone().detach().requires_grad_(True), rather than torch.tensor(sourceTensor).
  beta3 = _qp(q, torch.tensor(model.lif3.beta, dtype=torch.float32))
/home/aleksander.berezowsk/spiking-eegnet/src/quantization_testing/evaluator.py:164: UserWarning: To copy construct from a tensor, it is recommended to use sourceTensor.clone().detach() or sourceTensor.clone().detach().requires_grad_(True), rather than torch.tensor(sourceTensor).
  beta1 = _qp(q, torch.tensor(model.lif1.beta, dtype=torch.float32))
/home/aleksander.berezowsk/spiking-eegnet/src/quantization_testing/evaluator.py:165: UserWarning: To copy construct from a tensor, it is recommended to use sourceTensor.clone().detach() or sourceTensor.clone().detach().requires_grad_(True), rather than torch.tensor(sourceTensor).
  beta2 = _qp(q, torch.tensor(model.lif2.beta, dtype=torch.float32))
/home/aleksander.berezowsk/spiking-eegnet/src/quantization_testing/evaluator.py:166: UserWarning: To copy construct from a tensor, it is recommended to use sourceTensor.clone().detach() or sourceTensor.clone().detach().requires_grad_(True), rather than torch.tensor(sourceTensor).
  beta3 = _qp(q, torch.tensor(model.lif3.beta, dtype=torch.float32))
/home/aleksander.berezowsk/spiking-eegnet/src/quantization_testing/evaluator.py:164: UserWarning: To copy construct from a tensor, it is recommended to use sourceTensor.clone().detach() or sourceTensor.clone().detach().requires_grad_(True), rather than torch.tensor(sourceTensor).
  beta1 = _qp(q, torch.tensor(model.lif1.beta, dtype=torch.float32))
/home/aleksander.berezowsk/spiking-eegnet/src/quantization_testing/evaluator.py:165: UserWarning: To copy construct from a tensor, it is recommended to use sourceTensor.clone().detach() or sourceTensor.clone().detach().requires_grad_(True), rather than torch.tensor(sourceTensor).
  beta2 = _qp(q, torch.tensor(model.lif2.beta, dtype=torch.float32))
/home/aleksander.berezowsk/spiking-eegnet/src/quantization_testing/evaluator.py:166: UserWarning: To copy construct from a tensor, it is recommended to use sourceTensor.clone().detach() or sourceTensor.clone().detach().requires_grad_(True), rather than torch.tensor(sourceTensor).
  beta3 = _qp(q, torch.tensor(model.lif3.beta, dtype=torch.float32))
/home/aleksander.berezowsk/spiking-eegnet/src/quantization_testing/evaluator.py:164: UserWarning: To copy construct from a tensor, it is recommended to use sourceTensor.clone().detach() or sourceTensor.clone().detach().requires_grad_(True), rather than torch.tensor(sourceTensor).
  beta1 = _qp(q, torch.tensor(model.lif1.beta, dtype=torch.float32))
/home/aleksander.berezowsk/spiking-eegnet/src/quantization_testing/evaluator.py:165: UserWarning: To copy construct from a tensor, it is recommended to use sourceTensor.clone().detach() or sourceTensor.clone().detach().requires_grad_(True), rather than torch.tensor(sourceTensor).
  beta2 = _qp(q, torch.tensor(model.lif2.beta, dtype=torch.float32))
/home/aleksander.berezowsk/spiking-eegnet/src/quantization_testing/evaluator.py:166: UserWarning: To copy construct from a tensor, it is recommended to use sourceTensor.clone().detach() or sourceTensor.clone().detach().requires_grad_(True), rather than torch.tensor(sourceTensor).
  beta3 = _qp(q, torch.tensor(model.lif3.beta, dtype=torch.float32))
/home/aleksander.berezowsk/spiking-eegnet/src/quantization_testing/evaluator.py:164: UserWarning: To copy construct from a tensor, it is recommended to use sourceTensor.clone().detach() or sourceTensor.clone().detach().requires_grad_(True), rather than torch.tensor(sourceTensor).
  beta1 = _qp(q, torch.tensor(model.lif1.beta, dtype=torch.float32))
/home/aleksander.berezowsk/spiking-eegnet/src/quantization_testing/evaluator.py:165: UserWarning: To copy construct from a tensor, it is recommended to use sourceTensor.clone().detach() or sourceTensor.clone().detach().requires_grad_(True), rather than torch.tensor(sourceTensor).
  beta2 = _qp(q, torch.tensor(model.lif2.beta, dtype=torch.float32))
/home/aleksander.berezowsk/spiking-eegnet/src/quantization_testing/evaluator.py:166: UserWarning: To copy construct from a tensor, it is recommended to use sourceTensor.clone().detach() or sourceTensor.clone().detach().requires_grad_(True), rather than torch.tensor(sourceTensor).
  beta3 = _qp(q, torch.tensor(model.lif3.beta, dtype=torch.float32))
/home/aleksander.berezowsk/spiking-eegnet/src/quantization_testing/evaluator.py:164: UserWarning: To copy construct from a tensor, it is recommended to use sourceTensor.clone().detach() or sourceTensor.clone().detach().requires_grad_(True), rather than torch.tensor(sourceTensor).
  beta1 = _qp(q, torch.tensor(model.lif1.beta, dtype=torch.float32))
/home/aleksander.berezowsk/spiking-eegnet/src/quantization_testing/evaluator.py:165: UserWarning: To copy construct from a tensor, it is recommended to use sourceTensor.clone().detach() or sourceTensor.clone().detach().requires_grad_(True), rather than torch.tensor(sourceTensor).
  beta2 = _qp(q, torch.tensor(model.lif2.beta, dtype=torch.float32))
/home/aleksander.berezowsk/spiking-eegnet/src/quantization_testing/evaluator.py:166: UserWarning: To copy construct from a tensor, it is recommended to use sourceTensor.clone().detach() or sourceTensor.clone().detach().requires_grad_(True), rather than torch.tensor(sourceTensor).
  beta3 = _qp(q, torch.tensor(model.lif3.beta, dtype=torch.float32))
/home/aleksander.berezowsk/spiking-eegnet/src/quantization_testing/evaluator.py:164: UserWarning: To copy construct from a tensor, it is recommended to use sourceTensor.clone().detach() or sourceTensor.clone().detach().requires_grad_(True), rather than torch.tensor(sourceTensor).
  beta1 = _qp(q, torch.tensor(model.lif1.beta, dtype=torch.float32))
/home/aleksander.berezowsk/spiking-eegnet/src/quantization_testing/evaluator.py:165: UserWarning: To copy construct from a tensor, it is recommended to use sourceTensor.clone().detach() or sourceTensor.clone().detach().requires_grad_(True), rather than torch.tensor(sourceTensor).
  beta2 = _qp(q, torch.tensor(model.lif2.beta, dtype=torch.float32))
/home/aleksander.berezowsk/spiking-eegnet/src/quantization_testing/evaluator.py:166: UserWarning: To copy construct from a tensor, it is recommended to use sourceTensor.clone().detach() or sourceTensor.clone().detach().requires_grad_(True), rather than torch.tensor(sourceTensor).
  beta3 = _qp(q, torch.tensor(model.lif3.beta, dtype=torch.float32))
/home/aleksander.berezowsk/spiking-eegnet/src/quantization_testing/evaluator.py:164: UserWarning: To copy construct from a tensor, it is recommended to use sourceTensor.clone().detach() or sourceTensor.clone().detach().requires_grad_(True), rather than torch.tensor(sourceTensor).
  beta1 = _qp(q, torch.tensor(model.lif1.beta, dtype=torch.float32))
/home/aleksander.berezowsk/spiking-eegnet/src/quantization_testing/evaluator.py:165: UserWarning: To copy construct from a tensor, it is recommended to use sourceTensor.clone().detach() or sourceTensor.clone().detach().requires_grad_(True), rather than torch.tensor(sourceTensor).
  beta2 = _qp(q, torch.tensor(model.lif2.beta, dtype=torch.float32))
/home/aleksander.berezowsk/spiking-eegnet/src/quantization_testing/evaluator.py:166: UserWarning: To copy construct from a tensor, it is recommended to use sourceTensor.clone().detach() or sourceTensor.clone().detach().requires_grad_(True), rather than torch.tensor(sourceTensor).
  beta3 = _qp(q, torch.tensor(model.lif3.beta, dtype=torch.float32))
/home/aleksander.berezowsk/spiking-eegnet/src/quantization_testing/evaluator.py:164: UserWarning: To copy construct from a tensor, it is recommended to use sourceTensor.clone().detach() or sourceTensor.clone().detach().requires_grad_(True), rather than torch.tensor(sourceTensor).
  beta1 = _qp(q, torch.tensor(model.lif1.beta, dtype=torch.float32))
/home/aleksander.berezowsk/spiking-eegnet/src/quantization_testing/evaluator.py:165: UserWarning: To copy construct from a tensor, it is recommended to use sourceTensor.clone().detach() or sourceTensor.clone().detach().requires_grad_(True), rather than torch.tensor(sourceTensor).
  beta2 = _qp(q, torch.tensor(model.lif2.beta, dtype=torch.float32))
/home/aleksander.berezowsk/spiking-eegnet/src/quantization_testing/evaluator.py:166: UserWarning: To copy construct from a tensor, it is recommended to use sourceTensor.clone().detach() or sourceTensor.clone().detach().requires_grad_(True), rather than torch.tensor(sourceTensor).
  beta3 = _qp(q, torch.tensor(model.lif3.beta, dtype=torch.float32))
/home/aleksander.berezowsk/spiking-eegnet/src/quantization_testing/evaluator.py:164: UserWarning: To copy construct from a tensor, it is recommended to use sourceTensor.clone().detach() or sourceTensor.clone().detach().requires_grad_(True), rather than torch.tensor(sourceTensor).
  beta1 = _qp(q, torch.tensor(model.lif1.beta, dtype=torch.float32))
/home/aleksander.berezowsk/spiking-eegnet/src/quantization_testing/evaluator.py:165: UserWarning: To copy construct from a tensor, it is recommended to use sourceTensor.clone().detach() or sourceTensor.clone().detach().requires_grad_(True), rather than torch.tensor(sourceTensor).
  beta2 = _qp(q, torch.tensor(model.lif2.beta, dtype=torch.float32))
/home/aleksander.berezowsk/spiking-eegnet/src/quantization_testing/evaluator.py:166: UserWarning: To copy construct from a tensor, it is recommended to use sourceTensor.clone().detach() or sourceTensor.clone().detach().requires_grad_(True), rather than torch.tensor(sourceTensor).
  beta3 = _qp(q, torch.tensor(model.lif3.beta, dtype=torch.float32))
/home/aleksander.berezowsk/spiking-eegnet/src/quantization_testing/evaluator.py:164: UserWarning: To copy construct from a tensor, it is recommended to use sourceTensor.clone().detach() or sourceTensor.clone().detach().requires_grad_(True), rather than torch.tensor(sourceTensor).
  beta1 = _qp(q, torch.tensor(model.lif1.beta, dtype=torch.float32))
/home/aleksander.berezowsk/spiking-eegnet/src/quantization_testing/evaluator.py:165: UserWarning: To copy construct from a tensor, it is recommended to use sourceTensor.clone().detach() or sourceTensor.clone().detach().requires_grad_(True), rather than torch.tensor(sourceTensor).
  beta2 = _qp(q, torch.tensor(model.lif2.beta, dtype=torch.float32))
/home/aleksander.berezowsk/spiking-eegnet/src/quantization_testing/evaluator.py:166: UserWarning: To copy construct from a tensor, it is recommended to use sourceTensor.clone().detach() or sourceTensor.clone().detach().requires_grad_(True), rather than torch.tensor(sourceTensor).
  beta3 = _qp(q, torch.tensor(model.lif3.beta, dtype=torch.float32))
/home/aleksander.berezowsk/spiking-eegnet/src/quantization_testing/evaluator.py:164: UserWarning: To copy construct from a tensor, it is recommended to use sourceTensor.clone().detach() or sourceTensor.clone().detach().requires_grad_(True), rather than torch.tensor(sourceTensor).
  beta1 = _qp(q, torch.tensor(model.lif1.beta, dtype=torch.float32))
/home/aleksander.berezowsk/spiking-eegnet/src/quantization_testing/evaluator.py:165: UserWarning: To copy construct from a tensor, it is recommended to use sourceTensor.clone().detach() or sourceTensor.clone().detach().requires_grad_(True), rather than torch.tensor(sourceTensor).
  beta2 = _qp(q, torch.tensor(model.lif2.beta, dtype=torch.float32))
/home/aleksander.berezowsk/spiking-eegnet/src/quantization_testing/evaluator.py:166: UserWarning: To copy construct from a tensor, it is recommended to use sourceTensor.clone().detach() or sourceTensor.clone().detach().requires_grad_(True), rather than torch.tensor(sourceTensor).
  beta3 = _qp(q, torch.tensor(model.lif3.beta, dtype=torch.float32))
/home/aleksander.berezowsk/spiking-eegnet/src/quantization_testing/evaluator.py:164: UserWarning: To copy construct from a tensor, it is recommended to use sourceTensor.clone().detach() or sourceTensor.clone().detach().requires_grad_(True), rather than torch.tensor(sourceTensor).
  beta1 = _qp(q, torch.tensor(model.lif1.beta, dtype=torch.float32))
/home/aleksander.berezowsk/spiking-eegnet/src/quantization_testing/evaluator.py:165: UserWarning: To copy construct from a tensor, it is recommended to use sourceTensor.clone().detach() or sourceTensor.clone().detach().requires_grad_(True), rather than torch.tensor(sourceTensor).
  beta2 = _qp(q, torch.tensor(model.lif2.beta, dtype=torch.float32))
/home/aleksander.berezowsk/spiking-eegnet/src/quantization_testing/evaluator.py:166: UserWarning: To copy construct from a tensor, it is recommended to use sourceTensor.clone().detach() or sourceTensor.clone().detach().requires_grad_(True), rather than torch.tensor(sourceTensor).
  beta3 = _qp(q, torch.tensor(model.lif3.beta, dtype=torch.float32))
/home/aleksander.berezowsk/spiking-eegnet/src/quantization_testing/evaluator.py:164: UserWarning: To copy construct from a tensor, it is recommended to use sourceTensor.clone().detach() or sourceTensor.clone().detach().requires_grad_(True), rather than torch.tensor(sourceTensor).
  beta1 = _qp(q, torch.tensor(model.lif1.beta, dtype=torch.float32))
/home/aleksander.berezowsk/spiking-eegnet/src/quantization_testing/evaluator.py:165: UserWarning: To copy construct from a tensor, it is recommended to use sourceTensor.clone().detach() or sourceTensor.clone().detach().requires_grad_(True), rather than torch.tensor(sourceTensor).
  beta2 = _qp(q, torch.tensor(model.lif2.beta, dtype=torch.float32))
/home/aleksander.berezowsk/spiking-eegnet/src/quantization_testing/evaluator.py:166: UserWarning: To copy construct from a tensor, it is recommended to use sourceTensor.clone().detach() or sourceTensor.clone().detach().requires_grad_(True), rather than torch.tensor(sourceTensor).
  beta3 = _qp(q, torch.tensor(model.lif3.beta, dtype=torch.float32))
/home/aleksander.berezowsk/spiking-eegnet/src/quantization_testing/evaluator.py:164: UserWarning: To copy construct from a tensor, it is recommended to use sourceTensor.clone().detach() or sourceTensor.clone().detach().requires_grad_(True), rather than torch.tensor(sourceTensor).
  beta1 = _qp(q, torch.tensor(model.lif1.beta, dtype=torch.float32))
/home/aleksander.berezowsk/spiking-eegnet/src/quantization_testing/evaluator.py:165: UserWarning: To copy construct from a tensor, it is recommended to use sourceTensor.clone().detach() or sourceTensor.clone().detach().requires_grad_(True), rather than torch.tensor(sourceTensor).
  beta2 = _qp(q, torch.tensor(model.lif2.beta, dtype=torch.float32))
/home/aleksander.berezowsk/spiking-eegnet/src/quantization_testing/evaluator.py:166: UserWarning: To copy construct from a tensor, it is recommended to use sourceTensor.clone().detach() or sourceTensor.clone().detach().requires_grad_(True), rather than torch.tensor(sourceTensor).
  beta3 = _qp(q, torch.tensor(model.lif3.beta, dtype=torch.float32))
/home/aleksander.berezowsk/spiking-eegnet/src/quantization_testing/evaluator.py:164: UserWarning: To copy construct from a tensor, it is recommended to use sourceTensor.clone().detach() or sourceTensor.clone().detach().requires_grad_(True), rather than torch.tensor(sourceTensor).
  beta1 = _qp(q, torch.tensor(model.lif1.beta, dtype=torch.float32))
/home/aleksander.berezowsk/spiking-eegnet/src/quantization_testing/evaluator.py:165: UserWarning: To copy construct from a tensor, it is recommended to use sourceTensor.clone().detach() or sourceTensor.clone().detach().requires_grad_(True), rather than torch.tensor(sourceTensor).
  beta2 = _qp(q, torch.tensor(model.lif2.beta, dtype=torch.float32))
/home/aleksander.berezowsk/spiking-eegnet/src/quantization_testing/evaluator.py:166: UserWarning: To copy construct from a tensor, it is recommended to use sourceTensor.clone().detach() or sourceTensor.clone().detach().requires_grad_(True), rather than torch.tensor(sourceTensor).
  beta3 = _qp(q, torch.tensor(model.lif3.beta, dtype=torch.float32))
/home/aleksander.berezowsk/spiking-eegnet/src/quantization_testing/evaluator.py:164: UserWarning: To copy construct from a tensor, it is recommended to use sourceTensor.clone().detach() or sourceTensor.clone().detach().requires_grad_(True), rather than torch.tensor(sourceTensor).
  beta1 = _qp(q, torch.tensor(model.lif1.beta, dtype=torch.float32))
/home/aleksander.berezowsk/spiking-eegnet/src/quantization_testing/evaluator.py:165: UserWarning: To copy construct from a tensor, it is recommended to use sourceTensor.clone().detach() or sourceTensor.clone().detach().requires_grad_(True), rather than torch.tensor(sourceTensor).
  beta2 = _qp(q, torch.tensor(model.lif2.beta, dtype=torch.float32))
/home/aleksander.berezowsk/spiking-eegnet/src/quantization_testing/evaluator.py:166: UserWarning: To copy construct from a tensor, it is recommended to use sourceTensor.clone().detach() or sourceTensor.clone().detach().requires_grad_(True), rather than torch.tensor(sourceTensor).
  beta3 = _qp(q, torch.tensor(model.lif3.beta, dtype=torch.float32))
/home/aleksander.berezowsk/spiking-eegnet/src/quantization_testing/evaluator.py:164: UserWarning: To copy construct from a tensor, it is recommended to use sourceTensor.clone().detach() or sourceTensor.clone().detach().requires_grad_(True), rather than torch.tensor(sourceTensor).
  beta1 = _qp(q, torch.tensor(model.lif1.beta, dtype=torch.float32))
/home/aleksander.berezowsk/spiking-eegnet/src/quantization_testing/evaluator.py:165: UserWarning: To copy construct from a tensor, it is recommended to use sourceTensor.clone().detach() or sourceTensor.clone().detach().requires_grad_(True), rather than torch.tensor(sourceTensor).
  beta2 = _qp(q, torch.tensor(model.lif2.beta, dtype=torch.float32))
/home/aleksander.berezowsk/spiking-eegnet/src/quantization_testing/evaluator.py:166: UserWarning: To copy construct from a tensor, it is recommended to use sourceTensor.clone().detach() or sourceTensor.clone().detach().requires_grad_(True), rather than torch.tensor(sourceTensor).
  beta3 = _qp(q, torch.tensor(model.lif3.beta, dtype=torch.float32))
/home/aleksander.berezowsk/spiking-eegnet/src/quantization_testing/evaluator.py:164: UserWarning: To copy construct from a tensor, it is recommended to use sourceTensor.clone().detach() or sourceTensor.clone().detach().requires_grad_(True), rather than torch.tensor(sourceTensor).
  beta1 = _qp(q, torch.tensor(model.lif1.beta, dtype=torch.float32))
/home/aleksander.berezowsk/spiking-eegnet/src/quantization_testing/evaluator.py:165: UserWarning: To copy construct from a tensor, it is recommended to use sourceTensor.clone().detach() or sourceTensor.clone().detach().requires_grad_(True), rather than torch.tensor(sourceTensor).
  beta2 = _qp(q, torch.tensor(model.lif2.beta, dtype=torch.float32))
/home/aleksander.berezowsk/spiking-eegnet/src/quantization_testing/evaluator.py:166: UserWarning: To copy construct from a tensor, it is recommended to use sourceTensor.clone().detach() or sourceTensor.clone().detach().requires_grad_(True), rather than torch.tensor(sourceTensor).
  beta3 = _qp(q, torch.tensor(model.lif3.beta, dtype=torch.float32))
/home/aleksander.berezowsk/spiking-eegnet/src/quantization_testing/evaluator.py:164: UserWarning: To copy construct from a tensor, it is recommended to use sourceTensor.clone().detach() or sourceTensor.clone().detach().requires_grad_(True), rather than torch.tensor(sourceTensor).
  beta1 = _qp(q, torch.tensor(model.lif1.beta, dtype=torch.float32))
/home/aleksander.berezowsk/spiking-eegnet/src/quantization_testing/evaluator.py:165: UserWarning: To copy construct from a tensor, it is recommended to use sourceTensor.clone().detach() or sourceTensor.clone().detach().requires_grad_(True), rather than torch.tensor(sourceTensor).
  beta2 = _qp(q, torch.tensor(model.lif2.beta, dtype=torch.float32))
/home/aleksander.berezowsk/spiking-eegnet/src/quantization_testing/evaluator.py:166: UserWarning: To copy construct from a tensor, it is recommended to use sourceTensor.clone().detach() or sourceTensor.clone().detach().requires_grad_(True), rather than torch.tensor(sourceTensor).
  beta3 = _qp(q, torch.tensor(model.lif3.beta, dtype=torch.float32))
/home/aleksander.berezowsk/spiking-eegnet/src/quantization_testing/evaluator.py:164: UserWarning: To copy construct from a tensor, it is recommended to use sourceTensor.clone().detach() or sourceTensor.clone().detach().requires_grad_(True), rather than torch.tensor(sourceTensor).
  beta1 = _qp(q, torch.tensor(model.lif1.beta, dtype=torch.float32))
/home/aleksander.berezowsk/spiking-eegnet/src/quantization_testing/evaluator.py:165: UserWarning: To copy construct from a tensor, it is recommended to use sourceTensor.clone().detach() or sourceTensor.clone().detach().requires_grad_(True), rather than torch.tensor(sourceTensor).
  beta2 = _qp(q, torch.tensor(model.lif2.beta, dtype=torch.float32))
/home/aleksander.berezowsk/spiking-eegnet/src/quantization_testing/evaluator.py:166: UserWarning: To copy construct from a tensor, it is recommended to use sourceTensor.clone().detach() or sourceTensor.clone().detach().requires_grad_(True), rather than torch.tensor(sourceTensor).
  beta3 = _qp(q, torch.tensor(model.lif3.beta, dtype=torch.float32))
/home/aleksander.berezowsk/spiking-eegnet/src/quantization_testing/evaluator.py:164: UserWarning: To copy construct from a tensor, it is recommended to use sourceTensor.clone().detach() or sourceTensor.clone().detach().requires_grad_(True), rather than torch.tensor(sourceTensor).
  beta1 = _qp(q, torch.tensor(model.lif1.beta, dtype=torch.float32))
/home/aleksander.berezowsk/spiking-eegnet/src/quantization_testing/evaluator.py:165: UserWarning: To copy construct from a tensor, it is recommended to use sourceTensor.clone().detach() or sourceTensor.clone().detach().requires_grad_(True), rather than torch.tensor(sourceTensor).
  beta2 = _qp(q, torch.tensor(model.lif2.beta, dtype=torch.float32))
/home/aleksander.berezowsk/spiking-eegnet/src/quantization_testing/evaluator.py:166: UserWarning: To copy construct from a tensor, it is recommended to use sourceTensor.clone().detach() or sourceTensor.clone().detach().requires_grad_(True), rather than torch.tensor(sourceTensor).
  beta3 = _qp(q, torch.tensor(model.lif3.beta, dtype=torch.float32))
/home/aleksander.berezowsk/spiking-eegnet/src/quantization_testing/evaluator.py:164: UserWarning: To copy construct from a tensor, it is recommended to use sourceTensor.clone().detach() or sourceTensor.clone().detach().requires_grad_(True), rather than torch.tensor(sourceTensor).
  beta1 = _qp(q, torch.tensor(model.lif1.beta, dtype=torch.float32))
/home/aleksander.berezowsk/spiking-eegnet/src/quantization_testing/evaluator.py:165: UserWarning: To copy construct from a tensor, it is recommended to use sourceTensor.clone().detach() or sourceTensor.clone().detach().requires_grad_(True), rather than torch.tensor(sourceTensor).
  beta2 = _qp(q, torch.tensor(model.lif2.beta, dtype=torch.float32))
/home/aleksander.berezowsk/spiking-eegnet/src/quantization_testing/evaluator.py:166: UserWarning: To copy construct from a tensor, it is recommended to use sourceTensor.clone().detach() or sourceTensor.clone().detach().requires_grad_(True), rather than torch.tensor(sourceTensor).
  beta3 = _qp(q, torch.tensor(model.lif3.beta, dtype=torch.float32))
/home/aleksander.berezowsk/spiking-eegnet/src/quantization_testing/evaluator.py:164: UserWarning: To copy construct from a tensor, it is recommended to use sourceTensor.clone().detach() or sourceTensor.clone().detach().requires_grad_(True), rather than torch.tensor(sourceTensor).
  beta1 = _qp(q, torch.tensor(model.lif1.beta, dtype=torch.float32))
/home/aleksander.berezowsk/spiking-eegnet/src/quantization_testing/evaluator.py:165: UserWarning: To copy construct from a tensor, it is recommended to use sourceTensor.clone().detach() or sourceTensor.clone().detach().requires_grad_(True), rather than torch.tensor(sourceTensor).
  beta2 = _qp(q, torch.tensor(model.lif2.beta, dtype=torch.float32))
/home/aleksander.berezowsk/spiking-eegnet/src/quantization_testing/evaluator.py:166: UserWarning: To copy construct from a tensor, it is recommended to use sourceTensor.clone().detach() or sourceTensor.clone().detach().requires_grad_(True), rather than torch.tensor(sourceTensor).
  beta3 = _qp(q, torch.tensor(model.lif3.beta, dtype=torch.float32))
/home/aleksander.berezowsk/spiking-eegnet/src/quantization_testing/evaluator.py:164: UserWarning: To copy construct from a tensor, it is recommended to use sourceTensor.clone().detach() or sourceTensor.clone().detach().requires_grad_(True), rather than torch.tensor(sourceTensor).
  beta1 = _qp(q, torch.tensor(model.lif1.beta, dtype=torch.float32))
/home/aleksander.berezowsk/spiking-eegnet/src/quantization_testing/evaluator.py:165: UserWarning: To copy construct from a tensor, it is recommended to use sourceTensor.clone().detach() or sourceTensor.clone().detach().requires_grad_(True), rather than torch.tensor(sourceTensor).
  beta2 = _qp(q, torch.tensor(model.lif2.beta, dtype=torch.float32))
/home/aleksander.berezowsk/spiking-eegnet/src/quantization_testing/evaluator.py:166: UserWarning: To copy construct from a tensor, it is recommended to use sourceTensor.clone().detach() or sourceTensor.clone().detach().requires_grad_(True), rather than torch.tensor(sourceTensor).
  beta3 = _qp(q, torch.tensor(model.lif3.beta, dtype=torch.float32))
/home/aleksander.berezowsk/spiking-eegnet/src/quantization_testing/evaluator.py:164: UserWarning: To copy construct from a tensor, it is recommended to use sourceTensor.clone().detach() or sourceTensor.clone().detach().requires_grad_(True), rather than torch.tensor(sourceTensor).
  beta1 = _qp(q, torch.tensor(model.lif1.beta, dtype=torch.float32))
/home/aleksander.berezowsk/spiking-eegnet/src/quantization_testing/evaluator.py:165: UserWarning: To copy construct from a tensor, it is recommended to use sourceTensor.clone().detach() or sourceTensor.clone().detach().requires_grad_(True), rather than torch.tensor(sourceTensor).
  beta2 = _qp(q, torch.tensor(model.lif2.beta, dtype=torch.float32))
/home/aleksander.berezowsk/spiking-eegnet/src/quantization_testing/evaluator.py:166: UserWarning: To copy construct from a tensor, it is recommended to use sourceTensor.clone().detach() or sourceTensor.clone().detach().requires_grad_(True), rather than torch.tensor(sourceTensor).
  beta3 = _qp(q, torch.tensor(model.lif3.beta, dtype=torch.float32))
/home/aleksander.berezowsk/spiking-eegnet/src/quantization_testing/evaluator.py:164: UserWarning: To copy construct from a tensor, it is recommended to use sourceTensor.clone().detach() or sourceTensor.clone().detach().requires_grad_(True), rather than torch.tensor(sourceTensor).
  beta1 = _qp(q, torch.tensor(model.lif1.beta, dtype=torch.float32))
/home/aleksander.berezowsk/spiking-eegnet/src/quantization_testing/evaluator.py:165: UserWarning: To copy construct from a tensor, it is recommended to use sourceTensor.clone().detach() or sourceTensor.clone().detach().requires_grad_(True), rather than torch.tensor(sourceTensor).
  beta2 = _qp(q, torch.tensor(model.lif2.beta, dtype=torch.float32))
/home/aleksander.berezowsk/spiking-eegnet/src/quantization_testing/evaluator.py:166: UserWarning: To copy construct from a tensor, it is recommended to use sourceTensor.clone().detach() or sourceTensor.clone().detach().requires_grad_(True), rather than torch.tensor(sourceTensor).
  beta3 = _qp(q, torch.tensor(model.lif3.beta, dtype=torch.float32))
/home/aleksander.berezowsk/spiking-eegnet/src/quantization_testing/evaluator.py:164: UserWarning: To copy construct from a tensor, it is recommended to use sourceTensor.clone().detach() or sourceTensor.clone().detach().requires_grad_(True), rather than torch.tensor(sourceTensor).
  beta1 = _qp(q, torch.tensor(model.lif1.beta, dtype=torch.float32))
/home/aleksander.berezowsk/spiking-eegnet/src/quantization_testing/evaluator.py:165: UserWarning: To copy construct from a tensor, it is recommended to use sourceTensor.clone().detach() or sourceTensor.clone().detach().requires_grad_(True), rather than torch.tensor(sourceTensor).
  beta2 = _qp(q, torch.tensor(model.lif2.beta, dtype=torch.float32))
/home/aleksander.berezowsk/spiking-eegnet/src/quantization_testing/evaluator.py:166: UserWarning: To copy construct from a tensor, it is recommended to use sourceTensor.clone().detach() or sourceTensor.clone().detach().requires_grad_(True), rather than torch.tensor(sourceTensor).
  beta3 = _qp(q, torch.tensor(model.lif3.beta, dtype=torch.float32))
/home/aleksander.berezowsk/spiking-eegnet/src/quantization_testing/evaluator.py:164: UserWarning: To copy construct from a tensor, it is recommended to use sourceTensor.clone().detach() or sourceTensor.clone().detach().requires_grad_(True), rather than torch.tensor(sourceTensor).
  beta1 = _qp(q, torch.tensor(model.lif1.beta, dtype=torch.float32))
/home/aleksander.berezowsk/spiking-eegnet/src/quantization_testing/evaluator.py:165: UserWarning: To copy construct from a tensor, it is recommended to use sourceTensor.clone().detach() or sourceTensor.clone().detach().requires_grad_(True), rather than torch.tensor(sourceTensor).
  beta2 = _qp(q, torch.tensor(model.lif2.beta, dtype=torch.float32))
/home/aleksander.berezowsk/spiking-eegnet/src/quantization_testing/evaluator.py:166: UserWarning: To copy construct from a tensor, it is recommended to use sourceTensor.clone().detach() or sourceTensor.clone().detach().requires_grad_(True), rather than torch.tensor(sourceTensor).
  beta3 = _qp(q, torch.tensor(model.lif3.beta, dtype=torch.float32))
/home/aleksander.berezowsk/spiking-eegnet/src/quantization_testing/evaluator.py:164: UserWarning: To copy construct from a tensor, it is recommended to use sourceTensor.clone().detach() or sourceTensor.clone().detach().requires_grad_(True), rather than torch.tensor(sourceTensor).
  beta1 = _qp(q, torch.tensor(model.lif1.beta, dtype=torch.float32))
/home/aleksander.berezowsk/spiking-eegnet/src/quantization_testing/evaluator.py:165: UserWarning: To copy construct from a tensor, it is recommended to use sourceTensor.clone().detach() or sourceTensor.clone().detach().requires_grad_(True), rather than torch.tensor(sourceTensor).
  beta2 = _qp(q, torch.tensor(model.lif2.beta, dtype=torch.float32))
/home/aleksander.berezowsk/spiking-eegnet/src/quantization_testing/evaluator.py:166: UserWarning: To copy construct from a tensor, it is recommended to use sourceTensor.clone().detach() or sourceTensor.clone().detach().requires_grad_(True), rather than torch.tensor(sourceTensor).
  beta3 = _qp(q, torch.tensor(model.lif3.beta, dtype=torch.float32))
/home/aleksander.berezowsk/spiking-eegnet/src/quantization_testing/evaluator.py:164: UserWarning: To copy construct from a tensor, it is recommended to use sourceTensor.clone().detach() or sourceTensor.clone().detach().requires_grad_(True), rather than torch.tensor(sourceTensor).
  beta1 = _qp(q, torch.tensor(model.lif1.beta, dtype=torch.float32))
/home/aleksander.berezowsk/spiking-eegnet/src/quantization_testing/evaluator.py:165: UserWarning: To copy construct from a tensor, it is recommended to use sourceTensor.clone().detach() or sourceTensor.clone().detach().requires_grad_(True), rather than torch.tensor(sourceTensor).
  beta2 = _qp(q, torch.tensor(model.lif2.beta, dtype=torch.float32))
/home/aleksander.berezowsk/spiking-eegnet/src/quantization_testing/evaluator.py:166: UserWarning: To copy construct from a tensor, it is recommended to use sourceTensor.clone().detach() or sourceTensor.clone().detach().requires_grad_(True), rather than torch.tensor(sourceTensor).
  beta3 = _qp(q, torch.tensor(model.lif3.beta, dtype=torch.float32))
/home/aleksander.berezowsk/spiking-eegnet/src/quantization_testing/evaluator.py:164: UserWarning: To copy construct from a tensor, it is recommended to use sourceTensor.clone().detach() or sourceTensor.clone().detach().requires_grad_(True), rather than torch.tensor(sourceTensor).
  beta1 = _qp(q, torch.tensor(model.lif1.beta, dtype=torch.float32))
/home/aleksander.berezowsk/spiking-eegnet/src/quantization_testing/evaluator.py:165: UserWarning: To copy construct from a tensor, it is recommended to use sourceTensor.clone().detach() or sourceTensor.clone().detach().requires_grad_(True), rather than torch.tensor(sourceTensor).
  beta2 = _qp(q, torch.tensor(model.lif2.beta, dtype=torch.float32))
/home/aleksander.berezowsk/spiking-eegnet/src/quantization_testing/evaluator.py:166: UserWarning: To copy construct from a tensor, it is recommended to use sourceTensor.clone().detach() or sourceTensor.clone().detach().requires_grad_(True), rather than torch.tensor(sourceTensor).
  beta3 = _qp(q, torch.tensor(model.lif3.beta, dtype=torch.float32))
/home/aleksander.berezowsk/spiking-eegnet/src/quantization_testing/evaluator.py:164: UserWarning: To copy construct from a tensor, it is recommended to use sourceTensor.clone().detach() or sourceTensor.clone().detach().requires_grad_(True), rather than torch.tensor(sourceTensor).
  beta1 = _qp(q, torch.tensor(model.lif1.beta, dtype=torch.float32))
/home/aleksander.berezowsk/spiking-eegnet/src/quantization_testing/evaluator.py:165: UserWarning: To copy construct from a tensor, it is recommended to use sourceTensor.clone().detach() or sourceTensor.clone().detach().requires_grad_(True), rather than torch.tensor(sourceTensor).
  beta2 = _qp(q, torch.tensor(model.lif2.beta, dtype=torch.float32))
/home/aleksander.berezowsk/spiking-eegnet/src/quantization_testing/evaluator.py:166: UserWarning: To copy construct from a tensor, it is recommended to use sourceTensor.clone().detach() or sourceTensor.clone().detach().requires_grad_(True), rather than torch.tensor(sourceTensor).
  beta3 = _qp(q, torch.tensor(model.lif3.beta, dtype=torch.float32))
/home/aleksander.berezowsk/spiking-eegnet/src/quantization_testing/evaluator.py:164: UserWarning: To copy construct from a tensor, it is recommended to use sourceTensor.clone().detach() or sourceTensor.clone().detach().requires_grad_(True), rather than torch.tensor(sourceTensor).
  beta1 = _qp(q, torch.tensor(model.lif1.beta, dtype=torch.float32))
/home/aleksander.berezowsk/spiking-eegnet/src/quantization_testing/evaluator.py:165: UserWarning: To copy construct from a tensor, it is recommended to use sourceTensor.clone().detach() or sourceTensor.clone().detach().requires_grad_(True), rather than torch.tensor(sourceTensor).
  beta2 = _qp(q, torch.tensor(model.lif2.beta, dtype=torch.float32))
/home/aleksander.berezowsk/spiking-eegnet/src/quantization_testing/evaluator.py:166: UserWarning: To copy construct from a tensor, it is recommended to use sourceTensor.clone().detach() or sourceTensor.clone().detach().requires_grad_(True), rather than torch.tensor(sourceTensor).
  beta3 = _qp(q, torch.tensor(model.lif3.beta, dtype=torch.float32))
/home/aleksander.berezowsk/spiking-eegnet/src/quantization_testing/evaluator.py:164: UserWarning: To copy construct from a tensor, it is recommended to use sourceTensor.clone().detach() or sourceTensor.clone().detach().requires_grad_(True), rather than torch.tensor(sourceTensor).
  beta1 = _qp(q, torch.tensor(model.lif1.beta, dtype=torch.float32))
/home/aleksander.berezowsk/spiking-eegnet/src/quantization_testing/evaluator.py:165: UserWarning: To copy construct from a tensor, it is recommended to use sourceTensor.clone().detach() or sourceTensor.clone().detach().requires_grad_(True), rather than torch.tensor(sourceTensor).
  beta2 = _qp(q, torch.tensor(model.lif2.beta, dtype=torch.float32))
/home/aleksander.berezowsk/spiking-eegnet/src/quantization_testing/evaluator.py:166: UserWarning: To copy construct from a tensor, it is recommended to use sourceTensor.clone().detach() or sourceTensor.clone().detach().requires_grad_(True), rather than torch.tensor(sourceTensor).
  beta3 = _qp(q, torch.tensor(model.lif3.beta, dtype=torch.float32))
/home/aleksander.berezowsk/spiking-eegnet/src/quantization_testing/evaluator.py:164: UserWarning: To copy construct from a tensor, it is recommended to use sourceTensor.clone().detach() or sourceTensor.clone().detach().requires_grad_(True), rather than torch.tensor(sourceTensor).
  beta1 = _qp(q, torch.tensor(model.lif1.beta, dtype=torch.float32))
/home/aleksander.berezowsk/spiking-eegnet/src/quantization_testing/evaluator.py:165: UserWarning: To copy construct from a tensor, it is recommended to use sourceTensor.clone().detach() or sourceTensor.clone().detach().requires_grad_(True), rather than torch.tensor(sourceTensor).
  beta2 = _qp(q, torch.tensor(model.lif2.beta, dtype=torch.float32))
/home/aleksander.berezowsk/spiking-eegnet/src/quantization_testing/evaluator.py:166: UserWarning: To copy construct from a tensor, it is recommended to use sourceTensor.clone().detach() or sourceTensor.clone().detach().requires_grad_(True), rather than torch.tensor(sourceTensor).
  beta3 = _qp(q, torch.tensor(model.lif3.beta, dtype=torch.float32))
/home/aleksander.berezowsk/spiking-eegnet/src/quantization_testing/evaluator.py:164: UserWarning: To copy construct from a tensor, it is recommended to use sourceTensor.clone().detach() or sourceTensor.clone().detach().requires_grad_(True), rather than torch.tensor(sourceTensor).
  beta1 = _qp(q, torch.tensor(model.lif1.beta, dtype=torch.float32))
/home/aleksander.berezowsk/spiking-eegnet/src/quantization_testing/evaluator.py:165: UserWarning: To copy construct from a tensor, it is recommended to use sourceTensor.clone().detach() or sourceTensor.clone().detach().requires_grad_(True), rather than torch.tensor(sourceTensor).
  beta2 = _qp(q, torch.tensor(model.lif2.beta, dtype=torch.float32))
/home/aleksander.berezowsk/spiking-eegnet/src/quantization_testing/evaluator.py:166: UserWarning: To copy construct from a tensor, it is recommended to use sourceTensor.clone().detach() or sourceTensor.clone().detach().requires_grad_(True), rather than torch.tensor(sourceTensor).
  beta3 = _qp(q, torch.tensor(model.lif3.beta, dtype=torch.float32))
/home/aleksander.berezowsk/spiking-eegnet/src/quantization_testing/evaluator.py:164: UserWarning: To copy construct from a tensor, it is recommended to use sourceTensor.clone().detach() or sourceTensor.clone().detach().requires_grad_(True), rather than torch.tensor(sourceTensor).
  beta1 = _qp(q, torch.tensor(model.lif1.beta, dtype=torch.float32))
/home/aleksander.berezowsk/spiking-eegnet/src/quantization_testing/evaluator.py:165: UserWarning: To copy construct from a tensor, it is recommended to use sourceTensor.clone().detach() or sourceTensor.clone().detach().requires_grad_(True), rather than torch.tensor(sourceTensor).
  beta2 = _qp(q, torch.tensor(model.lif2.beta, dtype=torch.float32))
/home/aleksander.berezowsk/spiking-eegnet/src/quantization_testing/evaluator.py:166: UserWarning: To copy construct from a tensor, it is recommended to use sourceTensor.clone().detach() or sourceTensor.clone().detach().requires_grad_(True), rather than torch.tensor(sourceTensor).
  beta3 = _qp(q, torch.tensor(model.lif3.beta, dtype=torch.float32))
/home/aleksander.berezowsk/spiking-eegnet/src/quantization_testing/evaluator.py:164: UserWarning: To copy construct from a tensor, it is recommended to use sourceTensor.clone().detach() or sourceTensor.clone().detach().requires_grad_(True), rather than torch.tensor(sourceTensor).
  beta1 = _qp(q, torch.tensor(model.lif1.beta, dtype=torch.float32))
/home/aleksander.berezowsk/spiking-eegnet/src/quantization_testing/evaluator.py:165: UserWarning: To copy construct from a tensor, it is recommended to use sourceTensor.clone().detach() or sourceTensor.clone().detach().requires_grad_(True), rather than torch.tensor(sourceTensor).
  beta2 = _qp(q, torch.tensor(model.lif2.beta, dtype=torch.float32))
/home/aleksander.berezowsk/spiking-eegnet/src/quantization_testing/evaluator.py:166: UserWarning: To copy construct from a tensor, it is recommended to use sourceTensor.clone().detach() or sourceTensor.clone().detach().requires_grad_(True), rather than torch.tensor(sourceTensor).
  beta3 = _qp(q, torch.tensor(model.lif3.beta, dtype=torch.float32))
/home/aleksander.berezowsk/spiking-eegnet/src/quantization_testing/evaluator.py:164: UserWarning: To copy construct from a tensor, it is recommended to use sourceTensor.clone().detach() or sourceTensor.clone().detach().requires_grad_(True), rather than torch.tensor(sourceTensor).
  beta1 = _qp(q, torch.tensor(model.lif1.beta, dtype=torch.float32))
/home/aleksander.berezowsk/spiking-eegnet/src/quantization_testing/evaluator.py:165: UserWarning: To copy construct from a tensor, it is recommended to use sourceTensor.clone().detach() or sourceTensor.clone().detach().requires_grad_(True), rather than torch.tensor(sourceTensor).
  beta2 = _qp(q, torch.tensor(model.lif2.beta, dtype=torch.float32))
/home/aleksander.berezowsk/spiking-eegnet/src/quantization_testing/evaluator.py:166: UserWarning: To copy construct from a tensor, it is recommended to use sourceTensor.clone().detach() or sourceTensor.clone().detach().requires_grad_(True), rather than torch.tensor(sourceTensor).
  beta3 = _qp(q, torch.tensor(model.lif3.beta, dtype=torch.float32))
/home/aleksander.berezowsk/spiking-eegnet/src/quantization_testing/evaluator.py:164: UserWarning: To copy construct from a tensor, it is recommended to use sourceTensor.clone().detach() or sourceTensor.clone().detach().requires_grad_(True), rather than torch.tensor(sourceTensor).
  beta1 = _qp(q, torch.tensor(model.lif1.beta, dtype=torch.float32))
/home/aleksander.berezowsk/spiking-eegnet/src/quantization_testing/evaluator.py:165: UserWarning: To copy construct from a tensor, it is recommended to use sourceTensor.clone().detach() or sourceTensor.clone().detach().requires_grad_(True), rather than torch.tensor(sourceTensor).
  beta2 = _qp(q, torch.tensor(model.lif2.beta, dtype=torch.float32))
/home/aleksander.berezowsk/spiking-eegnet/src/quantization_testing/evaluator.py:166: UserWarning: To copy construct from a tensor, it is recommended to use sourceTensor.clone().detach() or sourceTensor.clone().detach().requires_grad_(True), rather than torch.tensor(sourceTensor).
  beta3 = _qp(q, torch.tensor(model.lif3.beta, dtype=torch.float32))
/home/aleksander.berezowsk/spiking-eegnet/src/quantization_testing/evaluator.py:164: UserWarning: To copy construct from a tensor, it is recommended to use sourceTensor.clone().detach() or sourceTensor.clone().detach().requires_grad_(True), rather than torch.tensor(sourceTensor).
  beta1 = _qp(q, torch.tensor(model.lif1.beta, dtype=torch.float32))
/home/aleksander.berezowsk/spiking-eegnet/src/quantization_testing/evaluator.py:165: UserWarning: To copy construct from a tensor, it is recommended to use sourceTensor.clone().detach() or sourceTensor.clone().detach().requires_grad_(True), rather than torch.tensor(sourceTensor).
  beta2 = _qp(q, torch.tensor(model.lif2.beta, dtype=torch.float32))
/home/aleksander.berezowsk/spiking-eegnet/src/quantization_testing/evaluator.py:166: UserWarning: To copy construct from a tensor, it is recommended to use sourceTensor.clone().detach() or sourceTensor.clone().detach().requires_grad_(True), rather than torch.tensor(sourceTensor).
  beta3 = _qp(q, torch.tensor(model.lif3.beta, dtype=torch.float32))
/home/aleksander.berezowsk/spiking-eegnet/src/quantization_testing/evaluator.py:164: UserWarning: To copy construct from a tensor, it is recommended to use sourceTensor.clone().detach() or sourceTensor.clone().detach().requires_grad_(True), rather than torch.tensor(sourceTensor).
  beta1 = _qp(q, torch.tensor(model.lif1.beta, dtype=torch.float32))
/home/aleksander.berezowsk/spiking-eegnet/src/quantization_testing/evaluator.py:165: UserWarning: To copy construct from a tensor, it is recommended to use sourceTensor.clone().detach() or sourceTensor.clone().detach().requires_grad_(True), rather than torch.tensor(sourceTensor).
  beta2 = _qp(q, torch.tensor(model.lif2.beta, dtype=torch.float32))
/home/aleksander.berezowsk/spiking-eegnet/src/quantization_testing/evaluator.py:166: UserWarning: To copy construct from a tensor, it is recommended to use sourceTensor.clone().detach() or sourceTensor.clone().detach().requires_grad_(True), rather than torch.tensor(sourceTensor).
  beta3 = _qp(q, torch.tensor(model.lif3.beta, dtype=torch.float32))
/home/aleksander.berezowsk/spiking-eegnet/src/quantization_testing/evaluator.py:164: UserWarning: To copy construct from a tensor, it is recommended to use sourceTensor.clone().detach() or sourceTensor.clone().detach().requires_grad_(True), rather than torch.tensor(sourceTensor).
  beta1 = _qp(q, torch.tensor(model.lif1.beta, dtype=torch.float32))
/home/aleksander.berezowsk/spiking-eegnet/src/quantization_testing/evaluator.py:165: UserWarning: To copy construct from a tensor, it is recommended to use sourceTensor.clone().detach() or sourceTensor.clone().detach().requires_grad_(True), rather than torch.tensor(sourceTensor).
  beta2 = _qp(q, torch.tensor(model.lif2.beta, dtype=torch.float32))
/home/aleksander.berezowsk/spiking-eegnet/src/quantization_testing/evaluator.py:166: UserWarning: To copy construct from a tensor, it is recommended to use sourceTensor.clone().detach() or sourceTensor.clone().detach().requires_grad_(True), rather than torch.tensor(sourceTensor).
  beta3 = _qp(q, torch.tensor(model.lif3.beta, dtype=torch.float32))
/home/aleksander.berezowsk/spiking-eegnet/src/quantization_testing/evaluator.py:164: UserWarning: To copy construct from a tensor, it is recommended to use sourceTensor.clone().detach() or sourceTensor.clone().detach().requires_grad_(True), rather than torch.tensor(sourceTensor).
  beta1 = _qp(q, torch.tensor(model.lif1.beta, dtype=torch.float32))
/home/aleksander.berezowsk/spiking-eegnet/src/quantization_testing/evaluator.py:165: UserWarning: To copy construct from a tensor, it is recommended to use sourceTensor.clone().detach() or sourceTensor.clone().detach().requires_grad_(True), rather than torch.tensor(sourceTensor).
  beta2 = _qp(q, torch.tensor(model.lif2.beta, dtype=torch.float32))
/home/aleksander.berezowsk/spiking-eegnet/src/quantization_testing/evaluator.py:166: UserWarning: To copy construct from a tensor, it is recommended to use sourceTensor.clone().detach() or sourceTensor.clone().detach().requires_grad_(True), rather than torch.tensor(sourceTensor).
  beta3 = _qp(q, torch.tensor(model.lif3.beta, dtype=torch.float32))
/home/aleksander.berezowsk/spiking-eegnet/src/quantization_testing/evaluator.py:164: UserWarning: To copy construct from a tensor, it is recommended to use sourceTensor.clone().detach() or sourceTensor.clone().detach().requires_grad_(True), rather than torch.tensor(sourceTensor).
  beta1 = _qp(q, torch.tensor(model.lif1.beta, dtype=torch.float32))
/home/aleksander.berezowsk/spiking-eegnet/src/quantization_testing/evaluator.py:165: UserWarning: To copy construct from a tensor, it is recommended to use sourceTensor.clone().detach() or sourceTensor.clone().detach().requires_grad_(True), rather than torch.tensor(sourceTensor).
  beta2 = _qp(q, torch.tensor(model.lif2.beta, dtype=torch.float32))
/home/aleksander.berezowsk/spiking-eegnet/src/quantization_testing/evaluator.py:166: UserWarning: To copy construct from a tensor, it is recommended to use sourceTensor.clone().detach() or sourceTensor.clone().detach().requires_grad_(True), rather than torch.tensor(sourceTensor).
  beta3 = _qp(q, torch.tensor(model.lif3.beta, dtype=torch.float32))
/home/aleksander.berezowsk/spiking-eegnet/src/quantization_testing/evaluator.py:164: UserWarning: To copy construct from a tensor, it is recommended to use sourceTensor.clone().detach() or sourceTensor.clone().detach().requires_grad_(True), rather than torch.tensor(sourceTensor).
  beta1 = _qp(q, torch.tensor(model.lif1.beta, dtype=torch.float32))
/home/aleksander.berezowsk/spiking-eegnet/src/quantization_testing/evaluator.py:165: UserWarning: To copy construct from a tensor, it is recommended to use sourceTensor.clone().detach() or sourceTensor.clone().detach().requires_grad_(True), rather than torch.tensor(sourceTensor).
  beta2 = _qp(q, torch.tensor(model.lif2.beta, dtype=torch.float32))
/home/aleksander.berezowsk/spiking-eegnet/src/quantization_testing/evaluator.py:166: UserWarning: To copy construct from a tensor, it is recommended to use sourceTensor.clone().detach() or sourceTensor.clone().detach().requires_grad_(True), rather than torch.tensor(sourceTensor).
  beta3 = _qp(q, torch.tensor(model.lif3.beta, dtype=torch.float32))
/home/aleksander.berezowsk/spiking-eegnet/src/quantization_testing/evaluator.py:164: UserWarning: To copy construct from a tensor, it is recommended to use sourceTensor.clone().detach() or sourceTensor.clone().detach().requires_grad_(True), rather than torch.tensor(sourceTensor).
  beta1 = _qp(q, torch.tensor(model.lif1.beta, dtype=torch.float32))
/home/aleksander.berezowsk/spiking-eegnet/src/quantization_testing/evaluator.py:165: UserWarning: To copy construct from a tensor, it is recommended to use sourceTensor.clone().detach() or sourceTensor.clone().detach().requires_grad_(True), rather than torch.tensor(sourceTensor).
  beta2 = _qp(q, torch.tensor(model.lif2.beta, dtype=torch.float32))
/home/aleksander.berezowsk/spiking-eegnet/src/quantization_testing/evaluator.py:166: UserWarning: To copy construct from a tensor, it is recommended to use sourceTensor.clone().detach() or sourceTensor.clone().detach().requires_grad_(True), rather than torch.tensor(sourceTensor).
  beta3 = _qp(q, torch.tensor(model.lif3.beta, dtype=torch.float32))
/home/aleksander.berezowsk/spiking-eegnet/src/quantization_testing/evaluator.py:164: UserWarning: To copy construct from a tensor, it is recommended to use sourceTensor.clone().detach() or sourceTensor.clone().detach().requires_grad_(True), rather than torch.tensor(sourceTensor).
  beta1 = _qp(q, torch.tensor(model.lif1.beta, dtype=torch.float32))
/home/aleksander.berezowsk/spiking-eegnet/src/quantization_testing/evaluator.py:165: UserWarning: To copy construct from a tensor, it is recommended to use sourceTensor.clone().detach() or sourceTensor.clone().detach().requires_grad_(True), rather than torch.tensor(sourceTensor).
  beta2 = _qp(q, torch.tensor(model.lif2.beta, dtype=torch.float32))
/home/aleksander.berezowsk/spiking-eegnet/src/quantization_testing/evaluator.py:166: UserWarning: To copy construct from a tensor, it is recommended to use sourceTensor.clone().detach() or sourceTensor.clone().detach().requires_grad_(True), rather than torch.tensor(sourceTensor).
  beta3 = _qp(q, torch.tensor(model.lif3.beta, dtype=torch.float32))
/home/aleksander.berezowsk/spiking-eegnet/src/quantization_testing/evaluator.py:164: UserWarning: To copy construct from a tensor, it is recommended to use sourceTensor.clone().detach() or sourceTensor.clone().detach().requires_grad_(True), rather than torch.tensor(sourceTensor).
  beta1 = _qp(q, torch.tensor(model.lif1.beta, dtype=torch.float32))
/home/aleksander.berezowsk/spiking-eegnet/src/quantization_testing/evaluator.py:165: UserWarning: To copy construct from a tensor, it is recommended to use sourceTensor.clone().detach() or sourceTensor.clone().detach().requires_grad_(True), rather than torch.tensor(sourceTensor).
  beta2 = _qp(q, torch.tensor(model.lif2.beta, dtype=torch.float32))
/home/aleksander.berezowsk/spiking-eegnet/src/quantization_testing/evaluator.py:166: UserWarning: To copy construct from a tensor, it is recommended to use sourceTensor.clone().detach() or sourceTensor.clone().detach().requires_grad_(True), rather than torch.tensor(sourceTensor).
  beta3 = _qp(q, torch.tensor(model.lif3.beta, dtype=torch.float32))
/home/aleksander.berezowsk/spiking-eegnet/src/quantization_testing/evaluator.py:164: UserWarning: To copy construct from a tensor, it is recommended to use sourceTensor.clone().detach() or sourceTensor.clone().detach().requires_grad_(True), rather than torch.tensor(sourceTensor).
  beta1 = _qp(q, torch.tensor(model.lif1.beta, dtype=torch.float32))
/home/aleksander.berezowsk/spiking-eegnet/src/quantization_testing/evaluator.py:165: UserWarning: To copy construct from a tensor, it is recommended to use sourceTensor.clone().detach() or sourceTensor.clone().detach().requires_grad_(True), rather than torch.tensor(sourceTensor).
  beta2 = _qp(q, torch.tensor(model.lif2.beta, dtype=torch.float32))
/home/aleksander.berezowsk/spiking-eegnet/src/quantization_testing/evaluator.py:166: UserWarning: To copy construct from a tensor, it is recommended to use sourceTensor.clone().detach() or sourceTensor.clone().detach().requires_grad_(True), rather than torch.tensor(sourceTensor).
  beta3 = _qp(q, torch.tensor(model.lif3.beta, dtype=torch.float32))
/home/aleksander.berezowsk/spiking-eegnet/src/quantization_testing/evaluator.py:164: UserWarning: To copy construct from a tensor, it is recommended to use sourceTensor.clone().detach() or sourceTensor.clone().detach().requires_grad_(True), rather than torch.tensor(sourceTensor).
  beta1 = _qp(q, torch.tensor(model.lif1.beta, dtype=torch.float32))
/home/aleksander.berezowsk/spiking-eegnet/src/quantization_testing/evaluator.py:165: UserWarning: To copy construct from a tensor, it is recommended to use sourceTensor.clone().detach() or sourceTensor.clone().detach().requires_grad_(True), rather than torch.tensor(sourceTensor).
  beta2 = _qp(q, torch.tensor(model.lif2.beta, dtype=torch.float32))
/home/aleksander.berezowsk/spiking-eegnet/src/quantization_testing/evaluator.py:166: UserWarning: To copy construct from a tensor, it is recommended to use sourceTensor.clone().detach() or sourceTensor.clone().detach().requires_grad_(True), rather than torch.tensor(sourceTensor).
  beta3 = _qp(q, torch.tensor(model.lif3.beta, dtype=torch.float32))
