
[notice] A new release of pip is available: 24.2 -> 26.1.2
[notice] To update, run: pip install --upgrade pip

[notice] A new release of pip is available: 24.2 -> 26.1.2
[notice] To update, run: pip install --upgrade pip
ERROR: Invalid requirement: 'Binary file requirements.txt matches': Expected end or semicolon (after name and no valid version specifier)
    Binary file requirements.txt matches
           ^ (from line 1 of /home/aleksander.berezowsk/requirements_notorch.txt)

[notice] A new release of pip is available: 24.2 -> 26.1.2
[notice] To update, run: pip install --upgrade pip

[notice] A new release of pip is available: 24.2 -> 26.1.2
[notice] To update, run: pip install --upgrade pip
/home/aleksander.berezowsk/spiking-eegnet/src/main.py:54: ExperimentalWarning: Argument ``multivariate`` is an experimental feature. The interface can change in the future.
  sampler=TPESampler(n_startup_trials=20, multivariate=True, group=True)
/home/aleksander.berezowsk/spiking-eegnet/src/main.py:54: ExperimentalWarning: Argument ``group`` is an experimental feature. The interface can change in the future.
  sampler=TPESampler(n_startup_trials=20, multivariate=True, group=True)
[I 2026-06-14 18:12:51,153] Using an existing study with name 'snn_eegnet' instead of creating a new one.
[I 2026-06-14 18:13:26,429] Trial 114 pruned. 
[I 2026-06-14 18:14:03,672] Trial 115 pruned. 
[I 2026-06-14 18:14:33,599] Trial 116 pruned. 
[I 2026-06-14 18:14:52,296] Trial 117 pruned. 
[I 2026-06-14 18:15:17,241] Trial 118 pruned. 
[I 2026-06-14 18:15:47,387] Trial 119 pruned. 
[I 2026-06-14 18:16:24,078] Trial 120 pruned. 
slurmstepd: error: *** JOB 43808308 ON fg3 CANCELLED AT 2026-06-14T18:16:26 ***
