Job ID   : 43965032
Node     : fg1
Started  : Wed Jun 17 14:39:37 MDT 2026
Directory: /home/aleksander.berezowsk/spiking-eegnet
Requirement already satisfied: setuptools==69.5.1 in /home/aleksander.berezowsk/venv/lib/python3.12/site-packages (69.5.1)
Requirement already satisfied: torch==2.4.0 in /home/aleksander.berezowsk/venv/lib/python3.12/site-packages (2.4.0)
Requirement already satisfied: torchvision==0.19.0 in /home/aleksander.berezowsk/venv/lib/python3.12/site-packages (0.19.0)
Requirement already satisfied: torchaudio==2.4.0 in /home/aleksander.berezowsk/venv/lib/python3.12/site-packages (2.4.0)
Requirement already satisfied: torchmetrics in /home/aleksander.berezowsk/venv/lib/python3.12/site-packages (1.9.0)
Requirement already satisfied: filelock in /home/aleksander.berezowsk/venv/lib/python3.12/site-packages (from torch==2.4.0) (3.29.0)
Requirement already satisfied: typing-extensions>=4.8.0 in /home/aleksander.berezowsk/venv/lib/python3.12/site-packages (from torch==2.4.0) (4.15.0)
Requirement already satisfied: sympy in /home/aleksander.berezowsk/venv/lib/python3.12/site-packages (from torch==2.4.0) (1.14.0)
Requirement already satisfied: networkx in /home/aleksander.berezowsk/venv/lib/python3.12/site-packages (from torch==2.4.0) (3.6.1)
Requirement already satisfied: jinja2 in /home/aleksander.berezowsk/venv/lib/python3.12/site-packages (from torch==2.4.0) (3.1.6)
Requirement already satisfied: fsspec in /home/aleksander.berezowsk/venv/lib/python3.12/site-packages (from torch==2.4.0) (2026.4.0)
Requirement already satisfied: setuptools in /home/aleksander.berezowsk/venv/lib/python3.12/site-packages (from torch==2.4.0) (69.5.1)
Requirement already satisfied: nvidia-cuda-nvrtc-cu12==12.1.105 in /home/aleksander.berezowsk/venv/lib/python3.12/site-packages (from torch==2.4.0) (12.1.105)
Requirement already satisfied: nvidia-cuda-runtime-cu12==12.1.105 in /home/aleksander.berezowsk/venv/lib/python3.12/site-packages (from torch==2.4.0) (12.1.105)
Requirement already satisfied: nvidia-cuda-cupti-cu12==12.1.105 in /home/aleksander.berezowsk/venv/lib/python3.12/site-packages (from torch==2.4.0) (12.1.105)
Requirement already satisfied: nvidia-cudnn-cu12==9.1.0.70 in /home/aleksander.berezowsk/venv/lib/python3.12/site-packages (from torch==2.4.0) (9.1.0.70)
Requirement already satisfied: nvidia-cublas-cu12==12.1.3.1 in /home/aleksander.berezowsk/venv/lib/python3.12/site-packages (from torch==2.4.0) (12.1.3.1)
Requirement already satisfied: nvidia-cufft-cu12==11.0.2.54 in /home/aleksander.berezowsk/venv/lib/python3.12/site-packages (from torch==2.4.0) (11.0.2.54)
Requirement already satisfied: nvidia-curand-cu12==10.3.2.106 in /home/aleksander.berezowsk/venv/lib/python3.12/site-packages (from torch==2.4.0) (10.3.2.106)
Requirement already satisfied: nvidia-cusolver-cu12==11.4.5.107 in /home/aleksander.berezowsk/venv/lib/python3.12/site-packages (from torch==2.4.0) (11.4.5.107)
Requirement already satisfied: nvidia-cusparse-cu12==12.1.0.106 in /home/aleksander.berezowsk/venv/lib/python3.12/site-packages (from torch==2.4.0) (12.1.0.106)
Requirement already satisfied: nvidia-nccl-cu12==2.20.5 in /home/aleksander.berezowsk/venv/lib/python3.12/site-packages (from torch==2.4.0) (2.20.5)
Requirement already satisfied: nvidia-nvtx-cu12==12.1.105 in /home/aleksander.berezowsk/venv/lib/python3.12/site-packages (from torch==2.4.0) (12.1.105)
Requirement already satisfied: triton==3.0.0 in /home/aleksander.berezowsk/venv/lib/python3.12/site-packages (from torch==2.4.0) (3.0.0)
Requirement already satisfied: numpy in /home/aleksander.berezowsk/venv/lib/python3.12/site-packages (from torchvision==0.19.0) (2.4.6)
Requirement already satisfied: pillow!=8.3.*,>=5.3.0 in /home/aleksander.berezowsk/venv/lib/python3.12/site-packages (from torchvision==0.19.0) (12.2.0)
Requirement already satisfied: nvidia-nvjitlink-cu12 in /home/aleksander.berezowsk/venv/lib/python3.12/site-packages (from nvidia-cusolver-cu12==11.4.5.107->torch==2.4.0) (12.9.86)
Requirement already satisfied: packaging>17.1 in /home/aleksander.berezowsk/venv/lib/python3.12/site-packages (from torchmetrics) (26.2)
Requirement already satisfied: lightning-utilities>=0.15.3 in /home/aleksander.berezowsk/venv/lib/python3.12/site-packages (from torchmetrics) (0.15.3)
Requirement already satisfied: MarkupSafe>=2.0 in /home/aleksander.berezowsk/venv/lib/python3.12/site-packages (from jinja2->torch==2.4.0) (3.0.3)
Requirement already satisfied: mpmath<1.4,>=1.1.0 in /home/aleksander.berezowsk/venv/lib/python3.12/site-packages (from sympy->torch==2.4.0) (1.3.0)
Requirement already satisfied: optuna in /home/aleksander.berezowsk/venv/lib/python3.12/site-packages (4.9.0)
Requirement already satisfied: snntorch in /home/aleksander.berezowsk/venv/lib/python3.12/site-packages (0.9.4)
Requirement already satisfied: alembic>=1.5.0 in /home/aleksander.berezowsk/venv/lib/python3.12/site-packages (from optuna) (1.18.4)
Requirement already satisfied: colorlog in /home/aleksander.berezowsk/venv/lib/python3.12/site-packages (from optuna) (6.10.1)
Requirement already satisfied: numpy in /home/aleksander.berezowsk/venv/lib/python3.12/site-packages (from optuna) (2.4.6)
Requirement already satisfied: packaging>=20.0 in /home/aleksander.berezowsk/venv/lib/python3.12/site-packages (from optuna) (26.2)
Requirement already satisfied: sqlalchemy>=1.4.2 in /home/aleksander.berezowsk/venv/lib/python3.12/site-packages (from optuna) (2.0.50)
Requirement already satisfied: tqdm in /home/aleksander.berezowsk/venv/lib/python3.12/site-packages (from optuna) (4.67.3)
Requirement already satisfied: PyYAML in /home/aleksander.berezowsk/venv/lib/python3.12/site-packages (from optuna) (6.0.3)
Requirement already satisfied: Mako in /home/aleksander.berezowsk/venv/lib/python3.12/site-packages (from alembic>=1.5.0->optuna) (1.3.12)
Requirement already satisfied: typing-extensions>=4.12 in /home/aleksander.berezowsk/venv/lib/python3.12/site-packages (from alembic>=1.5.0->optuna) (4.15.0)
Requirement already satisfied: greenlet>=1 in /home/aleksander.berezowsk/venv/lib/python3.12/site-packages (from sqlalchemy>=1.4.2->optuna) (3.5.1)
Requirement already satisfied: MarkupSafe>=0.9.2 in /home/aleksander.berezowsk/venv/lib/python3.12/site-packages (from Mako->alembic>=1.5.0->optuna) (3.0.3)
Device: cuda
[BNCI2014_001] loading from cache: /home/aleksander.berezowsk/.cache/spiking_eegnet/BNCI2014_001_af1ccf3e92f684d8a93c057082b654d7.npz
[BNCI2014_001] cache hit: (5184, 1, 22, 1001), classes=['feet', 'left_hand', 'right_hand', 'tongue'], subjects=9
Dataset meta: {'n_classes': 4, 'n_channels': 22, 'n_samples': 1001, 'class_names': ['feet', 'left_hand', 'right_hand', 'tongue'], 'subject_list': [1, 2, 3, 4, 5, 6, 7, 8, 9], 'n_subjects': 9, 'sfreq': 250.0}
Applying bandpass filter: 4.0–40.0 Hz

Training model (float32) …

=== LOSO (hold out subject 0) ===
  Train: 4608 trials  |  Test: 576 trials
  Model params: 8,916
  epoch   1/100  loss=1.3895  bal_acc=0.3212
  epoch   2/100  loss=1.3773  bal_acc=0.3403
  epoch   3/100  loss=1.3631  bal_acc=0.2847
  epoch   4/100  loss=1.3542  bal_acc=0.3576
  epoch   5/100  loss=1.3404  bal_acc=0.2865
  epoch   6/100  loss=1.3307  bal_acc=0.3038
  epoch   7/100  loss=1.3229  bal_acc=0.3090
  epoch   8/100  loss=1.3103  bal_acc=0.3177
  epoch   9/100  loss=1.3006  bal_acc=0.2760
  epoch  10/100  loss=1.2873  bal_acc=0.2969
  epoch  11/100  loss=1.2768  bal_acc=0.3073
  epoch  12/100  loss=1.2635  bal_acc=0.3351
  epoch  13/100  loss=1.2461  bal_acc=0.3924
  epoch  14/100  loss=1.2382  bal_acc=0.4115
  epoch  15/100  loss=1.2305  bal_acc=0.3715
  epoch  16/100  loss=1.2236  bal_acc=0.3837
  epoch  17/100  loss=1.2138  bal_acc=0.3802
  epoch  18/100  loss=1.2060  bal_acc=0.4288
  epoch  19/100  loss=1.1988  bal_acc=0.4444
  epoch  20/100  loss=1.1938  bal_acc=0.4201
  epoch  21/100  loss=1.1900  bal_acc=0.4549
  epoch  22/100  loss=1.1866  bal_acc=0.4323
  epoch  23/100  loss=1.1795  bal_acc=0.4097
  epoch  24/100  loss=1.1738  bal_acc=0.3802
  epoch  25/100  loss=1.1732  bal_acc=0.5087
  epoch  26/100  loss=1.1619  bal_acc=0.5139
  epoch  27/100  loss=1.1483  bal_acc=0.4844
  epoch  28/100  loss=1.1476  bal_acc=0.4931
  epoch  29/100  loss=1.1434  bal_acc=0.5017
  epoch  30/100  loss=1.1409  bal_acc=0.5122
  epoch  31/100  loss=1.1325  bal_acc=0.5052
  epoch  32/100  loss=1.1290  bal_acc=0.5052
  epoch  33/100  loss=1.1189  bal_acc=0.5122
  epoch  34/100  loss=1.1238  bal_acc=0.5174
  epoch  35/100  loss=1.1188  bal_acc=0.5174
  epoch  36/100  loss=1.1118  bal_acc=0.5069
  epoch  37/100  loss=1.1148  bal_acc=0.5208
  epoch  38/100  loss=1.1137  bal_acc=0.5139
  epoch  39/100  loss=1.0956  bal_acc=0.5139
  epoch  40/100  loss=1.0958  bal_acc=0.5104
  epoch  41/100  loss=1.0904  bal_acc=0.5104
  epoch  42/100  loss=1.0914  bal_acc=0.5260
  epoch  43/100  loss=1.0870  bal_acc=0.4566
  epoch  44/100  loss=1.0841  bal_acc=0.5000
  epoch  45/100  loss=1.0732  bal_acc=0.5712
  epoch  46/100  loss=1.0768  bal_acc=0.4792
  epoch  47/100  loss=1.0714  bal_acc=0.5503
  epoch  48/100  loss=1.0732  bal_acc=0.5486
  epoch  49/100  loss=1.0510  bal_acc=0.5503
  epoch  50/100  loss=1.0536  bal_acc=0.5521
  epoch  51/100  loss=1.0563  bal_acc=0.5191
  epoch  52/100  loss=1.0549  bal_acc=0.5122
  epoch  53/100  loss=1.0630  bal_acc=0.5486
  epoch  54/100  loss=1.0704  bal_acc=0.5417
  epoch  55/100  loss=1.0572  bal_acc=0.5122
  epoch  56/100  loss=1.0562  bal_acc=0.5434
  epoch  57/100  loss=1.0456  bal_acc=0.5312
  epoch  58/100  loss=1.0470  bal_acc=0.5000
  epoch  59/100  loss=1.0510  bal_acc=0.5104
  epoch  60/100  loss=1.0438  bal_acc=0.5191
  epoch  61/100  loss=1.0342  bal_acc=0.5503
  epoch  62/100  loss=1.0267  bal_acc=0.5451
  epoch  63/100  loss=1.0248  bal_acc=0.5399
  epoch  64/100  loss=1.0528  bal_acc=0.5278
  epoch  65/100  loss=1.0386  bal_acc=0.5417
  epoch  66/100  loss=1.0453  bal_acc=0.5330
  epoch  67/100  loss=1.0305  bal_acc=0.5365
  epoch  68/100  loss=1.0325  bal_acc=0.5417
  epoch  69/100  loss=1.0252  bal_acc=0.5208
  epoch  70/100  loss=1.0237  bal_acc=0.5122
  epoch  71/100  loss=1.0317  bal_acc=0.5503
  epoch  72/100  loss=1.0358  bal_acc=0.4913
  epoch  73/100  loss=1.0258  bal_acc=0.4028
  epoch  74/100  loss=1.0247  bal_acc=0.4757
  epoch  75/100  loss=1.0107  bal_acc=0.4861
  epoch  76/100  loss=1.0071  bal_acc=0.4132
  epoch  77/100  loss=1.0165  bal_acc=0.5226
  epoch  78/100  loss=1.0161  bal_acc=0.4757
  epoch  79/100  loss=1.0079  bal_acc=0.4618
  epoch  80/100  loss=1.0091  bal_acc=0.5243
  epoch  81/100  loss=0.9970  bal_acc=0.5677
  epoch  82/100  loss=0.9934  bal_acc=0.5590
  epoch  83/100  loss=0.9955  bal_acc=0.5486
  epoch  84/100  loss=0.9880  bal_acc=0.5868
  epoch  85/100  loss=0.9888  bal_acc=0.5399
  epoch  86/100  loss=0.9809  bal_acc=0.4878
  epoch  87/100  loss=0.9827  bal_acc=0.5556
  epoch  88/100  loss=0.9812  bal_acc=0.5417
  epoch  89/100  loss=0.9856  bal_acc=0.5781
  epoch  90/100  loss=0.9937  bal_acc=0.5764
  epoch  91/100  loss=0.9773  bal_acc=0.5747
  epoch  92/100  loss=0.9775  bal_acc=0.5781
  epoch  93/100  loss=0.9652  bal_acc=0.4931
  epoch  94/100  loss=0.9751  bal_acc=0.5799
  epoch  95/100  loss=0.9791  bal_acc=0.5191
  epoch  96/100  loss=0.9797  bal_acc=0.5625
  epoch  97/100  loss=0.9768  bal_acc=0.5451
  epoch  98/100  loss=0.9717  bal_acc=0.5417
  epoch  99/100  loss=0.9730  bal_acc=0.5087
  epoch 100/100  loss=0.9636  bal_acc=0.5382

Training complete.  Final balanced accuracy: 0.5382
Checkpoint saved → results/BNCI2014_001/model.pt

============================================================
  Starting fixed-point quantization sweep
============================================================

============================================================
  Model Weight Analysis
============================================================
[Analysis] Architecture summary → results/BNCI2014_001/quantization/model_analysis/model_architecture.txt

======================================================================
  Model: SpikingEEGNet
======================================================================
  Total parameters  : 8,916
  Trainable params  : 8,916
  Non-trainable     : 0

  SpikingEEGNet  (SpikingEEGNet)  [8,916 params]
    temporal_conv  (Sequential)  [4,016 params]
      0  (Conv2d)
          └─ weight:[8, 1, 1, 500]  numel=4,000
      1  (BatchNorm2d)
          └─ weight:[8]  numel=8
          └─ bias:[8]  numel=8
          └─ running_mean:[8]  [buffer]
          └─ running_var:[8]  [buffer]
    lif1  (Leaky)
        └─ threshold:[]  [buffer]
        └─ graded_spikes_factor:[]  [buffer]
        └─ reset_mechanism_val:[]  [buffer]
        └─ beta:[]  [buffer]
        └─ mem:[32, 8, 22, 1002]  [buffer]
    depthwise_conv  (Sequential)  [384 params]
      0  (Conv2d)
          └─ weight:[16, 1, 22, 1]  numel=352
      1  (BatchNorm2d)
          └─ weight:[16]  numel=16
          └─ bias:[16]  numel=16
          └─ running_mean:[16]  [buffer]
          └─ running_var:[16]  [buffer]
    lif2  (Leaky)
        └─ threshold:[]  [buffer]
        └─ graded_spikes_factor:[]  [buffer]
        └─ reset_mechanism_val:[]  [buffer]
        └─ beta:[]  [buffer]
        └─ mem:[32, 16, 1, 1002]  [buffer]
    pool1  (AvgPool2d)  [no params]
    drop1  (Dropout)  [no params]
    separable_depthwise  (Conv2d)
        └─ weight:[16, 1, 1, 16]  numel=256
    separable_pointwise  (Sequential)  [288 params]
      0  (Conv2d)
          └─ weight:[16, 16, 1, 1]  numel=256
      1  (BatchNorm2d)
          └─ weight:[16]  numel=16
          └─ bias:[16]  numel=16
          └─ running_mean:[16]  [buffer]
          └─ running_var:[16]  [buffer]
    lif3  (Leaky)
        └─ threshold:[]  [buffer]
        └─ graded_spikes_factor:[]  [buffer]
        └─ reset_mechanism_val:[]  [buffer]
        └─ beta:[]  [buffer]
        └─ mem:[32, 16, 1, 251]  [buffer]
    pool2  (AvgPool2d)  [no params]
    drop2  (Dropout)  [no params]
    classifier  (Linear)
        └─ weight:[4, 992]  numel=3,968
        └─ bias:[4]  numel=4
======================================================================
[Analysis] Layer stats CSV     → results/BNCI2014_001/quantization/model_analysis/layer_weight_stats.csv
[Analysis] Outlier report      → results/BNCI2014_001/quantization/model_analysis/weight_outlier_report.txt

======================================================================
  Weight Outlier Report  (threshold = 3.0σ)
======================================================================

  Top 20 tensors by maximum |weight|:
  Rank  Tensor name                                         |max|       std  shape
  ----------------------------------------------------------------------------------
     1  lif1.mem                                         59.88405   7.24755  (32, 8, 22, 1002)
     2  lif3.mem                                         53.71272   7.27307  (32, 16, 1, 251)
     3  lif2.mem                                         53.01930   7.17030  (32, 16, 1, 1002)
     4  temporal_conv.1.running_var                       2.32930   0.35993  (8,)
     5  depthwise_conv.1.weight                           1.13047   0.07041  (16,)
     6  separable_pointwise.1.weight                      1.10252   0.05329  (16,)
     7  temporal_conv.1.weight                            1.01337   0.06054  (8,)
     8  lif2.threshold                                    1.00000   0.00000  ()
     9  lif1.threshold                                    1.00000   0.00000  ()
    10  lif1.graded_spikes_factor                         1.00000   0.00000  ()
    11  lif2.graded_spikes_factor                         1.00000   0.00000  ()
    12  lif3.graded_spikes_factor                         1.00000   0.00000  ()
    13  lif3.threshold                                    1.00000   0.00000  ()
    14  lif2.beta                                         0.95000   0.00000  ()
    15  lif1.beta                                         0.95000   0.00000  ()
    16  lif3.beta                                         0.95000   0.00000  ()
    17  depthwise_conv.0.weight                           0.44093   0.12500  (16, 1, 22, 1)
    18  separable_depthwise.weight                        0.39384   0.14387  (16, 1, 1, 16)
    19  separable_pointwise.0.weight                      0.38079   0.13626  (16, 16, 1, 1)
    20  classifier.weight                                 0.35212   0.06445  (4, 992)

  Layers where > 1% of weights are >3.0σ outliers:
  Tensor name                                      out%   out_count     abs_max
  ----------------------------------------------------------------------------
  lif2.mem                                        2.06%      10,587    53.01930
  lif3.mem                                        1.37%       1,756    53.71272
  lif1.mem                                        1.28%      72,386    59.88405

  BatchNorm running statistics (can be large → drives integer bit width):
  Tensor name                                           min         max     abs_max
  --------------------------------------------------------------------------------
  temporal_conv.1.running_var                       1.23346     2.32930     2.32930
  separable_pointwise.1.running_mean               -0.19139     0.13642     0.19139
  depthwise_conv.1.running_mean                    -0.15550     0.11199     0.15550
  depthwise_conv.1.running_var                      0.01800     0.07363     0.07363
  separable_pointwise.1.running_var                 0.00954     0.02738     0.02738
  temporal_conv.1.running_mean                     -0.00025     0.00047     0.00047

  Likely drivers of large integer-bit requirement
  (tensors with |max| >= 50% of global max = 59.88405):
    • lif1.mem  |max|=59.88405  (100.0% of global max)
    • lif3.mem  |max|=53.71272  (89.7% of global max)
    • lif2.mem  |max|=53.01930  (88.5% of global max)

======================================================================

[Analysis] Generating plots …
[Analysis] Saved → results/BNCI2014_001/quantization/model_analysis/weight_distributions.png
[Analysis] Saved → results/BNCI2014_001/quantization/model_analysis/parameter_magnitude_bar.png
[Analysis] Saved → results/BNCI2014_001/quantization/model_analysis/outlier_fraction_bar.png
[Analysis] Saved → results/BNCI2014_001/quantization/model_analysis/weight_heatmaps.png
[Analysis] Saved → results/BNCI2014_001/quantization/model_analysis/layer_stats_table.png

[Analysis] Complete.  All outputs in results/BNCI2014_001/quantization/model_analysis/
============================================================


[QuantAnalysis] Maximum observed value  : 57601.000000
[QuantAnalysis]   - max input abs       : 6.291002
[QuantAnalysis]   - max param abs       : 57601.000000
[QuantAnalysis] Minimum integer bits    : 16
[QuantAnalysis] Safety margin           : 1 bit(s)
[QuantAnalysis] Sign bit                : 1 (signed)
[QuantAnalysis] Selected integer bits   : 18

============================================================
  Fixed-Point Sweep: Q18.<F>  (F = 64 → 0)
  Overflow mode  : saturate
  Rounding mode  : nearest
  Signed         : True
  SNN time steps : 20
  Output dir     : results/BNCI2014_001/quantization
============================================================

Evaluating float32 baseline …
  Float32 baseline → acc=0.5382  loss=1.2796

  [  1/65]  Q18.64        acc=0.5556  loss=1.0093  (1.9s)  [2%]
  [  2/65]  Q18.63        acc=0.5556  loss=1.0093  (1.7s)  [3%]
  [  3/65]  Q18.62        acc=0.5556  loss=1.0093  (1.7s)  [5%]
  [  4/65]  Q18.61        acc=0.5556  loss=1.0093  (1.7s)  [6%]
  [  5/65]  Q18.60        acc=0.5556  loss=1.0093  (1.7s)  [8%]
  [  6/65]  Q18.59        acc=0.5556  loss=1.0093  (1.7s)  [9%]
  [  7/65]  Q18.58        acc=0.5556  loss=1.0093  (1.7s)  [11%]
  [  8/65]  Q18.57        acc=0.5556  loss=1.0093  (1.7s)  [12%]
  [  9/65]  Q18.56        acc=0.5556  loss=1.0093  (1.7s)  [14%]
  [ 10/65]  Q18.55        acc=0.5556  loss=1.0093  (1.7s)  [15%]
  [ 11/65]  Q18.54        acc=0.5556  loss=1.0093  (1.7s)  [17%]
  [ 12/65]  Q18.53        acc=0.5556  loss=1.0093  (1.7s)  [18%]
  [ 13/65]  Q18.52        acc=0.5556  loss=1.0093  (1.7s)  [20%]
  [ 14/65]  Q18.51        acc=0.5556  loss=1.0093  (1.7s)  [22%]
  [ 15/65]  Q18.50        acc=0.5556  loss=1.0093  (1.7s)  [23%]
  [ 16/65]  Q18.49        acc=0.5556  loss=1.0093  (1.7s)  [25%]
  [ 17/65]  Q18.48        acc=0.5556  loss=1.0093  (1.7s)  [26%]
  [ 18/65]  Q18.47        acc=0.5556  loss=1.0093  (1.7s)  [28%]
  [ 19/65]  Q18.46        acc=0.5556  loss=1.0093  (1.7s)  [29%]
  [ 20/65]  Q18.45        acc=0.5556  loss=1.0093  (1.7s)  [31%]
  [ 21/65]  Q18.44        acc=0.5556  loss=1.0093  (1.7s)  [32%]
  [ 22/65]  Q18.43        acc=0.5556  loss=1.0093  (1.7s)  [34%]
  [ 23/65]  Q18.42        acc=0.5556  loss=1.0093  (1.7s)  [35%]
  [ 24/65]  Q18.41        acc=0.5556  loss=1.0093  (1.7s)  [37%]
  [ 25/65]  Q18.40        acc=0.5556  loss=1.0093  (1.7s)  [38%]
  [ 26/65]  Q18.39        acc=0.5556  loss=1.0093  (1.7s)  [40%]
  [ 27/65]  Q18.38        acc=0.5556  loss=1.0093  (1.7s)  [42%]
  [ 28/65]  Q18.37        acc=0.5556  loss=1.0093  (1.7s)  [43%]
  [ 29/65]  Q18.36        acc=0.5556  loss=1.0093  (1.7s)  [45%]
  [ 30/65]  Q18.35        acc=0.5556  loss=1.0093  (1.7s)  [46%]
  [ 31/65]  Q18.34        acc=0.5556  loss=1.0093  (1.7s)  [48%]
  [ 32/65]  Q18.33        acc=0.5556  loss=1.0093  (1.7s)  [49%]
  [ 33/65]  Q18.32        acc=0.5556  loss=1.0093  (1.7s)  [51%]
  [ 34/65]  Q18.31        acc=0.5556  loss=1.0093  (1.7s)  [52%]
  [ 35/65]  Q18.30        acc=0.5556  loss=1.0093  (1.7s)  [54%]
  [ 36/65]  Q18.29        acc=0.5556  loss=1.0093  (1.7s)  [55%]
  [ 37/65]  Q18.28        acc=0.5556  loss=1.0093  (1.7s)  [57%]
  [ 38/65]  Q18.27        acc=0.5556  loss=1.0093  (1.7s)  [58%]
  [ 39/65]  Q18.26        acc=0.5556  loss=1.0093  (1.7s)  [60%]
  [ 40/65]  Q18.25        acc=0.5556  loss=1.0093  (1.7s)  [62%]
  [ 41/65]  Q18.24        acc=0.5556  loss=1.0093  (1.7s)  [63%]
  [ 42/65]  Q18.23        acc=0.5556  loss=1.0093  (1.7s)  [65%]
  [ 43/65]  Q18.22        acc=0.5556  loss=1.0093  (1.7s)  [66%]
  [ 44/65]  Q18.21        acc=0.5556  loss=1.0093  (1.7s)  [68%]
  [ 45/65]  Q18.20        acc=0.5538  loss=1.0093  (1.7s)  [69%]
  [ 46/65]  Q18.19        acc=0.5538  loss=1.0093  (1.7s)  [71%]
  [ 47/65]  Q18.18        acc=0.5538  loss=1.0093  (1.7s)  [72%]
  [ 48/65]  Q18.17        acc=0.5538  loss=1.0095  (1.7s)  [74%]
  [ 49/65]  Q18.16        acc=0.5503  loss=1.0094  (1.7s)  [75%]
  [ 50/65]  Q18.15        acc=0.5573  loss=1.0090  (1.7s)  [77%]
  [ 51/65]  Q18.14        acc=0.5521  loss=1.0090  (1.7s)  [78%]
  [ 52/65]  Q18.13        acc=0.5521  loss=1.0084  (1.7s)  [80%]
  [ 53/65]  Q18.12        acc=0.5521  loss=1.0095  (1.7s)  [82%]
  [ 54/65]  Q18.11        acc=0.5521  loss=1.0092  (1.7s)  [83%]
  [ 55/65]  Q18.10        acc=0.5694  loss=1.0007  (1.7s)  [85%]
  [ 56/65]  Q18.9         acc=0.5538  loss=1.0076  (1.7s)  [86%]
  [ 57/65]  Q18.8         acc=0.5642  loss=0.9986  (1.7s)  [88%]
  [ 58/65]  Q18.7         acc=0.5538  loss=1.0691  (1.7s)  [89%]
  [ 59/65]  Q18.6         acc=0.5503  loss=1.0326  (1.7s)  [91%]
  [ 60/65]  Q18.5         acc=0.5503  loss=1.0098  (1.7s)  [92%]
  [ 61/65]  Q18.4         acc=0.4878  loss=1.2641  (1.7s)  [94%]
  [ 62/65]  Q18.3         acc=0.4497  loss=1.2150  (1.7s)  [95%]
  [ 63/65]  Q18.2         acc=0.2708  loss=1.6822  (1.7s)  [97%]
  [ 64/65]  Q18.1         acc=0.2500  loss=1.3863  (1.7s)  [98%]
  [ 65/65]  Q18.0         acc=0.2500  loss=1.3863  (1.7s)  [100%]

[Sweep] Results saved → results/BNCI2014_001/quantization/quantization_results.csv
[Sweep] Baseline saved → results/BNCI2014_001/quantization/float_baseline.csv

[Sweep] Generating plots …
[Plot] Saved → results/BNCI2014_001/quantization/accuracy_vs_fractional_bits.png
[Plot] Saved → results/BNCI2014_001/quantization/loss_vs_fractional_bits.png
[Plot] Saved → results/BNCI2014_001/quantization/accuracy_drop_vs_fractional_bits.png

[Sweep] Complete.  Results in results/BNCI2014_001/quantization/

=======================================================
    F-bits    Accuracy        Loss   Drop pp
-------------------------------------------------------
        64      55.56%      1.0093    -1.74pp
        60      55.56%      1.0093    -1.74pp
        56      55.56%      1.0093    -1.74pp
        52      55.56%      1.0093    -1.74pp
        48      55.56%      1.0093    -1.74pp
        44      55.56%      1.0093    -1.74pp
        40      55.56%      1.0093    -1.74pp
        36      55.56%      1.0093    -1.74pp
        32      55.56%      1.0093    -1.74pp
        28      55.56%      1.0093    -1.74pp
        24      55.56%      1.0093    -1.74pp
        20      55.38%      1.0093    -1.56pp
        16      55.03%      1.0094    -1.22pp
        12      55.21%      1.0095    -1.39pp
         8      56.42%      0.9986    -2.60pp
         4      48.78%      1.2641    +5.03pp
         0      25.00%      1.3863   +28.82pp
=======================================================

  Minimum fractional bits for <5.0pp accuracy drop: 5

All done.  Results saved to results/BNCI2014_001/quantization/
Finished : Wed Jun 17 14:53:50 MDT 2026
Exit code: 0
