Job ID   : 44069116
Node     : fg3
Started  : Mon Jun 22 12:40:38 MDT 2026
Directory: /home/aleksander.berezowsk/spiking-eegnet
Requirement already satisfied: setuptools==69.5.1 in /home/aleksander.berezowsk/venv/lib/python3.12/site-packages (69.5.1)
Requirement already satisfied: torch==2.4.0 in /home/aleksander.berezowsk/venv/lib/python3.12/site-packages (2.4.0)
Requirement already satisfied: torchvision==0.19.0 in /home/aleksander.berezowsk/venv/lib/python3.12/site-packages (0.19.0)
Requirement already satisfied: torchaudio==2.4.0 in /home/aleksander.berezowsk/venv/lib/python3.12/site-packages (2.4.0)
Requirement already satisfied: torchmetrics in /home/aleksander.berezowsk/venv/lib/python3.12/site-packages (1.9.0)
Requirement already satisfied: filelock in /home/aleksander.berezowsk/venv/lib/python3.12/site-packages (from torch==2.4.0) (3.29.0)
Requirement already satisfied: typing-extensions>=4.8.0 in /home/aleksander.berezowsk/venv/lib/python3.12/site-packages (from torch==2.4.0) (4.15.0)
Requirement already satisfied: sympy in /home/aleksander.berezowsk/venv/lib/python3.12/site-packages (from torch==2.4.0) (1.14.0)
Requirement already satisfied: networkx in /home/aleksander.berezowsk/venv/lib/python3.12/site-packages (from torch==2.4.0) (3.6.1)
Requirement already satisfied: jinja2 in /home/aleksander.berezowsk/venv/lib/python3.12/site-packages (from torch==2.4.0) (3.1.6)
Requirement already satisfied: fsspec in /home/aleksander.berezowsk/venv/lib/python3.12/site-packages (from torch==2.4.0) (2026.4.0)
Requirement already satisfied: setuptools in /home/aleksander.berezowsk/venv/lib/python3.12/site-packages (from torch==2.4.0) (69.5.1)
Requirement already satisfied: nvidia-cuda-nvrtc-cu12==12.1.105 in /home/aleksander.berezowsk/venv/lib/python3.12/site-packages (from torch==2.4.0) (12.1.105)
Requirement already satisfied: nvidia-cuda-runtime-cu12==12.1.105 in /home/aleksander.berezowsk/venv/lib/python3.12/site-packages (from torch==2.4.0) (12.1.105)
Requirement already satisfied: nvidia-cuda-cupti-cu12==12.1.105 in /home/aleksander.berezowsk/venv/lib/python3.12/site-packages (from torch==2.4.0) (12.1.105)
Requirement already satisfied: nvidia-cudnn-cu12==9.1.0.70 in /home/aleksander.berezowsk/venv/lib/python3.12/site-packages (from torch==2.4.0) (9.1.0.70)
Requirement already satisfied: nvidia-cublas-cu12==12.1.3.1 in /home/aleksander.berezowsk/venv/lib/python3.12/site-packages (from torch==2.4.0) (12.1.3.1)
Requirement already satisfied: nvidia-cufft-cu12==11.0.2.54 in /home/aleksander.berezowsk/venv/lib/python3.12/site-packages (from torch==2.4.0) (11.0.2.54)
Requirement already satisfied: nvidia-curand-cu12==10.3.2.106 in /home/aleksander.berezowsk/venv/lib/python3.12/site-packages (from torch==2.4.0) (10.3.2.106)
Requirement already satisfied: nvidia-cusolver-cu12==11.4.5.107 in /home/aleksander.berezowsk/venv/lib/python3.12/site-packages (from torch==2.4.0) (11.4.5.107)
Requirement already satisfied: nvidia-cusparse-cu12==12.1.0.106 in /home/aleksander.berezowsk/venv/lib/python3.12/site-packages (from torch==2.4.0) (12.1.0.106)
Requirement already satisfied: nvidia-nccl-cu12==2.20.5 in /home/aleksander.berezowsk/venv/lib/python3.12/site-packages (from torch==2.4.0) (2.20.5)
Requirement already satisfied: nvidia-nvtx-cu12==12.1.105 in /home/aleksander.berezowsk/venv/lib/python3.12/site-packages (from torch==2.4.0) (12.1.105)
Requirement already satisfied: triton==3.0.0 in /home/aleksander.berezowsk/venv/lib/python3.12/site-packages (from torch==2.4.0) (3.0.0)
Requirement already satisfied: numpy in /home/aleksander.berezowsk/venv/lib/python3.12/site-packages (from torchvision==0.19.0) (2.4.6)
Requirement already satisfied: pillow!=8.3.*,>=5.3.0 in /home/aleksander.berezowsk/venv/lib/python3.12/site-packages (from torchvision==0.19.0) (12.2.0)
Requirement already satisfied: nvidia-nvjitlink-cu12 in /home/aleksander.berezowsk/venv/lib/python3.12/site-packages (from nvidia-cusolver-cu12==11.4.5.107->torch==2.4.0) (12.9.86)
Requirement already satisfied: packaging>17.1 in /home/aleksander.berezowsk/venv/lib/python3.12/site-packages (from torchmetrics) (26.2)
Requirement already satisfied: lightning-utilities>=0.15.3 in /home/aleksander.berezowsk/venv/lib/python3.12/site-packages (from torchmetrics) (0.15.3)
Requirement already satisfied: MarkupSafe>=2.0 in /home/aleksander.berezowsk/venv/lib/python3.12/site-packages (from jinja2->torch==2.4.0) (3.0.3)
Requirement already satisfied: mpmath<1.4,>=1.1.0 in /home/aleksander.berezowsk/venv/lib/python3.12/site-packages (from sympy->torch==2.4.0) (1.3.0)
Requirement already satisfied: optuna in /home/aleksander.berezowsk/venv/lib/python3.12/site-packages (4.9.0)
Requirement already satisfied: snntorch in /home/aleksander.berezowsk/venv/lib/python3.12/site-packages (0.9.4)
Requirement already satisfied: alembic>=1.5.0 in /home/aleksander.berezowsk/venv/lib/python3.12/site-packages (from optuna) (1.18.4)
Requirement already satisfied: colorlog in /home/aleksander.berezowsk/venv/lib/python3.12/site-packages (from optuna) (6.10.1)
Requirement already satisfied: numpy in /home/aleksander.berezowsk/venv/lib/python3.12/site-packages (from optuna) (2.4.6)
Requirement already satisfied: packaging>=20.0 in /home/aleksander.berezowsk/venv/lib/python3.12/site-packages (from optuna) (26.2)
Requirement already satisfied: sqlalchemy>=1.4.2 in /home/aleksander.berezowsk/venv/lib/python3.12/site-packages (from optuna) (2.0.50)
Requirement already satisfied: tqdm in /home/aleksander.berezowsk/venv/lib/python3.12/site-packages (from optuna) (4.67.3)
Requirement already satisfied: PyYAML in /home/aleksander.berezowsk/venv/lib/python3.12/site-packages (from optuna) (6.0.3)
Requirement already satisfied: Mako in /home/aleksander.berezowsk/venv/lib/python3.12/site-packages (from alembic>=1.5.0->optuna) (1.3.12)
Requirement already satisfied: typing-extensions>=4.12 in /home/aleksander.berezowsk/venv/lib/python3.12/site-packages (from alembic>=1.5.0->optuna) (4.15.0)
Requirement already satisfied: greenlet>=1 in /home/aleksander.berezowsk/venv/lib/python3.12/site-packages (from sqlalchemy>=1.4.2->optuna) (3.5.1)
Requirement already satisfied: MarkupSafe>=0.9.2 in /home/aleksander.berezowsk/venv/lib/python3.12/site-packages (from Mako->alembic>=1.5.0->optuna) (3.0.3)
Device: cuda
[BNCI2014_001] loading from cache: /home/aleksander.berezowsk/.cache/spiking_eegnet/BNCI2014_001_af1ccf3e92f684d8a93c057082b654d7.npz
[BNCI2014_001] cache hit: (5184, 1, 22, 1001), classes=['feet', 'left_hand', 'right_hand', 'tongue'], subjects=9
Dataset meta: {'n_classes': 4, 'n_channels': 22, 'n_samples': 1001, 'class_names': ['feet', 'left_hand', 'right_hand', 'tongue'], 'subject_list': [1, 2, 3, 4, 5, 6, 7, 8, 9], 'n_subjects': 9, 'sfreq': 250.0}

Applying bandpass filter: 2.9168556834368826–80.15357494588307 Hz

=== LOSO (hold out subject 0) ===
  Train: 4608 trials  |  Test: 576 trials
  Model params: 19,934
  epoch   1/100  loss=1.3597  bal_acc=0.4479
  epoch   2/100  loss=1.1619  bal_acc=0.5243
  epoch   3/100  loss=1.0664  bal_acc=0.5573
  epoch   4/100  loss=0.9947  bal_acc=0.5260
  epoch   5/100  loss=0.9281  bal_acc=0.5226
  epoch   6/100  loss=0.8770  bal_acc=0.5365
  epoch   7/100  loss=0.8381  bal_acc=0.5781
  epoch   8/100  loss=0.8012  bal_acc=0.4705
  epoch   9/100  loss=0.7554  bal_acc=0.5781
  epoch  10/100  loss=0.7192  bal_acc=0.5538
  epoch  11/100  loss=0.6661  bal_acc=0.4844
  epoch  12/100  loss=0.6566  bal_acc=0.5382
  epoch  13/100  loss=0.6288  bal_acc=0.5365
  epoch  14/100  loss=0.5868  bal_acc=0.5208
  epoch  15/100  loss=0.5909  bal_acc=0.5573
  epoch  16/100  loss=0.5475  bal_acc=0.5503
  epoch  17/100  loss=0.5304  bal_acc=0.5139
  epoch  18/100  loss=0.5009  bal_acc=0.5712
  epoch  19/100  loss=0.4827  bal_acc=0.5417
  epoch  20/100  loss=0.4656  bal_acc=0.5590
  epoch  21/100  loss=0.4585  bal_acc=0.5781
  epoch  22/100  loss=0.4397  bal_acc=0.5625
  epoch  23/100  loss=0.4080  bal_acc=0.5608
  epoch  24/100  loss=0.4132  bal_acc=0.5764
  epoch  25/100  loss=0.3982  bal_acc=0.5365
  epoch  26/100  loss=0.3827  bal_acc=0.5382
  epoch  27/100  loss=0.4005  bal_acc=0.5295
  epoch  28/100  loss=0.3701  bal_acc=0.5573
  epoch  29/100  loss=0.3643  bal_acc=0.5451
  epoch  30/100  loss=0.3683  bal_acc=0.5486
  epoch  31/100  loss=0.3574  bal_acc=0.5434
  epoch  32/100  loss=0.3325  bal_acc=0.5608
  epoch  33/100  loss=0.3328  bal_acc=0.5365
  epoch  34/100  loss=0.3132  bal_acc=0.5278
  epoch  35/100  loss=0.3149  bal_acc=0.5660
  epoch  36/100  loss=0.3220  bal_acc=0.5312
  epoch  37/100  loss=0.3109  bal_acc=0.5694
  epoch  38/100  loss=0.2986  bal_acc=0.5469
  epoch  39/100  loss=0.2898  bal_acc=0.5451
  epoch  40/100  loss=0.2802  bal_acc=0.5799
  epoch  41/100  loss=0.2757  bal_acc=0.5347
  epoch  42/100  loss=0.2865  bal_acc=0.5729
  epoch  43/100  loss=0.2859  bal_acc=0.5365
  epoch  44/100  loss=0.2523  bal_acc=0.5521
  epoch  45/100  loss=0.2683  bal_acc=0.5226
  epoch  46/100  loss=0.2533  bal_acc=0.5226
  epoch  47/100  loss=0.2686  bal_acc=0.5399
  epoch  48/100  loss=0.2677  bal_acc=0.5573
  epoch  49/100  loss=0.2652  bal_acc=0.5278
  epoch  50/100  loss=0.2492  bal_acc=0.5382
  epoch  51/100  loss=0.2446  bal_acc=0.5434
  epoch  52/100  loss=0.2573  bal_acc=0.5399
  epoch  53/100  loss=0.2426  bal_acc=0.5451
  epoch  54/100  loss=0.2248  bal_acc=0.5451
  epoch  55/100  loss=0.2248  bal_acc=0.4965
  epoch  56/100  loss=0.2420  bal_acc=0.5208
  epoch  57/100  loss=0.2421  bal_acc=0.5365
  epoch  58/100  loss=0.2217  bal_acc=0.5260
  epoch  59/100  loss=0.2341  bal_acc=0.5503
  epoch  60/100  loss=0.2161  bal_acc=0.5087
  epoch  61/100  loss=0.2191  bal_acc=0.5521
  epoch  62/100  loss=0.2261  bal_acc=0.5503
  epoch  63/100  loss=0.2155  bal_acc=0.5365
  epoch  64/100  loss=0.2057  bal_acc=0.5556
  epoch  65/100  loss=0.1969  bal_acc=0.5382
  epoch  66/100  loss=0.2066  bal_acc=0.5503
  epoch  67/100  loss=0.2101  bal_acc=0.5260
  epoch  68/100  loss=0.2043  bal_acc=0.5434
  epoch  69/100  loss=0.2120  bal_acc=0.5243
  epoch  70/100  loss=0.2170  bal_acc=0.5104
  epoch  71/100  loss=0.1827  bal_acc=0.5312
  epoch  72/100  loss=0.1926  bal_acc=0.5434
  epoch  73/100  loss=0.1966  bal_acc=0.5312
  epoch  74/100  loss=0.1810  bal_acc=0.5521
  epoch  75/100  loss=0.2085  bal_acc=0.5330
  epoch  76/100  loss=0.1990  bal_acc=0.5312
  epoch  77/100  loss=0.2014  bal_acc=0.5139
  epoch  78/100  loss=0.1980  bal_acc=0.5087
  epoch  79/100  loss=0.1993  bal_acc=0.5382
  epoch  80/100  loss=0.1752  bal_acc=0.5573
  epoch  81/100  loss=0.1947  bal_acc=0.5295
  epoch  82/100  loss=0.1915  bal_acc=0.5556
  epoch  83/100  loss=0.1855  bal_acc=0.5347
  epoch  84/100  loss=0.2012  bal_acc=0.5573
  epoch  85/100  loss=0.1723  bal_acc=0.5521
  epoch  86/100  loss=0.1711  bal_acc=0.5573
  epoch  87/100  loss=0.1915  bal_acc=0.5729
  epoch  88/100  loss=0.1838  bal_acc=0.5417
  epoch  89/100  loss=0.1773  bal_acc=0.5434
  epoch  90/100  loss=0.1690  bal_acc=0.5503
  epoch  91/100  loss=0.1894  bal_acc=0.5295
  epoch  92/100  loss=0.1876  bal_acc=0.5399
  epoch  93/100  loss=0.1849  bal_acc=0.5521
  epoch  94/100  loss=0.1797  bal_acc=0.5399
  epoch  95/100  loss=0.1796  bal_acc=0.5451
  epoch  96/100  loss=0.1787  bal_acc=0.5260
  epoch  97/100  loss=0.1846  bal_acc=0.5243
  epoch  98/100  loss=0.1767  bal_acc=0.5295
  epoch  99/100  loss=0.1667  bal_acc=0.5451
  epoch 100/100  loss=0.1742  bal_acc=0.5295
  [LOSO 1/9] subject 0: acc=0.5295  running_mean=0.5295

=== LOSO (hold out subject 1) ===
  Train: 4608 trials  |  Test: 576 trials
  Model params: 19,934
  epoch   1/100  loss=1.3054  bal_acc=0.2899
  epoch   2/100  loss=1.1120  bal_acc=0.3142
  epoch   3/100  loss=1.0106  bal_acc=0.2778
  epoch   4/100  loss=0.9346  bal_acc=0.3125
  epoch   5/100  loss=0.8731  bal_acc=0.3472
  epoch   6/100  loss=0.8266  bal_acc=0.3542
  epoch   7/100  loss=0.7649  bal_acc=0.3924
  epoch   8/100  loss=0.7260  bal_acc=0.3698
  epoch   9/100  loss=0.6927  bal_acc=0.3455
  epoch  10/100  loss=0.6541  bal_acc=0.3247
  epoch  11/100  loss=0.6237  bal_acc=0.3455
  epoch  12/100  loss=0.6057  bal_acc=0.3316
  epoch  13/100  loss=0.5753  bal_acc=0.3681
  epoch  14/100  loss=0.5332  bal_acc=0.3108
  epoch  15/100  loss=0.5171  bal_acc=0.2899
  epoch  16/100  loss=0.4849  bal_acc=0.3247
  epoch  17/100  loss=0.4814  bal_acc=0.2813
  epoch  18/100  loss=0.4638  bal_acc=0.3559
  epoch  19/100  loss=0.4504  bal_acc=0.3177
  epoch  20/100  loss=0.4379  bal_acc=0.3420
  epoch  21/100  loss=0.4157  bal_acc=0.3438
  epoch  22/100  loss=0.4188  bal_acc=0.3125
  epoch  23/100  loss=0.4032  bal_acc=0.3125
  epoch  24/100  loss=0.3952  bal_acc=0.3212
  epoch  25/100  loss=0.3712  bal_acc=0.3368
  epoch  26/100  loss=0.3564  bal_acc=0.3368
  epoch  27/100  loss=0.3481  bal_acc=0.3177
  epoch  28/100  loss=0.3333  bal_acc=0.3438
  epoch  29/100  loss=0.3341  bal_acc=0.3646
  epoch  30/100  loss=0.3120  bal_acc=0.3316
  epoch  31/100  loss=0.3203  bal_acc=0.3125
  epoch  32/100  loss=0.3121  bal_acc=0.3646
  epoch  33/100  loss=0.3174  bal_acc=0.3594
  epoch  34/100  loss=0.2874  bal_acc=0.3507
  epoch  35/100  loss=0.2782  bal_acc=0.3802
  epoch  36/100  loss=0.2809  bal_acc=0.3542
  epoch  37/100  loss=0.2907  bal_acc=0.3542
  epoch  38/100  loss=0.2790  bal_acc=0.3628
  epoch  39/100  loss=0.2766  bal_acc=0.3646
  epoch  40/100  loss=0.2531  bal_acc=0.3507
  epoch  41/100  loss=0.2572  bal_acc=0.3524
  epoch  42/100  loss=0.2568  bal_acc=0.3264
  epoch  43/100  loss=0.2541  bal_acc=0.3247
  epoch  44/100  loss=0.2441  bal_acc=0.3594
  epoch  45/100  loss=0.2652  bal_acc=0.3316
  epoch  46/100  loss=0.2473  bal_acc=0.3385
  epoch  47/100  loss=0.2257  bal_acc=0.3142
  epoch  48/100  loss=0.2301  bal_acc=0.3507
  epoch  49/100  loss=0.2558  bal_acc=0.3368
  epoch  50/100  loss=0.2230  bal_acc=0.3455
  epoch  51/100  loss=0.2283  bal_acc=0.3247
  epoch  52/100  loss=0.2154  bal_acc=0.3542
  epoch  53/100  loss=0.2326  bal_acc=0.3403
  epoch  54/100  loss=0.2293  bal_acc=0.3299
  epoch  55/100  loss=0.1995  bal_acc=0.3507
  epoch  56/100  loss=0.2131  bal_acc=0.3507
  epoch  57/100  loss=0.2021  bal_acc=0.3351
  epoch  58/100  loss=0.2070  bal_acc=0.3576
  epoch  59/100  loss=0.1923  bal_acc=0.3333
  epoch  60/100  loss=0.1941  bal_acc=0.3385
  epoch  61/100  loss=0.2046  bal_acc=0.3559
  epoch  62/100  loss=0.2057  bal_acc=0.3351
  epoch  63/100  loss=0.1944  bal_acc=0.3264
  epoch  64/100  loss=0.2002  bal_acc=0.3403
  epoch  65/100  loss=0.1993  bal_acc=0.3281
  epoch  66/100  loss=0.1975  bal_acc=0.3316
  epoch  67/100  loss=0.1794  bal_acc=0.3125
  epoch  68/100  loss=0.1888  bal_acc=0.3160
  epoch  69/100  loss=0.1751  bal_acc=0.3438
  epoch  70/100  loss=0.1952  bal_acc=0.3542
  epoch  71/100  loss=0.1695  bal_acc=0.3507
  epoch  72/100  loss=0.1760  bal_acc=0.3472
  epoch  73/100  loss=0.1748  bal_acc=0.3403
  epoch  74/100  loss=0.1810  bal_acc=0.3490
  epoch  75/100  loss=0.1744  bal_acc=0.3264
  epoch  76/100  loss=0.1863  bal_acc=0.3368
  epoch  77/100  loss=0.1661  bal_acc=0.3438
  epoch  78/100  loss=0.1750  bal_acc=0.3542
  epoch  79/100  loss=0.1649  bal_acc=0.3663
  epoch  80/100  loss=0.1627  bal_acc=0.3299
  epoch  81/100  loss=0.1797  bal_acc=0.3542
  epoch  82/100  loss=0.1793  bal_acc=0.3368
  epoch  83/100  loss=0.1697  bal_acc=0.3576
  epoch  84/100  loss=0.1784  bal_acc=0.3229
  epoch  85/100  loss=0.1759  bal_acc=0.3472
  epoch  86/100  loss=0.1686  bal_acc=0.3611
  epoch  87/100  loss=0.1670  bal_acc=0.3733
  epoch  88/100  loss=0.1453  bal_acc=0.3472
  epoch  89/100  loss=0.1568  bal_acc=0.3663
  epoch  90/100  loss=0.1475  bal_acc=0.3559
  epoch  91/100  loss=0.1584  bal_acc=0.3212
  epoch  92/100  loss=0.1578  bal_acc=0.3576
  epoch  93/100  loss=0.1457  bal_acc=0.3524
  epoch  94/100  loss=0.1556  bal_acc=0.3628
  epoch  95/100  loss=0.1596  bal_acc=0.3403
  epoch  96/100  loss=0.1533  bal_acc=0.3524
  epoch  97/100  loss=0.1634  bal_acc=0.3507
  epoch  98/100  loss=0.1493  bal_acc=0.3559
  epoch  99/100  loss=0.1479  bal_acc=0.3611
  epoch 100/100  loss=0.1413  bal_acc=0.3611
  [LOSO 2/9] subject 1: acc=0.3611  running_mean=0.4453

=== LOSO (hold out subject 2) ===
  Train: 4608 trials  |  Test: 576 trials
  Model params: 19,934
  epoch   1/100  loss=1.3623  bal_acc=0.4566
  epoch   2/100  loss=1.1966  bal_acc=0.4549
  epoch   3/100  loss=1.0987  bal_acc=0.5469
  epoch   4/100  loss=1.0248  bal_acc=0.6892
  epoch   5/100  loss=0.9826  bal_acc=0.5920
  epoch   6/100  loss=0.9234  bal_acc=0.5052
  epoch   7/100  loss=0.8649  bal_acc=0.6076
  epoch   8/100  loss=0.8120  bal_acc=0.5781
  epoch   9/100  loss=0.7928  bal_acc=0.5625
  epoch  10/100  loss=0.7388  bal_acc=0.6458
  epoch  11/100  loss=0.7254  bal_acc=0.5330
  epoch  12/100  loss=0.6907  bal_acc=0.6615
  epoch  13/100  loss=0.6576  bal_acc=0.5330
  epoch  14/100  loss=0.6305  bal_acc=0.6198
  epoch  15/100  loss=0.6028  bal_acc=0.6250
  epoch  16/100  loss=0.6236  bal_acc=0.6372
  epoch  17/100  loss=0.5582  bal_acc=0.5660
  epoch  18/100  loss=0.5477  bal_acc=0.6146
  epoch  19/100  loss=0.5056  bal_acc=0.5694
  epoch  20/100  loss=0.5084  bal_acc=0.6319
  epoch  21/100  loss=0.4909  bal_acc=0.5625
  epoch  22/100  loss=0.4712  bal_acc=0.5972
  epoch  23/100  loss=0.4497  bal_acc=0.5000
  epoch  24/100  loss=0.4563  bal_acc=0.5747
  epoch  25/100  loss=0.4423  bal_acc=0.5260
  epoch  26/100  loss=0.4122  bal_acc=0.6059
  epoch  27/100  loss=0.4168  bal_acc=0.5972
  epoch  28/100  loss=0.3994  bal_acc=0.5069
  epoch  29/100  loss=0.3943  bal_acc=0.6302
  epoch  30/100  loss=0.3776  bal_acc=0.6458
  epoch  31/100  loss=0.3790  bal_acc=0.5955
  epoch  32/100  loss=0.3803  bal_acc=0.6372
  epoch  33/100  loss=0.3702  bal_acc=0.6979
  epoch  34/100  loss=0.3353  bal_acc=0.6823
  epoch  35/100  loss=0.3457  bal_acc=0.6441
  epoch  36/100  loss=0.3409  bal_acc=0.5868
  epoch  37/100  loss=0.3376  bal_acc=0.6736
  epoch  38/100  loss=0.3116  bal_acc=0.6042
  epoch  39/100  loss=0.3153  bal_acc=0.5851
  epoch  40/100  loss=0.3128  bal_acc=0.5000
  epoch  41/100  loss=0.2975  bal_acc=0.6094
  epoch  42/100  loss=0.3024  bal_acc=0.5694
  epoch  43/100  loss=0.2900  bal_acc=0.5156
  epoch  44/100  loss=0.2952  bal_acc=0.5764
  epoch  45/100  loss=0.2911  bal_acc=0.5538
  epoch  46/100  loss=0.2922  bal_acc=0.6146
  epoch  47/100  loss=0.2928  bal_acc=0.6441
  epoch  48/100  loss=0.3005  bal_acc=0.6372
  epoch  49/100  loss=0.2732  bal_acc=0.5486
  epoch  50/100  loss=0.2834  bal_acc=0.5434
  epoch  51/100  loss=0.2575  bal_acc=0.5295
  epoch  52/100  loss=0.2660  bal_acc=0.5312
  epoch  53/100  loss=0.2628  bal_acc=0.5556
  epoch  54/100  loss=0.2660  bal_acc=0.6198
  epoch  55/100  loss=0.2552  bal_acc=0.5486
  epoch  56/100  loss=0.2632  bal_acc=0.5226
  epoch  57/100  loss=0.2474  bal_acc=0.5469
  epoch  58/100  loss=0.2312  bal_acc=0.5851
  epoch  59/100  loss=0.2482  bal_acc=0.6441
  epoch  60/100  loss=0.2538  bal_acc=0.6302
  epoch  61/100  loss=0.2295  bal_acc=0.5781
  epoch  62/100  loss=0.2195  bal_acc=0.6319
  epoch  63/100  loss=0.2189  bal_acc=0.5608
  epoch  64/100  loss=0.2332  bal_acc=0.6302
  epoch  65/100  loss=0.2245  bal_acc=0.5486
  epoch  66/100  loss=0.2384  bal_acc=0.5990
  epoch  67/100  loss=0.2107  bal_acc=0.5312
  epoch  68/100  loss=0.2123  bal_acc=0.5538
  epoch  69/100  loss=0.2315  bal_acc=0.6111
  epoch  70/100  loss=0.2395  bal_acc=0.5729
  epoch  71/100  loss=0.2371  bal_acc=0.5625
  epoch  72/100  loss=0.2185  bal_acc=0.5451
  epoch  73/100  loss=0.2104  bal_acc=0.5590
  epoch  74/100  loss=0.2118  bal_acc=0.6181
  epoch  75/100  loss=0.2017  bal_acc=0.5677
  epoch  76/100  loss=0.2004  bal_acc=0.5816
  epoch  77/100  loss=0.2059  bal_acc=0.5729
  epoch  78/100  loss=0.1995  bal_acc=0.5451
  epoch  79/100  loss=0.2109  bal_acc=0.5295
  epoch  80/100  loss=0.1910  bal_acc=0.4896
  epoch  81/100  loss=0.1989  bal_acc=0.5260
  epoch  82/100  loss=0.2185  bal_acc=0.5139
  epoch  83/100  loss=0.2178  bal_acc=0.5365
  epoch  84/100  loss=0.1958  bal_acc=0.5208
  epoch  85/100  loss=0.1772  bal_acc=0.5312
  epoch  86/100  loss=0.1934  bal_acc=0.5312
  epoch  87/100  loss=0.2042  bal_acc=0.5417
  epoch  88/100  loss=0.2060  bal_acc=0.5434
  epoch  89/100  loss=0.2102  bal_acc=0.6094
  epoch  90/100  loss=0.1849  bal_acc=0.6076
  epoch  91/100  loss=0.1945  bal_acc=0.5729
  epoch  92/100  loss=0.1841  bal_acc=0.6076
  epoch  93/100  loss=0.1857  bal_acc=0.5972
  epoch  94/100  loss=0.2025  bal_acc=0.5781
  epoch  95/100  loss=0.2158  bal_acc=0.5434
  epoch  96/100  loss=0.1873  bal_acc=0.5816
  epoch  97/100  loss=0.1901  bal_acc=0.5677
  epoch  98/100  loss=0.1792  bal_acc=0.5764
  epoch  99/100  loss=0.1801  bal_acc=0.5885
  epoch 100/100  loss=0.1715  bal_acc=0.5851
  [LOSO 3/9] subject 2: acc=0.5851  running_mean=0.4919

=== LOSO (hold out subject 3) ===
  Train: 4608 trials  |  Test: 576 trials
  Model params: 19,934
  epoch   1/100  loss=1.3364  bal_acc=0.3021
  epoch   2/100  loss=1.1008  bal_acc=0.3628
  epoch   3/100  loss=1.0112  bal_acc=0.3872
  epoch   4/100  loss=0.9264  bal_acc=0.3177
  epoch   5/100  loss=0.8815  bal_acc=0.2917
  epoch   6/100  loss=0.8176  bal_acc=0.3559
  epoch   7/100  loss=0.7767  bal_acc=0.3212
  epoch   8/100  loss=0.7332  bal_acc=0.2934
  epoch   9/100  loss=0.6903  bal_acc=0.3385
  epoch  10/100  loss=0.6587  bal_acc=0.3958
  epoch  11/100  loss=0.6449  bal_acc=0.3490
  epoch  12/100  loss=0.6028  bal_acc=0.3438
  epoch  13/100  loss=0.5807  bal_acc=0.3264
  epoch  14/100  loss=0.5394  bal_acc=0.3003
  epoch  15/100  loss=0.5396  bal_acc=0.3247
  epoch  16/100  loss=0.4925  bal_acc=0.3056
  epoch  17/100  loss=0.4620  bal_acc=0.3142
  epoch  18/100  loss=0.4651  bal_acc=0.3316
  epoch  19/100  loss=0.4464  bal_acc=0.3351
  epoch  20/100  loss=0.4217  bal_acc=0.3455
  epoch  21/100  loss=0.4268  bal_acc=0.2830
  epoch  22/100  loss=0.4136  bal_acc=0.3247
  epoch  23/100  loss=0.3925  bal_acc=0.3455
  epoch  24/100  loss=0.3954  bal_acc=0.3229
  epoch  25/100  loss=0.3645  bal_acc=0.3316
  epoch  26/100  loss=0.3630  bal_acc=0.3281
  epoch  27/100  loss=0.3579  bal_acc=0.3385
  epoch  28/100  loss=0.3233  bal_acc=0.3368
  epoch  29/100  loss=0.3301  bal_acc=0.3455
  epoch  30/100  loss=0.3233  bal_acc=0.3472
  epoch  31/100  loss=0.3079  bal_acc=0.3420
  epoch  32/100  loss=0.3137  bal_acc=0.3594
  epoch  33/100  loss=0.3114  bal_acc=0.3333
  epoch  34/100  loss=0.3046  bal_acc=0.3403
  epoch  35/100  loss=0.2830  bal_acc=0.3073
  epoch  36/100  loss=0.2680  bal_acc=0.3125
  epoch  37/100  loss=0.2671  bal_acc=0.3142
  epoch  38/100  loss=0.2856  bal_acc=0.3299
  epoch  39/100  loss=0.2712  bal_acc=0.3212
  epoch  40/100  loss=0.2621  bal_acc=0.3194
  epoch  41/100  loss=0.2598  bal_acc=0.3194
  epoch  42/100  loss=0.2551  bal_acc=0.3177
  epoch  43/100  loss=0.2626  bal_acc=0.3108
  epoch  44/100  loss=0.2205  bal_acc=0.3420
  epoch  45/100  loss=0.2393  bal_acc=0.3385
  epoch  46/100  loss=0.2377  bal_acc=0.3611
  epoch  47/100  loss=0.2175  bal_acc=0.3368
  epoch  48/100  loss=0.2339  bal_acc=0.3438
  epoch  49/100  loss=0.2349  bal_acc=0.3299
  epoch  50/100  loss=0.2092  bal_acc=0.3698
  epoch  51/100  loss=0.2162  bal_acc=0.3333
  epoch  52/100  loss=0.2195  bal_acc=0.3351
  epoch  53/100  loss=0.2092  bal_acc=0.3542
  epoch  54/100  loss=0.2195  bal_acc=0.3524
  epoch  55/100  loss=0.1964  bal_acc=0.3472
  epoch  56/100  loss=0.2001  bal_acc=0.3385
  epoch  57/100  loss=0.1989  bal_acc=0.3316
  epoch  58/100  loss=0.2242  bal_acc=0.3351
  epoch  59/100  loss=0.1945  bal_acc=0.3455
  epoch  60/100  loss=0.1973  bal_acc=0.3142
  epoch  61/100  loss=0.2093  bal_acc=0.3264
  epoch  62/100  loss=0.2183  bal_acc=0.3333
  epoch  63/100  loss=0.2089  bal_acc=0.3247
  epoch  64/100  loss=0.1963  bal_acc=0.3559
  epoch  65/100  loss=0.1848  bal_acc=0.3194
  epoch  66/100  loss=0.1951  bal_acc=0.3316
  epoch  67/100  loss=0.1968  bal_acc=0.3264
  epoch  68/100  loss=0.2076  bal_acc=0.3490
  epoch  69/100  loss=0.1760  bal_acc=0.3264
  epoch  70/100  loss=0.1744  bal_acc=0.3438
  epoch  71/100  loss=0.1839  bal_acc=0.3524
  epoch  72/100  loss=0.1741  bal_acc=0.3264
  epoch  73/100  loss=0.1717  bal_acc=0.3455
  epoch  74/100  loss=0.1753  bal_acc=0.3490
  epoch  75/100  loss=0.1887  bal_acc=0.3333
  epoch  76/100  loss=0.1699  bal_acc=0.3628
  epoch  77/100  loss=0.1947  bal_acc=0.3316
  epoch  78/100  loss=0.1747  bal_acc=0.3247
  epoch  79/100  loss=0.1835  bal_acc=0.3420
  epoch  80/100  loss=0.1742  bal_acc=0.3073
  epoch  81/100  loss=0.1648  bal_acc=0.3490
  epoch  82/100  loss=0.1911  bal_acc=0.3715
  epoch  83/100  loss=0.1607  bal_acc=0.3715
  epoch  84/100  loss=0.1621  bal_acc=0.3333
  epoch  85/100  loss=0.1616  bal_acc=0.3490
  epoch  86/100  loss=0.1499  bal_acc=0.3559
  epoch  87/100  loss=0.1289  bal_acc=0.3559
  epoch  88/100  loss=0.1667  bal_acc=0.3628
  epoch  89/100  loss=0.1694  bal_acc=0.3576
  epoch  90/100  loss=0.1874  bal_acc=0.3351
  epoch  91/100  loss=0.1605  bal_acc=0.3490
  epoch  92/100  loss=0.1599  bal_acc=0.3542
  epoch  93/100  loss=0.1535  bal_acc=0.3420
  epoch  94/100  loss=0.1400  bal_acc=0.3490
  epoch  95/100  loss=0.1548  bal_acc=0.3403
  epoch  96/100  loss=0.1492  bal_acc=0.3542
  epoch  97/100  loss=0.1433  bal_acc=0.3663
  epoch  98/100  loss=0.1531  bal_acc=0.3385
  epoch  99/100  loss=0.1467  bal_acc=0.3351
  epoch 100/100  loss=0.1277  bal_acc=0.3507
  [LOSO 4/9] subject 3: acc=0.3507  running_mean=0.4566

=== LOSO (hold out subject 4) ===
  Train: 4608 trials  |  Test: 576 trials
  Model params: 19,934
  epoch   1/100  loss=1.3289  bal_acc=0.2639
  epoch   2/100  loss=1.1054  bal_acc=0.2552
  epoch   3/100  loss=0.9924  bal_acc=0.2448
  epoch   4/100  loss=0.8987  bal_acc=0.2517
  epoch   5/100  loss=0.8416  bal_acc=0.2708
  epoch   6/100  loss=0.7833  bal_acc=0.2812
  epoch   7/100  loss=0.7305  bal_acc=0.2795
  epoch   8/100  loss=0.6919  bal_acc=0.3125
  epoch   9/100  loss=0.6381  bal_acc=0.2639
  epoch  10/100  loss=0.6013  bal_acc=0.2847
  epoch  11/100  loss=0.5881  bal_acc=0.2917
  epoch  12/100  loss=0.5484  bal_acc=0.2899
  epoch  13/100  loss=0.5280  bal_acc=0.2795
  epoch  14/100  loss=0.4914  bal_acc=0.2708
  epoch  15/100  loss=0.4736  bal_acc=0.2760
  epoch  16/100  loss=0.4600  bal_acc=0.2760
  epoch  17/100  loss=0.4303  bal_acc=0.2830
  epoch  18/100  loss=0.4168  bal_acc=0.2431
  epoch  19/100  loss=0.4022  bal_acc=0.2656
  epoch  20/100  loss=0.3916  bal_acc=0.2847
  epoch  21/100  loss=0.3753  bal_acc=0.2656
  epoch  22/100  loss=0.3906  bal_acc=0.3003
  epoch  23/100  loss=0.3411  bal_acc=0.2882
  epoch  24/100  loss=0.3248  bal_acc=0.2812
  epoch  25/100  loss=0.3274  bal_acc=0.3090
  epoch  26/100  loss=0.3206  bal_acc=0.3264
  epoch  27/100  loss=0.3156  bal_acc=0.3455
  epoch  28/100  loss=0.3013  bal_acc=0.3073
  epoch  29/100  loss=0.2942  bal_acc=0.3021
  epoch  30/100  loss=0.3006  bal_acc=0.2847
  epoch  31/100  loss=0.2699  bal_acc=0.2812
  epoch  32/100  loss=0.2610  bal_acc=0.2865
  epoch  33/100  loss=0.2742  bal_acc=0.2986
  epoch  34/100  loss=0.2728  bal_acc=0.3142
  epoch  35/100  loss=0.2457  bal_acc=0.3455
  epoch  36/100  loss=0.2492  bal_acc=0.3247
  epoch  37/100  loss=0.2446  bal_acc=0.2899
  epoch  38/100  loss=0.2418  bal_acc=0.3316
  epoch  39/100  loss=0.2385  bal_acc=0.3177
  epoch  40/100  loss=0.2327  bal_acc=0.3090
  epoch  41/100  loss=0.2321  bal_acc=0.2899
  epoch  42/100  loss=0.2315  bal_acc=0.3229
  epoch  43/100  loss=0.2407  bal_acc=0.3056
  epoch  44/100  loss=0.2121  bal_acc=0.3038
  epoch  45/100  loss=0.2106  bal_acc=0.3125
  epoch  46/100  loss=0.2017  bal_acc=0.2986
  epoch  47/100  loss=0.1948  bal_acc=0.3003
  epoch  48/100  loss=0.2117  bal_acc=0.3038
  epoch  49/100  loss=0.2074  bal_acc=0.2847
  epoch  50/100  loss=0.2127  bal_acc=0.2882
  epoch  51/100  loss=0.2039  bal_acc=0.3160
  epoch  52/100  loss=0.2019  bal_acc=0.2917
  epoch  53/100  loss=0.2086  bal_acc=0.2882
  epoch  54/100  loss=0.1817  bal_acc=0.3038
  epoch  55/100  loss=0.1772  bal_acc=0.2795
  epoch  56/100  loss=0.1841  bal_acc=0.2934
  epoch  57/100  loss=0.1822  bal_acc=0.2882
  epoch  58/100  loss=0.1958  bal_acc=0.2865
  epoch  59/100  loss=0.1997  bal_acc=0.3160
  epoch  60/100  loss=0.1618  bal_acc=0.3264
  epoch  61/100  loss=0.1724  bal_acc=0.2986
  epoch  62/100  loss=0.1784  bal_acc=0.3212
  epoch  63/100  loss=0.1736  bal_acc=0.3125
  epoch  64/100  loss=0.1719  bal_acc=0.3056
  epoch  65/100  loss=0.1883  bal_acc=0.2795
  epoch  66/100  loss=0.1622  bal_acc=0.2969
  epoch  67/100  loss=0.1652  bal_acc=0.3177
  epoch  68/100  loss=0.1987  bal_acc=0.3021
  epoch  69/100  loss=0.1606  bal_acc=0.2917
  epoch  70/100  loss=0.1546  bal_acc=0.2969
  epoch  71/100  loss=0.1660  bal_acc=0.3021
  epoch  72/100  loss=0.1514  bal_acc=0.2986
  epoch  73/100  loss=0.1545  bal_acc=0.3021
  epoch  74/100  loss=0.1587  bal_acc=0.3021
  epoch  75/100  loss=0.1656  bal_acc=0.3090
  epoch  76/100  loss=0.1615  bal_acc=0.2951
  epoch  77/100  loss=0.1559  bal_acc=0.3056
  epoch  78/100  loss=0.1536  bal_acc=0.3003
  epoch  79/100  loss=0.1457  bal_acc=0.3247
  epoch  80/100  loss=0.1326  bal_acc=0.3038
  epoch  81/100  loss=0.1457  bal_acc=0.3108
  epoch  82/100  loss=0.1373  bal_acc=0.3264
  epoch  83/100  loss=0.1607  bal_acc=0.3385
  epoch  84/100  loss=0.1453  bal_acc=0.3003
  epoch  85/100  loss=0.1360  bal_acc=0.3056
  epoch  86/100  loss=0.1640  bal_acc=0.3194
  epoch  87/100  loss=0.1517  bal_acc=0.3212
  epoch  88/100  loss=0.1414  bal_acc=0.2847
  epoch  89/100  loss=0.1385  bal_acc=0.3073
  epoch  90/100  loss=0.1384  bal_acc=0.3247
  epoch  91/100  loss=0.1549  bal_acc=0.3194
  epoch  92/100  loss=0.1353  bal_acc=0.3056
  epoch  93/100  loss=0.1375  bal_acc=0.3281
  epoch  94/100  loss=0.1197  bal_acc=0.2951
  epoch  95/100  loss=0.1311  bal_acc=0.3056
  epoch  96/100  loss=0.1161  bal_acc=0.3125
  epoch  97/100  loss=0.1206  bal_acc=0.3003
  epoch  98/100  loss=0.1375  bal_acc=0.3160
  epoch  99/100  loss=0.1377  bal_acc=0.3038
  epoch 100/100  loss=0.1465  bal_acc=0.3160
  [LOSO 5/9] subject 4: acc=0.3160  running_mean=0.4285

=== LOSO (hold out subject 5) ===
  Train: 4608 trials  |  Test: 576 trials
  Model params: 19,934
  epoch   1/100  loss=1.3059  bal_acc=0.2205
  epoch   2/100  loss=1.1058  bal_acc=0.2951
  epoch   3/100  loss=0.9851  bal_acc=0.3576
  epoch   4/100  loss=0.9035  bal_acc=0.3507
  epoch   5/100  loss=0.8417  bal_acc=0.3455
  epoch   6/100  loss=0.8056  bal_acc=0.3299
  epoch   7/100  loss=0.7670  bal_acc=0.3576
  epoch   8/100  loss=0.7175  bal_acc=0.3299
  epoch   9/100  loss=0.6804  bal_acc=0.3160
  epoch  10/100  loss=0.6596  bal_acc=0.3073
  epoch  11/100  loss=0.6037  bal_acc=0.3281
  epoch  12/100  loss=0.5718  bal_acc=0.3403
  epoch  13/100  loss=0.5651  bal_acc=0.3628
  epoch  14/100  loss=0.5281  bal_acc=0.3403
  epoch  15/100  loss=0.5201  bal_acc=0.3663
  epoch  16/100  loss=0.4920  bal_acc=0.3316
  epoch  17/100  loss=0.4547  bal_acc=0.3108
  epoch  18/100  loss=0.4397  bal_acc=0.3576
  epoch  19/100  loss=0.4220  bal_acc=0.3229
  epoch  20/100  loss=0.3935  bal_acc=0.3628
  epoch  21/100  loss=0.3890  bal_acc=0.3542
  epoch  22/100  loss=0.3900  bal_acc=0.3455
  epoch  23/100  loss=0.3627  bal_acc=0.3368
  epoch  24/100  loss=0.3533  bal_acc=0.3438
  epoch  25/100  loss=0.3392  bal_acc=0.3125
  epoch  26/100  loss=0.3176  bal_acc=0.3472
  epoch  27/100  loss=0.3148  bal_acc=0.3229
  epoch  28/100  loss=0.3072  bal_acc=0.3125
  epoch  29/100  loss=0.3123  bal_acc=0.3229
  epoch  30/100  loss=0.3140  bal_acc=0.3333
  epoch  31/100  loss=0.3005  bal_acc=0.3403
  epoch  32/100  loss=0.2925  bal_acc=0.3264
  epoch  33/100  loss=0.2686  bal_acc=0.3247
  epoch  34/100  loss=0.2816  bal_acc=0.2795
  epoch  35/100  loss=0.2685  bal_acc=0.3368
  epoch  36/100  loss=0.2703  bal_acc=0.3594
  epoch  37/100  loss=0.2714  bal_acc=0.3090
  epoch  38/100  loss=0.2637  bal_acc=0.3438
  epoch  39/100  loss=0.2428  bal_acc=0.3194
  epoch  40/100  loss=0.2473  bal_acc=0.3142
  epoch  41/100  loss=0.2405  bal_acc=0.3108
  epoch  42/100  loss=0.2293  bal_acc=0.3490
  epoch  43/100  loss=0.2324  bal_acc=0.3438
  epoch  44/100  loss=0.2400  bal_acc=0.3142
  epoch  45/100  loss=0.2493  bal_acc=0.3351
  epoch  46/100  loss=0.2388  bal_acc=0.3316
  epoch  47/100  loss=0.2410  bal_acc=0.3247
  epoch  48/100  loss=0.2399  bal_acc=0.3194
  epoch  49/100  loss=0.2259  bal_acc=0.3281
  epoch  50/100  loss=0.2110  bal_acc=0.3490
  epoch  51/100  loss=0.2180  bal_acc=0.3368
  epoch  52/100  loss=0.2223  bal_acc=0.3385
  epoch  53/100  loss=0.2168  bal_acc=0.3420
  epoch  54/100  loss=0.1927  bal_acc=0.3333
  epoch  55/100  loss=0.2090  bal_acc=0.3368
  epoch  56/100  loss=0.2059  bal_acc=0.3507
  epoch  57/100  loss=0.2104  bal_acc=0.3212
  epoch  58/100  loss=0.1993  bal_acc=0.3125
  epoch  59/100  loss=0.1865  bal_acc=0.3247
  epoch  60/100  loss=0.1748  bal_acc=0.3125
  epoch  61/100  loss=0.1844  bal_acc=0.3073
  epoch  62/100  loss=0.1839  bal_acc=0.3420
  epoch  63/100  loss=0.1727  bal_acc=0.3194
  epoch  64/100  loss=0.1817  bal_acc=0.3160
  epoch  65/100  loss=0.1718  bal_acc=0.3333
  epoch  66/100  loss=0.1855  bal_acc=0.3385
  epoch  67/100  loss=0.1825  bal_acc=0.3368
  epoch  68/100  loss=0.1733  bal_acc=0.3351
  epoch  69/100  loss=0.1609  bal_acc=0.3403
  epoch  70/100  loss=0.1581  bal_acc=0.3160
  epoch  71/100  loss=0.1772  bal_acc=0.3125
  epoch  72/100  loss=0.1692  bal_acc=0.2986
  epoch  73/100  loss=0.1610  bal_acc=0.3177
  epoch  74/100  loss=0.1658  bal_acc=0.3351
  epoch  75/100  loss=0.1806  bal_acc=0.3333
  epoch  76/100  loss=0.1572  bal_acc=0.3299
  epoch  77/100  loss=0.1973  bal_acc=0.2969
  epoch  78/100  loss=0.1557  bal_acc=0.3299
  epoch  79/100  loss=0.1616  bal_acc=0.3351
  epoch  80/100  loss=0.1714  bal_acc=0.3299
  epoch  81/100  loss=0.1585  bal_acc=0.3160
  epoch  82/100  loss=0.1616  bal_acc=0.3299
  epoch  83/100  loss=0.1653  bal_acc=0.3142
  epoch  84/100  loss=0.1710  bal_acc=0.3108
  epoch  85/100  loss=0.1678  bal_acc=0.3438
  epoch  86/100  loss=0.1603  bal_acc=0.3385
  epoch  87/100  loss=0.1402  bal_acc=0.3073
  epoch  88/100  loss=0.1534  bal_acc=0.3559
  epoch  89/100  loss=0.1505  bal_acc=0.3663
  epoch  90/100  loss=0.1403  bal_acc=0.3438
  epoch  91/100  loss=0.1354  bal_acc=0.3542
  epoch  92/100  loss=0.1608  bal_acc=0.3212
  epoch  93/100  loss=0.1482  bal_acc=0.3559
  epoch  94/100  loss=0.1360  bal_acc=0.3420
  epoch  95/100  loss=0.1491  bal_acc=0.3681
  epoch  96/100  loss=0.1350  bal_acc=0.3142
  epoch  97/100  loss=0.1766  bal_acc=0.3021
  epoch  98/100  loss=0.1417  bal_acc=0.3438
  epoch  99/100  loss=0.1543  bal_acc=0.3351
  epoch 100/100  loss=0.1373  bal_acc=0.3646
  [LOSO 6/9] subject 5: acc=0.3646  running_mean=0.4178

=== LOSO (hold out subject 6) ===
  Train: 4608 trials  |  Test: 576 trials
  Model params: 19,934
  epoch   1/100  loss=1.3162  bal_acc=0.2674
  epoch   2/100  loss=1.1200  bal_acc=0.2795
  epoch   3/100  loss=1.0335  bal_acc=0.3177
  epoch   4/100  loss=0.9579  bal_acc=0.2934
  epoch   5/100  loss=0.8807  bal_acc=0.2743
  epoch   6/100  loss=0.8368  bal_acc=0.3160
  epoch   7/100  loss=0.7921  bal_acc=0.2812
  epoch   8/100  loss=0.7645  bal_acc=0.3924
  epoch   9/100  loss=0.7511  bal_acc=0.3472
  epoch  10/100  loss=0.6846  bal_acc=0.3993
  epoch  11/100  loss=0.6756  bal_acc=0.3281
  epoch  12/100  loss=0.6239  bal_acc=0.3368
  epoch  13/100  loss=0.6055  bal_acc=0.3160
  epoch  14/100  loss=0.5727  bal_acc=0.4253
  epoch  15/100  loss=0.5563  bal_acc=0.3351
  epoch  16/100  loss=0.5334  bal_acc=0.3524
  epoch  17/100  loss=0.5038  bal_acc=0.3611
  epoch  18/100  loss=0.5179  bal_acc=0.3403
  epoch  19/100  loss=0.4798  bal_acc=0.3090
  epoch  20/100  loss=0.4688  bal_acc=0.4028
  epoch  21/100  loss=0.4449  bal_acc=0.3750
  epoch  22/100  loss=0.4070  bal_acc=0.3750
  epoch  23/100  loss=0.4317  bal_acc=0.3767
  epoch  24/100  loss=0.4119  bal_acc=0.3368
  epoch  25/100  loss=0.3904  bal_acc=0.3750
  epoch  26/100  loss=0.3884  bal_acc=0.4097
  epoch  27/100  loss=0.3855  bal_acc=0.3108
  epoch  28/100  loss=0.3608  bal_acc=0.3837
  epoch  29/100  loss=0.3668  bal_acc=0.3663
  epoch  30/100  loss=0.3401  bal_acc=0.3854
  epoch  31/100  loss=0.3450  bal_acc=0.3785
  epoch  32/100  loss=0.3243  bal_acc=0.3559
  epoch  33/100  loss=0.3196  bal_acc=0.3715
  epoch  34/100  loss=0.3057  bal_acc=0.3663
  epoch  35/100  loss=0.3180  bal_acc=0.3333
  epoch  36/100  loss=0.3129  bal_acc=0.3819
  epoch  37/100  loss=0.2956  bal_acc=0.3837
  epoch  38/100  loss=0.2863  bal_acc=0.3854
  epoch  39/100  loss=0.2997  bal_acc=0.4028
  epoch  40/100  loss=0.2950  bal_acc=0.3455
  epoch  41/100  loss=0.2947  bal_acc=0.3819
  epoch  42/100  loss=0.2874  bal_acc=0.3455
  epoch  43/100  loss=0.2672  bal_acc=0.4062
  epoch  44/100  loss=0.2597  bal_acc=0.3733
  epoch  45/100  loss=0.2803  bal_acc=0.3750
  epoch  46/100  loss=0.2611  bal_acc=0.3316
  epoch  47/100  loss=0.2469  bal_acc=0.3663
  epoch  48/100  loss=0.2415  bal_acc=0.3455
  epoch  49/100  loss=0.2451  bal_acc=0.3524
  epoch  50/100  loss=0.2365  bal_acc=0.3958
  epoch  51/100  loss=0.2448  bal_acc=0.3403
  epoch  52/100  loss=0.2462  bal_acc=0.3576
  epoch  53/100  loss=0.2505  bal_acc=0.3368
  epoch  54/100  loss=0.2324  bal_acc=0.3976
  epoch  55/100  loss=0.2389  bal_acc=0.3385
  epoch  56/100  loss=0.2512  bal_acc=0.3576
  epoch  57/100  loss=0.2104  bal_acc=0.3906
  epoch  58/100  loss=0.2403  bal_acc=0.3472
  epoch  59/100  loss=0.2309  bal_acc=0.3507
  epoch  60/100  loss=0.2337  bal_acc=0.3351
  epoch  61/100  loss=0.2054  bal_acc=0.3212
  epoch  62/100  loss=0.2071  bal_acc=0.3594
  epoch  63/100  loss=0.2063  bal_acc=0.3628
  epoch  64/100  loss=0.2438  bal_acc=0.3663
  epoch  65/100  loss=0.2223  bal_acc=0.3663
  epoch  66/100  loss=0.2198  bal_acc=0.3819
  epoch  67/100  loss=0.2241  bal_acc=0.4045
  epoch  68/100  loss=0.1895  bal_acc=0.4149
  epoch  69/100  loss=0.2073  bal_acc=0.3628
  epoch  70/100  loss=0.1810  bal_acc=0.3698
  epoch  71/100  loss=0.1834  bal_acc=0.3698
  epoch  72/100  loss=0.1954  bal_acc=0.3767
  epoch  73/100  loss=0.1983  bal_acc=0.3559
  epoch  74/100  loss=0.1986  bal_acc=0.3594
  epoch  75/100  loss=0.1955  bal_acc=0.3507
  epoch  76/100  loss=0.1937  bal_acc=0.3819
  epoch  77/100  loss=0.2182  bal_acc=0.3681
  epoch  78/100  loss=0.1971  bal_acc=0.3715
  epoch  79/100  loss=0.1866  bal_acc=0.3663
  epoch  80/100  loss=0.1813  bal_acc=0.3698
  epoch  81/100  loss=0.1898  bal_acc=0.3715
  epoch  82/100  loss=0.1799  bal_acc=0.3594
  epoch  83/100  loss=0.1773  bal_acc=0.3663
  epoch  84/100  loss=0.1907  bal_acc=0.3507
  epoch  85/100  loss=0.1904  bal_acc=0.3698
  epoch  86/100  loss=0.1585  bal_acc=0.3837
  epoch  87/100  loss=0.1771  bal_acc=0.3767
  epoch  88/100  loss=0.1847  bal_acc=0.3681
  epoch  89/100  loss=0.1784  bal_acc=0.3559
  epoch  90/100  loss=0.1680  bal_acc=0.3750
  epoch  91/100  loss=0.1795  bal_acc=0.3733
  epoch  92/100  loss=0.1789  bal_acc=0.3854
  epoch  93/100  loss=0.1670  bal_acc=0.3924
  epoch  94/100  loss=0.1628  bal_acc=0.3594
  epoch  95/100  loss=0.1720  bal_acc=0.3872
  epoch  96/100  loss=0.1798  bal_acc=0.3542
  epoch  97/100  loss=0.1705  bal_acc=0.3542
  epoch  98/100  loss=0.1555  bal_acc=0.3854
  epoch  99/100  loss=0.1586  bal_acc=0.3681
  epoch 100/100  loss=0.1729  bal_acc=0.3715
  [LOSO 7/9] subject 6: acc=0.3715  running_mean=0.4112

=== LOSO (hold out subject 7) ===
  Train: 4608 trials  |  Test: 576 trials
  Model params: 19,934
  epoch   1/100  loss=1.3335  bal_acc=0.5399
  epoch   2/100  loss=1.1806  bal_acc=0.4774
  epoch   3/100  loss=1.0657  bal_acc=0.5399
  epoch   4/100  loss=1.0067  bal_acc=0.5694
  epoch   5/100  loss=0.9279  bal_acc=0.5556
  epoch   6/100  loss=0.8623  bal_acc=0.5417
  epoch   7/100  loss=0.8075  bal_acc=0.5938
  epoch   8/100  loss=0.7794  bal_acc=0.5851
  epoch   9/100  loss=0.7266  bal_acc=0.5972
  epoch  10/100  loss=0.6989  bal_acc=0.5399
  epoch  11/100  loss=0.6577  bal_acc=0.5677
  epoch  12/100  loss=0.6149  bal_acc=0.6076
  epoch  13/100  loss=0.5931  bal_acc=0.5556
  epoch  14/100  loss=0.5868  bal_acc=0.6233
  epoch  15/100  loss=0.5437  bal_acc=0.6094
  epoch  16/100  loss=0.5296  bal_acc=0.6302
  epoch  17/100  loss=0.5218  bal_acc=0.6076
  epoch  18/100  loss=0.4822  bal_acc=0.5920
  epoch  19/100  loss=0.4642  bal_acc=0.6181
  epoch  20/100  loss=0.4580  bal_acc=0.6111
  epoch  21/100  loss=0.4519  bal_acc=0.5538
  epoch  22/100  loss=0.4557  bal_acc=0.5486
  epoch  23/100  loss=0.4237  bal_acc=0.6163
  epoch  24/100  loss=0.4367  bal_acc=0.6111
  epoch  25/100  loss=0.3934  bal_acc=0.5938
  epoch  26/100  loss=0.3987  bal_acc=0.5885
  epoch  27/100  loss=0.3750  bal_acc=0.5694
  epoch  28/100  loss=0.3799  bal_acc=0.5885
  epoch  29/100  loss=0.3699  bal_acc=0.5799
  epoch  30/100  loss=0.3753  bal_acc=0.5625
  epoch  31/100  loss=0.3297  bal_acc=0.6076
  epoch  32/100  loss=0.3348  bal_acc=0.5816
  epoch  33/100  loss=0.3340  bal_acc=0.5642
  epoch  34/100  loss=0.3375  bal_acc=0.5938
  epoch  35/100  loss=0.3187  bal_acc=0.5799
  epoch  36/100  loss=0.3279  bal_acc=0.6198
  epoch  37/100  loss=0.3190  bal_acc=0.5972
  epoch  38/100  loss=0.3031  bal_acc=0.6111
  epoch  39/100  loss=0.2749  bal_acc=0.6128
  epoch  40/100  loss=0.2822  bal_acc=0.5799
  epoch  41/100  loss=0.2951  bal_acc=0.5990
  epoch  42/100  loss=0.3085  bal_acc=0.5781
  epoch  43/100  loss=0.2878  bal_acc=0.5833
  epoch  44/100  loss=0.2822  bal_acc=0.5382
  epoch  45/100  loss=0.2735  bal_acc=0.5764
  epoch  46/100  loss=0.2803  bal_acc=0.5486
  epoch  47/100  loss=0.2503  bal_acc=0.5920
  epoch  48/100  loss=0.2870  bal_acc=0.6059
  epoch  49/100  loss=0.2609  bal_acc=0.6024
  epoch  50/100  loss=0.2443  bal_acc=0.5920
  epoch  51/100  loss=0.2468  bal_acc=0.5642
  epoch  52/100  loss=0.2537  bal_acc=0.5816
  epoch  53/100  loss=0.2483  bal_acc=0.5781
  epoch  54/100  loss=0.2454  bal_acc=0.6076
  epoch  55/100  loss=0.2543  bal_acc=0.5573
  epoch  56/100  loss=0.2380  bal_acc=0.5503
  epoch  57/100  loss=0.2386  bal_acc=0.6094
  epoch  58/100  loss=0.2324  bal_acc=0.6024
  epoch  59/100  loss=0.2313  bal_acc=0.6215
  epoch  60/100  loss=0.2493  bal_acc=0.5851
  epoch  61/100  loss=0.2292  bal_acc=0.5764
  epoch  62/100  loss=0.2239  bal_acc=0.5851
  epoch  63/100  loss=0.2215  bal_acc=0.6059
  epoch  64/100  loss=0.2189  bal_acc=0.5747
  epoch  65/100  loss=0.2118  bal_acc=0.5799
  epoch  66/100  loss=0.1880  bal_acc=0.5903
  epoch  67/100  loss=0.2334  bal_acc=0.5868
  epoch  68/100  loss=0.2134  bal_acc=0.5885
  epoch  69/100  loss=0.2034  bal_acc=0.5781
  epoch  70/100  loss=0.2226  bal_acc=0.5747
  epoch  71/100  loss=0.2103  bal_acc=0.5781
  epoch  72/100  loss=0.2026  bal_acc=0.5764
  epoch  73/100  loss=0.2147  bal_acc=0.5903
  epoch  74/100  loss=0.2075  bal_acc=0.5747
  epoch  75/100  loss=0.1886  bal_acc=0.5660
  epoch  76/100  loss=0.1942  bal_acc=0.5799
  epoch  77/100  loss=0.2112  bal_acc=0.5920
  epoch  78/100  loss=0.2016  bal_acc=0.5972
  epoch  79/100  loss=0.2035  bal_acc=0.5833
  epoch  80/100  loss=0.1957  bal_acc=0.6094
  epoch  81/100  loss=0.2061  bal_acc=0.5660
  epoch  82/100  loss=0.1927  bal_acc=0.5694
  epoch  83/100  loss=0.1717  bal_acc=0.6024
  epoch  84/100  loss=0.1967  bal_acc=0.6094
  epoch  85/100  loss=0.1792  bal_acc=0.6059
  epoch  86/100  loss=0.1841  bal_acc=0.5972
  epoch  87/100  loss=0.1626  bal_acc=0.5712
  epoch  88/100  loss=0.1796  bal_acc=0.6042
  epoch  89/100  loss=0.1844  bal_acc=0.5556
  epoch  90/100  loss=0.2000  bal_acc=0.6042
  epoch  91/100  loss=0.1719  bal_acc=0.5955
  epoch  92/100  loss=0.1941  bal_acc=0.6128
  epoch  93/100  loss=0.1724  bal_acc=0.5920
  epoch  94/100  loss=0.1767  bal_acc=0.5747
  epoch  95/100  loss=0.1826  bal_acc=0.5955
  epoch  96/100  loss=0.1829  bal_acc=0.5469
  epoch  97/100  loss=0.1603  bal_acc=0.5851
  epoch  98/100  loss=0.1858  bal_acc=0.5764
  epoch  99/100  loss=0.1715  bal_acc=0.5660
  epoch 100/100  loss=0.1657  bal_acc=0.5694
  [LOSO 8/9] subject 7: acc=0.5694  running_mean=0.4310

=== LOSO (hold out subject 8) ===
  Train: 4608 trials  |  Test: 576 trials
  Model params: 19,934
  epoch   1/100  loss=1.3368  bal_acc=0.5052
  epoch   2/100  loss=1.1525  bal_acc=0.4670
  epoch   3/100  loss=1.0630  bal_acc=0.5885
  epoch   4/100  loss=0.9933  bal_acc=0.6250
  epoch   5/100  loss=0.9348  bal_acc=0.6024
  epoch   6/100  loss=0.8830  bal_acc=0.5851
  epoch   7/100  loss=0.8410  bal_acc=0.5712
  epoch   8/100  loss=0.7982  bal_acc=0.5729
  epoch   9/100  loss=0.7567  bal_acc=0.5660
  epoch  10/100  loss=0.7216  bal_acc=0.6215
  epoch  11/100  loss=0.6842  bal_acc=0.6233
  epoch  12/100  loss=0.6360  bal_acc=0.5781
  epoch  13/100  loss=0.6203  bal_acc=0.6042
  epoch  14/100  loss=0.5990  bal_acc=0.6094
  epoch  15/100  loss=0.5735  bal_acc=0.5712
  epoch  16/100  loss=0.5540  bal_acc=0.5486
  epoch  17/100  loss=0.5368  bal_acc=0.6389
  epoch  18/100  loss=0.4953  bal_acc=0.6181
  epoch  19/100  loss=0.4877  bal_acc=0.6059
  epoch  20/100  loss=0.4535  bal_acc=0.6267
  epoch  21/100  loss=0.4628  bal_acc=0.6476
  epoch  22/100  loss=0.4477  bal_acc=0.6250
  epoch  23/100  loss=0.4371  bal_acc=0.6528
  epoch  24/100  loss=0.4256  bal_acc=0.6667
  epoch  25/100  loss=0.3916  bal_acc=0.6181
  epoch  26/100  loss=0.4128  bal_acc=0.5677
  epoch  27/100  loss=0.3826  bal_acc=0.5590
  epoch  28/100  loss=0.3553  bal_acc=0.5990
  epoch  29/100  loss=0.3541  bal_acc=0.6267
  epoch  30/100  loss=0.3547  bal_acc=0.6406
  epoch  31/100  loss=0.3408  bal_acc=0.5851
  epoch  32/100  loss=0.3454  bal_acc=0.5590
  epoch  33/100  loss=0.3133  bal_acc=0.5868
  epoch  34/100  loss=0.3288  bal_acc=0.6059
  epoch  35/100  loss=0.3129  bal_acc=0.6181
  epoch  36/100  loss=0.3153  bal_acc=0.5833
  epoch  37/100  loss=0.3106  bal_acc=0.5868
  epoch  38/100  loss=0.2977  bal_acc=0.6128
  epoch  39/100  loss=0.3014  bal_acc=0.6094
  epoch  40/100  loss=0.3101  bal_acc=0.6059
  epoch  41/100  loss=0.2900  bal_acc=0.6215
  epoch  42/100  loss=0.2843  bal_acc=0.5347
  epoch  43/100  loss=0.2670  bal_acc=0.5625
  epoch  44/100  loss=0.2648  bal_acc=0.6198
  epoch  45/100  loss=0.2681  bal_acc=0.6250
  epoch  46/100  loss=0.2556  bal_acc=0.5938
  epoch  47/100  loss=0.2601  bal_acc=0.6111
  epoch  48/100  loss=0.2601  bal_acc=0.6059
  epoch  49/100  loss=0.2499  bal_acc=0.6128
  epoch  50/100  loss=0.2559  bal_acc=0.6302
  epoch  51/100  loss=0.2539  bal_acc=0.6111
  epoch  52/100  loss=0.2470  bal_acc=0.5816
  epoch  53/100  loss=0.2667  bal_acc=0.6319
  epoch  54/100  loss=0.2475  bal_acc=0.5260
  epoch  55/100  loss=0.2443  bal_acc=0.5833
  epoch  56/100  loss=0.2344  bal_acc=0.5955
  epoch  57/100  loss=0.2343  bal_acc=0.5521
  epoch  58/100  loss=0.2436  bal_acc=0.5868
  epoch  59/100  loss=0.2308  bal_acc=0.6007
  epoch  60/100  loss=0.2373  bal_acc=0.6128
  epoch  61/100  loss=0.2348  bal_acc=0.5955
  epoch  62/100  loss=0.2079  bal_acc=0.5677
  epoch  63/100  loss=0.2204  bal_acc=0.6076
  epoch  64/100  loss=0.2166  bal_acc=0.6372
  epoch  65/100  loss=0.2133  bal_acc=0.6076
  epoch  66/100  loss=0.2221  bal_acc=0.6042
  epoch  67/100  loss=0.2124  bal_acc=0.6094
  epoch  68/100  loss=0.2120  bal_acc=0.5660
  epoch  69/100  loss=0.2175  bal_acc=0.6198
  epoch  70/100  loss=0.2012  bal_acc=0.6493
  epoch  71/100  loss=0.2005  bal_acc=0.5677
  epoch  72/100  loss=0.1925  bal_acc=0.6094
  epoch  73/100  loss=0.2033  bal_acc=0.5712
  epoch  74/100  loss=0.2076  bal_acc=0.5799
  epoch  75/100  loss=0.2225  bal_acc=0.5868
  epoch  76/100  loss=0.1975  bal_acc=0.6337
  epoch  77/100  loss=0.1913  bal_acc=0.6146
  epoch  78/100  loss=0.1970  bal_acc=0.5851
  epoch  79/100  loss=0.1718  bal_acc=0.5972
  epoch  80/100  loss=0.1830  bal_acc=0.6024
  epoch  81/100  loss=0.1711  bal_acc=0.5903
  epoch  82/100  loss=0.1891  bal_acc=0.5816
  epoch  83/100  loss=0.1935  bal_acc=0.6285
  epoch  84/100  loss=0.1941  bal_acc=0.5851
  epoch  85/100  loss=0.2017  bal_acc=0.5990
  epoch  86/100  loss=0.1842  bal_acc=0.5955
  epoch  87/100  loss=0.1766  bal_acc=0.6076
  epoch  88/100  loss=0.1818  bal_acc=0.6111
  epoch  89/100  loss=0.1651  bal_acc=0.6302
  epoch  90/100  loss=0.1873  bal_acc=0.5972
  epoch  91/100  loss=0.1914  bal_acc=0.5990
  epoch  92/100  loss=0.1841  bal_acc=0.6146
  epoch  93/100  loss=0.1780  bal_acc=0.6215
  epoch  94/100  loss=0.1759  bal_acc=0.6111
  epoch  95/100  loss=0.1755  bal_acc=0.6250
  epoch  96/100  loss=0.1680  bal_acc=0.5694
  epoch  97/100  loss=0.1517  bal_acc=0.6111
  epoch  98/100  loss=0.1705  bal_acc=0.6285
  epoch  99/100  loss=0.1775  bal_acc=0.5573
  epoch 100/100  loss=0.1629  bal_acc=0.6042
  [LOSO 9/9] subject 8: acc=0.6042  running_mean=0.4502
Results saved to results/BNCI2014_001/results_trial_132.json
Trial logged to results/BNCI2014_001/trials.csv
[status] trial 132 done (state=COMPLETE, value=0.45023148148148145) -- 121 completed total
Device: cuda
[BNCI2014_001] loading from cache: /home/aleksander.berezowsk/.cache/spiking_eegnet/BNCI2014_001_af1ccf3e92f684d8a93c057082b654d7.npz
[BNCI2014_001] cache hit: (5184, 1, 22, 1001), classes=['feet', 'left_hand', 'right_hand', 'tongue'], subjects=9
Dataset meta: {'n_classes': 4, 'n_channels': 22, 'n_samples': 1001, 'class_names': ['feet', 'left_hand', 'right_hand', 'tongue'], 'subject_list': [1, 2, 3, 4, 5, 6, 7, 8, 9], 'n_subjects': 9, 'sfreq': 250.0}

Applying bandpass filter: 4.108120028859328–76.9718859293234 Hz

=== LOSO (hold out subject 0) ===
  Train: 4608 trials  |  Test: 576 trials
  Model params: 10,622
  epoch   1/100  loss=1.3628  bal_acc=0.4878
  epoch   2/100  loss=1.2216  bal_acc=0.4705
  epoch   3/100  loss=1.1200  bal_acc=0.4740
  epoch   4/100  loss=1.0542  bal_acc=0.4965
  epoch   5/100  loss=1.0199  bal_acc=0.5712
  epoch   6/100  loss=0.9892  bal_acc=0.5174
  epoch   7/100  loss=0.9621  bal_acc=0.5035
  epoch   8/100  loss=0.9392  bal_acc=0.4132
  epoch   9/100  loss=0.9148  bal_acc=0.4792
  epoch  10/100  loss=0.9076  bal_acc=0.5399
  epoch  11/100  loss=0.8791  bal_acc=0.3194
  epoch  12/100  loss=0.8642  bal_acc=0.4549
  epoch  13/100  loss=0.8481  bal_acc=0.5312
  epoch  14/100  loss=0.8190  bal_acc=0.5052
  epoch  15/100  loss=0.8214  bal_acc=0.5087
  epoch  16/100  loss=0.8152  bal_acc=0.5087
  epoch  17/100  loss=0.8027  bal_acc=0.4583
  epoch  18/100  loss=0.7821  bal_acc=0.5017
  epoch  19/100  loss=0.7675  bal_acc=0.5069
  epoch  20/100  loss=0.7769  bal_acc=0.5035
  epoch  21/100  loss=0.7499  bal_acc=0.5295
  epoch  22/100  loss=0.7411  bal_acc=0.5260
  epoch  23/100  loss=0.7422  bal_acc=0.5312
  epoch  24/100  loss=0.7275  bal_acc=0.5226
  epoch  25/100  loss=0.7156  bal_acc=0.5243
  epoch  26/100  loss=0.7260  bal_acc=0.5226
  epoch  27/100  loss=0.7065  bal_acc=0.4878
  epoch  28/100  loss=0.6983  bal_acc=0.5069
  epoch  29/100  loss=0.7060  bal_acc=0.5747
  epoch  30/100  loss=0.7077  bal_acc=0.5486
  epoch  31/100  loss=0.7078  bal_acc=0.5677
  epoch  32/100  loss=0.6769  bal_acc=0.5521
  epoch  33/100  loss=0.6669  bal_acc=0.5295
  epoch  34/100  loss=0.6761  bal_acc=0.5694
  epoch  35/100  loss=0.6536  bal_acc=0.5399
  epoch  36/100  loss=0.6724  bal_acc=0.5330
  epoch  37/100  loss=0.6481  bal_acc=0.5590
  epoch  38/100  loss=0.6456  bal_acc=0.5347
  epoch  39/100  loss=0.6539  bal_acc=0.5052
  epoch  40/100  loss=0.6321  bal_acc=0.5174
  epoch  41/100  loss=0.6213  bal_acc=0.5747
  epoch  42/100  loss=0.6235  bal_acc=0.5625
  epoch  43/100  loss=0.6321  bal_acc=0.5503
  epoch  44/100  loss=0.6332  bal_acc=0.5139
  epoch  45/100  loss=0.6503  bal_acc=0.5660
  epoch  46/100  loss=0.6068  bal_acc=0.5590
  epoch  47/100  loss=0.6126  bal_acc=0.5382
  epoch  48/100  loss=0.6069  bal_acc=0.5365
  epoch  49/100  loss=0.6130  bal_acc=0.5573
  epoch  50/100  loss=0.6023  bal_acc=0.5556
  epoch  51/100  loss=0.5968  bal_acc=0.5660
  epoch  52/100  loss=0.5779  bal_acc=0.5330
  epoch  53/100  loss=0.5999  bal_acc=0.5590
  epoch  54/100  loss=0.5748  bal_acc=0.5608
  epoch  55/100  loss=0.5843  bal_acc=0.5243
  epoch  56/100  loss=0.5914  bal_acc=0.5556
  epoch  57/100  loss=0.5610  bal_acc=0.5069
  epoch  58/100  loss=0.5694  bal_acc=0.4688
  epoch  59/100  loss=0.5762  bal_acc=0.5608
  epoch  60/100  loss=0.5591  bal_acc=0.5035
  epoch  61/100  loss=0.5695  bal_acc=0.5556
  epoch  62/100  loss=0.5639  bal_acc=0.5486
  epoch  63/100  loss=0.5349  bal_acc=0.5260
  epoch  64/100  loss=0.5579  bal_acc=0.5642
  epoch  65/100  loss=0.5520  bal_acc=0.5642
  epoch  66/100  loss=0.5658  bal_acc=0.5191
  epoch  67/100  loss=0.5347  bal_acc=0.5486
  epoch  68/100  loss=0.5438  bal_acc=0.5417
  epoch  69/100  loss=0.5500  bal_acc=0.5503
  epoch  70/100  loss=0.5399  bal_acc=0.5330
  epoch  71/100  loss=0.5478  bal_acc=0.5451
  epoch  72/100  loss=0.5355  bal_acc=0.5885
  epoch  73/100  loss=0.5257  bal_acc=0.5052
  epoch  74/100  loss=0.5228  bal_acc=0.5642
  epoch  75/100  loss=0.5305  bal_acc=0.5625
  epoch  76/100  loss=0.5125  bal_acc=0.5573
  epoch  77/100  loss=0.5206  bal_acc=0.5469
  epoch  78/100  loss=0.5199  bal_acc=0.5608
  epoch  79/100  loss=0.5117  bal_acc=0.5434
  epoch  80/100  loss=0.5240  bal_acc=0.5677
  epoch  81/100  loss=0.4959  bal_acc=0.5556
  epoch  82/100  loss=0.5073  bal_acc=0.5365
  epoch  83/100  loss=0.5249  bal_acc=0.5052
  epoch  84/100  loss=0.5331  bal_acc=0.5503
  epoch  85/100  loss=0.4917  bal_acc=0.5816
  epoch  86/100  loss=0.4887  bal_acc=0.5538
  epoch  87/100  loss=0.5102  bal_acc=0.5556
  epoch  88/100  loss=0.5162  bal_acc=0.5382
  epoch  89/100  loss=0.4793  bal_acc=0.5295
  epoch  90/100  loss=0.5182  bal_acc=0.5851
  epoch  91/100  loss=0.4907  bal_acc=0.5920
  epoch  92/100  loss=0.4740  bal_acc=0.5451
  epoch  93/100  loss=0.4870  bal_acc=0.4878
  epoch  94/100  loss=0.4831  bal_acc=0.5642
  epoch  95/100  loss=0.4806  bal_acc=0.5122
  epoch  96/100  loss=0.4847  bal_acc=0.5365
  epoch  97/100  loss=0.5058  bal_acc=0.5035
  epoch  98/100  loss=0.4955  bal_acc=0.5208
  epoch  99/100  loss=0.4673  bal_acc=0.5295
  epoch 100/100  loss=0.4615  bal_acc=0.5069
  [LOSO 1/9] subject 0: acc=0.5069  running_mean=0.5069

=== LOSO (hold out subject 1) ===
  Train: 4608 trials  |  Test: 576 trials
  Model params: 10,622
  epoch   1/100  loss=1.3419  bal_acc=0.2951
  epoch   2/100  loss=1.1739  bal_acc=0.2969
  epoch   3/100  loss=1.0770  bal_acc=0.3229
  epoch   4/100  loss=1.0333  bal_acc=0.3090
  epoch   5/100  loss=0.9830  bal_acc=0.3872
  epoch   6/100  loss=0.9583  bal_acc=0.3090
  epoch   7/100  loss=0.9219  bal_acc=0.3403
  epoch   8/100  loss=0.9039  bal_acc=0.3490
  epoch   9/100  loss=0.8677  bal_acc=0.3628
  epoch  10/100  loss=0.8524  bal_acc=0.3438
  epoch  11/100  loss=0.8288  bal_acc=0.3472
  epoch  12/100  loss=0.8047  bal_acc=0.3750
  epoch  13/100  loss=0.7952  bal_acc=0.3785
  epoch  14/100  loss=0.7829  bal_acc=0.3351
  epoch  15/100  loss=0.7510  bal_acc=0.3785
  epoch  16/100  loss=0.7539  bal_acc=0.3889
  epoch  17/100  loss=0.7405  bal_acc=0.3802
  epoch  18/100  loss=0.7334  bal_acc=0.3542
  epoch  19/100  loss=0.7052  bal_acc=0.3420
  epoch  20/100  loss=0.6960  bal_acc=0.3594
  epoch  21/100  loss=0.6791  bal_acc=0.2622
  epoch  22/100  loss=0.6676  bal_acc=0.3611
  epoch  23/100  loss=0.6697  bal_acc=0.3108
  epoch  24/100  loss=0.6736  bal_acc=0.3698
  epoch  25/100  loss=0.6759  bal_acc=0.3663
  epoch  26/100  loss=0.6520  bal_acc=0.3733
  epoch  27/100  loss=0.6445  bal_acc=0.3368
  epoch  28/100  loss=0.6210  bal_acc=0.3819
  epoch  29/100  loss=0.6274  bal_acc=0.3403
  epoch  30/100  loss=0.6275  bal_acc=0.3438
  epoch  31/100  loss=0.5956  bal_acc=0.3559
  epoch  32/100  loss=0.5940  bal_acc=0.3559
  epoch  33/100  loss=0.6058  bal_acc=0.3681
  epoch  34/100  loss=0.6092  bal_acc=0.3438
  epoch  35/100  loss=0.6004  bal_acc=0.3524
  epoch  36/100  loss=0.5865  bal_acc=0.3455
  epoch  37/100  loss=0.5881  bal_acc=0.3351
  epoch  38/100  loss=0.5689  bal_acc=0.2951
  epoch  39/100  loss=0.5976  bal_acc=0.3177
  epoch  40/100  loss=0.5774  bal_acc=0.3611
  epoch  41/100  loss=0.5763  bal_acc=0.3490
  epoch  42/100  loss=0.5644  bal_acc=0.3698
  epoch  43/100  loss=0.5551  bal_acc=0.3212
  epoch  44/100  loss=0.5402  bal_acc=0.3316
  epoch  45/100  loss=0.5686  bal_acc=0.3872
  epoch  46/100  loss=0.5442  bal_acc=0.3542
  epoch  47/100  loss=0.5648  bal_acc=0.3403
  epoch  48/100  loss=0.5464  bal_acc=0.3316
  epoch  49/100  loss=0.5420  bal_acc=0.3403
  epoch  50/100  loss=0.5497  bal_acc=0.3628
  epoch  51/100  loss=0.5352  bal_acc=0.3472
  epoch  52/100  loss=0.5273  bal_acc=0.3628
  epoch  53/100  loss=0.5216  bal_acc=0.3767
  epoch  54/100  loss=0.5414  bal_acc=0.3663
  epoch  55/100  loss=0.5259  bal_acc=0.3924
  epoch  56/100  loss=0.5253  bal_acc=0.3542
  epoch  57/100  loss=0.5159  bal_acc=0.3663
  epoch  58/100  loss=0.5201  bal_acc=0.3698
  epoch  59/100  loss=0.5337  bal_acc=0.3663
  epoch  60/100  loss=0.5150  bal_acc=0.3455
  epoch  61/100  loss=0.4939  bal_acc=0.3212
  epoch  62/100  loss=0.5214  bal_acc=0.3472
  epoch  63/100  loss=0.5043  bal_acc=0.3524
  epoch  64/100  loss=0.4916  bal_acc=0.3715
  epoch  65/100  loss=0.4716  bal_acc=0.3681
  epoch  66/100  loss=0.5066  bal_acc=0.3507
  epoch  67/100  loss=0.4874  bal_acc=0.3611
  epoch  68/100  loss=0.5131  bal_acc=0.3785
  epoch  69/100  loss=0.4970  bal_acc=0.3733
  epoch  70/100  loss=0.5015  bal_acc=0.3507
  epoch  71/100  loss=0.4881  bal_acc=0.3524
  epoch  72/100  loss=0.4762  bal_acc=0.3767
  epoch  73/100  loss=0.4648  bal_acc=0.3524
  epoch  74/100  loss=0.4881  bal_acc=0.3646
  epoch  75/100  loss=0.4740  bal_acc=0.3750
  epoch  76/100  loss=0.4672  bal_acc=0.3594
  epoch  77/100  loss=0.4780  bal_acc=0.3559
  epoch  78/100  loss=0.4738  bal_acc=0.3542
  epoch  79/100  loss=0.4521  bal_acc=0.3889
  epoch  80/100  loss=0.4771  bal_acc=0.3507
  epoch  81/100  loss=0.4643  bal_acc=0.3785
  epoch  82/100  loss=0.4570  bal_acc=0.3767
  epoch  83/100  loss=0.4590  bal_acc=0.3594
  epoch  84/100  loss=0.4707  bal_acc=0.3802
  epoch  85/100  loss=0.4553  bal_acc=0.3594
  epoch  86/100  loss=0.4776  bal_acc=0.3681
  epoch  87/100  loss=0.4506  bal_acc=0.3403
  epoch  88/100  loss=0.4550  bal_acc=0.3507
  epoch  89/100  loss=0.4633  bal_acc=0.3872
  epoch  90/100  loss=0.4804  bal_acc=0.3733
  epoch  91/100  loss=0.4290  bal_acc=0.3837
  epoch  92/100  loss=0.4371  bal_acc=0.3750
  epoch  93/100  loss=0.4665  bal_acc=0.3594
  epoch  94/100  loss=0.4598  bal_acc=0.3628
  epoch  95/100  loss=0.4435  bal_acc=0.3819
  epoch  96/100  loss=0.4381  bal_acc=0.3750
  epoch  97/100  loss=0.4361  bal_acc=0.3628
  epoch  98/100  loss=0.4473  bal_acc=0.3524
  epoch  99/100  loss=0.4433  bal_acc=0.3524
  epoch 100/100  loss=0.4322  bal_acc=0.3524
  [LOSO 2/9] subject 1: acc=0.3524  running_mean=0.4297

=== LOSO (hold out subject 2) ===
  Train: 4608 trials  |  Test: 576 trials
  Model params: 10,622
  epoch   1/100  loss=1.3756  bal_acc=0.3750
  epoch   2/100  loss=1.2713  bal_acc=0.4740
  epoch   3/100  loss=1.1653  bal_acc=0.5208
  epoch   4/100  loss=1.0972  bal_acc=0.4618
  epoch   5/100  loss=1.0617  bal_acc=0.5451
  epoch   6/100  loss=1.0325  bal_acc=0.5069
  epoch   7/100  loss=1.0020  bal_acc=0.5382
  epoch   8/100  loss=0.9630  bal_acc=0.4826
  epoch   9/100  loss=0.9521  bal_acc=0.5990
  epoch  10/100  loss=0.9105  bal_acc=0.3976
  epoch  11/100  loss=0.9059  bal_acc=0.5017
  epoch  12/100  loss=0.8861  bal_acc=0.6042
  epoch  13/100  loss=0.8713  bal_acc=0.5712
  epoch  14/100  loss=0.8474  bal_acc=0.5642
  epoch  15/100  loss=0.8399  bal_acc=0.5451
  epoch  16/100  loss=0.8275  bal_acc=0.5955
  epoch  17/100  loss=0.8090  bal_acc=0.5399
  epoch  18/100  loss=0.7950  bal_acc=0.5330
  epoch  19/100  loss=0.7874  bal_acc=0.5208
  epoch  20/100  loss=0.7643  bal_acc=0.5365
  epoch  21/100  loss=0.7666  bal_acc=0.5139
  epoch  22/100  loss=0.7605  bal_acc=0.5451
  epoch  23/100  loss=0.7518  bal_acc=0.5747
  epoch  24/100  loss=0.7541  bal_acc=0.5312
  epoch  25/100  loss=0.7387  bal_acc=0.5764
  epoch  26/100  loss=0.7343  bal_acc=0.6076
  epoch  27/100  loss=0.6976  bal_acc=0.5764
  epoch  28/100  loss=0.7264  bal_acc=0.5486
  epoch  29/100  loss=0.6903  bal_acc=0.5017
  epoch  30/100  loss=0.6866  bal_acc=0.5625
  epoch  31/100  loss=0.6806  bal_acc=0.6111
  epoch  32/100  loss=0.6910  bal_acc=0.5069
  epoch  33/100  loss=0.6716  bal_acc=0.5990
  epoch  34/100  loss=0.6546  bal_acc=0.5781
  epoch  35/100  loss=0.6842  bal_acc=0.4705
  epoch  36/100  loss=0.6595  bal_acc=0.5087
  epoch  37/100  loss=0.6607  bal_acc=0.5382
  epoch  38/100  loss=0.6741  bal_acc=0.5139
  epoch  39/100  loss=0.6750  bal_acc=0.5434
  epoch  40/100  loss=0.6514  bal_acc=0.4774
  epoch  41/100  loss=0.6571  bal_acc=0.5434
  epoch  42/100  loss=0.6355  bal_acc=0.4844
  epoch  43/100  loss=0.6480  bal_acc=0.5781
  epoch  44/100  loss=0.6389  bal_acc=0.5712
  epoch  45/100  loss=0.6294  bal_acc=0.4965
  epoch  46/100  loss=0.6295  bal_acc=0.5330
  epoch  47/100  loss=0.6397  bal_acc=0.5590
  epoch  48/100  loss=0.6168  bal_acc=0.5104
  epoch  49/100  loss=0.6296  bal_acc=0.5938
  epoch  50/100  loss=0.5982  bal_acc=0.4931
  epoch  51/100  loss=0.6085  bal_acc=0.5312
  epoch  52/100  loss=0.6019  bal_acc=0.5139
  epoch  53/100  loss=0.5925  bal_acc=0.5833
  epoch  54/100  loss=0.5845  bal_acc=0.5226
  epoch  55/100  loss=0.5817  bal_acc=0.5712
  epoch  56/100  loss=0.5879  bal_acc=0.5122
  epoch  57/100  loss=0.5762  bal_acc=0.5243
  epoch  58/100  loss=0.5913  bal_acc=0.5955
  epoch  59/100  loss=0.5891  bal_acc=0.5608
  epoch  60/100  loss=0.5629  bal_acc=0.5365
  epoch  61/100  loss=0.5926  bal_acc=0.4427
  epoch  62/100  loss=0.5803  bal_acc=0.5174
  epoch  63/100  loss=0.5694  bal_acc=0.6024
  epoch  64/100  loss=0.5918  bal_acc=0.5521
  epoch  65/100  loss=0.5575  bal_acc=0.5312
  epoch  66/100  loss=0.5650  bal_acc=0.3837
  epoch  67/100  loss=0.5477  bal_acc=0.4479
  epoch  68/100  loss=0.5640  bal_acc=0.5503
  epoch  69/100  loss=0.5649  bal_acc=0.5174
  epoch  70/100  loss=0.5605  bal_acc=0.5451
  epoch  71/100  loss=0.5646  bal_acc=0.5035
  epoch  72/100  loss=0.5442  bal_acc=0.4688
  epoch  73/100  loss=0.5460  bal_acc=0.5486
  epoch  74/100  loss=0.5458  bal_acc=0.5573
  epoch  75/100  loss=0.5542  bal_acc=0.4392
  epoch  76/100  loss=0.5323  bal_acc=0.4653
  epoch  77/100  loss=0.5231  bal_acc=0.5243
  epoch  78/100  loss=0.5615  bal_acc=0.5243
  epoch  79/100  loss=0.5296  bal_acc=0.5712
  epoch  80/100  loss=0.5264  bal_acc=0.4878
  epoch  81/100  loss=0.5373  bal_acc=0.5816
  epoch  82/100  loss=0.5281  bal_acc=0.5677
  epoch  83/100  loss=0.5598  bal_acc=0.4514
  epoch  84/100  loss=0.5448  bal_acc=0.5417
  epoch  85/100  loss=0.5374  bal_acc=0.4983
  epoch  86/100  loss=0.5293  bal_acc=0.5087
  epoch  87/100  loss=0.5372  bal_acc=0.5087
  epoch  88/100  loss=0.5080  bal_acc=0.5469
  epoch  89/100  loss=0.5146  bal_acc=0.5347
  epoch  90/100  loss=0.5246  bal_acc=0.5139
  epoch  91/100  loss=0.5219  bal_acc=0.5538
  epoch  92/100  loss=0.5121  bal_acc=0.5295
  epoch  93/100  loss=0.5083  bal_acc=0.5052
  epoch  94/100  loss=0.5235  bal_acc=0.4653
  epoch  95/100  loss=0.5189  bal_acc=0.5226
  epoch  96/100  loss=0.5205  bal_acc=0.5538
  epoch  97/100  loss=0.5086  bal_acc=0.4878
  epoch  98/100  loss=0.5175  bal_acc=0.4740
  epoch  99/100  loss=0.4895  bal_acc=0.5816
  epoch 100/100  loss=0.4922  bal_acc=0.5851
  [LOSO 3/9] subject 2: acc=0.5851  running_mean=0.4815

=== LOSO (hold out subject 3) ===
  Train: 4608 trials  |  Test: 576 trials
  Model params: 10,622
  epoch   1/100  loss=1.3429  bal_acc=0.2951
  epoch   2/100  loss=1.1703  bal_acc=0.3420
  epoch   3/100  loss=1.0962  bal_acc=0.2882
  epoch   4/100  loss=1.0405  bal_acc=0.3281
  epoch   5/100  loss=1.0095  bal_acc=0.3507
  epoch   6/100  loss=0.9644  bal_acc=0.3333
  epoch   7/100  loss=0.9375  bal_acc=0.3924
  epoch   8/100  loss=0.9090  bal_acc=0.2951
  epoch   9/100  loss=0.9046  bal_acc=0.3715
  epoch  10/100  loss=0.8790  bal_acc=0.3351
  epoch  11/100  loss=0.8496  bal_acc=0.3767
  epoch  12/100  loss=0.8332  bal_acc=0.3698
  epoch  13/100  loss=0.8310  bal_acc=0.4010
  epoch  14/100  loss=0.7972  bal_acc=0.3976
  epoch  15/100  loss=0.8120  bal_acc=0.3837
  epoch  16/100  loss=0.7737  bal_acc=0.4010
  epoch  17/100  loss=0.7611  bal_acc=0.4253
  epoch  18/100  loss=0.7592  bal_acc=0.3455
  epoch  19/100  loss=0.7273  bal_acc=0.4618
  epoch  20/100  loss=0.7285  bal_acc=0.4115
  epoch  21/100  loss=0.7359  bal_acc=0.4063
  epoch  22/100  loss=0.7097  bal_acc=0.3819
  epoch  23/100  loss=0.6902  bal_acc=0.4271
  epoch  24/100  loss=0.7205  bal_acc=0.4201
  epoch  25/100  loss=0.6897  bal_acc=0.4271
  epoch  26/100  loss=0.6730  bal_acc=0.4115
  epoch  27/100  loss=0.6644  bal_acc=0.4149
  epoch  28/100  loss=0.6519  bal_acc=0.4132
  epoch  29/100  loss=0.6592  bal_acc=0.4236
  epoch  30/100  loss=0.6520  bal_acc=0.4097
  epoch  31/100  loss=0.6490  bal_acc=0.4080
  epoch  32/100  loss=0.6354  bal_acc=0.3819
  epoch  33/100  loss=0.6345  bal_acc=0.3993
  epoch  34/100  loss=0.6226  bal_acc=0.4774
  epoch  35/100  loss=0.6205  bal_acc=0.4097
  epoch  36/100  loss=0.6312  bal_acc=0.4601
  epoch  37/100  loss=0.6021  bal_acc=0.4253
  epoch  38/100  loss=0.6074  bal_acc=0.4062
  epoch  39/100  loss=0.6167  bal_acc=0.3750
  epoch  40/100  loss=0.5697  bal_acc=0.3941
  epoch  41/100  loss=0.6056  bal_acc=0.4236
  epoch  42/100  loss=0.6254  bal_acc=0.4201
  epoch  43/100  loss=0.6028  bal_acc=0.3802
  epoch  44/100  loss=0.5941  bal_acc=0.4236
  epoch  45/100  loss=0.5852  bal_acc=0.3993
  epoch  46/100  loss=0.5752  bal_acc=0.3958
  epoch  47/100  loss=0.5857  bal_acc=0.4497
  epoch  48/100  loss=0.5699  bal_acc=0.4028
  epoch  49/100  loss=0.5663  bal_acc=0.4149
  epoch  50/100  loss=0.5973  bal_acc=0.4323
  epoch  51/100  loss=0.5810  bal_acc=0.3906
  epoch  52/100  loss=0.5751  bal_acc=0.4479
  epoch  53/100  loss=0.5666  bal_acc=0.4253
  epoch  54/100  loss=0.5634  bal_acc=0.4028
  epoch  55/100  loss=0.5555  bal_acc=0.4236
  epoch  56/100  loss=0.5424  bal_acc=0.4010
  epoch  57/100  loss=0.5645  bal_acc=0.3906
  epoch  58/100  loss=0.5495  bal_acc=0.4010
  epoch  59/100  loss=0.5433  bal_acc=0.4062
  epoch  60/100  loss=0.5623  bal_acc=0.4132
  epoch  61/100  loss=0.5481  bal_acc=0.4358
  epoch  62/100  loss=0.5191  bal_acc=0.4115
  epoch  63/100  loss=0.5303  bal_acc=0.4062
  epoch  64/100  loss=0.5295  bal_acc=0.4201
  epoch  65/100  loss=0.5379  bal_acc=0.4097
  epoch  66/100  loss=0.5395  bal_acc=0.3767
  epoch  67/100  loss=0.5483  bal_acc=0.4167
  epoch  68/100  loss=0.5190  bal_acc=0.4045
  epoch  69/100  loss=0.5337  bal_acc=0.4253
  epoch  70/100  loss=0.5028  bal_acc=0.3785
  epoch  71/100  loss=0.5141  bal_acc=0.4115
  epoch  72/100  loss=0.5138  bal_acc=0.4184
  epoch  73/100  loss=0.5262  bal_acc=0.3785
  epoch  74/100  loss=0.5029  bal_acc=0.3941
  epoch  75/100  loss=0.5101  bal_acc=0.4010
  epoch  76/100  loss=0.4873  bal_acc=0.3785
  epoch  77/100  loss=0.5145  bal_acc=0.4253
  epoch  78/100  loss=0.5102  bal_acc=0.3854
  epoch  79/100  loss=0.4822  bal_acc=0.3854
  epoch  80/100  loss=0.4838  bal_acc=0.3611
  epoch  81/100  loss=0.4970  bal_acc=0.3976
  epoch  82/100  loss=0.5054  bal_acc=0.4062
  epoch  83/100  loss=0.5150  bal_acc=0.4444
  epoch  84/100  loss=0.5034  bal_acc=0.4045
  epoch  85/100  loss=0.4882  bal_acc=0.3715
  epoch  86/100  loss=0.5022  bal_acc=0.3750
  epoch  87/100  loss=0.5077  bal_acc=0.3906
  epoch  88/100  loss=0.4918  bal_acc=0.3993
  epoch  89/100  loss=0.4814  bal_acc=0.3924
  epoch  90/100  loss=0.4886  bal_acc=0.3889
  epoch  91/100  loss=0.4984  bal_acc=0.4184
  epoch  92/100  loss=0.4893  bal_acc=0.4132
  epoch  93/100  loss=0.4751  bal_acc=0.3872
  epoch  94/100  loss=0.4730  bal_acc=0.4062
  epoch  95/100  loss=0.4685  bal_acc=0.3976
  epoch  96/100  loss=0.4790  bal_acc=0.4323
  epoch  97/100  loss=0.5159  bal_acc=0.4184
  epoch  98/100  loss=0.4625  bal_acc=0.3837
  epoch  99/100  loss=0.4840  bal_acc=0.3958
  epoch 100/100  loss=0.4924  bal_acc=0.3819
  [LOSO 4/9] subject 3: acc=0.3819  running_mean=0.4566

=== LOSO (hold out subject 4) ===
  Train: 4608 trials  |  Test: 576 trials
  Model params: 10,622
  epoch   1/100  loss=1.2956  bal_acc=0.2569
  epoch   2/100  loss=1.1203  bal_acc=0.3003
  epoch   3/100  loss=1.0291  bal_acc=0.2951
  epoch   4/100  loss=0.9695  bal_acc=0.2812
  epoch   5/100  loss=0.9329  bal_acc=0.2726
  epoch   6/100  loss=0.9105  bal_acc=0.2726
  epoch   7/100  loss=0.8834  bal_acc=0.2622
  epoch   8/100  loss=0.8500  bal_acc=0.2795
  epoch   9/100  loss=0.8412  bal_acc=0.2674
  epoch  10/100  loss=0.8117  bal_acc=0.2865
  epoch  11/100  loss=0.8075  bal_acc=0.2622
  epoch  12/100  loss=0.7916  bal_acc=0.2830
  epoch  13/100  loss=0.7548  bal_acc=0.2639
  epoch  14/100  loss=0.7384  bal_acc=0.3021
  epoch  15/100  loss=0.7478  bal_acc=0.2778
  epoch  16/100  loss=0.7294  bal_acc=0.2951
  epoch  17/100  loss=0.7265  bal_acc=0.2778
  epoch  18/100  loss=0.7063  bal_acc=0.2934
  epoch  19/100  loss=0.7005  bal_acc=0.2812
  epoch  20/100  loss=0.6762  bal_acc=0.2865
  epoch  21/100  loss=0.6813  bal_acc=0.2639
  epoch  22/100  loss=0.6566  bal_acc=0.2882
  epoch  23/100  loss=0.6634  bal_acc=0.2795
  epoch  24/100  loss=0.6450  bal_acc=0.2795
  epoch  25/100  loss=0.6576  bal_acc=0.2795
  epoch  26/100  loss=0.6515  bal_acc=0.2726
  epoch  27/100  loss=0.6299  bal_acc=0.2691
  epoch  28/100  loss=0.6088  bal_acc=0.2743
  epoch  29/100  loss=0.6300  bal_acc=0.2899
  epoch  30/100  loss=0.6055  bal_acc=0.2847
  epoch  31/100  loss=0.6078  bal_acc=0.2969
  epoch  32/100  loss=0.6009  bal_acc=0.3073
  epoch  33/100  loss=0.6042  bal_acc=0.3056
  epoch  34/100  loss=0.5838  bal_acc=0.2969
  epoch  35/100  loss=0.5873  bal_acc=0.2882
  epoch  36/100  loss=0.5873  bal_acc=0.2760
  epoch  37/100  loss=0.5794  bal_acc=0.2969
  epoch  38/100  loss=0.5854  bal_acc=0.3073
  epoch  39/100  loss=0.5687  bal_acc=0.2778
  epoch  40/100  loss=0.5683  bal_acc=0.2969
  epoch  41/100  loss=0.5397  bal_acc=0.2899
  epoch  42/100  loss=0.5523  bal_acc=0.2917
  epoch  43/100  loss=0.5780  bal_acc=0.2899
  epoch  44/100  loss=0.5411  bal_acc=0.2865
  epoch  45/100  loss=0.5544  bal_acc=0.2795
  epoch  46/100  loss=0.5296  bal_acc=0.2812
  epoch  47/100  loss=0.5343  bal_acc=0.2760
  epoch  48/100  loss=0.5374  bal_acc=0.2934
  epoch  49/100  loss=0.5120  bal_acc=0.3125
  epoch  50/100  loss=0.5238  bal_acc=0.2917
  epoch  51/100  loss=0.5202  bal_acc=0.3038
  epoch  52/100  loss=0.5241  bal_acc=0.2899
  epoch  53/100  loss=0.5167  bal_acc=0.2812
  epoch  54/100  loss=0.5162  bal_acc=0.2882
  epoch  55/100  loss=0.5265  bal_acc=0.2778
  epoch  56/100  loss=0.4912  bal_acc=0.2969
  epoch  57/100  loss=0.5177  bal_acc=0.2986
  epoch  58/100  loss=0.5027  bal_acc=0.3056
  epoch  59/100  loss=0.5001  bal_acc=0.3056
  epoch  60/100  loss=0.5307  bal_acc=0.3281
  epoch  61/100  loss=0.5159  bal_acc=0.3281
  epoch  62/100  loss=0.4997  bal_acc=0.2934
  epoch  63/100  loss=0.4850  bal_acc=0.3038
  epoch  64/100  loss=0.4814  bal_acc=0.2795
  epoch  65/100  loss=0.4812  bal_acc=0.2917
  epoch  66/100  loss=0.5004  bal_acc=0.2917
  epoch  67/100  loss=0.4708  bal_acc=0.3021
  epoch  68/100  loss=0.4865  bal_acc=0.2899
  epoch  69/100  loss=0.4538  bal_acc=0.2934
  epoch  70/100  loss=0.4859  bal_acc=0.2830
  epoch  71/100  loss=0.4602  bal_acc=0.3021
  epoch  72/100  loss=0.4847  bal_acc=0.3090
  epoch  73/100  loss=0.4737  bal_acc=0.3003
  epoch  74/100  loss=0.4867  bal_acc=0.2986
  epoch  75/100  loss=0.4526  bal_acc=0.2882
  epoch  76/100  loss=0.4806  bal_acc=0.2934
  epoch  77/100  loss=0.4654  bal_acc=0.2882
  epoch  78/100  loss=0.4575  bal_acc=0.2882
  epoch  79/100  loss=0.4630  bal_acc=0.2743
  epoch  80/100  loss=0.4664  bal_acc=0.2951
  epoch  81/100  loss=0.4457  bal_acc=0.2830
  epoch  82/100  loss=0.4388  bal_acc=0.2847
  epoch  83/100  loss=0.4692  bal_acc=0.3021
  epoch  84/100  loss=0.4336  bal_acc=0.3108
  epoch  85/100  loss=0.4492  bal_acc=0.2882
  epoch  86/100  loss=0.4555  bal_acc=0.2865
  epoch  87/100  loss=0.4305  bal_acc=0.3056
  epoch  88/100  loss=0.4704  bal_acc=0.2795
  epoch  89/100  loss=0.4319  bal_acc=0.2882
  epoch  90/100  loss=0.4388  bal_acc=0.2934
  epoch  91/100  loss=0.4385  bal_acc=0.2882
  epoch  92/100  loss=0.4485  bal_acc=0.2917
  epoch  93/100  loss=0.4343  bal_acc=0.2830
  epoch  94/100  loss=0.4342  bal_acc=0.2882
  epoch  95/100  loss=0.4445  bal_acc=0.2917
  epoch  96/100  loss=0.4142  bal_acc=0.2917
  epoch  97/100  loss=0.4428  bal_acc=0.3003
  epoch  98/100  loss=0.4363  bal_acc=0.2986
  epoch  99/100  loss=0.4362  bal_acc=0.2847
  epoch 100/100  loss=0.4187  bal_acc=0.2917
  [LOSO 5/9] subject 4: acc=0.2917  running_mean=0.4236

=== LOSO (hold out subject 5) ===
  Train: 4608 trials  |  Test: 576 trials
  Model params: 10,622
  epoch   1/100  loss=1.3169  bal_acc=0.3021
  epoch   2/100  loss=1.1362  bal_acc=0.3194
  epoch   3/100  loss=1.0618  bal_acc=0.3038
  epoch   4/100  loss=1.0130  bal_acc=0.3837
  epoch   5/100  loss=0.9822  bal_acc=0.3524
  epoch   6/100  loss=0.9372  bal_acc=0.3368
  epoch   7/100  loss=0.9356  bal_acc=0.3628
  epoch   8/100  loss=0.8933  bal_acc=0.3646
  epoch   9/100  loss=0.8982  bal_acc=0.3941
  epoch  10/100  loss=0.8664  bal_acc=0.3976
  epoch  11/100  loss=0.8497  bal_acc=0.3681
  epoch  12/100  loss=0.8364  bal_acc=0.4010
  epoch  13/100  loss=0.8276  bal_acc=0.3976
  epoch  14/100  loss=0.7916  bal_acc=0.3403
  epoch  15/100  loss=0.7941  bal_acc=0.3733
  epoch  16/100  loss=0.7642  bal_acc=0.3646
  epoch  17/100  loss=0.7654  bal_acc=0.3819
  epoch  18/100  loss=0.7751  bal_acc=0.3802
  epoch  19/100  loss=0.7469  bal_acc=0.3646
  epoch  20/100  loss=0.7287  bal_acc=0.3646
  epoch  21/100  loss=0.7219  bal_acc=0.3646
  epoch  22/100  loss=0.7197  bal_acc=0.3333
  epoch  23/100  loss=0.6904  bal_acc=0.3316
  epoch  24/100  loss=0.6990  bal_acc=0.4115
  epoch  25/100  loss=0.6928  bal_acc=0.3698
  epoch  26/100  loss=0.6958  bal_acc=0.3021
  epoch  27/100  loss=0.6727  bal_acc=0.3490
  epoch  28/100  loss=0.6719  bal_acc=0.4236
  epoch  29/100  loss=0.6837  bal_acc=0.3507
  epoch  30/100  loss=0.6684  bal_acc=0.3889
  epoch  31/100  loss=0.6657  bal_acc=0.3889
  epoch  32/100  loss=0.6444  bal_acc=0.3767
  epoch  33/100  loss=0.6347  bal_acc=0.4236
  epoch  34/100  loss=0.6447  bal_acc=0.3576
  epoch  35/100  loss=0.6385  bal_acc=0.3542
  epoch  36/100  loss=0.6155  bal_acc=0.3559
  epoch  37/100  loss=0.6244  bal_acc=0.3524
  epoch  38/100  loss=0.6273  bal_acc=0.4167
  epoch  39/100  loss=0.6123  bal_acc=0.3628
  epoch  40/100  loss=0.5990  bal_acc=0.3438
  epoch  41/100  loss=0.6014  bal_acc=0.4115
  epoch  42/100  loss=0.6113  bal_acc=0.3715
  epoch  43/100  loss=0.6180  bal_acc=0.3958
  epoch  44/100  loss=0.6095  bal_acc=0.3837
  epoch  45/100  loss=0.5854  bal_acc=0.3490
  epoch  46/100  loss=0.5896  bal_acc=0.3663
  epoch  47/100  loss=0.6074  bal_acc=0.3333
  epoch  48/100  loss=0.5798  bal_acc=0.3767
  epoch  49/100  loss=0.5826  bal_acc=0.4149
  epoch  50/100  loss=0.5791  bal_acc=0.3559
  epoch  51/100  loss=0.5734  bal_acc=0.4201
  epoch  52/100  loss=0.5635  bal_acc=0.3872
  epoch  53/100  loss=0.5878  bal_acc=0.3854
  epoch  54/100  loss=0.5616  bal_acc=0.3594
  epoch  55/100  loss=0.5677  bal_acc=0.3750
  epoch  56/100  loss=0.5460  bal_acc=0.3802
  epoch  57/100  loss=0.5560  bal_acc=0.3993
  epoch  58/100  loss=0.5682  bal_acc=0.3594
  epoch  59/100  loss=0.5394  bal_acc=0.4132
  epoch  60/100  loss=0.5306  bal_acc=0.4115
  epoch  61/100  loss=0.5478  bal_acc=0.3993
  epoch  62/100  loss=0.5488  bal_acc=0.3576
  epoch  63/100  loss=0.5330  bal_acc=0.3924
  epoch  64/100  loss=0.5385  bal_acc=0.4184
  epoch  65/100  loss=0.5530  bal_acc=0.3646
  epoch  66/100  loss=0.5109  bal_acc=0.4167
  epoch  67/100  loss=0.5514  bal_acc=0.3767
  epoch  68/100  loss=0.5179  bal_acc=0.4132
  epoch  69/100  loss=0.5377  bal_acc=0.3924
  epoch  70/100  loss=0.5077  bal_acc=0.3976
  epoch  71/100  loss=0.5256  bal_acc=0.3611
  epoch  72/100  loss=0.5170  bal_acc=0.3837
  epoch  73/100  loss=0.5132  bal_acc=0.3819
  epoch  74/100  loss=0.4982  bal_acc=0.3559
  epoch  75/100  loss=0.5003  bal_acc=0.3819
  epoch  76/100  loss=0.5097  bal_acc=0.4045
  epoch  77/100  loss=0.5045  bal_acc=0.4115
  epoch  78/100  loss=0.5098  bal_acc=0.3594
  epoch  79/100  loss=0.5059  bal_acc=0.3837
  epoch  80/100  loss=0.4841  bal_acc=0.3958
  epoch  81/100  loss=0.4926  bal_acc=0.3889
  epoch  82/100  loss=0.4690  bal_acc=0.3924
  epoch  83/100  loss=0.4900  bal_acc=0.3958
  epoch  84/100  loss=0.4987  bal_acc=0.3559
  epoch  85/100  loss=0.4927  bal_acc=0.3802
  epoch  86/100  loss=0.4862  bal_acc=0.3438
  epoch  87/100  loss=0.4700  bal_acc=0.3472
  epoch  88/100  loss=0.4915  bal_acc=0.3663
  epoch  89/100  loss=0.4936  bal_acc=0.3837
  epoch  90/100  loss=0.4696  bal_acc=0.4201
  epoch  91/100  loss=0.4816  bal_acc=0.4080
  epoch  92/100  loss=0.4963  bal_acc=0.3594
  epoch  93/100  loss=0.4716  bal_acc=0.3958
  epoch  94/100  loss=0.4537  bal_acc=0.4062
  epoch  95/100  loss=0.4494  bal_acc=0.4184
  epoch  96/100  loss=0.4663  bal_acc=0.3681
  epoch  97/100  loss=0.4610  bal_acc=0.3663
  epoch  98/100  loss=0.4586  bal_acc=0.3802
  epoch  99/100  loss=0.4711  bal_acc=0.3906
