mkdir: cannot create directory ‘/scratch/mne_data’: Permission denied

[notice] A new release of pip is available: 24.2 -> 26.1.2
[notice] To update, run: pip install --upgrade pip

[notice] A new release of pip is available: 24.2 -> 26.1.2
[notice] To update, run: pip install --upgrade pip
ERROR: Invalid requirement: 'Binary file requirements.txt matches': Expected end or semicolon (after name and no valid version specifier)
    Binary file requirements.txt matches
           ^ (from line 1 of /home/aleksander.berezowsk/requirements_notorch.txt)

[notice] A new release of pip is available: 24.2 -> 26.1.2
[notice] To update, run: pip install --upgrade pip

[notice] A new release of pip is available: 24.2 -> 26.1.2
[notice] To update, run: pip install --upgrade pip
/home/aleksander.berezowsk/spiking-eegnet/src/main.py:89: ExperimentalWarning: Argument ``multivariate`` is an experimental feature. The interface can change in the future.
  sampler=TPESampler(n_startup_trials=tpe_trails, multivariate=True, group=True)
/home/aleksander.berezowsk/spiking-eegnet/src/main.py:89: ExperimentalWarning: Argument ``group`` is an experimental feature. The interface can change in the future.
  sampler=TPESampler(n_startup_trials=tpe_trails, multivariate=True, group=True)
[I 2026-06-22 11:18:50,838] Using an existing study with name 'snn_eegnet_v2_200_20' instead of creating a new one.
[I 2026-06-22 13:54:14,394] Trial 129 finished with value: 0.4365354938271605 and parameters: {'FLOW': 3.7236658619195264, 'FHIGH': 111.51593828939214, 'LR_EXP': -2.380138832234477, 'DROPOUT': 0.44402418458287596, 'BETA': 0.7285923847545454, 'SPIKE_GRAD_SLOPE': 14.949111081424327, 'TEMPORAL_FILTERS': 31, 'DEPTH_MULTIPLIER': 3, 'POINTWISE_FILTERS': 39, 'TEMPORAL_KERNEL_DIV': 6, 'SEPARABLE_KERNEL_SIZE': 4, 'POOL1_SIZE': 3, 'POOL2_SIZE': 6, 'NORM_AXIS': 'no_channel'}. Best is trial 77 with value: 0.4922839506172839.
[I 2026-06-22 15:13:16,214] Trial 134 finished with value: 0.4421296296296296 and parameters: {'FLOW': 3.2860261214097704, 'FHIGH': 56.9587811342997, 'LR_EXP': -2.5212862073924427, 'DROPOUT': 0.17080427079582183, 'BETA': 0.6628105570686511, 'SPIKE_GRAD_SLOPE': 10.088892228546959, 'TEMPORAL_FILTERS': 16, 'DEPTH_MULTIPLIER': 1, 'POINTWISE_FILTERS': 13, 'TEMPORAL_KERNEL_DIV': 7, 'SEPARABLE_KERNEL_SIZE': 11, 'POOL1_SIZE': 8, 'POOL2_SIZE': 5, 'NORM_AXIS': 'no_channel'}. Best is trial 77 with value: 0.4922839506172839.
slurmstepd: error: *** JOB 44069137 ON fg6 CANCELLED AT 2026-06-22T16:56:54 ***
