mkdir: cannot create directory ‘/scratch/mne_data’: Permission denied

[notice] A new release of pip is available: 24.2 -> 26.1.2
[notice] To update, run: pip install --upgrade pip

[notice] A new release of pip is available: 24.2 -> 26.1.2
[notice] To update, run: pip install --upgrade pip
ERROR: Invalid requirement: 'Binary file requirements.txt matches': Expected end or semicolon (after name and no valid version specifier)
    Binary file requirements.txt matches
           ^ (from line 1 of /home/aleksander.berezowsk/requirements_notorch.txt)

[notice] A new release of pip is available: 24.2 -> 26.1.2
[notice] To update, run: pip install --upgrade pip

[notice] A new release of pip is available: 24.2 -> 26.1.2
[notice] To update, run: pip install --upgrade pip
/home/aleksander.berezowsk/spiking-eegnet/src/main.py:97: ExperimentalWarning: Argument ``multivariate`` is an experimental feature. The interface can change in the future.
  sampler=TPESampler(n_startup_trials=tpe_trails, multivariate=True, group=True)
/home/aleksander.berezowsk/spiking-eegnet/src/main.py:97: ExperimentalWarning: Argument ``group`` is an experimental feature. The interface can change in the future.
  sampler=TPESampler(n_startup_trials=tpe_trails, multivariate=True, group=True)
[I 2026-06-22 17:56:22,793] A new study created in RDB with name: snn_eegnet_v3_200_20
[I 2026-06-22 23:49:04,241] Trial 0 finished with value: 0.37789351851851855 and parameters: {'FLOW': 4.045720163831631, 'FHIGH': 81.27826443365029, 'LR_EXP': -4.440532783118573, 'DROPOUT': 0.3001998444397831, 'BETA': 0.8726969261739237, 'SPIKE_GRAD_SLOPE': 51.06622214592758, 'TEMPORAL_FILTERS': 21, 'DEPTH_MULTIPLIER': 1, 'POINTWISE_FILTERS': 57, 'TEMPORAL_KERNEL_DIV': 2, 'SEPARABLE_KERNEL_SIZE': 32, 'POOL1_SIZE': 4, 'POOL2_SIZE': 5, 'N_STEPS_TRAIN': 4, 'N_STEPS_EVAL': 8, 'READOUT_MODE': 'spk_mean'}. Best is trial 0 with value: 0.37789351851851855.
[I 2026-06-23 06:24:21,223] Trial 4 finished with value: 0.4220679012345679 and parameters: {'FLOW': 3.688993440451282, 'FHIGH': 20.558285282299334, 'LR_EXP': -2.4795170829093935, 'DROPOUT': 0.7185907761582213, 'BETA': 0.8437859740652716, 'SPIKE_GRAD_SLOPE': 3.9590358588788828, 'TEMPORAL_FILTERS': 14, 'DEPTH_MULTIPLIER': 2, 'POINTWISE_FILTERS': 62, 'TEMPORAL_KERNEL_DIV': 6, 'SEPARABLE_KERNEL_SIZE': 12, 'POOL1_SIZE': 2, 'POOL2_SIZE': 5, 'N_STEPS_TRAIN': 7, 'N_STEPS_EVAL': 7, 'READOUT_MODE': 'mem_last'}. Best is trial 4 with value: 0.4220679012345679.
[I 2026-06-23 15:28:38,071] Trial 7 finished with value: 0.4265046296296296 and parameters: {'FLOW': 4.374424528349846, 'FHIGH': 100.90919364101029, 'LR_EXP': -4.004269255181555, 'DROPOUT': 0.5922766191843921, 'BETA': 0.9250447000680435, 'SPIKE_GRAD_SLOPE': 12.727101633435616, 'TEMPORAL_FILTERS': 11, 'DEPTH_MULTIPLIER': 2, 'POINTWISE_FILTERS': 28, 'TEMPORAL_KERNEL_DIV': 3, 'SEPARABLE_KERNEL_SIZE': 17, 'POOL1_SIZE': 7, 'POOL2_SIZE': 4, 'N_STEPS_TRAIN': 8, 'N_STEPS_EVAL': 19, 'READOUT_MODE': 'spk_mean'}. Best is trial 7 with value: 0.4265046296296296.
slurmstepd: error: *** JOB 44160201 ON fg7 CANCELLED AT 2026-06-23T17:55:46 DUE TO TIME LIMIT ***
