Job ID   : 43804802
Node     : fg5
Started  : Sat Jun 13 13:05:36 MDT 2026
Directory: /home/aleksander.berezowsk/spiking-eegnet
Requirement already satisfied: setuptools==69.5.1 in /home/aleksander.berezowsk/venv/lib/python3.12/site-packages (69.5.1)
Requirement already satisfied: torch==2.4.0 in /home/aleksander.berezowsk/venv/lib/python3.12/site-packages (2.4.0)
Requirement already satisfied: torchvision==0.19.0 in /home/aleksander.berezowsk/venv/lib/python3.12/site-packages (0.19.0)
Requirement already satisfied: torchaudio==2.4.0 in /home/aleksander.berezowsk/venv/lib/python3.12/site-packages (2.4.0)
Requirement already satisfied: torchmetrics in /home/aleksander.berezowsk/venv/lib/python3.12/site-packages (1.9.0)
Requirement already satisfied: filelock in /home/aleksander.berezowsk/venv/lib/python3.12/site-packages (from torch==2.4.0) (3.29.0)
Requirement already satisfied: typing-extensions>=4.8.0 in /home/aleksander.berezowsk/venv/lib/python3.12/site-packages (from torch==2.4.0) (4.15.0)
Requirement already satisfied: sympy in /home/aleksander.berezowsk/venv/lib/python3.12/site-packages (from torch==2.4.0) (1.14.0)
Requirement already satisfied: networkx in /home/aleksander.berezowsk/venv/lib/python3.12/site-packages (from torch==2.4.0) (3.6.1)
Requirement already satisfied: jinja2 in /home/aleksander.berezowsk/venv/lib/python3.12/site-packages (from torch==2.4.0) (3.1.6)
Requirement already satisfied: fsspec in /home/aleksander.berezowsk/venv/lib/python3.12/site-packages (from torch==2.4.0) (2026.4.0)
Requirement already satisfied: setuptools in /home/aleksander.berezowsk/venv/lib/python3.12/site-packages (from torch==2.4.0) (69.5.1)
Requirement already satisfied: nvidia-cuda-nvrtc-cu12==12.1.105 in /home/aleksander.berezowsk/venv/lib/python3.12/site-packages (from torch==2.4.0) (12.1.105)
Requirement already satisfied: nvidia-cuda-runtime-cu12==12.1.105 in /home/aleksander.berezowsk/venv/lib/python3.12/site-packages (from torch==2.4.0) (12.1.105)
Requirement already satisfied: nvidia-cuda-cupti-cu12==12.1.105 in /home/aleksander.berezowsk/venv/lib/python3.12/site-packages (from torch==2.4.0) (12.1.105)
Requirement already satisfied: nvidia-cudnn-cu12==9.1.0.70 in /home/aleksander.berezowsk/venv/lib/python3.12/site-packages (from torch==2.4.0) (9.1.0.70)
Requirement already satisfied: nvidia-cublas-cu12==12.1.3.1 in /home/aleksander.berezowsk/venv/lib/python3.12/site-packages (from torch==2.4.0) (12.1.3.1)
Requirement already satisfied: nvidia-cufft-cu12==11.0.2.54 in /home/aleksander.berezowsk/venv/lib/python3.12/site-packages (from torch==2.4.0) (11.0.2.54)
Requirement already satisfied: nvidia-curand-cu12==10.3.2.106 in /home/aleksander.berezowsk/venv/lib/python3.12/site-packages (from torch==2.4.0) (10.3.2.106)
Requirement already satisfied: nvidia-cusolver-cu12==11.4.5.107 in /home/aleksander.berezowsk/venv/lib/python3.12/site-packages (from torch==2.4.0) (11.4.5.107)
Requirement already satisfied: nvidia-cusparse-cu12==12.1.0.106 in /home/aleksander.berezowsk/venv/lib/python3.12/site-packages (from torch==2.4.0) (12.1.0.106)
Requirement already satisfied: nvidia-nccl-cu12==2.20.5 in /home/aleksander.berezowsk/venv/lib/python3.12/site-packages (from torch==2.4.0) (2.20.5)
Requirement already satisfied: nvidia-nvtx-cu12==12.1.105 in /home/aleksander.berezowsk/venv/lib/python3.12/site-packages (from torch==2.4.0) (12.1.105)
Requirement already satisfied: triton==3.0.0 in /home/aleksander.berezowsk/venv/lib/python3.12/site-packages (from torch==2.4.0) (3.0.0)
Requirement already satisfied: numpy in /home/aleksander.berezowsk/venv/lib/python3.12/site-packages (from torchvision==0.19.0) (2.4.6)
Requirement already satisfied: pillow!=8.3.*,>=5.3.0 in /home/aleksander.berezowsk/venv/lib/python3.12/site-packages (from torchvision==0.19.0) (12.2.0)
Requirement already satisfied: nvidia-nvjitlink-cu12 in /home/aleksander.berezowsk/venv/lib/python3.12/site-packages (from nvidia-cusolver-cu12==11.4.5.107->torch==2.4.0) (12.9.86)
Requirement already satisfied: packaging>17.1 in /home/aleksander.berezowsk/venv/lib/python3.12/site-packages (from torchmetrics) (26.2)
Requirement already satisfied: lightning-utilities>=0.15.3 in /home/aleksander.berezowsk/venv/lib/python3.12/site-packages (from torchmetrics) (0.15.3)
Requirement already satisfied: MarkupSafe>=2.0 in /home/aleksander.berezowsk/venv/lib/python3.12/site-packages (from jinja2->torch==2.4.0) (3.0.3)
Requirement already satisfied: mpmath<1.4,>=1.1.0 in /home/aleksander.berezowsk/venv/lib/python3.12/site-packages (from sympy->torch==2.4.0) (1.3.0)
Collecting optuna
  Downloading optuna-4.9.0-py3-none-any.whl.metadata (15 kB)
Collecting snntorch
  Downloading snntorch-0.9.4-py2.py3-none-any.whl.metadata (15 kB)
Collecting alembic>=1.5.0 (from optuna)
  Downloading alembic-1.18.4-py3-none-any.whl.metadata (7.2 kB)
Collecting colorlog (from optuna)
  Downloading colorlog-6.10.1-py3-none-any.whl.metadata (11 kB)
Requirement already satisfied: numpy in /home/aleksander.berezowsk/venv/lib/python3.12/site-packages (from optuna) (2.4.6)
Requirement already satisfied: packaging>=20.0 in /home/aleksander.berezowsk/venv/lib/python3.12/site-packages (from optuna) (26.2)
Collecting sqlalchemy>=1.4.2 (from optuna)
  Downloading sqlalchemy-2.0.50-cp312-cp312-manylinux2014_x86_64.manylinux_2_17_x86_64.manylinux_2_28_x86_64.whl.metadata (9.5 kB)
Requirement already satisfied: tqdm in /home/aleksander.berezowsk/venv/lib/python3.12/site-packages (from optuna) (4.67.3)
Requirement already satisfied: PyYAML in /home/aleksander.berezowsk/venv/lib/python3.12/site-packages (from optuna) (6.0.3)
Collecting Mako (from alembic>=1.5.0->optuna)
  Downloading mako-1.3.12-py3-none-any.whl.metadata (2.9 kB)
Requirement already satisfied: typing-extensions>=4.12 in /home/aleksander.berezowsk/venv/lib/python3.12/site-packages (from alembic>=1.5.0->optuna) (4.15.0)
Collecting greenlet>=1 (from sqlalchemy>=1.4.2->optuna)
  Downloading greenlet-3.5.1-cp312-cp312-manylinux_2_24_x86_64.manylinux_2_28_x86_64.whl.metadata (3.8 kB)
Requirement already satisfied: MarkupSafe>=0.9.2 in /home/aleksander.berezowsk/venv/lib/python3.12/site-packages (from Mako->alembic>=1.5.0->optuna) (3.0.3)
Downloading optuna-4.9.0-py3-none-any.whl (425 kB)
Downloading snntorch-0.9.4-py2.py3-none-any.whl (125 kB)
Downloading alembic-1.18.4-py3-none-any.whl (263 kB)
Downloading sqlalchemy-2.0.50-cp312-cp312-manylinux2014_x86_64.manylinux_2_17_x86_64.manylinux_2_28_x86_64.whl (3.4 MB)
   ━━━━━━━━━━━━━━━━━━━━━━━━━━━━━━━━━━━━━━━━ 3.4/3.4 MB 39.0 MB/s eta 0:00:00
Downloading colorlog-6.10.1-py3-none-any.whl (11 kB)
Downloading greenlet-3.5.1-cp312-cp312-manylinux_2_24_x86_64.manylinux_2_28_x86_64.whl (611 kB)
   ━━━━━━━━━━━━━━━━━━━━━━━━━━━━━━━━━━━━━━━━ 611.4/611.4 kB 15.7 MB/s eta 0:00:00
Downloading mako-1.3.12-py3-none-any.whl (78 kB)
Installing collected packages: snntorch, Mako, greenlet, colorlog, sqlalchemy, alembic, optuna
Successfully installed Mako-1.3.12 alembic-1.18.4 colorlog-6.10.1 greenlet-3.5.1 optuna-4.9.0 snntorch-0.9.4 sqlalchemy-2.0.50
Device: cuda
[BNCI2014_001] no cache found, running paradigm.get_data() ...
[BNCI2014_001] cached to /home/aleksander.berezowsk/.cache/spiking_eegnet/BNCI2014_001_af1ccf3e92f684d8a93c057082b654d7.npz
Dataset meta: {'n_classes': 4, 'n_channels': 22, 'n_samples': 1001, 'class_names': [np.str_('feet'), np.str_('left_hand'), np.str_('right_hand'), np.str_('tongue')], 'subject_list': [1, 2, 3, 4, 5, 6, 7, 8, 9], 'n_subjects': 9, 'sfreq': 250.0}

Applying bandpass filter: 28.684173291809408–39.697598095612044 Hz

=== LOSO (hold out subject 0) ===
  Train: 4608 trials  |  Test: 576 trials
  Model params: 23,721
  epoch   1/50  loss=1.3971  bal_acc=0.2708
  epoch   2/50  loss=1.3916  bal_acc=0.2691
  epoch   3/50  loss=1.3909  bal_acc=0.2413
  epoch   4/50  loss=1.3861  bal_acc=0.2500
  epoch   5/50  loss=1.3878  bal_acc=0.2778
  epoch   6/50  loss=1.3858  bal_acc=0.2882
  epoch   7/50  loss=1.3805  bal_acc=0.2604
  epoch   8/50  loss=1.3785  bal_acc=0.2604
  epoch   9/50  loss=1.3748  bal_acc=0.2674
  epoch  10/50  loss=1.3727  bal_acc=0.2517
  epoch  11/50  loss=1.3726  bal_acc=0.2552
  epoch  12/50  loss=1.3645  bal_acc=0.2847
  epoch  13/50  loss=1.3668  bal_acc=0.2726
  epoch  14/50  loss=1.3629  bal_acc=0.2708
  epoch  15/50  loss=1.3612  bal_acc=0.2622
  epoch  16/50  loss=1.3619  bal_acc=0.2656
  epoch  17/50  loss=1.3578  bal_acc=0.2587
  epoch  18/50  loss=1.3563  bal_acc=0.2517
  epoch  19/50  loss=1.3550  bal_acc=0.2847
  epoch  20/50  loss=1.3545  bal_acc=0.2552
  epoch  21/50  loss=1.3516  bal_acc=0.2604
  epoch  22/50  loss=1.3521  bal_acc=0.2917
  epoch  23/50  loss=1.3486  bal_acc=0.2604
  epoch  24/50  loss=1.3468  bal_acc=0.2917
  epoch  25/50  loss=1.3442  bal_acc=0.2604
  epoch  26/50  loss=1.3461  bal_acc=0.2569
  epoch  27/50  loss=1.3400  bal_acc=0.2674
  epoch  28/50  loss=1.3416  bal_acc=0.2674
  epoch  29/50  loss=1.3472  bal_acc=0.2535
  epoch  30/50  loss=1.3411  bal_acc=0.2587
  epoch  31/50  loss=1.3402  bal_acc=0.2622
  epoch  32/50  loss=1.3392  bal_acc=0.2552
  epoch  33/50  loss=1.3386  bal_acc=0.2812
  epoch  34/50  loss=1.3380  bal_acc=0.2517
  epoch  35/50  loss=1.3302  bal_acc=0.2639
  epoch  36/50  loss=1.3264  bal_acc=0.2847
  epoch  37/50  loss=1.3302  bal_acc=0.2622
  epoch  38/50  loss=1.3263  bal_acc=0.2743
  epoch  39/50  loss=1.3248  bal_acc=0.2691
  epoch  40/50  loss=1.3309  bal_acc=0.2778
  epoch  41/50  loss=1.3228  bal_acc=0.2535
  epoch  42/50  loss=1.3241  bal_acc=0.2674
  epoch  43/50  loss=1.3197  bal_acc=0.2656
  epoch  44/50  loss=1.3232  bal_acc=0.2639
  epoch  45/50  loss=1.3174  bal_acc=0.2639
  epoch  46/50  loss=1.3191  bal_acc=0.2639
  epoch  47/50  loss=1.3163  bal_acc=0.2569
  epoch  48/50  loss=1.3127  bal_acc=0.2622
  epoch  49/50  loss=1.3135  bal_acc=0.2587
  epoch  50/50  loss=1.3089  bal_acc=0.2639

============================================================
Post-Training Quantization (INT16)
============================================================
fp32        balanced accuracy : 0.2639
INT16      balanced accuracy : 0.2656
Accuracy drop               : -0.0017
Results saved to results/BNCI2014_001/results.json
Device: cuda
[BNCI2014_001] loading from cache: /home/aleksander.berezowsk/.cache/spiking_eegnet/BNCI2014_001_af1ccf3e92f684d8a93c057082b654d7.npz
[BNCI2014_001] cache hit: (5184, 1, 22, 1001), classes=['feet', 'left_hand', 'right_hand', 'tongue'], subjects=9
Dataset meta: {'n_classes': 4, 'n_channels': 22, 'n_samples': 1001, 'class_names': ['feet', 'left_hand', 'right_hand', 'tongue'], 'subject_list': [1, 2, 3, 4, 5, 6, 7, 8, 9], 'n_subjects': 9, 'sfreq': 250.0}

=== LOSO (hold out subject 0) ===
  Train: 4608 trials  |  Test: 576 trials
  Model params: 5,275
