Job ID   : 44069094
Node     : fg5
Started  : Mon Jun 22 12:35:53 MDT 2026
Directory: /home/aleksander.berezowsk/spiking-eegnet
Requirement already satisfied: setuptools==69.5.1 in /home/aleksander.berezowsk/venv/lib/python3.12/site-packages (69.5.1)
Requirement already satisfied: torch==2.4.0 in /home/aleksander.berezowsk/venv/lib/python3.12/site-packages (2.4.0)
Requirement already satisfied: torchvision==0.19.0 in /home/aleksander.berezowsk/venv/lib/python3.12/site-packages (0.19.0)
Requirement already satisfied: torchaudio==2.4.0 in /home/aleksander.berezowsk/venv/lib/python3.12/site-packages (2.4.0)
Requirement already satisfied: torchmetrics in /home/aleksander.berezowsk/venv/lib/python3.12/site-packages (1.9.0)
Requirement already satisfied: filelock in /home/aleksander.berezowsk/venv/lib/python3.12/site-packages (from torch==2.4.0) (3.29.0)
Requirement already satisfied: typing-extensions>=4.8.0 in /home/aleksander.berezowsk/venv/lib/python3.12/site-packages (from torch==2.4.0) (4.15.0)
Requirement already satisfied: sympy in /home/aleksander.berezowsk/venv/lib/python3.12/site-packages (from torch==2.4.0) (1.14.0)
Requirement already satisfied: networkx in /home/aleksander.berezowsk/venv/lib/python3.12/site-packages (from torch==2.4.0) (3.6.1)
Requirement already satisfied: jinja2 in /home/aleksander.berezowsk/venv/lib/python3.12/site-packages (from torch==2.4.0) (3.1.6)
Requirement already satisfied: fsspec in /home/aleksander.berezowsk/venv/lib/python3.12/site-packages (from torch==2.4.0) (2026.4.0)
Requirement already satisfied: setuptools in /home/aleksander.berezowsk/venv/lib/python3.12/site-packages (from torch==2.4.0) (69.5.1)
Requirement already satisfied: nvidia-cuda-nvrtc-cu12==12.1.105 in /home/aleksander.berezowsk/venv/lib/python3.12/site-packages (from torch==2.4.0) (12.1.105)
Requirement already satisfied: nvidia-cuda-runtime-cu12==12.1.105 in /home/aleksander.berezowsk/venv/lib/python3.12/site-packages (from torch==2.4.0) (12.1.105)
Requirement already satisfied: nvidia-cuda-cupti-cu12==12.1.105 in /home/aleksander.berezowsk/venv/lib/python3.12/site-packages (from torch==2.4.0) (12.1.105)
Requirement already satisfied: nvidia-cudnn-cu12==9.1.0.70 in /home/aleksander.berezowsk/venv/lib/python3.12/site-packages (from torch==2.4.0) (9.1.0.70)
Requirement already satisfied: nvidia-cublas-cu12==12.1.3.1 in /home/aleksander.berezowsk/venv/lib/python3.12/site-packages (from torch==2.4.0) (12.1.3.1)
Requirement already satisfied: nvidia-cufft-cu12==11.0.2.54 in /home/aleksander.berezowsk/venv/lib/python3.12/site-packages (from torch==2.4.0) (11.0.2.54)
Requirement already satisfied: nvidia-curand-cu12==10.3.2.106 in /home/aleksander.berezowsk/venv/lib/python3.12/site-packages (from torch==2.4.0) (10.3.2.106)
Requirement already satisfied: nvidia-cusolver-cu12==11.4.5.107 in /home/aleksander.berezowsk/venv/lib/python3.12/site-packages (from torch==2.4.0) (11.4.5.107)
Requirement already satisfied: nvidia-cusparse-cu12==12.1.0.106 in /home/aleksander.berezowsk/venv/lib/python3.12/site-packages (from torch==2.4.0) (12.1.0.106)
Requirement already satisfied: nvidia-nccl-cu12==2.20.5 in /home/aleksander.berezowsk/venv/lib/python3.12/site-packages (from torch==2.4.0) (2.20.5)
Requirement already satisfied: nvidia-nvtx-cu12==12.1.105 in /home/aleksander.berezowsk/venv/lib/python3.12/site-packages (from torch==2.4.0) (12.1.105)
Requirement already satisfied: triton==3.0.0 in /home/aleksander.berezowsk/venv/lib/python3.12/site-packages (from torch==2.4.0) (3.0.0)
Requirement already satisfied: numpy in /home/aleksander.berezowsk/venv/lib/python3.12/site-packages (from torchvision==0.19.0) (2.4.6)
Requirement already satisfied: pillow!=8.3.*,>=5.3.0 in /home/aleksander.berezowsk/venv/lib/python3.12/site-packages (from torchvision==0.19.0) (12.2.0)
Requirement already satisfied: nvidia-nvjitlink-cu12 in /home/aleksander.berezowsk/venv/lib/python3.12/site-packages (from nvidia-cusolver-cu12==11.4.5.107->torch==2.4.0) (12.9.86)
Requirement already satisfied: packaging>17.1 in /home/aleksander.berezowsk/venv/lib/python3.12/site-packages (from torchmetrics) (26.2)
Requirement already satisfied: lightning-utilities>=0.15.3 in /home/aleksander.berezowsk/venv/lib/python3.12/site-packages (from torchmetrics) (0.15.3)
Requirement already satisfied: MarkupSafe>=2.0 in /home/aleksander.berezowsk/venv/lib/python3.12/site-packages (from jinja2->torch==2.4.0) (3.0.3)
Requirement already satisfied: mpmath<1.4,>=1.1.0 in /home/aleksander.berezowsk/venv/lib/python3.12/site-packages (from sympy->torch==2.4.0) (1.3.0)
Requirement already satisfied: optuna in /home/aleksander.berezowsk/venv/lib/python3.12/site-packages (4.9.0)
Requirement already satisfied: snntorch in /home/aleksander.berezowsk/venv/lib/python3.12/site-packages (0.9.4)
Requirement already satisfied: alembic>=1.5.0 in /home/aleksander.berezowsk/venv/lib/python3.12/site-packages (from optuna) (1.18.4)
Requirement already satisfied: colorlog in /home/aleksander.berezowsk/venv/lib/python3.12/site-packages (from optuna) (6.10.1)
Requirement already satisfied: numpy in /home/aleksander.berezowsk/venv/lib/python3.12/site-packages (from optuna) (2.4.6)
Requirement already satisfied: packaging>=20.0 in /home/aleksander.berezowsk/venv/lib/python3.12/site-packages (from optuna) (26.2)
Requirement already satisfied: sqlalchemy>=1.4.2 in /home/aleksander.berezowsk/venv/lib/python3.12/site-packages (from optuna) (2.0.50)
Requirement already satisfied: tqdm in /home/aleksander.berezowsk/venv/lib/python3.12/site-packages (from optuna) (4.67.3)
Requirement already satisfied: PyYAML in /home/aleksander.berezowsk/venv/lib/python3.12/site-packages (from optuna) (6.0.3)
Requirement already satisfied: Mako in /home/aleksander.berezowsk/venv/lib/python3.12/site-packages (from alembic>=1.5.0->optuna) (1.3.12)
Requirement already satisfied: typing-extensions>=4.12 in /home/aleksander.berezowsk/venv/lib/python3.12/site-packages (from alembic>=1.5.0->optuna) (4.15.0)
Requirement already satisfied: greenlet>=1 in /home/aleksander.berezowsk/venv/lib/python3.12/site-packages (from sqlalchemy>=1.4.2->optuna) (3.5.1)
Requirement already satisfied: MarkupSafe>=0.9.2 in /home/aleksander.berezowsk/venv/lib/python3.12/site-packages (from Mako->alembic>=1.5.0->optuna) (3.0.3)
Device: cuda
[BNCI2014_001] loading from cache: /home/aleksander.berezowsk/.cache/spiking_eegnet/BNCI2014_001_af1ccf3e92f684d8a93c057082b654d7.npz
[BNCI2014_001] cache hit: (5184, 1, 22, 1001), classes=['feet', 'left_hand', 'right_hand', 'tongue'], subjects=9
Dataset meta: {'n_classes': 4, 'n_channels': 22, 'n_samples': 1001, 'class_names': ['feet', 'left_hand', 'right_hand', 'tongue'], 'subject_list': [1, 2, 3, 4, 5, 6, 7, 8, 9], 'n_subjects': 9, 'sfreq': 250.0}

Applying bandpass filter: 2.918911780758889–61.156281969496625 Hz

=== LOSO (hold out subject 0) ===
  Train: 4608 trials  |  Test: 576 trials
  Model params: 28,334
  epoch   1/100  loss=1.3510  bal_acc=0.5035
  epoch   2/100  loss=1.1725  bal_acc=0.5122
  epoch   3/100  loss=1.0563  bal_acc=0.5017
  epoch   4/100  loss=0.9677  bal_acc=0.4670
  epoch   5/100  loss=0.9056  bal_acc=0.5816
  epoch   6/100  loss=0.8412  bal_acc=0.5608
  epoch   7/100  loss=0.8308  bal_acc=0.5052
  epoch   8/100  loss=0.7779  bal_acc=0.4583
  epoch   9/100  loss=0.7256  bal_acc=0.5920
  epoch  10/100  loss=0.6601  bal_acc=0.5729
  epoch  11/100  loss=0.6566  bal_acc=0.5764
  epoch  12/100  loss=0.6151  bal_acc=0.6111
  epoch  13/100  loss=0.5641  bal_acc=0.5781
  epoch  14/100  loss=0.5648  bal_acc=0.5590
  epoch  15/100  loss=0.5356  bal_acc=0.5469
  epoch  16/100  loss=0.5291  bal_acc=0.5503
  epoch  17/100  loss=0.4838  bal_acc=0.5747
  epoch  18/100  loss=0.4581  bal_acc=0.5625
  epoch  19/100  loss=0.4492  bal_acc=0.5035
  epoch  20/100  loss=0.4370  bal_acc=0.5764
  epoch  21/100  loss=0.4090  bal_acc=0.5521
  epoch  22/100  loss=0.4008  bal_acc=0.5677
  epoch  23/100  loss=0.4022  bal_acc=0.5434
  epoch  24/100  loss=0.3742  bal_acc=0.5226
  epoch  25/100  loss=0.3756  bal_acc=0.4931
  epoch  26/100  loss=0.3499  bal_acc=0.5174
  epoch  27/100  loss=0.3325  bal_acc=0.5243
  epoch  28/100  loss=0.3431  bal_acc=0.5243
  epoch  29/100  loss=0.3397  bal_acc=0.5365
  epoch  30/100  loss=0.3208  bal_acc=0.5625
  epoch  31/100  loss=0.3036  bal_acc=0.5660
  epoch  32/100  loss=0.3069  bal_acc=0.5208
  epoch  33/100  loss=0.2945  bal_acc=0.5573
  epoch  34/100  loss=0.2818  bal_acc=0.5278
  epoch  35/100  loss=0.2847  bal_acc=0.5556
  epoch  36/100  loss=0.2991  bal_acc=0.5868
  epoch  37/100  loss=0.3014  bal_acc=0.5590
  epoch  38/100  loss=0.2724  bal_acc=0.5226
  epoch  39/100  loss=0.2491  bal_acc=0.5469
  epoch  40/100  loss=0.2530  bal_acc=0.5052
  epoch  41/100  loss=0.2457  bal_acc=0.5729
  epoch  42/100  loss=0.2747  bal_acc=0.5556
  epoch  43/100  loss=0.2605  bal_acc=0.5469
  epoch  44/100  loss=0.2370  bal_acc=0.5278
  epoch  45/100  loss=0.2301  bal_acc=0.5347
  epoch  46/100  loss=0.2104  bal_acc=0.5573
  epoch  47/100  loss=0.2316  bal_acc=0.5625
  epoch  48/100  loss=0.2528  bal_acc=0.5503
  epoch  49/100  loss=0.2340  bal_acc=0.5781
  epoch  50/100  loss=0.2318  bal_acc=0.5642
  epoch  51/100  loss=0.2414  bal_acc=0.5677
  epoch  52/100  loss=0.2328  bal_acc=0.5712
  epoch  53/100  loss=0.2198  bal_acc=0.5382
  epoch  54/100  loss=0.2079  bal_acc=0.5608
  epoch  55/100  loss=0.2179  bal_acc=0.5660
  epoch  56/100  loss=0.2174  bal_acc=0.5278
  epoch  57/100  loss=0.2242  bal_acc=0.5521
  epoch  58/100  loss=0.2004  bal_acc=0.5799
  epoch  59/100  loss=0.2191  bal_acc=0.5781
  epoch  60/100  loss=0.2073  bal_acc=0.5625
  epoch  61/100  loss=0.2262  bal_acc=0.5573
  epoch  62/100  loss=0.1896  bal_acc=0.5556
  epoch  63/100  loss=0.2068  bal_acc=0.5538
  epoch  64/100  loss=0.1983  bal_acc=0.5243
  epoch  65/100  loss=0.1987  bal_acc=0.5191
  epoch  66/100  loss=0.1849  bal_acc=0.5243
  epoch  67/100  loss=0.1985  bal_acc=0.5191
  epoch  68/100  loss=0.1797  bal_acc=0.5521
  epoch  69/100  loss=0.1839  bal_acc=0.5799
  epoch  70/100  loss=0.1948  bal_acc=0.5851
  epoch  71/100  loss=0.1828  bal_acc=0.5816
  epoch  72/100  loss=0.1779  bal_acc=0.5347
  epoch  73/100  loss=0.1732  bal_acc=0.5677
  epoch  74/100  loss=0.1797  bal_acc=0.5538
  epoch  75/100  loss=0.1849  bal_acc=0.5191
  epoch  76/100  loss=0.1829  bal_acc=0.5122
  epoch  77/100  loss=0.1773  bal_acc=0.5417
  epoch  78/100  loss=0.1640  bal_acc=0.5469
  epoch  79/100  loss=0.1792  bal_acc=0.5677
  epoch  80/100  loss=0.1566  bal_acc=0.5816
  epoch  81/100  loss=0.1653  bal_acc=0.5521
  epoch  82/100  loss=0.1725  bal_acc=0.5469
  epoch  83/100  loss=0.1745  bal_acc=0.5573
  epoch  84/100  loss=0.1548  bal_acc=0.5729
  epoch  85/100  loss=0.1732  bal_acc=0.5590
  epoch  86/100  loss=0.1631  bal_acc=0.5347
  epoch  87/100  loss=0.1551  bal_acc=0.5469
  epoch  88/100  loss=0.1591  bal_acc=0.5469
  epoch  89/100  loss=0.1520  bal_acc=0.5556
  epoch  90/100  loss=0.1699  bal_acc=0.5434
  epoch  91/100  loss=0.1630  bal_acc=0.5590
  epoch  92/100  loss=0.1547  bal_acc=0.5573
  epoch  93/100  loss=0.1648  bal_acc=0.5642
  epoch  94/100  loss=0.1522  bal_acc=0.5469
  epoch  95/100  loss=0.1517  bal_acc=0.5521
  epoch  96/100  loss=0.1520  bal_acc=0.5590
  epoch  97/100  loss=0.1465  bal_acc=0.5399
  epoch  98/100  loss=0.1644  bal_acc=0.5486
  epoch  99/100  loss=0.1655  bal_acc=0.5556
  epoch 100/100  loss=0.1587  bal_acc=0.5417
  [LOSO 1/9] subject 0: acc=0.5417  running_mean=0.5417

=== LOSO (hold out subject 1) ===
  Train: 4608 trials  |  Test: 576 trials
  Model params: 28,334
  epoch   1/100  loss=1.3127  bal_acc=0.3351
  epoch   2/100  loss=1.0815  bal_acc=0.2986
  epoch   3/100  loss=0.9585  bal_acc=0.3281
  epoch   4/100  loss=0.8815  bal_acc=0.3663
  epoch   5/100  loss=0.8283  bal_acc=0.3351
  epoch   6/100  loss=0.7931  bal_acc=0.3559
  epoch   7/100  loss=0.7246  bal_acc=0.3681
  epoch   8/100  loss=0.6792  bal_acc=0.3681
  epoch   9/100  loss=0.6340  bal_acc=0.3576
  epoch  10/100  loss=0.6002  bal_acc=0.3003
  epoch  11/100  loss=0.5733  bal_acc=0.3559
  epoch  12/100  loss=0.5286  bal_acc=0.3438
  epoch  13/100  loss=0.5004  bal_acc=0.3316
  epoch  14/100  loss=0.4720  bal_acc=0.3542
  epoch  15/100  loss=0.4432  bal_acc=0.3681
  epoch  16/100  loss=0.4316  bal_acc=0.3316
  epoch  17/100  loss=0.4098  bal_acc=0.3576
  epoch  18/100  loss=0.3925  bal_acc=0.3507
  epoch  19/100  loss=0.3831  bal_acc=0.3472
  epoch  20/100  loss=0.3661  bal_acc=0.3542
  epoch  21/100  loss=0.3564  bal_acc=0.3941
  epoch  22/100  loss=0.3507  bal_acc=0.3663
  epoch  23/100  loss=0.3192  bal_acc=0.3559
  epoch  24/100  loss=0.3153  bal_acc=0.3681
  epoch  25/100  loss=0.3068  bal_acc=0.3524
  epoch  26/100  loss=0.3180  bal_acc=0.3472
  epoch  27/100  loss=0.2891  bal_acc=0.3368
  epoch  28/100  loss=0.2802  bal_acc=0.3854
  epoch  29/100  loss=0.2704  bal_acc=0.3628
  epoch  30/100  loss=0.2639  bal_acc=0.3524
  epoch  31/100  loss=0.2624  bal_acc=0.3715
  epoch  32/100  loss=0.2374  bal_acc=0.3594
  epoch  33/100  loss=0.2434  bal_acc=0.3438
  epoch  34/100  loss=0.2705  bal_acc=0.3733
  epoch  35/100  loss=0.2313  bal_acc=0.3715
  epoch  36/100  loss=0.2562  bal_acc=0.3524
  epoch  37/100  loss=0.2295  bal_acc=0.3611
  epoch  38/100  loss=0.2310  bal_acc=0.3663
  epoch  39/100  loss=0.2108  bal_acc=0.3663
  epoch  40/100  loss=0.2215  bal_acc=0.3646
  epoch  41/100  loss=0.2081  bal_acc=0.3646
  epoch  42/100  loss=0.2040  bal_acc=0.3698
  epoch  43/100  loss=0.2118  bal_acc=0.3733
  epoch  44/100  loss=0.1995  bal_acc=0.3576
  epoch  45/100  loss=0.1889  bal_acc=0.3750
  epoch  46/100  loss=0.1832  bal_acc=0.3872
  epoch  47/100  loss=0.1952  bal_acc=0.3542
  epoch  48/100  loss=0.1963  bal_acc=0.3750
  epoch  49/100  loss=0.1798  bal_acc=0.3524
  epoch  50/100  loss=0.1961  bal_acc=0.3715
  epoch  51/100  loss=0.1814  bal_acc=0.3733
  epoch  52/100  loss=0.1641  bal_acc=0.3576
  epoch  53/100  loss=0.1789  bal_acc=0.3524
  epoch  54/100  loss=0.1913  bal_acc=0.3750
  epoch  55/100  loss=0.2079  bal_acc=0.3229
  epoch  56/100  loss=0.2081  bal_acc=0.3646
  epoch  57/100  loss=0.1629  bal_acc=0.3733
  epoch  58/100  loss=0.1916  bal_acc=0.3368
  epoch  59/100  loss=0.1639  bal_acc=0.3385
  epoch  60/100  loss=0.1753  bal_acc=0.3490
  epoch  61/100  loss=0.1640  bal_acc=0.3594
  epoch  62/100  loss=0.1823  bal_acc=0.3507
  epoch  63/100  loss=0.1696  bal_acc=0.3576
  epoch  64/100  loss=0.1618  bal_acc=0.3681
  epoch  65/100  loss=0.1467  bal_acc=0.3767
  epoch  66/100  loss=0.1754  bal_acc=0.3976
  epoch  67/100  loss=0.1430  bal_acc=0.3698
  epoch  68/100  loss=0.1541  bal_acc=0.3594
  epoch  69/100  loss=0.1556  bal_acc=0.3698
  epoch  70/100  loss=0.1392  bal_acc=0.3594
  epoch  71/100  loss=0.1565  bal_acc=0.3889
  epoch  72/100  loss=0.1396  bal_acc=0.3733
  epoch  73/100  loss=0.1381  bal_acc=0.3698
  epoch  74/100  loss=0.1606  bal_acc=0.3594
  epoch  75/100  loss=0.1686  bal_acc=0.3663
  epoch  76/100  loss=0.1418  bal_acc=0.3733
  epoch  77/100  loss=0.1606  bal_acc=0.3819
  epoch  78/100  loss=0.1479  bal_acc=0.3733
  epoch  79/100  loss=0.1284  bal_acc=0.3872
  epoch  80/100  loss=0.1546  bal_acc=0.3681
  epoch  81/100  loss=0.1491  bal_acc=0.3733
  epoch  82/100  loss=0.1394  bal_acc=0.3264
  epoch  83/100  loss=0.1448  bal_acc=0.3958
  epoch  84/100  loss=0.1338  bal_acc=0.3750
  epoch  85/100  loss=0.1260  bal_acc=0.3698
  epoch  86/100  loss=0.1292  bal_acc=0.3837
  epoch  87/100  loss=0.1373  bal_acc=0.3872
  epoch  88/100  loss=0.1428  bal_acc=0.3837
  epoch  89/100  loss=0.1422  bal_acc=0.3628
  epoch  90/100  loss=0.1248  bal_acc=0.3455
  epoch  91/100  loss=0.1316  bal_acc=0.3594
  epoch  92/100  loss=0.1367  bal_acc=0.3819
  epoch  93/100  loss=0.1383  bal_acc=0.3698
  epoch  94/100  loss=0.1459  bal_acc=0.3698
  epoch  95/100  loss=0.1263  bal_acc=0.3872
  epoch  96/100  loss=0.1201  bal_acc=0.3559
  epoch  97/100  loss=0.1539  bal_acc=0.3698
  epoch  98/100  loss=0.1259  bal_acc=0.3767
  epoch  99/100  loss=0.1318  bal_acc=0.3611
  epoch 100/100  loss=0.1422  bal_acc=0.3698
  [LOSO 2/9] subject 1: acc=0.3698  running_mean=0.4557

=== LOSO (hold out subject 2) ===
  Train: 4608 trials  |  Test: 576 trials
  Model params: 28,334
  epoch   1/100  loss=1.3545  bal_acc=0.3576
  epoch   2/100  loss=1.1577  bal_acc=0.5347
  epoch   3/100  loss=1.0692  bal_acc=0.6215
  epoch   4/100  loss=0.9949  bal_acc=0.5764
  epoch   5/100  loss=0.9331  bal_acc=0.5764
  epoch   6/100  loss=0.8837  bal_acc=0.7170
  epoch   7/100  loss=0.8122  bal_acc=0.5295
  epoch   8/100  loss=0.7562  bal_acc=0.4653
  epoch   9/100  loss=0.7263  bal_acc=0.5382
  epoch  10/100  loss=0.6805  bal_acc=0.5052
  epoch  11/100  loss=0.6439  bal_acc=0.5556
  epoch  12/100  loss=0.5826  bal_acc=0.5000
  epoch  13/100  loss=0.5782  bal_acc=0.5816
  epoch  14/100  loss=0.5425  bal_acc=0.5764
  epoch  15/100  loss=0.5028  bal_acc=0.5938
  epoch  16/100  loss=0.5014  bal_acc=0.5278
  epoch  17/100  loss=0.4662  bal_acc=0.5295
  epoch  18/100  loss=0.4391  bal_acc=0.4688
  epoch  19/100  loss=0.4174  bal_acc=0.5729
  epoch  20/100  loss=0.4242  bal_acc=0.5139
  epoch  21/100  loss=0.3893  bal_acc=0.5590
  epoch  22/100  loss=0.3796  bal_acc=0.5174
  epoch  23/100  loss=0.3805  bal_acc=0.5712
  epoch  24/100  loss=0.3782  bal_acc=0.6007
  epoch  25/100  loss=0.3503  bal_acc=0.5868
  epoch  26/100  loss=0.3354  bal_acc=0.6146
  epoch  27/100  loss=0.3247  bal_acc=0.5312
  epoch  28/100  loss=0.3148  bal_acc=0.5208
  epoch  29/100  loss=0.2896  bal_acc=0.4861
  epoch  30/100  loss=0.3173  bal_acc=0.5712
  epoch  31/100  loss=0.2753  bal_acc=0.4826
  epoch  32/100  loss=0.2841  bal_acc=0.5712
  epoch  33/100  loss=0.2789  bal_acc=0.4965
  epoch  34/100  loss=0.2808  bal_acc=0.5486
  epoch  35/100  loss=0.2777  bal_acc=0.4722
  epoch  36/100  loss=0.2696  bal_acc=0.4549
  epoch  37/100  loss=0.2700  bal_acc=0.4653
  epoch  38/100  loss=0.2507  bal_acc=0.6007
  epoch  39/100  loss=0.2484  bal_acc=0.5451
  epoch  40/100  loss=0.2520  bal_acc=0.5330
  epoch  41/100  loss=0.2176  bal_acc=0.5799
  epoch  42/100  loss=0.2241  bal_acc=0.5903
  epoch  43/100  loss=0.2369  bal_acc=0.5885
  epoch  44/100  loss=0.2406  bal_acc=0.5139
  epoch  45/100  loss=0.2064  bal_acc=0.5885
  epoch  46/100  loss=0.2307  bal_acc=0.5660
  epoch  47/100  loss=0.2172  bal_acc=0.5278
  epoch  48/100  loss=0.2315  bal_acc=0.4965
  epoch  49/100  loss=0.2103  bal_acc=0.5538
  epoch  50/100  loss=0.2048  bal_acc=0.5191
  epoch  51/100  loss=0.2121  bal_acc=0.4670
  epoch  52/100  loss=0.2037  bal_acc=0.4931
  epoch  53/100  loss=0.2143  bal_acc=0.5347
  epoch  54/100  loss=0.2335  bal_acc=0.5382
  epoch  55/100  loss=0.2026  bal_acc=0.5799
  epoch  56/100  loss=0.1957  bal_acc=0.5295
  epoch  57/100  loss=0.1980  bal_acc=0.5538
  epoch  58/100  loss=0.1898  bal_acc=0.5712
  epoch  59/100  loss=0.1821  bal_acc=0.5538
  epoch  60/100  loss=0.1955  bal_acc=0.5174
  epoch  61/100  loss=0.1808  bal_acc=0.5069
  epoch  62/100  loss=0.1803  bal_acc=0.5608
  epoch  63/100  loss=0.1859  bal_acc=0.4688
  epoch  64/100  loss=0.1743  bal_acc=0.5295
  epoch  65/100  loss=0.1965  bal_acc=0.5451
  epoch  66/100  loss=0.1754  bal_acc=0.4844
  epoch  67/100  loss=0.1556  bal_acc=0.5139
  epoch  68/100  loss=0.1655  bal_acc=0.5677
  epoch  69/100  loss=0.1741  bal_acc=0.4983
  epoch  70/100  loss=0.1847  bal_acc=0.5104
  epoch  71/100  loss=0.1715  bal_acc=0.4705
  epoch  72/100  loss=0.1846  bal_acc=0.5486
  epoch  73/100  loss=0.1900  bal_acc=0.5226
  epoch  74/100  loss=0.1662  bal_acc=0.5694
  epoch  75/100  loss=0.1711  bal_acc=0.5938
  epoch  76/100  loss=0.1562  bal_acc=0.5191
  epoch  77/100  loss=0.1656  bal_acc=0.5069
  epoch  78/100  loss=0.1535  bal_acc=0.5694
  epoch  79/100  loss=0.1539  bal_acc=0.5330
  epoch  80/100  loss=0.1528  bal_acc=0.5747
  epoch  81/100  loss=0.1512  bal_acc=0.5295
  epoch  82/100  loss=0.1439  bal_acc=0.4896
  epoch  83/100  loss=0.1500  bal_acc=0.4965
  epoch  84/100  loss=0.1541  bal_acc=0.5677
  epoch  85/100  loss=0.1536  bal_acc=0.4826
  epoch  86/100  loss=0.1690  bal_acc=0.5764
  epoch  87/100  loss=0.1732  bal_acc=0.5938
  epoch  88/100  loss=0.1787  bal_acc=0.4878
  epoch  89/100  loss=0.1625  bal_acc=0.4809
  epoch  90/100  loss=0.1313  bal_acc=0.5573
  epoch  91/100  loss=0.1546  bal_acc=0.5747
  epoch  92/100  loss=0.1448  bal_acc=0.5382
  epoch  93/100  loss=0.1306  bal_acc=0.5590
  epoch  94/100  loss=0.1421  bal_acc=0.5642
  epoch  95/100  loss=0.1471  bal_acc=0.5017
  epoch  96/100  loss=0.1398  bal_acc=0.5122
  epoch  97/100  loss=0.1634  bal_acc=0.5885
  epoch  98/100  loss=0.1584  bal_acc=0.5642
  epoch  99/100  loss=0.1311  bal_acc=0.5312
  epoch 100/100  loss=0.1326  bal_acc=0.5052
  [LOSO 3/9] subject 2: acc=0.5052  running_mean=0.4722

=== LOSO (hold out subject 3) ===
  Train: 4608 trials  |  Test: 576 trials
  Model params: 28,334
  epoch   1/100  loss=1.3164  bal_acc=0.3333
  epoch   2/100  loss=1.1011  bal_acc=0.3490
  epoch   3/100  loss=1.0093  bal_acc=0.2917
  epoch   4/100  loss=0.9334  bal_acc=0.3819
  epoch   5/100  loss=0.8529  bal_acc=0.3715
  epoch   6/100  loss=0.8137  bal_acc=0.3490
  epoch   7/100  loss=0.7748  bal_acc=0.3385
  epoch   8/100  loss=0.7057  bal_acc=0.3854
  epoch   9/100  loss=0.6702  bal_acc=0.3628
  epoch  10/100  loss=0.6295  bal_acc=0.3663
  epoch  11/100  loss=0.6192  bal_acc=0.4271
  epoch  12/100  loss=0.5699  bal_acc=0.3993
  epoch  13/100  loss=0.5382  bal_acc=0.4097
  epoch  14/100  loss=0.5257  bal_acc=0.4149
  epoch  15/100  loss=0.4839  bal_acc=0.3663
  epoch  16/100  loss=0.4584  bal_acc=0.3663
  epoch  17/100  loss=0.4603  bal_acc=0.4097
  epoch  18/100  loss=0.4266  bal_acc=0.3455
  epoch  19/100  loss=0.3992  bal_acc=0.4132
  epoch  20/100  loss=0.3987  bal_acc=0.3715
  epoch  21/100  loss=0.3798  bal_acc=0.4010
  epoch  22/100  loss=0.3710  bal_acc=0.3819
  epoch  23/100  loss=0.3551  bal_acc=0.4167
  epoch  24/100  loss=0.3640  bal_acc=0.3872
  epoch  25/100  loss=0.3269  bal_acc=0.3785
  epoch  26/100  loss=0.3111  bal_acc=0.3785
  epoch  27/100  loss=0.3235  bal_acc=0.3663
  epoch  28/100  loss=0.2954  bal_acc=0.3819
  epoch  29/100  loss=0.2989  bal_acc=0.4010
  epoch  30/100  loss=0.2906  bal_acc=0.3750
  epoch  31/100  loss=0.2837  bal_acc=0.3507
  epoch  32/100  loss=0.2982  bal_acc=0.4184
  epoch  33/100  loss=0.2915  bal_acc=0.3698
  epoch  34/100  loss=0.2655  bal_acc=0.3872
  epoch  35/100  loss=0.2784  bal_acc=0.4358
  epoch  36/100  loss=0.2389  bal_acc=0.4028
  epoch  37/100  loss=0.2479  bal_acc=0.3611
  epoch  38/100  loss=0.2664  bal_acc=0.3837
  epoch  39/100  loss=0.2425  bal_acc=0.4375
  epoch  40/100  loss=0.2337  bal_acc=0.3976
  epoch  41/100  loss=0.2205  bal_acc=0.3941
  epoch  42/100  loss=0.2310  bal_acc=0.3698
  epoch  43/100  loss=0.2366  bal_acc=0.3524
  epoch  44/100  loss=0.2256  bal_acc=0.3872
  epoch  45/100  loss=0.2176  bal_acc=0.3889
  epoch  46/100  loss=0.2252  bal_acc=0.3837
  epoch  47/100  loss=0.2202  bal_acc=0.4097
  epoch  48/100  loss=0.2075  bal_acc=0.3958
  epoch  49/100  loss=0.1918  bal_acc=0.3681
  epoch  50/100  loss=0.2017  bal_acc=0.3889
  epoch  51/100  loss=0.2182  bal_acc=0.3889
  epoch  52/100  loss=0.2188  bal_acc=0.4149
  epoch  53/100  loss=0.1881  bal_acc=0.3976
  epoch  54/100  loss=0.1948  bal_acc=0.4028
  epoch  55/100  loss=0.1840  bal_acc=0.3368
  epoch  56/100  loss=0.2067  bal_acc=0.4028
  epoch  57/100  loss=0.1981  bal_acc=0.3646
  epoch  58/100  loss=0.2042  bal_acc=0.4028
  epoch  59/100  loss=0.2020  bal_acc=0.4340
  epoch  60/100  loss=0.2147  bal_acc=0.3941
  epoch  61/100  loss=0.1904  bal_acc=0.3628
  epoch  62/100  loss=0.1863  bal_acc=0.4253
  epoch  63/100  loss=0.1899  bal_acc=0.3854
  epoch  64/100  loss=0.1707  bal_acc=0.3941
  epoch  65/100  loss=0.1852  bal_acc=0.3715
  epoch  66/100  loss=0.1763  bal_acc=0.4028
  epoch  67/100  loss=0.1595  bal_acc=0.3889
  epoch  68/100  loss=0.1643  bal_acc=0.3698
  epoch  69/100  loss=0.1614  bal_acc=0.3837
  epoch  70/100  loss=0.1571  bal_acc=0.3802
  epoch  71/100  loss=0.1553  bal_acc=0.3958
  epoch  72/100  loss=0.1615  bal_acc=0.3785
  epoch  73/100  loss=0.1652  bal_acc=0.3681
  epoch  74/100  loss=0.1638  bal_acc=0.3872
  epoch  75/100  loss=0.1605  bal_acc=0.3906
  epoch  76/100  loss=0.1657  bal_acc=0.3819
  epoch  77/100  loss=0.1557  bal_acc=0.4167
  epoch  78/100  loss=0.1493  bal_acc=0.3924
  epoch  79/100  loss=0.1443  bal_acc=0.3837
  epoch  80/100  loss=0.1514  bal_acc=0.3785
  epoch  81/100  loss=0.1639  bal_acc=0.3663
  epoch  82/100  loss=0.1588  bal_acc=0.3611
  epoch  83/100  loss=0.1560  bal_acc=0.3802
  epoch  84/100  loss=0.1389  bal_acc=0.3733
  epoch  85/100  loss=0.1499  bal_acc=0.3646
  epoch  86/100  loss=0.1545  bal_acc=0.4097
  epoch  87/100  loss=0.1636  bal_acc=0.3455
  epoch  88/100  loss=0.1549  bal_acc=0.3889
  epoch  89/100  loss=0.1470  bal_acc=0.4132
  epoch  90/100  loss=0.1373  bal_acc=0.3924
  epoch  91/100  loss=0.1565  bal_acc=0.3802
  epoch  92/100  loss=0.1511  bal_acc=0.3698
  epoch  93/100  loss=0.1355  bal_acc=0.3854
  epoch  94/100  loss=0.1404  bal_acc=0.3715
  epoch  95/100  loss=0.1464  bal_acc=0.3958
  epoch  96/100  loss=0.1386  bal_acc=0.3698
  epoch  97/100  loss=0.1283  bal_acc=0.3837
  epoch  98/100  loss=0.1429  bal_acc=0.3906
  epoch  99/100  loss=0.1276  bal_acc=0.4028
  epoch 100/100  loss=0.1350  bal_acc=0.3889
  [LOSO 4/9] subject 3: acc=0.3889  running_mean=0.4514

=== LOSO (hold out subject 4) ===
  Train: 4608 trials  |  Test: 576 trials
  Model params: 28,334
  epoch   1/100  loss=1.2872  bal_acc=0.2604
  epoch   2/100  loss=1.0893  bal_acc=0.2726
  epoch   3/100  loss=0.9867  bal_acc=0.2743
  epoch   4/100  loss=0.9021  bal_acc=0.2622
  epoch   5/100  loss=0.8193  bal_acc=0.2656
  epoch   6/100  loss=0.7664  bal_acc=0.2639
  epoch   7/100  loss=0.7229  bal_acc=0.2899
  epoch   8/100  loss=0.6763  bal_acc=0.2865
  epoch   9/100  loss=0.6236  bal_acc=0.2587
  epoch  10/100  loss=0.5694  bal_acc=0.2708
  epoch  11/100  loss=0.5626  bal_acc=0.2778
  epoch  12/100  loss=0.5551  bal_acc=0.2847
  epoch  13/100  loss=0.5047  bal_acc=0.3003
  epoch  14/100  loss=0.4719  bal_acc=0.2899
  epoch  15/100  loss=0.4549  bal_acc=0.3056
  epoch  16/100  loss=0.4306  bal_acc=0.2708
  epoch  17/100  loss=0.4130  bal_acc=0.2569
  epoch  18/100  loss=0.3927  bal_acc=0.2865
  epoch  19/100  loss=0.3726  bal_acc=0.2847
  epoch  20/100  loss=0.3683  bal_acc=0.2986
  epoch  21/100  loss=0.3382  bal_acc=0.2795
  epoch  22/100  loss=0.3266  bal_acc=0.2812
  epoch  23/100  loss=0.3132  bal_acc=0.2917
  epoch  24/100  loss=0.3171  bal_acc=0.2934
  epoch  25/100  loss=0.3247  bal_acc=0.3021
  epoch  26/100  loss=0.2871  bal_acc=0.2917
  epoch  27/100  loss=0.2876  bal_acc=0.3194
  epoch  28/100  loss=0.2786  bal_acc=0.2830
  epoch  29/100  loss=0.2560  bal_acc=0.2986
  epoch  30/100  loss=0.2547  bal_acc=0.2951
  epoch  31/100  loss=0.2417  bal_acc=0.2882
  epoch  32/100  loss=0.2468  bal_acc=0.2934
  epoch  33/100  loss=0.2476  bal_acc=0.3108
  epoch  34/100  loss=0.2488  bal_acc=0.3194
  epoch  35/100  loss=0.2211  bal_acc=0.3090
  epoch  36/100  loss=0.2234  bal_acc=0.2899
  epoch  37/100  loss=0.2154  bal_acc=0.3090
  epoch  38/100  loss=0.2084  bal_acc=0.2917
  epoch  39/100  loss=0.2112  bal_acc=0.2917
  epoch  40/100  loss=0.2072  bal_acc=0.3090
  epoch  41/100  loss=0.2028  bal_acc=0.3038
  epoch  42/100  loss=0.2127  bal_acc=0.3073
  epoch  43/100  loss=0.2026  bal_acc=0.2882
  epoch  44/100  loss=0.1784  bal_acc=0.3142
  epoch  45/100  loss=0.2040  bal_acc=0.2969
  epoch  46/100  loss=0.1962  bal_acc=0.2917
  epoch  47/100  loss=0.1777  bal_acc=0.3003
  epoch  48/100  loss=0.1804  bal_acc=0.2813
  epoch  49/100  loss=0.1898  bal_acc=0.3073
  epoch  50/100  loss=0.1801  bal_acc=0.3021
  epoch  51/100  loss=0.1725  bal_acc=0.3056
  epoch  52/100  loss=0.1907  bal_acc=0.2899
  epoch  53/100  loss=0.1696  bal_acc=0.3021
  epoch  54/100  loss=0.1766  bal_acc=0.3003
  epoch  55/100  loss=0.1551  bal_acc=0.3194
  epoch  56/100  loss=0.1665  bal_acc=0.2969
  epoch  57/100  loss=0.1623  bal_acc=0.2778
  epoch  58/100  loss=0.1626  bal_acc=0.3038
  epoch  59/100  loss=0.1617  bal_acc=0.3108
  epoch  60/100  loss=0.1620  bal_acc=0.2969
  epoch  61/100  loss=0.1710  bal_acc=0.3090
  epoch  62/100  loss=0.1526  bal_acc=0.3090
  epoch  63/100  loss=0.1566  bal_acc=0.3038
  epoch  64/100  loss=0.1604  bal_acc=0.3108
  epoch  65/100  loss=0.1489  bal_acc=0.3177
  epoch  66/100  loss=0.1464  bal_acc=0.3073
  epoch  67/100  loss=0.1588  bal_acc=0.3056
  epoch  68/100  loss=0.1510  bal_acc=0.3038
  epoch  69/100  loss=0.1582  bal_acc=0.3056
  epoch  70/100  loss=0.1400  bal_acc=0.3038
  epoch  71/100  loss=0.1440  bal_acc=0.2917
  epoch  72/100  loss=0.1355  bal_acc=0.2830
  epoch  73/100  loss=0.1542  bal_acc=0.2986
  epoch  74/100  loss=0.1277  bal_acc=0.3125
  epoch  75/100  loss=0.1344  bal_acc=0.2899
  epoch  76/100  loss=0.1381  bal_acc=0.3247
  epoch  77/100  loss=0.1361  bal_acc=0.3021
  epoch  78/100  loss=0.1527  bal_acc=0.2847
  epoch  79/100  loss=0.1412  bal_acc=0.2986
  epoch  80/100  loss=0.1333  bal_acc=0.3247
  epoch  81/100  loss=0.1379  bal_acc=0.3003
  epoch  82/100  loss=0.1416  bal_acc=0.2951
  epoch  83/100  loss=0.1359  bal_acc=0.3038
  epoch  84/100  loss=0.1201  bal_acc=0.2847
  epoch  85/100  loss=0.1492  bal_acc=0.3003
  epoch  86/100  loss=0.1277  bal_acc=0.3038
  epoch  87/100  loss=0.1210  bal_acc=0.3177
  epoch  88/100  loss=0.1353  bal_acc=0.2917
  epoch  89/100  loss=0.1286  bal_acc=0.2969
  epoch  90/100  loss=0.1077  bal_acc=0.2882
  epoch  91/100  loss=0.1209  bal_acc=0.2812
  epoch  92/100  loss=0.1350  bal_acc=0.3056
  epoch  93/100  loss=0.1333  bal_acc=0.2951
  epoch  94/100  loss=0.1144  bal_acc=0.3021
  epoch  95/100  loss=0.1337  bal_acc=0.3021
  epoch  96/100  loss=0.1121  bal_acc=0.3177
  epoch  97/100  loss=0.1282  bal_acc=0.3194
  epoch  98/100  loss=0.1329  bal_acc=0.2969
  epoch  99/100  loss=0.1131  bal_acc=0.2969
  epoch 100/100  loss=0.1191  bal_acc=0.2882
  [LOSO 5/9] subject 4: acc=0.2882  running_mean=0.4188

=== LOSO (hold out subject 5) ===
  Train: 4608 trials  |  Test: 576 trials
  Model params: 28,334
  epoch   1/100  loss=1.2966  bal_acc=0.3264
  epoch   2/100  loss=1.0688  bal_acc=0.2986
  epoch   3/100  loss=0.9744  bal_acc=0.3281
  epoch   4/100  loss=0.9101  bal_acc=0.3108
  epoch   5/100  loss=0.8232  bal_acc=0.3628
  epoch   6/100  loss=0.7950  bal_acc=0.3125
  epoch   7/100  loss=0.7540  bal_acc=0.3090
  epoch   8/100  loss=0.6881  bal_acc=0.2778
  epoch   9/100  loss=0.6704  bal_acc=0.3125
  epoch  10/100  loss=0.6245  bal_acc=0.2812
  epoch  11/100  loss=0.5865  bal_acc=0.3455
  epoch  12/100  loss=0.5422  bal_acc=0.3108
  epoch  13/100  loss=0.5563  bal_acc=0.3316
  epoch  14/100  loss=0.5125  bal_acc=0.3438
  epoch  15/100  loss=0.4624  bal_acc=0.3559
  epoch  16/100  loss=0.4448  bal_acc=0.3316
  epoch  17/100  loss=0.4374  bal_acc=0.3247
  epoch  18/100  loss=0.4169  bal_acc=0.3420
  epoch  19/100  loss=0.4050  bal_acc=0.3038
  epoch  20/100  loss=0.4063  bal_acc=0.3194
  epoch  21/100  loss=0.3442  bal_acc=0.3490
  epoch  22/100  loss=0.3562  bal_acc=0.2917
  epoch  23/100  loss=0.3567  bal_acc=0.3333
  epoch  24/100  loss=0.3566  bal_acc=0.3524
  epoch  25/100  loss=0.3152  bal_acc=0.3438
  epoch  26/100  loss=0.3044  bal_acc=0.3299
  epoch  27/100  loss=0.3013  bal_acc=0.3872
  epoch  28/100  loss=0.2806  bal_acc=0.3455
  epoch  29/100  loss=0.2659  bal_acc=0.3576
  epoch  30/100  loss=0.2705  bal_acc=0.3524
  epoch  31/100  loss=0.2816  bal_acc=0.3438
  epoch  32/100  loss=0.2708  bal_acc=0.3681
  epoch  33/100  loss=0.2652  bal_acc=0.3611
  epoch  34/100  loss=0.2525  bal_acc=0.3420
  epoch  35/100  loss=0.2429  bal_acc=0.3142
  epoch  36/100  loss=0.2358  bal_acc=0.3628
  epoch  37/100  loss=0.2267  bal_acc=0.3385
  epoch  38/100  loss=0.2213  bal_acc=0.3438
  epoch  39/100  loss=0.2369  bal_acc=0.3854
  epoch  40/100  loss=0.2148  bal_acc=0.3490
  epoch  41/100  loss=0.2214  bal_acc=0.3559
  epoch  42/100  loss=0.2111  bal_acc=0.3594
  epoch  43/100  loss=0.2074  bal_acc=0.3542
  epoch  44/100  loss=0.1982  bal_acc=0.3212
  epoch  45/100  loss=0.1979  bal_acc=0.3455
  epoch  46/100  loss=0.1930  bal_acc=0.3351
  epoch  47/100  loss=0.2003  bal_acc=0.3229
  epoch  48/100  loss=0.1899  bal_acc=0.3490
  epoch  49/100  loss=0.1662  bal_acc=0.3420
  epoch  50/100  loss=0.1820  bal_acc=0.3299
  epoch  51/100  loss=0.1897  bal_acc=0.3316
  epoch  52/100  loss=0.1898  bal_acc=0.3368
  epoch  53/100  loss=0.2118  bal_acc=0.3507
  epoch  54/100  loss=0.1726  bal_acc=0.3021
  epoch  55/100  loss=0.1642  bal_acc=0.3090
  epoch  56/100  loss=0.1719  bal_acc=0.3247
  epoch  57/100  loss=0.1699  bal_acc=0.3281
  epoch  58/100  loss=0.2088  bal_acc=0.3333
  epoch  59/100  loss=0.1963  bal_acc=0.3507
  epoch  60/100  loss=0.1778  bal_acc=0.3264
  epoch  61/100  loss=0.1654  bal_acc=0.3264
  epoch  62/100  loss=0.1557  bal_acc=0.3351
  epoch  63/100  loss=0.1452  bal_acc=0.3177
  epoch  64/100  loss=0.1649  bal_acc=0.3212
  epoch  65/100  loss=0.1658  bal_acc=0.3194
  epoch  66/100  loss=0.1627  bal_acc=0.3247
  epoch  67/100  loss=0.1543  bal_acc=0.3559
  epoch  68/100  loss=0.1586  bal_acc=0.3455
  epoch  69/100  loss=0.1666  bal_acc=0.3212
  epoch  70/100  loss=0.1772  bal_acc=0.3368
  epoch  71/100  loss=0.1558  bal_acc=0.3368
  epoch  72/100  loss=0.1494  bal_acc=0.3212
  epoch  73/100  loss=0.1406  bal_acc=0.3108
  epoch  74/100  loss=0.1459  bal_acc=0.3264
  epoch  75/100  loss=0.1649  bal_acc=0.3576
  epoch  76/100  loss=0.1381  bal_acc=0.3420
  epoch  77/100  loss=0.1454  bal_acc=0.3003
  epoch  78/100  loss=0.1378  bal_acc=0.3142
  epoch  79/100  loss=0.1521  bal_acc=0.3490
  epoch  80/100  loss=0.1422  bal_acc=0.3073
  epoch  81/100  loss=0.1322  bal_acc=0.3194
  epoch  82/100  loss=0.1470  bal_acc=0.3490
  epoch  83/100  loss=0.1490  bal_acc=0.3420
  epoch  84/100  loss=0.1326  bal_acc=0.3160
  epoch  85/100  loss=0.1431  bal_acc=0.3073
  epoch  86/100  loss=0.1619  bal_acc=0.3108
  epoch  87/100  loss=0.1512  bal_acc=0.3507
  epoch  88/100  loss=0.1626  bal_acc=0.3351
  epoch  89/100  loss=0.1390  bal_acc=0.3212
  epoch  90/100  loss=0.1517  bal_acc=0.3438
  epoch  91/100  loss=0.1477  bal_acc=0.3142
  epoch  92/100  loss=0.1397  bal_acc=0.3177
  epoch  93/100  loss=0.1288  bal_acc=0.3073
  epoch  94/100  loss=0.1202  bal_acc=0.3125
  epoch  95/100  loss=0.1367  bal_acc=0.3003
  epoch  96/100  loss=0.1337  bal_acc=0.3212
  epoch  97/100  loss=0.1177  bal_acc=0.3177
  epoch  98/100  loss=0.1366  bal_acc=0.3160
  epoch  99/100  loss=0.1205  bal_acc=0.2986
  epoch 100/100  loss=0.1266  bal_acc=0.3056
  [LOSO 6/9] subject 5: acc=0.3056  running_mean=0.3999

=== LOSO (hold out subject 6) ===
  Train: 4608 trials  |  Test: 576 trials
  Model params: 28,334
  epoch   1/100  loss=1.3091  bal_acc=0.2656
  epoch   2/100  loss=1.1000  bal_acc=0.3420
  epoch   3/100  loss=1.0265  bal_acc=0.2760
  epoch   4/100  loss=0.9433  bal_acc=0.3490
  epoch   5/100  loss=0.8763  bal_acc=0.3733
  epoch   6/100  loss=0.8315  bal_acc=0.3785
  epoch   7/100  loss=0.7815  bal_acc=0.3698
  epoch   8/100  loss=0.7492  bal_acc=0.4323
  epoch   9/100  loss=0.6935  bal_acc=0.4444
  epoch  10/100  loss=0.6783  bal_acc=0.4132
  epoch  11/100  loss=0.6380  bal_acc=0.4184
  epoch  12/100  loss=0.5965  bal_acc=0.4253
  epoch  13/100  loss=0.5788  bal_acc=0.4149
  epoch  14/100  loss=0.5347  bal_acc=0.4271
  epoch  15/100  loss=0.5275  bal_acc=0.4375
  epoch  16/100  loss=0.5009  bal_acc=0.3976
  epoch  17/100  loss=0.4835  bal_acc=0.4219
  epoch  18/100  loss=0.4605  bal_acc=0.3559
  epoch  19/100  loss=0.4520  bal_acc=0.4062
  epoch  20/100  loss=0.4263  bal_acc=0.3472
  epoch  21/100  loss=0.4189  bal_acc=0.4427
  epoch  22/100  loss=0.3950  bal_acc=0.4062
  epoch  23/100  loss=0.3729  bal_acc=0.4115
  epoch  24/100  loss=0.3737  bal_acc=0.4236
  epoch  25/100  loss=0.3376  bal_acc=0.4097
  epoch  26/100  loss=0.3480  bal_acc=0.4392
  epoch  27/100  loss=0.3456  bal_acc=0.4167
  epoch  28/100  loss=0.3269  bal_acc=0.4028
  epoch  29/100  loss=0.3234  bal_acc=0.4549
  epoch  30/100  loss=0.3164  bal_acc=0.3854
  epoch  31/100  loss=0.3085  bal_acc=0.4097
  epoch  32/100  loss=0.2999  bal_acc=0.4288
  epoch  33/100  loss=0.2946  bal_acc=0.4080
  epoch  34/100  loss=0.2769  bal_acc=0.4097
  epoch  35/100  loss=0.2440  bal_acc=0.4323
  epoch  36/100  loss=0.2610  bal_acc=0.4115
  epoch  37/100  loss=0.2538  bal_acc=0.4097
  epoch  38/100  loss=0.2607  bal_acc=0.3785
  epoch  39/100  loss=0.2618  bal_acc=0.4288
  epoch  40/100  loss=0.2667  bal_acc=0.4219
  epoch  41/100  loss=0.2548  bal_acc=0.4045
  epoch  42/100  loss=0.2580  bal_acc=0.4323
  epoch  43/100  loss=0.2576  bal_acc=0.4010
  epoch  44/100  loss=0.2293  bal_acc=0.4392
  epoch  45/100  loss=0.2266  bal_acc=0.3924
  epoch  46/100  loss=0.2215  bal_acc=0.3941
  epoch  47/100  loss=0.2138  bal_acc=0.4236
  epoch  48/100  loss=0.2096  bal_acc=0.4670
  epoch  49/100  loss=0.2143  bal_acc=0.3889
  epoch  50/100  loss=0.2113  bal_acc=0.4028
  epoch  51/100  loss=0.2195  bal_acc=0.3941
  epoch  52/100  loss=0.2278  bal_acc=0.4201
  epoch  53/100  loss=0.2406  bal_acc=0.4010
  epoch  54/100  loss=0.2135  bal_acc=0.3976
  epoch  55/100  loss=0.1769  bal_acc=0.3889
  epoch  56/100  loss=0.1813  bal_acc=0.4132
  epoch  57/100  loss=0.1847  bal_acc=0.4028
  epoch  58/100  loss=0.1860  bal_acc=0.4149
  epoch  59/100  loss=0.2172  bal_acc=0.3542
  epoch  60/100  loss=0.2175  bal_acc=0.4201
  epoch  61/100  loss=0.2038  bal_acc=0.3941
  epoch  62/100  loss=0.1936  bal_acc=0.4028
  epoch  63/100  loss=0.1983  bal_acc=0.4184
  epoch  64/100  loss=0.2004  bal_acc=0.3958
  epoch  65/100  loss=0.1703  bal_acc=0.3941
  epoch  66/100  loss=0.1741  bal_acc=0.4028
  epoch  67/100  loss=0.1812  bal_acc=0.3924
  epoch  68/100  loss=0.1895  bal_acc=0.4080
  epoch  69/100  loss=0.1790  bal_acc=0.3976
  epoch  70/100  loss=0.1717  bal_acc=0.4080
  epoch  71/100  loss=0.1733  bal_acc=0.3993
  epoch  72/100  loss=0.1654  bal_acc=0.4132
  epoch  73/100  loss=0.1539  bal_acc=0.3872
  epoch  74/100  loss=0.1624  bal_acc=0.4132
  epoch  75/100  loss=0.1794  bal_acc=0.4201
  epoch  76/100  loss=0.1711  bal_acc=0.4288
  epoch  77/100  loss=0.1600  bal_acc=0.4010
  epoch  78/100  loss=0.1862  bal_acc=0.4253
  epoch  79/100  loss=0.1769  bal_acc=0.4201
  epoch  80/100  loss=0.1665  bal_acc=0.4392
  epoch  81/100  loss=0.1660  bal_acc=0.4323
  epoch  82/100  loss=0.1669  bal_acc=0.3941
  epoch  83/100  loss=0.1681  bal_acc=0.3854
  epoch  84/100  loss=0.1558  bal_acc=0.4132
  epoch  85/100  loss=0.1544  bal_acc=0.3976
  epoch  86/100  loss=0.1628  bal_acc=0.3872
  epoch  87/100  loss=0.1373  bal_acc=0.4062
  epoch  88/100  loss=0.1650  bal_acc=0.4375
  epoch  89/100  loss=0.1372  bal_acc=0.3958
  epoch  90/100  loss=0.1519  bal_acc=0.3958
  epoch  91/100  loss=0.1451  bal_acc=0.4375
  epoch  92/100  loss=0.1535  bal_acc=0.4149
  epoch  93/100  loss=0.1581  bal_acc=0.4010
  epoch  94/100  loss=0.1384  bal_acc=0.4010
  epoch  95/100  loss=0.1435  bal_acc=0.4115
  epoch  96/100  loss=0.1389  bal_acc=0.4062
  epoch  97/100  loss=0.1482  bal_acc=0.4253
  epoch  98/100  loss=0.1499  bal_acc=0.4306
  epoch  99/100  loss=0.1512  bal_acc=0.3924
  epoch 100/100  loss=0.1463  bal_acc=0.4045
  [LOSO 7/9] subject 6: acc=0.4045  running_mean=0.4005

=== LOSO (hold out subject 7) ===
  Train: 4608 trials  |  Test: 576 trials
  Model params: 28,334
  epoch   1/100  loss=1.3612  bal_acc=0.4635
  epoch   2/100  loss=1.1866  bal_acc=0.5642
  epoch   3/100  loss=1.0888  bal_acc=0.6076
  epoch   4/100  loss=1.0155  bal_acc=0.6441
  epoch   5/100  loss=0.9467  bal_acc=0.5816
  epoch   6/100  loss=0.8818  bal_acc=0.5781
  epoch   7/100  loss=0.8206  bal_acc=0.6250
  epoch   8/100  loss=0.7841  bal_acc=0.5503
  epoch   9/100  loss=0.7541  bal_acc=0.5382
  epoch  10/100  loss=0.7200  bal_acc=0.6545
  epoch  11/100  loss=0.6619  bal_acc=0.6372
  epoch  12/100  loss=0.6484  bal_acc=0.5625
  epoch  13/100  loss=0.5969  bal_acc=0.5955
  epoch  14/100  loss=0.5693  bal_acc=0.6319
  epoch  15/100  loss=0.5295  bal_acc=0.5486
  epoch  16/100  loss=0.5173  bal_acc=0.6545
  epoch  17/100  loss=0.5082  bal_acc=0.5556
  epoch  18/100  loss=0.5022  bal_acc=0.6094
  epoch  19/100  loss=0.4552  bal_acc=0.5868
  epoch  20/100  loss=0.4397  bal_acc=0.6372
  epoch  21/100  loss=0.4091  bal_acc=0.6458
  epoch  22/100  loss=0.4041  bal_acc=0.6476
  epoch  23/100  loss=0.3860  bal_acc=0.5503
  epoch  24/100  loss=0.3688  bal_acc=0.6024
  epoch  25/100  loss=0.3638  bal_acc=0.5642
  epoch  26/100  loss=0.4065  bal_acc=0.6285
  epoch  27/100  loss=0.3252  bal_acc=0.5990
  epoch  28/100  loss=0.3282  bal_acc=0.6545
  epoch  29/100  loss=0.3192  bal_acc=0.5920
  epoch  30/100  loss=0.3179  bal_acc=0.6233
  epoch  31/100  loss=0.3366  bal_acc=0.6493
  epoch  32/100  loss=0.3076  bal_acc=0.5851
  epoch  33/100  loss=0.3065  bal_acc=0.5712
  epoch  34/100  loss=0.2986  bal_acc=0.6250
  epoch  35/100  loss=0.2745  bal_acc=0.6181
  epoch  36/100  loss=0.2717  bal_acc=0.6406
  epoch  37/100  loss=0.2882  bal_acc=0.5868
  epoch  38/100  loss=0.2672  bal_acc=0.6111
  epoch  39/100  loss=0.2575  bal_acc=0.5885
  epoch  40/100  loss=0.2588  bal_acc=0.6319
  epoch  41/100  loss=0.2487  bal_acc=0.5712
  epoch  42/100  loss=0.2556  bal_acc=0.5764
  epoch  43/100  loss=0.2509  bal_acc=0.5833
  epoch  44/100  loss=0.2520  bal_acc=0.6024
  epoch  45/100  loss=0.2288  bal_acc=0.5660
  epoch  46/100  loss=0.2299  bal_acc=0.5851
  epoch  47/100  loss=0.2564  bal_acc=0.5885
  epoch  48/100  loss=0.2342  bal_acc=0.6146
  epoch  49/100  loss=0.2209  bal_acc=0.6250
  epoch  50/100  loss=0.2139  bal_acc=0.6094
  epoch  51/100  loss=0.2154  bal_acc=0.6337
  epoch  52/100  loss=0.2188  bal_acc=0.6094
  epoch  53/100  loss=0.2382  bal_acc=0.6128
  epoch  54/100  loss=0.2201  bal_acc=0.6181
  epoch  55/100  loss=0.2312  bal_acc=0.6181
  epoch  56/100  loss=0.1889  bal_acc=0.6007
  epoch  57/100  loss=0.1914  bal_acc=0.6215
  epoch  58/100  loss=0.2116  bal_acc=0.6215
  epoch  59/100  loss=0.2299  bal_acc=0.6128
  epoch  60/100  loss=0.2058  bal_acc=0.6111
  epoch  61/100  loss=0.1941  bal_acc=0.5833
  epoch  62/100  loss=0.2105  bal_acc=0.6198
  epoch  63/100  loss=0.1908  bal_acc=0.6059
  epoch  64/100  loss=0.2070  bal_acc=0.6302
  epoch  65/100  loss=0.1821  bal_acc=0.6285
  epoch  66/100  loss=0.2178  bal_acc=0.5677
  epoch  67/100  loss=0.1820  bal_acc=0.6372
  epoch  68/100  loss=0.1805  bal_acc=0.5990
  epoch  69/100  loss=0.1842  bal_acc=0.6059
  epoch  70/100  loss=0.1838  bal_acc=0.6319
  epoch  71/100  loss=0.1835  bal_acc=0.5608
  epoch  72/100  loss=0.1929  bal_acc=0.6302
  epoch  73/100  loss=0.1679  bal_acc=0.6146
  epoch  74/100  loss=0.1765  bal_acc=0.6285
  epoch  75/100  loss=0.1842  bal_acc=0.6042
  epoch  76/100  loss=0.1793  bal_acc=0.5556
  epoch  77/100  loss=0.1735  bal_acc=0.5382
  epoch  78/100  loss=0.1828  bal_acc=0.6198
  epoch  79/100  loss=0.1715  bal_acc=0.6250
  epoch  80/100  loss=0.1674  bal_acc=0.5938
  epoch  81/100  loss=0.1620  bal_acc=0.6128
  epoch  82/100  loss=0.1794  bal_acc=0.5990
  epoch  83/100  loss=0.1728  bal_acc=0.6076
  epoch  84/100  loss=0.1724  bal_acc=0.5920
  epoch  85/100  loss=0.1937  bal_acc=0.6250
  epoch  86/100  loss=0.1648  bal_acc=0.6389
  epoch  87/100  loss=0.1587  bal_acc=0.5990
  epoch  88/100  loss=0.1634  bal_acc=0.6458
  epoch  89/100  loss=0.1654  bal_acc=0.5833
  epoch  90/100  loss=0.1542  bal_acc=0.6128
  epoch  91/100  loss=0.1591  bal_acc=0.6111
  epoch  92/100  loss=0.1732  bal_acc=0.6198
  epoch  93/100  loss=0.1465  bal_acc=0.6372
  epoch  94/100  loss=0.1604  bal_acc=0.6267
  epoch  95/100  loss=0.1685  bal_acc=0.6215
  epoch  96/100  loss=0.1688  bal_acc=0.6163
  epoch  97/100  loss=0.1756  bal_acc=0.5816
  epoch  98/100  loss=0.1744  bal_acc=0.5903
  epoch  99/100  loss=0.1825  bal_acc=0.5868
  epoch 100/100  loss=0.1820  bal_acc=0.5955
  [LOSO 8/9] subject 7: acc=0.5955  running_mean=0.4249

=== LOSO (hold out subject 8) ===
  Train: 4608 trials  |  Test: 576 trials
  Model params: 28,334
  epoch   1/100  loss=1.3489  bal_acc=0.4983
  epoch   2/100  loss=1.1596  bal_acc=0.5469
  epoch   3/100  loss=1.0666  bal_acc=0.5903
  epoch   4/100  loss=0.9827  bal_acc=0.6319
  epoch   5/100  loss=0.9311  bal_acc=0.6024
  epoch   6/100  loss=0.8670  bal_acc=0.6250
  epoch   7/100  loss=0.8174  bal_acc=0.5833
  epoch   8/100  loss=0.7725  bal_acc=0.6337
  epoch   9/100  loss=0.6928  bal_acc=0.6128
  epoch  10/100  loss=0.6619  bal_acc=0.5885
  epoch  11/100  loss=0.6455  bal_acc=0.4566
  epoch  12/100  loss=0.5836  bal_acc=0.5885
  epoch  13/100  loss=0.5606  bal_acc=0.6094
  epoch  14/100  loss=0.5253  bal_acc=0.6233
  epoch  15/100  loss=0.5045  bal_acc=0.6233
  epoch  16/100  loss=0.4828  bal_acc=0.6076
  epoch  17/100  loss=0.4702  bal_acc=0.6198
  epoch  18/100  loss=0.4395  bal_acc=0.6111
  epoch  19/100  loss=0.4266  bal_acc=0.5833
  epoch  20/100  loss=0.4021  bal_acc=0.5069
  epoch  21/100  loss=0.3830  bal_acc=0.6667
  epoch  22/100  loss=0.3622  bal_acc=0.6406
  epoch  23/100  loss=0.3552  bal_acc=0.6319
  epoch  24/100  loss=0.3503  bal_acc=0.5712
  epoch  25/100  loss=0.3228  bal_acc=0.5590
  epoch  26/100  loss=0.3354  bal_acc=0.6302
  epoch  27/100  loss=0.3113  bal_acc=0.6007
  epoch  28/100  loss=0.3139  bal_acc=0.5799
  epoch  29/100  loss=0.2912  bal_acc=0.6146
  epoch  30/100  loss=0.2976  bal_acc=0.5712
  epoch  31/100  loss=0.2693  bal_acc=0.6615
  epoch  32/100  loss=0.3030  bal_acc=0.6042
  epoch  33/100  loss=0.2652  bal_acc=0.6424
  epoch  34/100  loss=0.2750  bal_acc=0.5399
  epoch  35/100  loss=0.2683  bal_acc=0.6354
  epoch  36/100  loss=0.2511  bal_acc=0.5556
  epoch  37/100  loss=0.2723  bal_acc=0.5660
  epoch  38/100  loss=0.2427  bal_acc=0.6389
  epoch  39/100  loss=0.2485  bal_acc=0.5972
  epoch  40/100  loss=0.2312  bal_acc=0.6441
  epoch  41/100  loss=0.2239  bal_acc=0.6285
  epoch  42/100  loss=0.2415  bal_acc=0.5556
  epoch  43/100  loss=0.2373  bal_acc=0.5642
  epoch  44/100  loss=0.2146  bal_acc=0.6372
  epoch  45/100  loss=0.2012  bal_acc=0.6302
  epoch  46/100  loss=0.2245  bal_acc=0.6441
  epoch  47/100  loss=0.2222  bal_acc=0.6198
  epoch  48/100  loss=0.2036  bal_acc=0.6233
  epoch  49/100  loss=0.1860  bal_acc=0.6441
  epoch  50/100  loss=0.1984  bal_acc=0.5885
  epoch  51/100  loss=0.2115  bal_acc=0.6441
  epoch  52/100  loss=0.1933  bal_acc=0.6285
  epoch  53/100  loss=0.1956  bal_acc=0.6250
  epoch  54/100  loss=0.1999  bal_acc=0.5972
  epoch  55/100  loss=0.1827  bal_acc=0.5608
  epoch  56/100  loss=0.1887  bal_acc=0.6215
  epoch  57/100  loss=0.1983  bal_acc=0.6597
  epoch  58/100  loss=0.1789  bal_acc=0.6493
  epoch  59/100  loss=0.1984  bal_acc=0.6146
  epoch  60/100  loss=0.1709  bal_acc=0.6528
  epoch  61/100  loss=0.1824  bal_acc=0.6562
  epoch  62/100  loss=0.1924  bal_acc=0.6267
  epoch  63/100  loss=0.1962  bal_acc=0.5590
  epoch  64/100  loss=0.1920  bal_acc=0.6128
  epoch  65/100  loss=0.2074  bal_acc=0.6146
  epoch  66/100  loss=0.1780  bal_acc=0.6719
  epoch  67/100  loss=0.1546  bal_acc=0.5694
  epoch  68/100  loss=0.1623  bal_acc=0.6406
  epoch  69/100  loss=0.1572  bal_acc=0.5260
  epoch  70/100  loss=0.1867  bal_acc=0.5382
  epoch  71/100  loss=0.1774  bal_acc=0.5729
  epoch  72/100  loss=0.1658  bal_acc=0.5920
  epoch  73/100  loss=0.1602  bal_acc=0.5972
  epoch  74/100  loss=0.1696  bal_acc=0.5868
  epoch  75/100  loss=0.1670  bal_acc=0.5990
  epoch  76/100  loss=0.1503  bal_acc=0.5399
  epoch  77/100  loss=0.1673  bal_acc=0.6007
  epoch  78/100  loss=0.1581  bal_acc=0.6285
  epoch  79/100  loss=0.1425  bal_acc=0.5677
  epoch  80/100  loss=0.1429  bal_acc=0.5799
  epoch  81/100  loss=0.1307  bal_acc=0.5451
  epoch  82/100  loss=0.1469  bal_acc=0.5990
  epoch  83/100  loss=0.1711  bal_acc=0.5972
  epoch  84/100  loss=0.1497  bal_acc=0.5868
  epoch  85/100  loss=0.1654  bal_acc=0.5729
  epoch  86/100  loss=0.1587  bal_acc=0.5469
  epoch  87/100  loss=0.1652  bal_acc=0.5330
  epoch  88/100  loss=0.1604  bal_acc=0.5694
  epoch  89/100  loss=0.1594  bal_acc=0.6146
  epoch  90/100  loss=0.1670  bal_acc=0.6094
  epoch  91/100  loss=0.1552  bal_acc=0.6094
  epoch  92/100  loss=0.1417  bal_acc=0.6146
  epoch  93/100  loss=0.1438  bal_acc=0.5365
  epoch  94/100  loss=0.1463  bal_acc=0.6458
  epoch  95/100  loss=0.1486  bal_acc=0.5938
  epoch  96/100  loss=0.1358  bal_acc=0.6076
  epoch  97/100  loss=0.1235  bal_acc=0.5885
  epoch  98/100  loss=0.1524  bal_acc=0.5590
  epoch  99/100  loss=0.1325  bal_acc=0.6302
  epoch 100/100  loss=0.1439  bal_acc=0.6250
  [LOSO 9/9] subject 8: acc=0.6250  running_mean=0.4471
Results saved to results/BNCI2014_001/results_trial_131.json
Trial logged to results/BNCI2014_001/trials.csv
[status] trial 131 done (state=COMPLETE, value=0.447145061728395) -- 122 completed total
Device: cuda
[BNCI2014_001] loading from cache: /home/aleksander.berezowsk/.cache/spiking_eegnet/BNCI2014_001_af1ccf3e92f684d8a93c057082b654d7.npz
[BNCI2014_001] cache hit: (5184, 1, 22, 1001), classes=['feet', 'left_hand', 'right_hand', 'tongue'], subjects=9
Dataset meta: {'n_classes': 4, 'n_channels': 22, 'n_samples': 1001, 'class_names': ['feet', 'left_hand', 'right_hand', 'tongue'], 'subject_list': [1, 2, 3, 4, 5, 6, 7, 8, 9], 'n_subjects': 9, 'sfreq': 250.0}

Applying bandpass filter: 5.160895763003298–64.14591836300399 Hz

=== LOSO (hold out subject 0) ===
  Train: 4608 trials  |  Test: 576 trials
  Model params: 10,741
  epoch   1/100  loss=1.3897  bal_acc=0.3333
  epoch   2/100  loss=1.3769  bal_acc=0.3767
  epoch   3/100  loss=1.3670  bal_acc=0.4028
  epoch   4/100  loss=1.3551  bal_acc=0.4253
  epoch   5/100  loss=1.3426  bal_acc=0.4601
  epoch   6/100  loss=1.3272  bal_acc=0.4705
  epoch   7/100  loss=1.3096  bal_acc=0.4566
  epoch   8/100  loss=1.2888  bal_acc=0.4861
  epoch   9/100  loss=1.2673  bal_acc=0.4913
  epoch  10/100  loss=1.2398  bal_acc=0.5347
  epoch  11/100  loss=1.2074  bal_acc=0.5312
  epoch  12/100  loss=1.1820  bal_acc=0.5694
  epoch  13/100  loss=1.1579  bal_acc=0.5990
  epoch  14/100  loss=1.1420  bal_acc=0.5781
  epoch  15/100  loss=1.1259  bal_acc=0.5781
  epoch  16/100  loss=1.1110  bal_acc=0.5156
  epoch  17/100  loss=1.0931  bal_acc=0.5938
  epoch  18/100  loss=1.0829  bal_acc=0.4861
  epoch  19/100  loss=1.0689  bal_acc=0.5295
  epoch  20/100  loss=1.0650  bal_acc=0.4896
  epoch  21/100  loss=1.0566  bal_acc=0.5052
  epoch  22/100  loss=1.0491  bal_acc=0.5625
  epoch  23/100  loss=1.0391  bal_acc=0.6337
  epoch  24/100  loss=1.0341  bal_acc=0.6267
  epoch  25/100  loss=1.0160  bal_acc=0.6111
  epoch  26/100  loss=1.0100  bal_acc=0.5729
  epoch  27/100  loss=1.0024  bal_acc=0.5747
  epoch  28/100  loss=0.9958  bal_acc=0.6024
  epoch  29/100  loss=0.9849  bal_acc=0.5069
  epoch  30/100  loss=0.9810  bal_acc=0.5556
  epoch  31/100  loss=0.9774  bal_acc=0.6337
  epoch  32/100  loss=0.9588  bal_acc=0.5382
  epoch  33/100  loss=0.9566  bal_acc=0.5764
  epoch  34/100  loss=0.9556  bal_acc=0.5451
  epoch  35/100  loss=0.9455  bal_acc=0.5278
  epoch  36/100  loss=0.9423  bal_acc=0.5260
  epoch  37/100  loss=0.9387  bal_acc=0.5000
  epoch  38/100  loss=0.9251  bal_acc=0.5833
  epoch  39/100  loss=0.9221  bal_acc=0.4201
  epoch  40/100  loss=0.9096  bal_acc=0.4809
  epoch  41/100  loss=0.9109  bal_acc=0.4306
  epoch  42/100  loss=0.8999  bal_acc=0.4983
  epoch  43/100  loss=0.8998  bal_acc=0.4618
  epoch  44/100  loss=0.8963  bal_acc=0.5347
  epoch  45/100  loss=0.8857  bal_acc=0.4948
  epoch  46/100  loss=0.8839  bal_acc=0.5035
  epoch  47/100  loss=0.8723  bal_acc=0.4392
  epoch  48/100  loss=0.8679  bal_acc=0.4913
  epoch  49/100  loss=0.8654  bal_acc=0.5208
  epoch  50/100  loss=0.8542  bal_acc=0.4809
  epoch  51/100  loss=0.8550  bal_acc=0.4965
  epoch  52/100  loss=0.8540  bal_acc=0.4861
  epoch  53/100  loss=0.8435  bal_acc=0.5278
  epoch  54/100  loss=0.8380  bal_acc=0.5122
  epoch  55/100  loss=0.8342  bal_acc=0.5017
  epoch  56/100  loss=0.8291  bal_acc=0.6250
  epoch  57/100  loss=0.8253  bal_acc=0.5451
  epoch  58/100  loss=0.8176  bal_acc=0.5903
  epoch  59/100  loss=0.8137  bal_acc=0.5816
  epoch  60/100  loss=0.8131  bal_acc=0.5781
  epoch  61/100  loss=0.8096  bal_acc=0.5556
  epoch  62/100  loss=0.8044  bal_acc=0.5920
  epoch  63/100  loss=0.7993  bal_acc=0.5660
  epoch  64/100  loss=0.7917  bal_acc=0.6024
  epoch  65/100  loss=0.7883  bal_acc=0.5712
  epoch  66/100  loss=0.7826  bal_acc=0.5972
  epoch  67/100  loss=0.7798  bal_acc=0.5712
  epoch  68/100  loss=0.7797  bal_acc=0.5521
  epoch  69/100  loss=0.7661  bal_acc=0.5625
  epoch  70/100  loss=0.7690  bal_acc=0.5278
  epoch  71/100  loss=0.7710  bal_acc=0.5451
  epoch  72/100  loss=0.7518  bal_acc=0.5573
  epoch  73/100  loss=0.7573  bal_acc=0.5903
  epoch  74/100  loss=0.7493  bal_acc=0.5729
  epoch  75/100  loss=0.7530  bal_acc=0.5521
  epoch  76/100  loss=0.7480  bal_acc=0.5781
  epoch  77/100  loss=0.7405  bal_acc=0.5347
  epoch  78/100  loss=0.7401  bal_acc=0.4688
  epoch  79/100  loss=0.7303  bal_acc=0.5399
  epoch  80/100  loss=0.7391  bal_acc=0.5625
  epoch  81/100  loss=0.7235  bal_acc=0.5816
  epoch  82/100  loss=0.7214  bal_acc=0.5799
  epoch  83/100  loss=0.7264  bal_acc=0.5903
  epoch  84/100  loss=0.7169  bal_acc=0.5747
  epoch  85/100  loss=0.7228  bal_acc=0.5851
  epoch  86/100  loss=0.7087  bal_acc=0.5139
  epoch  87/100  loss=0.7215  bal_acc=0.5712
  epoch  88/100  loss=0.6988  bal_acc=0.5590
  epoch  89/100  loss=0.7010  bal_acc=0.5677
  epoch  90/100  loss=0.6870  bal_acc=0.5069
  epoch  91/100  loss=0.6941  bal_acc=0.5434
  epoch  92/100  loss=0.6932  bal_acc=0.5556
  epoch  93/100  loss=0.6849  bal_acc=0.5590
  epoch  94/100  loss=0.6831  bal_acc=0.5260
  epoch  95/100  loss=0.6814  bal_acc=0.5278
  epoch  96/100  loss=0.6733  bal_acc=0.5729
  epoch  97/100  loss=0.6828  bal_acc=0.5642
  epoch  98/100  loss=0.6725  bal_acc=0.5590
  epoch  99/100  loss=0.6723  bal_acc=0.5608
  epoch 100/100  loss=0.6662  bal_acc=0.5469
  [LOSO 1/9] subject 0: acc=0.5469  running_mean=0.5469

=== LOSO (hold out subject 1) ===
  Train: 4608 trials  |  Test: 576 trials
  Model params: 10,741
  epoch   1/100  loss=1.3865  bal_acc=0.2274
  epoch   2/100  loss=1.3706  bal_acc=0.2396
  epoch   3/100  loss=1.3508  bal_acc=0.2552
  epoch   4/100  loss=1.3273  bal_acc=0.2465
  epoch   5/100  loss=1.2982  bal_acc=0.2656
  epoch   6/100  loss=1.2686  bal_acc=0.2639
  epoch   7/100  loss=1.2408  bal_acc=0.2604
  epoch   8/100  loss=1.2080  bal_acc=0.2778
  epoch   9/100  loss=1.1764  bal_acc=0.2674
  epoch  10/100  loss=1.1467  bal_acc=0.2622
  epoch  11/100  loss=1.1093  bal_acc=0.2795
  epoch  12/100  loss=1.0831  bal_acc=0.2708
  epoch  13/100  loss=1.0655  bal_acc=0.2708
  epoch  14/100  loss=1.0460  bal_acc=0.2812
  epoch  15/100  loss=1.0279  bal_acc=0.3003
  epoch  16/100  loss=1.0132  bal_acc=0.2674
  epoch  17/100  loss=0.9967  bal_acc=0.3125
  epoch  18/100  loss=0.9859  bal_acc=0.2795
  epoch  19/100  loss=0.9724  bal_acc=0.2743
  epoch  20/100  loss=0.9609  bal_acc=0.2604
  epoch  21/100  loss=0.9522  bal_acc=0.2865
  epoch  22/100  loss=0.9425  bal_acc=0.3108
  epoch  23/100  loss=0.9335  bal_acc=0.3108
  epoch  24/100  loss=0.9184  bal_acc=0.2674
  epoch  25/100  loss=0.9192  bal_acc=0.2865
  epoch  26/100  loss=0.8985  bal_acc=0.2691
  epoch  27/100  loss=0.8933  bal_acc=0.2535
  epoch  28/100  loss=0.8791  bal_acc=0.3056
  epoch  29/100  loss=0.8760  bal_acc=0.2726
  epoch  30/100  loss=0.8706  bal_acc=0.2882
  epoch  31/100  loss=0.8590  bal_acc=0.2830
  epoch  32/100  loss=0.8484  bal_acc=0.3003
  epoch  33/100  loss=0.8407  bal_acc=0.3264
  epoch  34/100  loss=0.8318  bal_acc=0.2986
  epoch  35/100  loss=0.8298  bal_acc=0.3073
  epoch  36/100  loss=0.8230  bal_acc=0.2691
  epoch  37/100  loss=0.8171  bal_acc=0.2847
  epoch  38/100  loss=0.8096  bal_acc=0.2691
  epoch  39/100  loss=0.8006  bal_acc=0.2726
  epoch  40/100  loss=0.7979  bal_acc=0.2691
  epoch  41/100  loss=0.7874  bal_acc=0.2986
  epoch  42/100  loss=0.7858  bal_acc=0.2726
  epoch  43/100  loss=0.7717  bal_acc=0.2691
  epoch  44/100  loss=0.7729  bal_acc=0.2604
  epoch  45/100  loss=0.7656  bal_acc=0.2743
  epoch  46/100  loss=0.7541  bal_acc=0.2899
  epoch  47/100  loss=0.7540  bal_acc=0.2899
  epoch  48/100  loss=0.7504  bal_acc=0.2812
  epoch  49/100  loss=0.7415  bal_acc=0.2830
  epoch  50/100  loss=0.7374  bal_acc=0.2587
  epoch  51/100  loss=0.7367  bal_acc=0.2795
  epoch  52/100  loss=0.7290  bal_acc=0.2795
  epoch  53/100  loss=0.7316  bal_acc=0.2951
  epoch  54/100  loss=0.7155  bal_acc=0.2552
  epoch  55/100  loss=0.7136  bal_acc=0.2413
  epoch  56/100  loss=0.7081  bal_acc=0.2743
  epoch  57/100  loss=0.7009  bal_acc=0.2760
  epoch  58/100  loss=0.6989  bal_acc=0.2934
  epoch  59/100  loss=0.6953  bal_acc=0.2812
  epoch  60/100  loss=0.7006  bal_acc=0.2674
  epoch  61/100  loss=0.6887  bal_acc=0.2847
  epoch  62/100  loss=0.6842  bal_acc=0.2760
  epoch  63/100  loss=0.6853  bal_acc=0.2517
  epoch  64/100  loss=0.6823  bal_acc=0.2604
  epoch  65/100  loss=0.6757  bal_acc=0.2882
  epoch  66/100  loss=0.6745  bal_acc=0.2396
  epoch  67/100  loss=0.6770  bal_acc=0.2726
  epoch  68/100  loss=0.6558  bal_acc=0.2413
  epoch  69/100  loss=0.6505  bal_acc=0.2500
  epoch  70/100  loss=0.6587  bal_acc=0.2847
  epoch  71/100  loss=0.6535  bal_acc=0.3160
  epoch  72/100  loss=0.6380  bal_acc=0.2865
  epoch  73/100  loss=0.6445  bal_acc=0.3003
  epoch  74/100  loss=0.6459  bal_acc=0.2778
  epoch  75/100  loss=0.6405  bal_acc=0.2795
  epoch  76/100  loss=0.6386  bal_acc=0.2847
  epoch  77/100  loss=0.6291  bal_acc=0.2812
  epoch  78/100  loss=0.6232  bal_acc=0.2917
  epoch  79/100  loss=0.6205  bal_acc=0.2569
  epoch  80/100  loss=0.6251  bal_acc=0.2812
  epoch  81/100  loss=0.6232  bal_acc=0.3108
  epoch  82/100  loss=0.6159  bal_acc=0.2934
  epoch  83/100  loss=0.6196  bal_acc=0.3056
  epoch  84/100  loss=0.6123  bal_acc=0.3125
  epoch  85/100  loss=0.6146  bal_acc=0.2865
  epoch  86/100  loss=0.6012  bal_acc=0.2778
  epoch  87/100  loss=0.6047  bal_acc=0.2708
  epoch  88/100  loss=0.6053  bal_acc=0.2760
  epoch  89/100  loss=0.5886  bal_acc=0.2760
  epoch  90/100  loss=0.5945  bal_acc=0.3177
  epoch  91/100  loss=0.5810  bal_acc=0.2951
  epoch  92/100  loss=0.5868  bal_acc=0.3003
  epoch  93/100  loss=0.5792  bal_acc=0.3229
  epoch  94/100  loss=0.5844  bal_acc=0.2969
  epoch  95/100  loss=0.5828  bal_acc=0.2708
  epoch  96/100  loss=0.5729  bal_acc=0.3056
  epoch  97/100  loss=0.5726  bal_acc=0.2691
  epoch  98/100  loss=0.5797  bal_acc=0.2760
  epoch  99/100  loss=0.5684  bal_acc=0.2882
  epoch 100/100  loss=0.5669  bal_acc=0.2830
  [LOSO 2/9] subject 1: acc=0.2830  running_mean=0.4149

=== LOSO (hold out subject 2) ===
  Train: 4608 trials  |  Test: 576 trials
  Model params: 10,741
  epoch   1/100  loss=1.3876  bal_acc=0.3073
  epoch   2/100  loss=1.3764  bal_acc=0.3333
  epoch   3/100  loss=1.3682  bal_acc=0.3368
  epoch   4/100  loss=1.3538  bal_acc=0.4028
  epoch   5/100  loss=1.3366  bal_acc=0.4115
  epoch   6/100  loss=1.3163  bal_acc=0.3837
  epoch   7/100  loss=1.2946  bal_acc=0.4184
  epoch   8/100  loss=1.2725  bal_acc=0.4115
  epoch   9/100  loss=1.2510  bal_acc=0.4566
  epoch  10/100  loss=1.2283  bal_acc=0.4462
  epoch  11/100  loss=1.2076  bal_acc=0.4983
  epoch  12/100  loss=1.1854  bal_acc=0.5816
  epoch  13/100  loss=1.1679  bal_acc=0.5052
  epoch  14/100  loss=1.1476  bal_acc=0.4774
  epoch  15/100  loss=1.1255  bal_acc=0.4878
  epoch  16/100  loss=1.1104  bal_acc=0.4531
  epoch  17/100  loss=1.1036  bal_acc=0.4983
  epoch  18/100  loss=1.0892  bal_acc=0.4826
  epoch  19/100  loss=1.0769  bal_acc=0.5087
  epoch  20/100  loss=1.0674  bal_acc=0.4444
  epoch  21/100  loss=1.0541  bal_acc=0.4514
  epoch  22/100  loss=1.0428  bal_acc=0.4740
  epoch  23/100  loss=1.0334  bal_acc=0.4688
  epoch  24/100  loss=1.0206  bal_acc=0.4497
  epoch  25/100  loss=1.0139  bal_acc=0.4705
  epoch  26/100  loss=0.9998  bal_acc=0.4740
  epoch  27/100  loss=0.9941  bal_acc=0.4861
  epoch  28/100  loss=0.9868  bal_acc=0.4462
  epoch  29/100  loss=0.9757  bal_acc=0.4826
  epoch  30/100  loss=0.9714  bal_acc=0.4601
  epoch  31/100  loss=0.9617  bal_acc=0.4462
  epoch  32/100  loss=0.9538  bal_acc=0.4410
  epoch  33/100  loss=0.9444  bal_acc=0.4670
  epoch  34/100  loss=0.9384  bal_acc=0.4757
  epoch  35/100  loss=0.9344  bal_acc=0.4670
  epoch  36/100  loss=0.9245  bal_acc=0.4601
  epoch  37/100  loss=0.9118  bal_acc=0.4948
  epoch  38/100  loss=0.9065  bal_acc=0.4653
  epoch  39/100  loss=0.9062  bal_acc=0.4826
  epoch  40/100  loss=0.8924  bal_acc=0.4618
  epoch  41/100  loss=0.8948  bal_acc=0.4774
  epoch  42/100  loss=0.8856  bal_acc=0.4740
  epoch  43/100  loss=0.8754  bal_acc=0.4497
  epoch  44/100  loss=0.8730  bal_acc=0.4444
  epoch  45/100  loss=0.8677  bal_acc=0.4201
  epoch  46/100  loss=0.8680  bal_acc=0.4479
  epoch  47/100  loss=0.8606  bal_acc=0.4253
  epoch  48/100  loss=0.8411  bal_acc=0.4531
  epoch  49/100  loss=0.8389  bal_acc=0.5017
  epoch  50/100  loss=0.8397  bal_acc=0.5017
  epoch  51/100  loss=0.8304  bal_acc=0.4497
  epoch  52/100  loss=0.8304  bal_acc=0.4792
  epoch  53/100  loss=0.8244  bal_acc=0.4878
  epoch  54/100  loss=0.8276  bal_acc=0.4931
  epoch  55/100  loss=0.8206  bal_acc=0.4427
  epoch  56/100  loss=0.8124  bal_acc=0.4809
  epoch  57/100  loss=0.8116  bal_acc=0.4896
  epoch  58/100  loss=0.8079  bal_acc=0.4792
  epoch  59/100  loss=0.7974  bal_acc=0.4670
  epoch  60/100  loss=0.7948  bal_acc=0.4931
  epoch  61/100  loss=0.7911  bal_acc=0.5434
  epoch  62/100  loss=0.7916  bal_acc=0.5208
  epoch  63/100  loss=0.7794  bal_acc=0.5330
  epoch  64/100  loss=0.7807  bal_acc=0.5347
  epoch  65/100  loss=0.7876  bal_acc=0.5312
  epoch  66/100  loss=0.7682  bal_acc=0.4878
  epoch  67/100  loss=0.7666  bal_acc=0.5503
  epoch  68/100  loss=0.7643  bal_acc=0.5122
  epoch  69/100  loss=0.7621  bal_acc=0.5365
  epoch  70/100  loss=0.7676  bal_acc=0.5434
  epoch  71/100  loss=0.7515  bal_acc=0.4670
  epoch  72/100  loss=0.7553  bal_acc=0.4688
  epoch  73/100  loss=0.7409  bal_acc=0.4948
  epoch  74/100  loss=0.7459  bal_acc=0.4913
  epoch  75/100  loss=0.7461  bal_acc=0.5191
  epoch  76/100  loss=0.7509  bal_acc=0.5556
  epoch  77/100  loss=0.7397  bal_acc=0.5799
  epoch  78/100  loss=0.7272  bal_acc=0.5799
  epoch  79/100  loss=0.7302  bal_acc=0.5330
  epoch  80/100  loss=0.7193  bal_acc=0.6059
  epoch  81/100  loss=0.7273  bal_acc=0.5660
  epoch  82/100  loss=0.7255  bal_acc=0.5972
  epoch  83/100  loss=0.7192  bal_acc=0.6111
  epoch  84/100  loss=0.7066  bal_acc=0.6007
  epoch  85/100  loss=0.7149  bal_acc=0.5625
  epoch  86/100  loss=0.7128  bal_acc=0.5503
  epoch  87/100  loss=0.7115  bal_acc=0.6024
  epoch  88/100  loss=0.7025  bal_acc=0.5903
  epoch  89/100  loss=0.6933  bal_acc=0.6215
  epoch  90/100  loss=0.7019  bal_acc=0.5608
  epoch  91/100  loss=0.7021  bal_acc=0.5538
  epoch  92/100  loss=0.7043  bal_acc=0.6024
  epoch  93/100  loss=0.6955  bal_acc=0.5972
  epoch  94/100  loss=0.6962  bal_acc=0.5642
  epoch  95/100  loss=0.6861  bal_acc=0.5556
  epoch  96/100  loss=0.6860  bal_acc=0.5486
  epoch  97/100  loss=0.6879  bal_acc=0.5573
  epoch  98/100  loss=0.6808  bal_acc=0.5938
  epoch  99/100  loss=0.6869  bal_acc=0.5365
  epoch 100/100  loss=0.6750  bal_acc=0.5747
  [LOSO 3/9] subject 2: acc=0.5747  running_mean=0.4682

=== LOSO (hold out subject 3) ===
  Train: 4608 trials  |  Test: 576 trials
  Model params: 10,741
  epoch   1/100  loss=1.3841  bal_acc=0.2882
  epoch   2/100  loss=1.3734  bal_acc=0.2934
  epoch   3/100  loss=1.3649  bal_acc=0.2674
  epoch   4/100  loss=1.3552  bal_acc=0.3003
  epoch   5/100  loss=1.3394  bal_acc=0.3073
  epoch   6/100  loss=1.3215  bal_acc=0.3281
  epoch   7/100  loss=1.2980  bal_acc=0.3229
  epoch   8/100  loss=1.2739  bal_acc=0.3299
  epoch   9/100  loss=1.2553  bal_acc=0.3385
  epoch  10/100  loss=1.2295  bal_acc=0.3316
  epoch  11/100  loss=1.2047  bal_acc=0.3438
  epoch  12/100  loss=1.1796  bal_acc=0.3646
  epoch  13/100  loss=1.1539  bal_acc=0.3611
  epoch  14/100  loss=1.1306  bal_acc=0.3299
  epoch  15/100  loss=1.1080  bal_acc=0.3125
  epoch  16/100  loss=1.0816  bal_acc=0.3455
  epoch  17/100  loss=1.0672  bal_acc=0.3212
  epoch  18/100  loss=1.0497  bal_acc=0.3264
  epoch  19/100  loss=1.0346  bal_acc=0.3785
  epoch  20/100  loss=1.0176  bal_acc=0.3594
  epoch  21/100  loss=1.0043  bal_acc=0.3559
  epoch  22/100  loss=1.0024  bal_acc=0.3576
  epoch  23/100  loss=0.9845  bal_acc=0.3090
  epoch  24/100  loss=0.9740  bal_acc=0.3455
  epoch  25/100  loss=0.9687  bal_acc=0.3594
  epoch  26/100  loss=0.9561  bal_acc=0.3038
  epoch  27/100  loss=0.9507  bal_acc=0.3559
  epoch  28/100  loss=0.9425  bal_acc=0.3385
  epoch  29/100  loss=0.9315  bal_acc=0.2743
  epoch  30/100  loss=0.9257  bal_acc=0.3125
  epoch  31/100  loss=0.9132  bal_acc=0.3299
  epoch  32/100  loss=0.9053  bal_acc=0.3611
  epoch  33/100  loss=0.9053  bal_acc=0.3542
  epoch  34/100  loss=0.8896  bal_acc=0.2865
  epoch  35/100  loss=0.8882  bal_acc=0.3559
  epoch  36/100  loss=0.8819  bal_acc=0.3542
  epoch  37/100  loss=0.8732  bal_acc=0.3507
  epoch  38/100  loss=0.8647  bal_acc=0.3576
  epoch  39/100  loss=0.8626  bal_acc=0.3733
  epoch  40/100  loss=0.8529  bal_acc=0.3507
  epoch  41/100  loss=0.8508  bal_acc=0.3611
  epoch  42/100  loss=0.8414  bal_acc=0.3594
  epoch  43/100  loss=0.8346  bal_acc=0.3507
  epoch  44/100  loss=0.8269  bal_acc=0.3524
  epoch  45/100  loss=0.8172  bal_acc=0.3472
  epoch  46/100  loss=0.8146  bal_acc=0.3194
  epoch  47/100  loss=0.8089  bal_acc=0.3368
  epoch  48/100  loss=0.8127  bal_acc=0.3542
  epoch  49/100  loss=0.8038  bal_acc=0.3542
  epoch  50/100  loss=0.7943  bal_acc=0.3420
  epoch  51/100  loss=0.7879  bal_acc=0.3403
  epoch  52/100  loss=0.7914  bal_acc=0.3194
  epoch  53/100  loss=0.7838  bal_acc=0.3264
  epoch  54/100  loss=0.7694  bal_acc=0.3438
  epoch  55/100  loss=0.7658  bal_acc=0.3281
  epoch  56/100  loss=0.7614  bal_acc=0.3316
  epoch  57/100  loss=0.7658  bal_acc=0.3646
  epoch  58/100  loss=0.7544  bal_acc=0.3299
  epoch  59/100  loss=0.7521  bal_acc=0.3351
  epoch  60/100  loss=0.7479  bal_acc=0.3472
  epoch  61/100  loss=0.7481  bal_acc=0.3316
  epoch  62/100  loss=0.7445  bal_acc=0.3281
  epoch  63/100  loss=0.7405  bal_acc=0.3472
  epoch  64/100  loss=0.7408  bal_acc=0.3524
  epoch  65/100  loss=0.7287  bal_acc=0.3524
  epoch  66/100  loss=0.7289  bal_acc=0.3316
  epoch  67/100  loss=0.7324  bal_acc=0.3403
  epoch  68/100  loss=0.7180  bal_acc=0.3594
  epoch  69/100  loss=0.7157  bal_acc=0.3611
  epoch  70/100  loss=0.7093  bal_acc=0.3715
  epoch  71/100  loss=0.7146  bal_acc=0.3490
  epoch  72/100  loss=0.7038  bal_acc=0.3524
  epoch  73/100  loss=0.6947  bal_acc=0.3524
  epoch  74/100  loss=0.6975  bal_acc=0.3403
  epoch  75/100  loss=0.6909  bal_acc=0.3507
  epoch  76/100  loss=0.6927  bal_acc=0.3576
  epoch  77/100  loss=0.6862  bal_acc=0.3524
  epoch  78/100  loss=0.6814  bal_acc=0.3368
  epoch  79/100  loss=0.6716  bal_acc=0.3333
  epoch  80/100  loss=0.6793  bal_acc=0.3420
  epoch  81/100  loss=0.6694  bal_acc=0.3524
  epoch  82/100  loss=0.6767  bal_acc=0.3576
  epoch  83/100  loss=0.6717  bal_acc=0.3524
  epoch  84/100  loss=0.6612  bal_acc=0.3507
  epoch  85/100  loss=0.6566  bal_acc=0.3490
  epoch  86/100  loss=0.6556  bal_acc=0.3542
  epoch  87/100  loss=0.6595  bal_acc=0.3490
  epoch  88/100  loss=0.6568  bal_acc=0.3455
  epoch  89/100  loss=0.6559  bal_acc=0.3368
  epoch  90/100  loss=0.6339  bal_acc=0.3247
  epoch  91/100  loss=0.6528  bal_acc=0.3594
  epoch  92/100  loss=0.6429  bal_acc=0.3663
  epoch  93/100  loss=0.6411  bal_acc=0.3576
  epoch  94/100  loss=0.6309  bal_acc=0.3594
  epoch  95/100  loss=0.6341  bal_acc=0.3142
  epoch  96/100  loss=0.6262  bal_acc=0.3507
  epoch  97/100  loss=0.6335  bal_acc=0.3438
  epoch  98/100  loss=0.6172  bal_acc=0.3403
  epoch  99/100  loss=0.6279  bal_acc=0.3125
  epoch 100/100  loss=0.6215  bal_acc=0.3455
  [LOSO 4/9] subject 3: acc=0.3455  running_mean=0.4375

=== LOSO (hold out subject 4) ===
  Train: 4608 trials  |  Test: 576 trials
  Model params: 10,741
  epoch   1/100  loss=1.3882  bal_acc=0.2274
  epoch   2/100  loss=1.3790  bal_acc=0.2569
  epoch   3/100  loss=1.3679  bal_acc=0.2535
  epoch   4/100  loss=1.3526  bal_acc=0.2517
  epoch   5/100  loss=1.3312  bal_acc=0.2517
  epoch   6/100  loss=1.3039  bal_acc=0.2656
  epoch   7/100  loss=1.2772  bal_acc=0.2396
  epoch   8/100  loss=1.2451  bal_acc=0.2448
  epoch   9/100  loss=1.2039  bal_acc=0.2552
  epoch  10/100  loss=1.1613  bal_acc=0.2535
  epoch  11/100  loss=1.1239  bal_acc=0.2535
  epoch  12/100  loss=1.0875  bal_acc=0.2517
  epoch  13/100  loss=1.0639  bal_acc=0.2569
  epoch  14/100  loss=1.0460  bal_acc=0.2500
  epoch  15/100  loss=1.0301  bal_acc=0.2500
  epoch  16/100  loss=1.0144  bal_acc=0.2517
  epoch  17/100  loss=1.0024  bal_acc=0.2587
  epoch  18/100  loss=0.9899  bal_acc=0.2500
  epoch  19/100  loss=0.9791  bal_acc=0.2500
  epoch  20/100  loss=0.9686  bal_acc=0.2500
  epoch  21/100  loss=0.9528  bal_acc=0.2500
  epoch  22/100  loss=0.9470  bal_acc=0.2517
  epoch  23/100  loss=0.9352  bal_acc=0.2517
  epoch  24/100  loss=0.9278  bal_acc=0.2500
  epoch  25/100  loss=0.9150  bal_acc=0.2517
  epoch  26/100  loss=0.9105  bal_acc=0.2500
  epoch  27/100  loss=0.8985  bal_acc=0.2500
  epoch  28/100  loss=0.8779  bal_acc=0.2500
  epoch  29/100  loss=0.8764  bal_acc=0.2517
  epoch  30/100  loss=0.8743  bal_acc=0.2500
  epoch  31/100  loss=0.8699  bal_acc=0.2483
  epoch  32/100  loss=0.8597  bal_acc=0.2431
  epoch  33/100  loss=0.8516  bal_acc=0.2378
  epoch  34/100  loss=0.8453  bal_acc=0.2396
  epoch  35/100  loss=0.8400  bal_acc=0.2691
  epoch  36/100  loss=0.8246  bal_acc=0.2413
  epoch  37/100  loss=0.8196  bal_acc=0.2535
  epoch  38/100  loss=0.8073  bal_acc=0.2378
  epoch  39/100  loss=0.8018  bal_acc=0.2639
  epoch  40/100  loss=0.7963  bal_acc=0.2535
  epoch  41/100  loss=0.7949  bal_acc=0.2500
  epoch  42/100  loss=0.7877  bal_acc=0.2517
  epoch  43/100  loss=0.7757  bal_acc=0.2604
  epoch  44/100  loss=0.7777  bal_acc=0.2552
  epoch  45/100  loss=0.7719  bal_acc=0.2517
  epoch  46/100  loss=0.7646  bal_acc=0.2569
  epoch  47/100  loss=0.7651  bal_acc=0.2604
  epoch  48/100  loss=0.7653  bal_acc=0.2604
  epoch  49/100  loss=0.7530  bal_acc=0.2500
  epoch  50/100  loss=0.7424  bal_acc=0.2743
  epoch  51/100  loss=0.7376  bal_acc=0.2604
  epoch  52/100  loss=0.7325  bal_acc=0.2587
  epoch  53/100  loss=0.7315  bal_acc=0.2639
  epoch  54/100  loss=0.7211  bal_acc=0.2656
  epoch  55/100  loss=0.7278  bal_acc=0.2552
  epoch  56/100  loss=0.7190  bal_acc=0.2865
  epoch  57/100  loss=0.7090  bal_acc=0.2378
  epoch  58/100  loss=0.7118  bal_acc=0.2431
  epoch  59/100  loss=0.7167  bal_acc=0.2535
  epoch  60/100  loss=0.7051  bal_acc=0.2500
  epoch  61/100  loss=0.7047  bal_acc=0.2535
  epoch  62/100  loss=0.7075  bal_acc=0.2743
  epoch  63/100  loss=0.6941  bal_acc=0.2413
  epoch  64/100  loss=0.6912  bal_acc=0.2413
  epoch  65/100  loss=0.6833  bal_acc=0.2656
  epoch  66/100  loss=0.6695  bal_acc=0.2830
  epoch  67/100  loss=0.6761  bal_acc=0.2830
  epoch  68/100  loss=0.6595  bal_acc=0.2812
  epoch  69/100  loss=0.6668  bal_acc=0.2795
  epoch  70/100  loss=0.6624  bal_acc=0.2760
  epoch  71/100  loss=0.6631  bal_acc=0.2622
  epoch  72/100  loss=0.6523  bal_acc=0.2812
  epoch  73/100  loss=0.6581  bal_acc=0.2917
  epoch  74/100  loss=0.6474  bal_acc=0.2778
  epoch  75/100  loss=0.6511  bal_acc=0.2726
  epoch  76/100  loss=0.6465  bal_acc=0.2795
  epoch  77/100  loss=0.6441  bal_acc=0.2708
  epoch  78/100  loss=0.6426  bal_acc=0.2812
  epoch  79/100  loss=0.6345  bal_acc=0.2656
  epoch  80/100  loss=0.6253  bal_acc=0.2604
  epoch  81/100  loss=0.6339  bal_acc=0.2778
  epoch  82/100  loss=0.6303  bal_acc=0.2847
  epoch  83/100  loss=0.6288  bal_acc=0.2569
  epoch  84/100  loss=0.6069  bal_acc=0.2951
  epoch  85/100  loss=0.6223  bal_acc=0.2795
  epoch  86/100  loss=0.6060  bal_acc=0.2622
  epoch  87/100  loss=0.6074  bal_acc=0.2760
  epoch  88/100  loss=0.5991  bal_acc=0.2847
  epoch  89/100  loss=0.5963  bal_acc=0.2760
  epoch  90/100  loss=0.6088  bal_acc=0.2622
  epoch  91/100  loss=0.5987  bal_acc=0.2760
  epoch  92/100  loss=0.6001  bal_acc=0.2795
  epoch  93/100  loss=0.5947  bal_acc=0.2604
  epoch  94/100  loss=0.5957  bal_acc=0.2760
  epoch  95/100  loss=0.5869  bal_acc=0.2691
  epoch  96/100  loss=0.5814  bal_acc=0.2865
  epoch  97/100  loss=0.5764  bal_acc=0.2986
  epoch  98/100  loss=0.5812  bal_acc=0.2674
  epoch  99/100  loss=0.5764  bal_acc=0.2656
  epoch 100/100  loss=0.5677  bal_acc=0.2622
  [LOSO 5/9] subject 4: acc=0.2622  running_mean=0.4024

=== LOSO (hold out subject 5) ===
  Train: 4608 trials  |  Test: 576 trials
  Model params: 10,741
  epoch   1/100  loss=1.3875  bal_acc=0.2535
