Job ID   : 43808345
Node     : fg2
Started  : Sun Jun 14 22:07:35 MDT 2026
Directory: /home/aleksander.berezowsk/spiking-eegnet
Requirement already satisfied: setuptools==69.5.1 in /home/aleksander.berezowsk/venv/lib/python3.12/site-packages (69.5.1)
Requirement already satisfied: torch==2.4.0 in /home/aleksander.berezowsk/venv/lib/python3.12/site-packages (2.4.0)
Requirement already satisfied: torchvision==0.19.0 in /home/aleksander.berezowsk/venv/lib/python3.12/site-packages (0.19.0)
Requirement already satisfied: torchaudio==2.4.0 in /home/aleksander.berezowsk/venv/lib/python3.12/site-packages (2.4.0)
Requirement already satisfied: torchmetrics in /home/aleksander.berezowsk/venv/lib/python3.12/site-packages (1.9.0)
Requirement already satisfied: filelock in /home/aleksander.berezowsk/venv/lib/python3.12/site-packages (from torch==2.4.0) (3.29.0)
Requirement already satisfied: typing-extensions>=4.8.0 in /home/aleksander.berezowsk/venv/lib/python3.12/site-packages (from torch==2.4.0) (4.15.0)
Requirement already satisfied: sympy in /home/aleksander.berezowsk/venv/lib/python3.12/site-packages (from torch==2.4.0) (1.14.0)
Requirement already satisfied: networkx in /home/aleksander.berezowsk/venv/lib/python3.12/site-packages (from torch==2.4.0) (3.6.1)
Requirement already satisfied: jinja2 in /home/aleksander.berezowsk/venv/lib/python3.12/site-packages (from torch==2.4.0) (3.1.6)
Requirement already satisfied: fsspec in /home/aleksander.berezowsk/venv/lib/python3.12/site-packages (from torch==2.4.0) (2026.4.0)
Requirement already satisfied: setuptools in /home/aleksander.berezowsk/venv/lib/python3.12/site-packages (from torch==2.4.0) (69.5.1)
Requirement already satisfied: nvidia-cuda-nvrtc-cu12==12.1.105 in /home/aleksander.berezowsk/venv/lib/python3.12/site-packages (from torch==2.4.0) (12.1.105)
Requirement already satisfied: nvidia-cuda-runtime-cu12==12.1.105 in /home/aleksander.berezowsk/venv/lib/python3.12/site-packages (from torch==2.4.0) (12.1.105)
Requirement already satisfied: nvidia-cuda-cupti-cu12==12.1.105 in /home/aleksander.berezowsk/venv/lib/python3.12/site-packages (from torch==2.4.0) (12.1.105)
Requirement already satisfied: nvidia-cudnn-cu12==9.1.0.70 in /home/aleksander.berezowsk/venv/lib/python3.12/site-packages (from torch==2.4.0) (9.1.0.70)
Requirement already satisfied: nvidia-cublas-cu12==12.1.3.1 in /home/aleksander.berezowsk/venv/lib/python3.12/site-packages (from torch==2.4.0) (12.1.3.1)
Requirement already satisfied: nvidia-cufft-cu12==11.0.2.54 in /home/aleksander.berezowsk/venv/lib/python3.12/site-packages (from torch==2.4.0) (11.0.2.54)
Requirement already satisfied: nvidia-curand-cu12==10.3.2.106 in /home/aleksander.berezowsk/venv/lib/python3.12/site-packages (from torch==2.4.0) (10.3.2.106)
Requirement already satisfied: nvidia-cusolver-cu12==11.4.5.107 in /home/aleksander.berezowsk/venv/lib/python3.12/site-packages (from torch==2.4.0) (11.4.5.107)
Requirement already satisfied: nvidia-cusparse-cu12==12.1.0.106 in /home/aleksander.berezowsk/venv/lib/python3.12/site-packages (from torch==2.4.0) (12.1.0.106)
Requirement already satisfied: nvidia-nccl-cu12==2.20.5 in /home/aleksander.berezowsk/venv/lib/python3.12/site-packages (from torch==2.4.0) (2.20.5)
Requirement already satisfied: nvidia-nvtx-cu12==12.1.105 in /home/aleksander.berezowsk/venv/lib/python3.12/site-packages (from torch==2.4.0) (12.1.105)
Requirement already satisfied: triton==3.0.0 in /home/aleksander.berezowsk/venv/lib/python3.12/site-packages (from torch==2.4.0) (3.0.0)
Requirement already satisfied: numpy in /home/aleksander.berezowsk/venv/lib/python3.12/site-packages (from torchvision==0.19.0) (2.4.6)
Requirement already satisfied: pillow!=8.3.*,>=5.3.0 in /home/aleksander.berezowsk/venv/lib/python3.12/site-packages (from torchvision==0.19.0) (12.2.0)
Requirement already satisfied: nvidia-nvjitlink-cu12 in /home/aleksander.berezowsk/venv/lib/python3.12/site-packages (from nvidia-cusolver-cu12==11.4.5.107->torch==2.4.0) (12.9.86)
Requirement already satisfied: packaging>17.1 in /home/aleksander.berezowsk/venv/lib/python3.12/site-packages (from torchmetrics) (26.2)
Requirement already satisfied: lightning-utilities>=0.15.3 in /home/aleksander.berezowsk/venv/lib/python3.12/site-packages (from torchmetrics) (0.15.3)
Requirement already satisfied: MarkupSafe>=2.0 in /home/aleksander.berezowsk/venv/lib/python3.12/site-packages (from jinja2->torch==2.4.0) (3.0.3)
Requirement already satisfied: mpmath<1.4,>=1.1.0 in /home/aleksander.berezowsk/venv/lib/python3.12/site-packages (from sympy->torch==2.4.0) (1.3.0)
Requirement already satisfied: optuna in /home/aleksander.berezowsk/venv/lib/python3.12/site-packages (4.9.0)
Requirement already satisfied: snntorch in /home/aleksander.berezowsk/venv/lib/python3.12/site-packages (0.9.4)
Requirement already satisfied: alembic>=1.5.0 in /home/aleksander.berezowsk/venv/lib/python3.12/site-packages (from optuna) (1.18.4)
Requirement already satisfied: colorlog in /home/aleksander.berezowsk/venv/lib/python3.12/site-packages (from optuna) (6.10.1)
Requirement already satisfied: numpy in /home/aleksander.berezowsk/venv/lib/python3.12/site-packages (from optuna) (2.4.6)
Requirement already satisfied: packaging>=20.0 in /home/aleksander.berezowsk/venv/lib/python3.12/site-packages (from optuna) (26.2)
Requirement already satisfied: sqlalchemy>=1.4.2 in /home/aleksander.berezowsk/venv/lib/python3.12/site-packages (from optuna) (2.0.50)
Requirement already satisfied: tqdm in /home/aleksander.berezowsk/venv/lib/python3.12/site-packages (from optuna) (4.67.3)
Requirement already satisfied: PyYAML in /home/aleksander.berezowsk/venv/lib/python3.12/site-packages (from optuna) (6.0.3)
Requirement already satisfied: Mako in /home/aleksander.berezowsk/venv/lib/python3.12/site-packages (from alembic>=1.5.0->optuna) (1.3.12)
Requirement already satisfied: typing-extensions>=4.12 in /home/aleksander.berezowsk/venv/lib/python3.12/site-packages (from alembic>=1.5.0->optuna) (4.15.0)
Requirement already satisfied: greenlet>=1 in /home/aleksander.berezowsk/venv/lib/python3.12/site-packages (from sqlalchemy>=1.4.2->optuna) (3.5.1)
Requirement already satisfied: MarkupSafe>=0.9.2 in /home/aleksander.berezowsk/venv/lib/python3.12/site-packages (from Mako->alembic>=1.5.0->optuna) (3.0.3)
Device: cuda
[BNCI2014_001] loading from cache: /home/aleksander.berezowsk/.cache/spiking_eegnet/BNCI2014_001_af1ccf3e92f684d8a93c057082b654d7.npz
[BNCI2014_001] cache hit: (5184, 1, 22, 1001), classes=['feet', 'left_hand', 'right_hand', 'tongue'], subjects=9
Dataset meta: {'n_classes': 4, 'n_channels': 22, 'n_samples': 1001, 'class_names': ['feet', 'left_hand', 'right_hand', 'tongue'], 'subject_list': [1, 2, 3, 4, 5, 6, 7, 8, 9], 'n_subjects': 9, 'sfreq': 250.0}

=== LOSO (hold out subject 0) ===
  Train: 4608 trials  |  Test: 576 trials
  Model params: 8,199
  epoch   1/100  loss=1.3876  bal_acc=0.2882
  epoch   2/100  loss=1.3821  bal_acc=0.3264
  epoch   3/100  loss=1.3747  bal_acc=0.3264
  epoch   4/100  loss=1.3699  bal_acc=0.3420
  epoch   5/100  loss=1.3620  bal_acc=0.3490
  epoch   6/100  loss=1.3573  bal_acc=0.3681
  epoch   7/100  loss=1.3482  bal_acc=0.3715
  epoch   8/100  loss=1.3420  bal_acc=0.3594
  epoch   9/100  loss=1.3351  bal_acc=0.3802
  epoch  10/100  loss=1.3262  bal_acc=0.3507
  epoch  11/100  loss=1.3208  bal_acc=0.3594
  epoch  12/100  loss=1.3144  bal_acc=0.3628
  epoch  13/100  loss=1.3098  bal_acc=0.3681
  epoch  14/100  loss=1.3014  bal_acc=0.3663
  epoch  15/100  loss=1.2985  bal_acc=0.3646
  epoch  16/100  loss=1.2927  bal_acc=0.3576
  epoch  17/100  loss=1.2884  bal_acc=0.3542
  epoch  18/100  loss=1.2857  bal_acc=0.3611
  epoch  19/100  loss=1.2809  bal_acc=0.3681
  epoch  20/100  loss=1.2789  bal_acc=0.3646
  epoch  21/100  loss=1.2702  bal_acc=0.3646
  epoch  22/100  loss=1.2653  bal_acc=0.3767
  epoch  23/100  loss=1.2578  bal_acc=0.3611
  epoch  24/100  loss=1.2543  bal_acc=0.3646
  epoch  25/100  loss=1.2509  bal_acc=0.3576
  epoch  26/100  loss=1.2445  bal_acc=0.3628
  epoch  27/100  loss=1.2420  bal_acc=0.3611
  epoch  28/100  loss=1.2391  bal_acc=0.3611
  epoch  29/100  loss=1.2289  bal_acc=0.3663
  epoch  30/100  loss=1.2277  bal_acc=0.3767
  epoch  31/100  loss=1.2260  bal_acc=0.3455
  epoch  32/100  loss=1.2193  bal_acc=0.3733
  epoch  33/100  loss=1.2188  bal_acc=0.3837
  epoch  34/100  loss=1.2134  bal_acc=0.3733
  epoch  35/100  loss=1.2084  bal_acc=0.3750
  epoch  36/100  loss=1.2041  bal_acc=0.3854
  epoch  37/100  loss=1.1956  bal_acc=0.3906
  epoch  38/100  loss=1.1917  bal_acc=0.3872
  epoch  39/100  loss=1.1836  bal_acc=0.3924
  epoch  40/100  loss=1.1826  bal_acc=0.3889
  epoch  41/100  loss=1.1787  bal_acc=0.3976
  epoch  42/100  loss=1.1726  bal_acc=0.3889
  epoch  43/100  loss=1.1618  bal_acc=0.3958
  epoch  44/100  loss=1.1620  bal_acc=0.4045
  epoch  45/100  loss=1.1588  bal_acc=0.3958
  epoch  46/100  loss=1.1533  bal_acc=0.4010
  epoch  47/100  loss=1.1554  bal_acc=0.4010
  epoch  48/100  loss=1.1476  bal_acc=0.3958
  epoch  49/100  loss=1.1421  bal_acc=0.3941
  epoch  50/100  loss=1.1352  bal_acc=0.3976
  epoch  51/100  loss=1.1278  bal_acc=0.4010
  epoch  52/100  loss=1.1235  bal_acc=0.3889
  epoch  53/100  loss=1.1216  bal_acc=0.3941
  epoch  54/100  loss=1.1180  bal_acc=0.4028
  epoch  55/100  loss=1.1156  bal_acc=0.4010
  epoch  56/100  loss=1.1092  bal_acc=0.4028
  epoch  57/100  loss=1.0943  bal_acc=0.4062
  epoch  58/100  loss=1.0991  bal_acc=0.4028
  epoch  59/100  loss=1.1012  bal_acc=0.3993
  epoch  60/100  loss=1.0892  bal_acc=0.4219
  epoch  61/100  loss=1.0845  bal_acc=0.4045
  epoch  62/100  loss=1.0782  bal_acc=0.4028
  epoch  63/100  loss=1.0739  bal_acc=0.4236
  epoch  64/100  loss=1.0693  bal_acc=0.4080
  epoch  65/100  loss=1.0722  bal_acc=0.4323
  epoch  66/100  loss=1.0619  bal_acc=0.4253
  epoch  67/100  loss=1.0533  bal_acc=0.4028
  epoch  68/100  loss=1.0608  bal_acc=0.4062
  epoch  69/100  loss=1.0535  bal_acc=0.4288
  epoch  70/100  loss=1.0517  bal_acc=0.4219
  epoch  71/100  loss=1.0375  bal_acc=0.4167
  epoch  72/100  loss=1.0421  bal_acc=0.4271
  epoch  73/100  loss=1.0346  bal_acc=0.4306
  epoch  74/100  loss=1.0364  bal_acc=0.4340
  epoch  75/100  loss=1.0282  bal_acc=0.4201
  epoch  76/100  loss=1.0324  bal_acc=0.4253
  epoch  77/100  loss=1.0305  bal_acc=0.4271
  epoch  78/100  loss=1.0283  bal_acc=0.4340
  epoch  79/100  loss=1.0197  bal_acc=0.4271
  epoch  80/100  loss=1.0190  bal_acc=0.4531
  epoch  81/100  loss=1.0200  bal_acc=0.4288
  epoch  82/100  loss=1.0272  bal_acc=0.4340
  epoch  83/100  loss=1.0184  bal_acc=0.4462
  epoch  84/100  loss=1.0139  bal_acc=0.4410
  epoch  85/100  loss=1.0093  bal_acc=0.4462
  epoch  86/100  loss=1.0110  bal_acc=0.4444
  epoch  87/100  loss=1.0107  bal_acc=0.4549
  epoch  88/100  loss=1.0015  bal_acc=0.4497
  epoch  89/100  loss=1.0031  bal_acc=0.4444
  epoch  90/100  loss=0.9980  bal_acc=0.4531
  epoch  91/100  loss=0.9970  bal_acc=0.4410
  epoch  92/100  loss=0.9972  bal_acc=0.4375
  epoch  93/100  loss=0.9949  bal_acc=0.4462
  epoch  94/100  loss=0.9824  bal_acc=0.4323
  epoch  95/100  loss=0.9859  bal_acc=0.4479
  epoch  96/100  loss=0.9894  bal_acc=0.4497
  epoch  97/100  loss=0.9900  bal_acc=0.4462
  epoch  98/100  loss=0.9876  bal_acc=0.4497
  epoch  99/100  loss=0.9870  bal_acc=0.4531
  epoch 100/100  loss=0.9807  bal_acc=0.4462
Results saved to results/BNCI2014_001/results.json
Trial logged to results/BNCI2014_001/trials.csv
[status] trial 18 done (state=COMPLETE, value=0.4461805555555556) -- 18 completed total
Device: cuda
[BNCI2014_001] loading from cache: /home/aleksander.berezowsk/.cache/spiking_eegnet/BNCI2014_001_af1ccf3e92f684d8a93c057082b654d7.npz
[BNCI2014_001] cache hit: (5184, 1, 22, 1001), classes=['feet', 'left_hand', 'right_hand', 'tongue'], subjects=9
Dataset meta: {'n_classes': 4, 'n_channels': 22, 'n_samples': 1001, 'class_names': ['feet', 'left_hand', 'right_hand', 'tongue'], 'subject_list': [1, 2, 3, 4, 5, 6, 7, 8, 9], 'n_subjects': 9, 'sfreq': 250.0}

Applying bandpass filter: 19.543609168575987–93.21097231316702 Hz

=== LOSO (hold out subject 0) ===
  Train: 4608 trials  |  Test: 576 trials
  Model params: 7,480
  epoch   1/100  loss=1.3898  bal_acc=0.2865
  epoch   2/100  loss=1.3853  bal_acc=0.2448
  epoch   3/100  loss=1.3819  bal_acc=0.2517
  epoch   4/100  loss=1.3776  bal_acc=0.2569
  epoch   5/100  loss=1.3749  bal_acc=0.2656
  epoch   6/100  loss=1.3738  bal_acc=0.2500
  epoch   7/100  loss=1.3703  bal_acc=0.2500
  epoch   8/100  loss=1.3659  bal_acc=0.2604
  epoch   9/100  loss=1.3620  bal_acc=0.2708
  epoch  10/100  loss=1.3607  bal_acc=0.2465
  epoch  11/100  loss=1.3549  bal_acc=0.2587
  epoch  12/100  loss=1.3519  bal_acc=0.2587
  epoch  13/100  loss=1.3493  bal_acc=0.2448
  epoch  14/100  loss=1.3477  bal_acc=0.2674
  epoch  15/100  loss=1.3442  bal_acc=0.2899
  epoch  16/100  loss=1.3429  bal_acc=0.2951
  epoch  17/100  loss=1.3388  bal_acc=0.2465
  epoch  18/100  loss=1.3348  bal_acc=0.2708
  epoch  19/100  loss=1.3325  bal_acc=0.2847
  epoch  20/100  loss=1.3307  bal_acc=0.2865
  epoch  21/100  loss=1.3277  bal_acc=0.2830
  epoch  22/100  loss=1.3244  bal_acc=0.2587
  epoch  23/100  loss=1.3246  bal_acc=0.2552
  epoch  24/100  loss=1.3178  bal_acc=0.2483
  epoch  25/100  loss=1.3195  bal_acc=0.2396
  epoch  26/100  loss=1.3176  bal_acc=0.2552
  epoch  27/100  loss=1.3176  bal_acc=0.2622
  epoch  28/100  loss=1.3131  bal_acc=0.2587
  epoch  29/100  loss=1.3112  bal_acc=0.2587
  epoch  30/100  loss=1.3054  bal_acc=0.2292
  epoch  31/100  loss=1.3048  bal_acc=0.2622
  epoch  32/100  loss=1.3073  bal_acc=0.2552
  epoch  33/100  loss=1.3035  bal_acc=0.2517
  epoch  34/100  loss=1.3011  bal_acc=0.2622
  epoch  35/100  loss=1.2974  bal_acc=0.2639
  epoch  36/100  loss=1.3014  bal_acc=0.2622
  epoch  37/100  loss=1.2936  bal_acc=0.2257
  epoch  38/100  loss=1.2906  bal_acc=0.2431
  epoch  39/100  loss=1.2908  bal_acc=0.2431
  epoch  40/100  loss=1.2860  bal_acc=0.2639
  epoch  41/100  loss=1.2834  bal_acc=0.2569
  epoch  42/100  loss=1.2826  bal_acc=0.2552
  epoch  43/100  loss=1.2780  bal_acc=0.2639
  epoch  44/100  loss=1.2792  bal_acc=0.2569
  epoch  45/100  loss=1.2761  bal_acc=0.2587
  epoch  46/100  loss=1.2750  bal_acc=0.2726
  epoch  47/100  loss=1.2743  bal_acc=0.2639
  epoch  48/100  loss=1.2725  bal_acc=0.2743
  epoch  49/100  loss=1.2679  bal_acc=0.2622
  epoch  50/100  loss=1.2653  bal_acc=0.2708
  epoch  51/100  loss=1.2689  bal_acc=0.2743
  epoch  52/100  loss=1.2593  bal_acc=0.2656
  epoch  53/100  loss=1.2655  bal_acc=0.2639
  epoch  54/100  loss=1.2638  bal_acc=0.2691
  epoch  55/100  loss=1.2626  bal_acc=0.2639
  epoch  56/100  loss=1.2548  bal_acc=0.2847
  epoch  57/100  loss=1.2570  bal_acc=0.2622
  epoch  58/100  loss=1.2548  bal_acc=0.2517
  epoch  59/100  loss=1.2557  bal_acc=0.2639
  epoch  60/100  loss=1.2537  bal_acc=0.2656
  epoch  61/100  loss=1.2423  bal_acc=0.2743
  epoch  62/100  loss=1.2478  bal_acc=0.2708
  epoch  63/100  loss=1.2461  bal_acc=0.2795
  epoch  64/100  loss=1.2477  bal_acc=0.2726
  epoch  65/100  loss=1.2377  bal_acc=0.2830
  epoch  66/100  loss=1.2381  bal_acc=0.2760
  epoch  67/100  loss=1.2417  bal_acc=0.2552
  epoch  68/100  loss=1.2377  bal_acc=0.2622
  epoch  69/100  loss=1.2366  bal_acc=0.2760
  epoch  70/100  loss=1.2314  bal_acc=0.2587
  epoch  71/100  loss=1.2299  bal_acc=0.2604
  epoch  72/100  loss=1.2283  bal_acc=0.3194
  epoch  73/100  loss=1.2348  bal_acc=0.2587
  epoch  74/100  loss=1.2230  bal_acc=0.2795
  epoch  75/100  loss=1.2216  bal_acc=0.2622
  epoch  76/100  loss=1.2266  bal_acc=0.2674
  epoch  77/100  loss=1.2227  bal_acc=0.2743
  epoch  78/100  loss=1.2296  bal_acc=0.2674
  epoch  79/100  loss=1.2177  bal_acc=0.2951
  epoch  80/100  loss=1.2156  bal_acc=0.2743
  epoch  81/100  loss=1.2184  bal_acc=0.3021
  epoch  82/100  loss=1.2205  bal_acc=0.2934
  epoch  83/100  loss=1.2189  bal_acc=0.2934
  epoch  84/100  loss=1.2166  bal_acc=0.2847
  epoch  85/100  loss=1.2171  bal_acc=0.2604
  epoch  86/100  loss=1.2128  bal_acc=0.2726
  epoch  87/100  loss=1.2094  bal_acc=0.2969
  epoch  88/100  loss=1.2073  bal_acc=0.3073
  epoch  89/100  loss=1.2066  bal_acc=0.2934
  epoch  90/100  loss=1.2112  bal_acc=0.2795
  epoch  91/100  loss=1.2132  bal_acc=0.2778
  epoch  92/100  loss=1.2048  bal_acc=0.2708
  epoch  93/100  loss=1.2111  bal_acc=0.2674
  epoch  94/100  loss=1.2140  bal_acc=0.2847
  epoch  95/100  loss=1.2065  bal_acc=0.2622
  epoch  96/100  loss=1.2002  bal_acc=0.2604
  epoch  97/100  loss=1.2042  bal_acc=0.2656
  epoch  98/100  loss=1.2047  bal_acc=0.2413
  epoch  99/100  loss=1.1934  bal_acc=0.2535
  epoch 100/100  loss=1.1991  bal_acc=0.2622
Results saved to results/BNCI2014_001/results.json
Trial logged to results/BNCI2014_001/trials.csv
[status] trial 19 done (state=COMPLETE, value=0.2621527777777778) -- 19 completed total
Device: cuda
[BNCI2014_001] loading from cache: /home/aleksander.berezowsk/.cache/spiking_eegnet/BNCI2014_001_af1ccf3e92f684d8a93c057082b654d7.npz
[BNCI2014_001] cache hit: (5184, 1, 22, 1001), classes=['feet', 'left_hand', 'right_hand', 'tongue'], subjects=9
Dataset meta: {'n_classes': 4, 'n_channels': 22, 'n_samples': 1001, 'class_names': ['feet', 'left_hand', 'right_hand', 'tongue'], 'subject_list': [1, 2, 3, 4, 5, 6, 7, 8, 9], 'n_subjects': 9, 'sfreq': 250.0}

Applying bandpass filter: 10.11076150305402–73.62878562605131 Hz

=== LOSO (hold out subject 0) ===
  Train: 4608 trials  |  Test: 576 trials
  Model params: 23,502
  epoch   1/100  loss=1.4120  bal_acc=0.4253
  epoch   2/100  loss=1.3020  bal_acc=0.4722
  epoch   3/100  loss=1.2349  bal_acc=0.4722
  epoch   4/100  loss=1.1728  bal_acc=0.5451
  epoch   5/100  loss=1.1677  bal_acc=0.4635
  epoch   6/100  loss=1.1210  bal_acc=0.4427
  epoch   7/100  loss=1.1074  bal_acc=0.4635
  epoch   8/100  loss=1.0816  bal_acc=0.5104
  epoch   9/100  loss=1.0548  bal_acc=0.5226
  epoch  10/100  loss=1.0458  bal_acc=0.5087
  epoch  11/100  loss=1.0185  bal_acc=0.4722
  epoch  12/100  loss=1.0231  bal_acc=0.4740
  epoch  13/100  loss=1.0121  bal_acc=0.4826
  epoch  14/100  loss=0.9903  bal_acc=0.4774
  epoch  15/100  loss=0.9839  bal_acc=0.5104
  epoch  16/100  loss=0.9648  bal_acc=0.4688
  epoch  17/100  loss=0.9493  bal_acc=0.4670
  epoch  18/100  loss=0.9589  bal_acc=0.4531
  epoch  19/100  loss=0.9428  bal_acc=0.5122
  epoch  20/100  loss=0.9462  bal_acc=0.4670
  epoch  21/100  loss=0.9345  bal_acc=0.4931
  epoch  22/100  loss=0.9307  bal_acc=0.4132
  epoch  23/100  loss=0.9231  bal_acc=0.4705
  epoch  24/100  loss=0.9247  bal_acc=0.4601
  epoch  25/100  loss=0.9030  bal_acc=0.5069
  epoch  26/100  loss=0.9012  bal_acc=0.4844
  epoch  27/100  loss=0.8742  bal_acc=0.5122
  epoch  28/100  loss=0.8829  bal_acc=0.5052
  epoch  29/100  loss=0.8710  bal_acc=0.5226
  epoch  30/100  loss=0.8775  bal_acc=0.4896
  epoch  31/100  loss=0.8761  bal_acc=0.5208
  epoch  32/100  loss=0.8700  bal_acc=0.5260
  epoch  33/100  loss=0.8702  bal_acc=0.5122
  epoch  34/100  loss=0.8472  bal_acc=0.5295
  epoch  35/100  loss=0.8521  bal_acc=0.5052
  epoch  36/100  loss=0.8551  bal_acc=0.4688
  epoch  37/100  loss=0.8378  bal_acc=0.5069
  epoch  38/100  loss=0.8246  bal_acc=0.4913
  epoch  39/100  loss=0.8338  bal_acc=0.5122
  epoch  40/100  loss=0.8370  bal_acc=0.5156
  epoch  41/100  loss=0.8274  bal_acc=0.4792
  epoch  42/100  loss=0.8161  bal_acc=0.5139
  epoch  43/100  loss=0.8097  bal_acc=0.4583
  epoch  44/100  loss=0.8091  bal_acc=0.4948
  epoch  45/100  loss=0.8062  bal_acc=0.5052
  epoch  46/100  loss=0.8149  bal_acc=0.5208
  epoch  47/100  loss=0.8125  bal_acc=0.5295
  epoch  48/100  loss=0.8072  bal_acc=0.4948
  epoch  49/100  loss=0.8152  bal_acc=0.4878
  epoch  50/100  loss=0.8019  bal_acc=0.5052
  epoch  51/100  loss=0.8048  bal_acc=0.5330
  epoch  52/100  loss=0.8073  bal_acc=0.5174
  epoch  53/100  loss=0.7901  bal_acc=0.5104
  epoch  54/100  loss=0.7864  bal_acc=0.4844
  epoch  55/100  loss=0.7771  bal_acc=0.5122
  epoch  56/100  loss=0.8078  bal_acc=0.5017
  epoch  57/100  loss=0.7759  bal_acc=0.4948
  epoch  58/100  loss=0.7799  bal_acc=0.4826
  epoch  59/100  loss=0.7733  bal_acc=0.5035
  epoch  60/100  loss=0.7597  bal_acc=0.4965
  epoch  61/100  loss=0.7819  bal_acc=0.5139
  epoch  62/100  loss=0.7660  bal_acc=0.4965
  epoch  63/100  loss=0.8009  bal_acc=0.5295
  epoch  64/100  loss=0.7668  bal_acc=0.5035
  epoch  65/100  loss=0.7561  bal_acc=0.4983
  epoch  66/100  loss=0.7501  bal_acc=0.5000
  epoch  67/100  loss=0.7893  bal_acc=0.5104
  epoch  68/100  loss=0.7395  bal_acc=0.5087
  epoch  69/100  loss=0.7504  bal_acc=0.5312
  epoch  70/100  loss=0.7567  bal_acc=0.5226
  epoch  71/100  loss=0.7473  bal_acc=0.5295
  epoch  72/100  loss=0.7552  bal_acc=0.4844
  epoch  73/100  loss=0.7561  bal_acc=0.5139
  epoch  74/100  loss=0.7392  bal_acc=0.5052
  epoch  75/100  loss=0.7316  bal_acc=0.5104
  epoch  76/100  loss=0.7499  bal_acc=0.5139
  epoch  77/100  loss=0.7406  bal_acc=0.5208
  epoch  78/100  loss=0.7376  bal_acc=0.5000
  epoch  79/100  loss=0.7400  bal_acc=0.5035
  epoch  80/100  loss=0.7371  bal_acc=0.5017
  epoch  81/100  loss=0.7578  bal_acc=0.5191
  epoch  82/100  loss=0.7394  bal_acc=0.5122
  epoch  83/100  loss=0.7357  bal_acc=0.5000
  epoch  84/100  loss=0.7311  bal_acc=0.4722
  epoch  85/100  loss=0.7281  bal_acc=0.5122
  epoch  86/100  loss=0.7247  bal_acc=0.5208
  epoch  87/100  loss=0.7240  bal_acc=0.5226
  epoch  88/100  loss=0.7013  bal_acc=0.5087
  epoch  89/100  loss=0.7099  bal_acc=0.5243
  epoch  90/100  loss=0.7279  bal_acc=0.4844
  epoch  91/100  loss=0.7120  bal_acc=0.4965
  epoch  92/100  loss=0.7218  bal_acc=0.4844
  epoch  93/100  loss=0.7162  bal_acc=0.5122
  epoch  94/100  loss=0.7088  bal_acc=0.4792
  epoch  95/100  loss=0.7000  bal_acc=0.4983
  epoch  96/100  loss=0.7109  bal_acc=0.5226
  epoch  97/100  loss=0.7155  bal_acc=0.4566
  epoch  98/100  loss=0.7304  bal_acc=0.4826
  epoch  99/100  loss=0.7342  bal_acc=0.5122
  epoch 100/100  loss=0.7182  bal_acc=0.5139
Results saved to results/BNCI2014_001/results.json
Trial logged to results/BNCI2014_001/trials.csv
[status] trial 20 done (state=COMPLETE, value=0.513888888888889) -- 20 completed total
Device: cuda
[BNCI2014_001] loading from cache: /home/aleksander.berezowsk/.cache/spiking_eegnet/BNCI2014_001_af1ccf3e92f684d8a93c057082b654d7.npz
[BNCI2014_001] cache hit: (5184, 1, 22, 1001), classes=['feet', 'left_hand', 'right_hand', 'tongue'], subjects=9
Dataset meta: {'n_classes': 4, 'n_channels': 22, 'n_samples': 1001, 'class_names': ['feet', 'left_hand', 'right_hand', 'tongue'], 'subject_list': [1, 2, 3, 4, 5, 6, 7, 8, 9], 'n_subjects': 9, 'sfreq': 250.0}

=== LOSO (hold out subject 0) ===
  Train: 4608 trials  |  Test: 576 trials
  Model params: 4,690
  epoch   1/100  loss=1.3843  bal_acc=0.3507
  epoch   2/100  loss=1.3680  bal_acc=0.3438
  epoch   3/100  loss=1.3547  bal_acc=0.3733
  epoch   4/100  loss=1.3351  bal_acc=0.3733
  epoch   5/100  loss=1.3191  bal_acc=0.3750
  epoch   6/100  loss=1.3020  bal_acc=0.3906
  epoch   7/100  loss=1.2905  bal_acc=0.3872
  epoch   8/100  loss=1.2768  bal_acc=0.3750
  epoch   9/100  loss=1.2607  bal_acc=0.3976
  epoch  10/100  loss=1.2467  bal_acc=0.3889
  epoch  11/100  loss=1.2327  bal_acc=0.3698
  epoch  12/100  loss=1.2246  bal_acc=0.3733
  epoch  13/100  loss=1.2111  bal_acc=0.3681
  epoch  14/100  loss=1.2014  bal_acc=0.3819
  epoch  15/100  loss=1.1900  bal_acc=0.3785
  epoch  16/100  loss=1.1745  bal_acc=0.3819
  epoch  17/100  loss=1.1607  bal_acc=0.4028
  epoch  18/100  loss=1.1451  bal_acc=0.4132
  epoch  19/100  loss=1.1341  bal_acc=0.4115
  epoch  20/100  loss=1.1239  bal_acc=0.4184
  epoch  21/100  loss=1.1091  bal_acc=0.4340
  epoch  22/100  loss=1.1105  bal_acc=0.4271
  epoch  23/100  loss=1.0941  bal_acc=0.4392
  epoch  24/100  loss=1.0899  bal_acc=0.4410
  epoch  25/100  loss=1.0814  bal_acc=0.4410
  epoch  26/100  loss=1.0744  bal_acc=0.4358
  epoch  27/100  loss=1.0700  bal_acc=0.4236
  epoch  28/100  loss=1.0573  bal_acc=0.4306
  epoch  29/100  loss=1.0493  bal_acc=0.4427
  epoch  30/100  loss=1.0435  bal_acc=0.4514
  epoch  31/100  loss=1.0368  bal_acc=0.4549
  epoch  32/100  loss=1.0304  bal_acc=0.4566
  epoch  33/100  loss=1.0319  bal_acc=0.4653
  epoch  34/100  loss=1.0269  bal_acc=0.4774
  epoch  35/100  loss=1.0207  bal_acc=0.4531
  epoch  36/100  loss=1.0197  bal_acc=0.4462
  epoch  37/100  loss=1.0058  bal_acc=0.4392
  epoch  38/100  loss=1.0067  bal_acc=0.4410
  epoch  39/100  loss=0.9982  bal_acc=0.4462
  epoch  40/100  loss=0.9975  bal_acc=0.4653
  epoch  41/100  loss=0.9913  bal_acc=0.4410
  epoch  42/100  loss=0.9906  bal_acc=0.4688
  epoch  43/100  loss=0.9898  bal_acc=0.4740
  epoch  44/100  loss=0.9907  bal_acc=0.4479
  epoch  45/100  loss=0.9850  bal_acc=0.4635
  epoch  46/100  loss=0.9700  bal_acc=0.4688
  epoch  47/100  loss=0.9638  bal_acc=0.4618
  epoch  48/100  loss=0.9646  bal_acc=0.5000
  epoch  49/100  loss=0.9673  bal_acc=0.5087
  epoch  50/100  loss=0.9573  bal_acc=0.4809
  epoch  51/100  loss=0.9497  bal_acc=0.5052
  epoch  52/100  loss=0.9503  bal_acc=0.5208
  epoch  53/100  loss=0.9546  bal_acc=0.5052
  epoch  54/100  loss=0.9488  bal_acc=0.5156
  epoch  55/100  loss=0.9659  bal_acc=0.5156
  epoch  56/100  loss=0.9382  bal_acc=0.5035
  epoch  57/100  loss=0.9273  bal_acc=0.5104
  epoch  58/100  loss=0.9241  bal_acc=0.5035
  epoch  59/100  loss=0.9227  bal_acc=0.5312
  epoch  60/100  loss=0.9251  bal_acc=0.5052
  epoch  61/100  loss=0.9295  bal_acc=0.5052
  epoch  62/100  loss=0.9207  bal_acc=0.5156
  epoch  63/100  loss=0.9147  bal_acc=0.5347
  epoch  64/100  loss=0.9123  bal_acc=0.5451
  epoch  65/100  loss=0.9134  bal_acc=0.5347
  epoch  66/100  loss=0.9077  bal_acc=0.5538
  epoch  67/100  loss=0.9120  bal_acc=0.5399
  epoch  68/100  loss=0.9035  bal_acc=0.5347
  epoch  69/100  loss=0.9099  bal_acc=0.5399
  epoch  70/100  loss=0.9027  bal_acc=0.5469
  epoch  71/100  loss=0.8958  bal_acc=0.5312
  epoch  72/100  loss=0.8951  bal_acc=0.5295
  epoch  73/100  loss=0.9035  bal_acc=0.5399
  epoch  74/100  loss=0.8943  bal_acc=0.5260
  epoch  75/100  loss=0.8987  bal_acc=0.5122
  epoch  76/100  loss=0.8833  bal_acc=0.5347
  epoch  77/100  loss=0.8928  bal_acc=0.5399
  epoch  78/100  loss=0.8850  bal_acc=0.5486
  epoch  79/100  loss=0.8797  bal_acc=0.5417
  epoch  80/100  loss=0.8878  bal_acc=0.5503
  epoch  81/100  loss=0.8724  bal_acc=0.5590
  epoch  82/100  loss=0.8837  bal_acc=0.5729
  epoch  83/100  loss=0.8692  bal_acc=0.5538
  epoch  84/100  loss=0.8758  bal_acc=0.5642
  epoch  85/100  loss=0.8749  bal_acc=0.5660
  epoch  86/100  loss=0.8651  bal_acc=0.5469
  epoch  87/100  loss=0.8779  bal_acc=0.5469
  epoch  88/100  loss=0.8649  bal_acc=0.5729
  epoch  89/100  loss=0.8555  bal_acc=0.5694
  epoch  90/100  loss=0.8602  bal_acc=0.5642
  epoch  91/100  loss=0.8571  bal_acc=0.5382
  epoch  92/100  loss=0.8584  bal_acc=0.5538
  epoch  93/100  loss=0.8586  bal_acc=0.5590
  epoch  94/100  loss=0.8641  bal_acc=0.5399
  epoch  95/100  loss=0.8590  bal_acc=0.5486
  epoch  96/100  loss=0.8443  bal_acc=0.5625
  epoch  97/100  loss=0.8492  bal_acc=0.5625
  epoch  98/100  loss=0.8374  bal_acc=0.5694
  epoch  99/100  loss=0.8405  bal_acc=0.5573
  epoch 100/100  loss=0.8485  bal_acc=0.5642
Results saved to results/BNCI2014_001/results.json
Trial logged to results/BNCI2014_001/trials.csv
[status] trial 21 done (state=COMPLETE, value=0.5642361111111112) -- 21 completed total
Device: cuda
[BNCI2014_001] loading from cache: /home/aleksander.berezowsk/.cache/spiking_eegnet/BNCI2014_001_af1ccf3e92f684d8a93c057082b654d7.npz
[BNCI2014_001] cache hit: (5184, 1, 22, 1001), classes=['feet', 'left_hand', 'right_hand', 'tongue'], subjects=9
Dataset meta: {'n_classes': 4, 'n_channels': 22, 'n_samples': 1001, 'class_names': ['feet', 'left_hand', 'right_hand', 'tongue'], 'subject_list': [1, 2, 3, 4, 5, 6, 7, 8, 9], 'n_subjects': 9, 'sfreq': 250.0}

Applying bandpass filter: 25.77701535200163–39.76204905266545 Hz

=== LOSO (hold out subject 0) ===
  Train: 4608 trials  |  Test: 576 trials
  Model params: 19,511
  epoch   1/100  loss=1.4700  bal_acc=0.2639
  epoch   2/100  loss=1.4109  bal_acc=0.2622
  epoch   3/100  loss=1.3778  bal_acc=0.2847
  epoch   4/100  loss=1.3621  bal_acc=0.3003
  epoch   5/100  loss=1.3496  bal_acc=0.2847
  epoch   6/100  loss=1.3419  bal_acc=0.2726
  epoch   7/100  loss=1.3179  bal_acc=0.2361
  epoch   8/100  loss=1.3099  bal_acc=0.2517
  epoch   9/100  loss=1.3032  bal_acc=0.2431
  epoch  10/100  loss=1.2727  bal_acc=0.2708
  epoch  11/100  loss=1.2708  bal_acc=0.2413
  epoch  12/100  loss=1.2689  bal_acc=0.3021
  epoch  13/100  loss=1.2425  bal_acc=0.2951
  epoch  14/100  loss=1.2159  bal_acc=0.2500
  epoch  15/100  loss=1.2284  bal_acc=0.2691
  epoch  16/100  loss=1.2146  bal_acc=0.2326
  epoch  17/100  loss=1.1946  bal_acc=0.2483
  epoch  18/100  loss=1.1944  bal_acc=0.2743
  epoch  19/100  loss=1.1541  bal_acc=0.2760
  epoch  20/100  loss=1.1574  bal_acc=0.2726
  epoch  21/100  loss=1.1563  bal_acc=0.2639
  epoch  22/100  loss=1.1056  bal_acc=0.2361
  epoch  23/100  loss=1.1159  bal_acc=0.2483
  epoch  24/100  loss=1.0960  bal_acc=0.2569
  epoch  25/100  loss=1.1462  bal_acc=0.2448
  epoch  26/100  loss=1.0797  bal_acc=0.2188
  epoch  27/100  loss=1.0703  bal_acc=0.2726
  epoch  28/100  loss=1.0357  bal_acc=0.2760
  epoch  29/100  loss=1.0147  bal_acc=0.2604
  epoch  30/100  loss=1.0413  bal_acc=0.2865
  epoch  31/100  loss=1.0206  bal_acc=0.2552
  epoch  32/100  loss=1.0291  bal_acc=0.2344
  epoch  33/100  loss=1.0159  bal_acc=0.2708
  epoch  34/100  loss=0.9878  bal_acc=0.2500
  epoch  35/100  loss=0.9925  bal_acc=0.2500
  epoch  36/100  loss=0.9755  bal_acc=0.2378
  epoch  37/100  loss=0.9718  bal_acc=0.2760
  epoch  38/100  loss=0.9581  bal_acc=0.2691
  epoch  39/100  loss=0.9676  bal_acc=0.2552
  epoch  40/100  loss=0.9550  bal_acc=0.2552
  epoch  41/100  loss=0.9491  bal_acc=0.2587
  epoch  42/100  loss=0.9622  bal_acc=0.2760
  epoch  43/100  loss=0.9305  bal_acc=0.2830
  epoch  44/100  loss=0.9075  bal_acc=0.2847
  epoch  45/100  loss=0.9130  bal_acc=0.2552
  epoch  46/100  loss=0.9217  bal_acc=0.2708
  epoch  47/100  loss=0.9071  bal_acc=0.2691
  epoch  48/100  loss=0.8925  bal_acc=0.2517
  epoch  49/100  loss=0.9099  bal_acc=0.2726
  epoch  50/100  loss=0.8887  bal_acc=0.2656
  epoch  51/100  loss=0.8782  bal_acc=0.2656
  epoch  52/100  loss=0.8722  bal_acc=0.2465
  epoch  53/100  loss=0.8792  bal_acc=0.2830
  epoch  54/100  loss=0.8614  bal_acc=0.2795
  epoch  55/100  loss=0.8637  bal_acc=0.2674
  epoch  56/100  loss=0.8869  bal_acc=0.2569
  epoch  57/100  loss=0.8986  bal_acc=0.2500
  epoch  58/100  loss=0.8847  bal_acc=0.2569
  epoch  59/100  loss=0.8477  bal_acc=0.2656
  epoch  60/100  loss=0.8444  bal_acc=0.2674
  epoch  61/100  loss=0.8404  bal_acc=0.2743
  epoch  62/100  loss=0.8482  bal_acc=0.2604
  epoch  63/100  loss=0.8739  bal_acc=0.2708
  epoch  64/100  loss=0.8636  bal_acc=0.2569
  epoch  65/100  loss=0.8440  bal_acc=0.2899
  epoch  66/100  loss=0.8258  bal_acc=0.2865
  epoch  67/100  loss=0.8216  bal_acc=0.3021
  epoch  68/100  loss=0.8350  bal_acc=0.2691
  epoch  69/100  loss=0.7929  bal_acc=0.3021
  epoch  70/100  loss=0.8036  bal_acc=0.2795
  epoch  71/100  loss=0.8101  bal_acc=0.2760
  epoch  72/100  loss=0.7806  bal_acc=0.2604
  epoch  73/100  loss=0.7887  bal_acc=0.2656
  epoch  74/100  loss=0.7950  bal_acc=0.2604
  epoch  75/100  loss=0.8122  bal_acc=0.2500
  epoch  76/100  loss=0.7896  bal_acc=0.2726
  epoch  77/100  loss=0.8123  bal_acc=0.2517
  epoch  78/100  loss=0.8445  bal_acc=0.2743
  epoch  79/100  loss=0.7839  bal_acc=0.2674
  epoch  80/100  loss=0.7867  bal_acc=0.2674
  epoch  81/100  loss=0.7714  bal_acc=0.2656
  epoch  82/100  loss=0.7743  bal_acc=0.2483
  epoch  83/100  loss=0.7983  bal_acc=0.2552
  epoch  84/100  loss=0.8047  bal_acc=0.2326
  epoch  85/100  loss=0.7764  bal_acc=0.2552
  epoch  86/100  loss=0.7708  bal_acc=0.2708
  epoch  87/100  loss=0.7681  bal_acc=0.2743
  epoch  88/100  loss=0.7727  bal_acc=0.2812
  epoch  89/100  loss=0.7777  bal_acc=0.2708
  epoch  90/100  loss=0.7825  bal_acc=0.2674
  epoch  91/100  loss=0.7492  bal_acc=0.2639
  epoch  92/100  loss=0.7972  bal_acc=0.2622
  epoch  93/100  loss=0.7754  bal_acc=0.2535
  epoch  94/100  loss=0.7756  bal_acc=0.2708
  epoch  95/100  loss=0.7782  bal_acc=0.2448
  epoch  96/100  loss=0.7745  bal_acc=0.2674
  epoch  97/100  loss=0.7402  bal_acc=0.2691
  epoch  98/100  loss=0.7491  bal_acc=0.2448
  epoch  99/100  loss=0.7589  bal_acc=0.2500
  epoch 100/100  loss=0.7622  bal_acc=0.2726
Results saved to results/BNCI2014_001/results.json
Trial logged to results/BNCI2014_001/trials.csv
[status] trial 22 done (state=COMPLETE, value=0.2725694444444444) -- 22 completed total
Device: cuda
[BNCI2014_001] loading from cache: /home/aleksander.berezowsk/.cache/spiking_eegnet/BNCI2014_001_af1ccf3e92f684d8a93c057082b654d7.npz
[BNCI2014_001] cache hit: (5184, 1, 22, 1001), classes=['feet', 'left_hand', 'right_hand', 'tongue'], subjects=9
Dataset meta: {'n_classes': 4, 'n_channels': 22, 'n_samples': 1001, 'class_names': ['feet', 'left_hand', 'right_hand', 'tongue'], 'subject_list': [1, 2, 3, 4, 5, 6, 7, 8, 9], 'n_subjects': 9, 'sfreq': 250.0}

Applying bandpass filter: 4.077678993779947–38.740617020058686 Hz

=== LOSO (hold out subject 0) ===
  Train: 4608 trials  |  Test: 576 trials
  Model params: 6,872
  epoch   1/100  loss=1.3725  bal_acc=0.4167
  epoch   2/100  loss=1.2677  bal_acc=0.5278
  epoch   3/100  loss=1.2112  bal_acc=0.5243
  epoch   4/100  loss=1.1763  bal_acc=0.5104
  epoch   5/100  loss=1.1658  bal_acc=0.5191
  epoch   6/100  loss=1.1454  bal_acc=0.4931
  epoch   7/100  loss=1.1402  bal_acc=0.4948
  epoch   8/100  loss=1.1264  bal_acc=0.5174
  epoch   9/100  loss=1.1221  bal_acc=0.5017
  epoch  10/100  loss=1.1068  bal_acc=0.5347
  epoch  11/100  loss=1.0924  bal_acc=0.4826
  epoch  12/100  loss=1.0831  bal_acc=0.5538
  epoch  13/100  loss=1.0784  bal_acc=0.5312
  epoch  14/100  loss=1.0742  bal_acc=0.4653
  epoch  15/100  loss=1.0590  bal_acc=0.4948
  epoch  16/100  loss=1.0730  bal_acc=0.4774
  epoch  17/100  loss=1.0703  bal_acc=0.4896
  epoch  18/100  loss=1.0782  bal_acc=0.4670
  epoch  19/100  loss=1.0706  bal_acc=0.4497
  epoch  20/100  loss=1.0649  bal_acc=0.4931
  epoch  21/100  loss=1.0667  bal_acc=0.4844
  epoch  22/100  loss=1.0678  bal_acc=0.5000
  epoch  23/100  loss=1.0425  bal_acc=0.5000
  epoch  24/100  loss=1.0296  bal_acc=0.4913
  epoch  25/100  loss=1.0412  bal_acc=0.5382
  epoch  26/100  loss=1.0493  bal_acc=0.4965
  epoch  27/100  loss=1.0323  bal_acc=0.5035
  epoch  28/100  loss=1.0265  bal_acc=0.5035
  epoch  29/100  loss=1.0374  bal_acc=0.5000
  epoch  30/100  loss=1.0344  bal_acc=0.5122
  epoch  31/100  loss=1.0323  bal_acc=0.5139
  epoch  32/100  loss=1.0378  bal_acc=0.5017
  epoch  33/100  loss=1.0318  bal_acc=0.5000
  epoch  34/100  loss=1.0482  bal_acc=0.5087
  epoch  35/100  loss=1.0171  bal_acc=0.5174
  epoch  36/100  loss=1.0223  bal_acc=0.5226
  epoch  37/100  loss=1.0254  bal_acc=0.5660
  epoch  38/100  loss=1.0220  bal_acc=0.5295
  epoch  39/100  loss=1.0369  bal_acc=0.5104
  epoch  40/100  loss=1.0196  bal_acc=0.5330
  epoch  41/100  loss=1.0232  bal_acc=0.5139
  epoch  42/100  loss=1.0301  bal_acc=0.5208
  epoch  43/100  loss=1.0155  bal_acc=0.4774
  epoch  44/100  loss=1.0283  bal_acc=0.4774
  epoch  45/100  loss=1.0401  bal_acc=0.4774
  epoch  46/100  loss=1.0258  bal_acc=0.4514
  epoch  47/100  loss=1.0268  bal_acc=0.4670
  epoch  48/100  loss=1.0177  bal_acc=0.5122
  epoch  49/100  loss=1.0302  bal_acc=0.4601
  epoch  50/100  loss=1.0373  bal_acc=0.4878
  epoch  51/100  loss=1.0287  bal_acc=0.5278
  epoch  52/100  loss=1.0353  bal_acc=0.5347
  epoch  53/100  loss=1.0280  bal_acc=0.4601
  epoch  54/100  loss=1.0334  bal_acc=0.5451
  epoch  55/100  loss=1.0229  bal_acc=0.5365
  epoch  56/100  loss=1.0130  bal_acc=0.5521
  epoch  57/100  loss=0.9996  bal_acc=0.5503
  epoch  58/100  loss=1.0061  bal_acc=0.5434
  epoch  59/100  loss=0.9965  bal_acc=0.5625
  epoch  60/100  loss=0.9913  bal_acc=0.5417
  epoch  61/100  loss=1.0066  bal_acc=0.5434
  epoch  62/100  loss=1.0098  bal_acc=0.5052
  epoch  63/100  loss=1.0095  bal_acc=0.5347
  epoch  64/100  loss=1.0108  bal_acc=0.5417
  epoch  65/100  loss=1.0131  bal_acc=0.5226
  epoch  66/100  loss=1.0196  bal_acc=0.5573
  epoch  67/100  loss=1.0068  bal_acc=0.5382
  epoch  68/100  loss=0.9955  bal_acc=0.5590
  epoch  69/100  loss=0.9994  bal_acc=0.5295
  epoch  70/100  loss=0.9888  bal_acc=0.5052
  epoch  71/100  loss=0.9988  bal_acc=0.5052
  epoch  72/100  loss=1.0033  bal_acc=0.5260
  epoch  73/100  loss=1.0068  bal_acc=0.5295
  epoch  74/100  loss=1.0111  bal_acc=0.5312
  epoch  75/100  loss=1.0088  bal_acc=0.4705
  epoch  76/100  loss=1.0210  bal_acc=0.4427
  epoch  77/100  loss=1.0023  bal_acc=0.4896
  epoch  78/100  loss=1.0056  bal_acc=0.5104
  epoch  79/100  loss=0.9793  bal_acc=0.5104
  epoch  80/100  loss=1.0013  bal_acc=0.4983
  epoch  81/100  loss=0.9919  bal_acc=0.5226
  epoch  82/100  loss=1.0015  bal_acc=0.4531
  epoch  83/100  loss=0.9910  bal_acc=0.5417
  epoch  84/100  loss=0.9909  bal_acc=0.5087
  epoch  85/100  loss=1.0061  bal_acc=0.4792
  epoch  86/100  loss=0.9886  bal_acc=0.4774
  epoch  87/100  loss=0.9967  bal_acc=0.5000
  epoch  88/100  loss=0.9826  bal_acc=0.4740
  epoch  89/100  loss=0.9890  bal_acc=0.4844
  epoch  90/100  loss=0.9921  bal_acc=0.4983
  epoch  91/100  loss=0.9831  bal_acc=0.4670
  epoch  92/100  loss=0.9846  bal_acc=0.4913
  epoch  93/100  loss=0.9864  bal_acc=0.5017
  epoch  94/100  loss=0.9838  bal_acc=0.4948
  epoch  95/100  loss=0.9865  bal_acc=0.5000
  epoch  96/100  loss=0.9856  bal_acc=0.5191
  epoch  97/100  loss=0.9970  bal_acc=0.4722
  epoch  98/100  loss=0.9985  bal_acc=0.4896
  epoch  99/100  loss=0.9912  bal_acc=0.5069
  epoch 100/100  loss=1.0004  bal_acc=0.5347
Results saved to results/BNCI2014_001/results.json
Trial logged to results/BNCI2014_001/trials.csv
[status] trial 23 done (state=COMPLETE, value=0.5347222222222222) -- 23 completed total
Device: cuda
[BNCI2014_001] loading from cache: /home/aleksander.berezowsk/.cache/spiking_eegnet/BNCI2014_001_af1ccf3e92f684d8a93c057082b654d7.npz
[BNCI2014_001] cache hit: (5184, 1, 22, 1001), classes=['feet', 'left_hand', 'right_hand', 'tongue'], subjects=9
Dataset meta: {'n_classes': 4, 'n_channels': 22, 'n_samples': 1001, 'class_names': ['feet', 'left_hand', 'right_hand', 'tongue'], 'subject_list': [1, 2, 3, 4, 5, 6, 7, 8, 9], 'n_subjects': 9, 'sfreq': 250.0}

Applying bandpass filter: 38.59019268404202–98.72708272424308 Hz

=== LOSO (hold out subject 0) ===
  Train: 4608 trials  |  Test: 576 trials
  Model params: 12,176
  epoch   1/100  loss=1.4025  bal_acc=0.2552
  epoch   2/100  loss=1.3956  bal_acc=0.2569
  epoch   3/100  loss=1.3993  bal_acc=0.2552
  epoch   4/100  loss=1.3934  bal_acc=0.2517
  epoch   5/100  loss=1.3971  bal_acc=0.2569
  epoch   6/100  loss=1.3923  bal_acc=0.2465
  epoch   7/100  loss=1.3892  bal_acc=0.2517
  epoch   8/100  loss=1.3895  bal_acc=0.2500
  epoch   9/100  loss=1.3893  bal_acc=0.2622
  epoch  10/100  loss=1.3870  bal_acc=0.2587
  epoch  11/100  loss=1.3846  bal_acc=0.2622
  epoch  12/100  loss=1.3844  bal_acc=0.2483
  epoch  13/100  loss=1.3862  bal_acc=0.2830
  epoch  14/100  loss=1.3834  bal_acc=0.2882
  epoch  15/100  loss=1.3861  bal_acc=0.2517
  epoch  16/100  loss=1.3854  bal_acc=0.2795
  epoch  17/100  loss=1.3840  bal_acc=0.2622
  epoch  18/100  loss=1.3844  bal_acc=0.2691
  epoch  19/100  loss=1.3826  bal_acc=0.2708
  epoch  20/100  loss=1.3842  bal_acc=0.2795
  epoch  21/100  loss=1.3869  bal_acc=0.2622
  epoch  22/100  loss=1.3879  bal_acc=0.2622
  epoch  23/100  loss=1.3868  bal_acc=0.2483
  epoch  24/100  loss=1.3837  bal_acc=0.2552
  epoch  25/100  loss=1.3831  bal_acc=0.2483
  epoch  26/100  loss=1.3847  bal_acc=0.2431
  epoch  27/100  loss=1.3809  bal_acc=0.2517
  epoch  28/100  loss=1.3837  bal_acc=0.2309
  epoch  29/100  loss=1.3784  bal_acc=0.2378
  epoch  30/100  loss=1.3783  bal_acc=0.2448
  epoch  31/100  loss=1.3796  bal_acc=0.2205
  epoch  32/100  loss=1.3830  bal_acc=0.2309
  epoch  33/100  loss=1.3848  bal_acc=0.2448
  epoch  34/100  loss=1.3805  bal_acc=0.2413
  epoch  35/100  loss=1.3813  bal_acc=0.2622
  epoch  36/100  loss=1.3774  bal_acc=0.2326
  epoch  37/100  loss=1.3813  bal_acc=0.2465
  epoch  38/100  loss=1.3760  bal_acc=0.2726
  epoch  39/100  loss=1.3751  bal_acc=0.2674
  epoch  40/100  loss=1.3776  bal_acc=0.2361
  epoch  41/100  loss=1.3766  bal_acc=0.2465
  epoch  42/100  loss=1.3766  bal_acc=0.2691
  epoch  43/100  loss=1.3852  bal_acc=0.2812
  epoch  44/100  loss=1.3744  bal_acc=0.2812
  epoch  45/100  loss=1.3819  bal_acc=0.2431
  epoch  46/100  loss=1.3768  bal_acc=0.2639
  epoch  47/100  loss=1.3766  bal_acc=0.2569
  epoch  48/100  loss=1.3772  bal_acc=0.2517
  epoch  49/100  loss=1.3771  bal_acc=0.2483
  epoch  50/100  loss=1.3768  bal_acc=0.2517
  epoch  51/100  loss=1.3739  bal_acc=0.2604
  epoch  52/100  loss=1.3712  bal_acc=0.2500
  epoch  53/100  loss=1.3694  bal_acc=0.2656
  epoch  54/100  loss=1.3693  bal_acc=0.2535
  epoch  55/100  loss=1.3746  bal_acc=0.2396
  epoch  56/100  loss=1.3626  bal_acc=0.2639
  epoch  57/100  loss=1.3679  bal_acc=0.2743
  epoch  58/100  loss=1.3670  bal_acc=0.2517
  epoch  59/100  loss=1.3647  bal_acc=0.2708
  epoch  60/100  loss=1.3621  bal_acc=0.2830
  epoch  61/100  loss=1.3647  bal_acc=0.2656
  epoch  62/100  loss=1.3718  bal_acc=0.2274
  epoch  63/100  loss=1.3655  bal_acc=0.2622
  epoch  64/100  loss=1.3626  bal_acc=0.2708
  epoch  65/100  loss=1.3585  bal_acc=0.2743
  epoch  66/100  loss=1.3620  bal_acc=0.2448
  epoch  67/100  loss=1.3586  bal_acc=0.2726
  epoch  68/100  loss=1.3634  bal_acc=0.2656
  epoch  69/100  loss=1.3540  bal_acc=0.2378
  epoch  70/100  loss=1.3547  bal_acc=0.2622
  epoch  71/100  loss=1.3563  bal_acc=0.2517
  epoch  72/100  loss=1.3571  bal_acc=0.2795
  epoch  73/100  loss=1.3506  bal_acc=0.2726
  epoch  74/100  loss=1.3503  bal_acc=0.2656
  epoch  75/100  loss=1.3506  bal_acc=0.2674
  epoch  76/100  loss=1.3504  bal_acc=0.2743
  epoch  77/100  loss=1.3545  bal_acc=0.2726
  epoch  78/100  loss=1.3560  bal_acc=0.2691
  epoch  79/100  loss=1.3494  bal_acc=0.2517
  epoch  80/100  loss=1.3474  bal_acc=0.2830
  epoch  81/100  loss=1.3429  bal_acc=0.2812
  epoch  82/100  loss=1.3511  bal_acc=0.2604
  epoch  83/100  loss=1.3525  bal_acc=0.2639
  epoch  84/100  loss=1.3440  bal_acc=0.2552
  epoch  85/100  loss=1.3469  bal_acc=0.2726
  epoch  86/100  loss=1.3474  bal_acc=0.2726
  epoch  87/100  loss=1.3443  bal_acc=0.2743
  epoch  88/100  loss=1.3443  bal_acc=0.2743
  epoch  89/100  loss=1.3461  bal_acc=0.2656
  epoch  90/100  loss=1.3393  bal_acc=0.2604
  epoch  91/100  loss=1.3475  bal_acc=0.2483
  epoch  92/100  loss=1.3406  bal_acc=0.2604
  epoch  93/100  loss=1.3395  bal_acc=0.2674
  epoch  94/100  loss=1.3366  bal_acc=0.2517
  epoch  95/100  loss=1.3349  bal_acc=0.2639
  epoch  96/100  loss=1.3381  bal_acc=0.2587
  epoch  97/100  loss=1.3391  bal_acc=0.2465
  epoch  98/100  loss=1.3395  bal_acc=0.2743
  epoch  99/100  loss=1.3303  bal_acc=0.2795
  epoch 100/100  loss=1.3397  bal_acc=0.2656
Results saved to results/BNCI2014_001/results.json
Trial logged to results/BNCI2014_001/trials.csv
[status] trial 24 done (state=COMPLETE, value=0.265625) -- 24 completed total
Device: cuda
[BNCI2014_001] loading from cache: /home/aleksander.berezowsk/.cache/spiking_eegnet/BNCI2014_001_af1ccf3e92f684d8a93c057082b654d7.npz
[BNCI2014_001] cache hit: (5184, 1, 22, 1001), classes=['feet', 'left_hand', 'right_hand', 'tongue'], subjects=9
Dataset meta: {'n_classes': 4, 'n_channels': 22, 'n_samples': 1001, 'class_names': ['feet', 'left_hand', 'right_hand', 'tongue'], 'subject_list': [1, 2, 3, 4, 5, 6, 7, 8, 9], 'n_subjects': 9, 'sfreq': 250.0}

=== LOSO (hold out subject 0) ===
  Train: 4608 trials  |  Test: 576 trials
  Model params: 18,336
  epoch   1/100  loss=1.2766  bal_acc=0.4931
  epoch   2/100  loss=1.0566  bal_acc=0.5122
  epoch   3/100  loss=0.9172  bal_acc=0.5087
  epoch   4/100  loss=0.8415  bal_acc=0.6007
  epoch   5/100  loss=0.7733  bal_acc=0.5365
  epoch   6/100  loss=0.7094  bal_acc=0.5851
  epoch   7/100  loss=0.6607  bal_acc=0.5938
  epoch   8/100  loss=0.6249  bal_acc=0.5955
  epoch   9/100  loss=0.5912  bal_acc=0.5938
  epoch  10/100  loss=0.5631  bal_acc=0.5833
  epoch  11/100  loss=0.5405  bal_acc=0.5677
  epoch  12/100  loss=0.5065  bal_acc=0.5938
  epoch  13/100  loss=0.4717  bal_acc=0.6007
  epoch  14/100  loss=0.4819  bal_acc=0.6285
  epoch  15/100  loss=0.4385  bal_acc=0.6285
  epoch  16/100  loss=0.4334  bal_acc=0.6233
  epoch  17/100  loss=0.4064  bal_acc=0.6163
  epoch  18/100  loss=0.4018  bal_acc=0.6076
  epoch  19/100  loss=0.3912  bal_acc=0.6094
  epoch  20/100  loss=0.3583  bal_acc=0.6111
  epoch  21/100  loss=0.3634  bal_acc=0.6128
  epoch  22/100  loss=0.3258  bal_acc=0.5885
  epoch  23/100  loss=0.3404  bal_acc=0.6076
  epoch  24/100  loss=0.3101  bal_acc=0.5851
  epoch  25/100  loss=0.3041  bal_acc=0.5833
  epoch  26/100  loss=0.3025  bal_acc=0.5938
  epoch  27/100  loss=0.2811  bal_acc=0.5729
  epoch  28/100  loss=0.2781  bal_acc=0.5816
  epoch  29/100  loss=0.2755  bal_acc=0.6007
  epoch  30/100  loss=0.2616  bal_acc=0.5799
  epoch  31/100  loss=0.2698  bal_acc=0.5955
  epoch  32/100  loss=0.2594  bal_acc=0.5747
  epoch  33/100  loss=0.2535  bal_acc=0.5694
  epoch  34/100  loss=0.2474  bal_acc=0.5903
  epoch  35/100  loss=0.2468  bal_acc=0.5851
  epoch  36/100  loss=0.2259  bal_acc=0.5920
  epoch  37/100  loss=0.2333  bal_acc=0.6059
  epoch  38/100  loss=0.2133  bal_acc=0.5955
  epoch  39/100  loss=0.2199  bal_acc=0.6424
  epoch  40/100  loss=0.2262  bal_acc=0.6215
  epoch  41/100  loss=0.2082  bal_acc=0.6024
  epoch  42/100  loss=0.2193  bal_acc=0.6285
  epoch  43/100  loss=0.1996  bal_acc=0.6163
  epoch  44/100  loss=0.1958  bal_acc=0.6094
  epoch  45/100  loss=0.1986  bal_acc=0.5938
  epoch  46/100  loss=0.1988  bal_acc=0.5920
  epoch  47/100  loss=0.1798  bal_acc=0.6128
  epoch  48/100  loss=0.2150  bal_acc=0.5885
  epoch  49/100  loss=0.1960  bal_acc=0.6111
  epoch  50/100  loss=0.1959  bal_acc=0.6042
  epoch  51/100  loss=0.2100  bal_acc=0.6076
  epoch  52/100  loss=0.1808  bal_acc=0.5920
  epoch  53/100  loss=0.1811  bal_acc=0.6111
  epoch  54/100  loss=0.1573  bal_acc=0.5799
  epoch  55/100  loss=0.1705  bal_acc=0.6198
  epoch  56/100  loss=0.1823  bal_acc=0.6146
  epoch  57/100  loss=0.1876  bal_acc=0.5920
  epoch  58/100  loss=0.1783  bal_acc=0.5920
  epoch  59/100  loss=0.1635  bal_acc=0.6094
  epoch  60/100  loss=0.1594  bal_acc=0.6007
  epoch  61/100  loss=0.1618  bal_acc=0.6076
  epoch  62/100  loss=0.1508  bal_acc=0.5903
  epoch  63/100  loss=0.1469  bal_acc=0.5868
  epoch  64/100  loss=0.1634  bal_acc=0.5764
  epoch  65/100  loss=0.1653  bal_acc=0.5903
  epoch  66/100  loss=0.1499  bal_acc=0.5938
  epoch  67/100  loss=0.1641  bal_acc=0.5851
  epoch  68/100  loss=0.1873  bal_acc=0.5885
  epoch  69/100  loss=0.1490  bal_acc=0.6146
  epoch  70/100  loss=0.1602  bal_acc=0.5833
  epoch  71/100  loss=0.1706  bal_acc=0.5972
  epoch  72/100  loss=0.1587  bal_acc=0.6181
  epoch  73/100  loss=0.1416  bal_acc=0.6146
  epoch  74/100  loss=0.1440  bal_acc=0.6111
  epoch  75/100  loss=0.1327  bal_acc=0.6024
  epoch  76/100  loss=0.1349  bal_acc=0.6285
  epoch  77/100  loss=0.1282  bal_acc=0.6285
  epoch  78/100  loss=0.1392  bal_acc=0.6111
  epoch  79/100  loss=0.1551  bal_acc=0.6059
  epoch  80/100  loss=0.1275  bal_acc=0.6146
  epoch  81/100  loss=0.1391  bal_acc=0.6163
  epoch  82/100  loss=0.1317  bal_acc=0.5955
  epoch  83/100  loss=0.1323  bal_acc=0.5955
  epoch  84/100  loss=0.1347  bal_acc=0.6042
  epoch  85/100  loss=0.1313  bal_acc=0.5365
  epoch  86/100  loss=0.1277  bal_acc=0.5868
  epoch  87/100  loss=0.1198  bal_acc=0.6233
  epoch  88/100  loss=0.1302  bal_acc=0.6250
  epoch  89/100  loss=0.1226  bal_acc=0.6094
  epoch  90/100  loss=0.1230  bal_acc=0.6076
  epoch  91/100  loss=0.1321  bal_acc=0.6042
  epoch  92/100  loss=0.1328  bal_acc=0.5868
  epoch  93/100  loss=0.1293  bal_acc=0.5469
  epoch  94/100  loss=0.1227  bal_acc=0.6007
  epoch  95/100  loss=0.1267  bal_acc=0.6424
  epoch  96/100  loss=0.1210  bal_acc=0.6198
  epoch  97/100  loss=0.1175  bal_acc=0.5938
  epoch  98/100  loss=0.1222  bal_acc=0.6094
  epoch  99/100  loss=0.1248  bal_acc=0.5694
  epoch 100/100  loss=0.1268  bal_acc=0.6076
Results saved to results/BNCI2014_001/results.json
Trial logged to results/BNCI2014_001/trials.csv
[status] trial 25 done (state=COMPLETE, value=0.6076388888888888) -- 25 completed total
Device: cuda
[BNCI2014_001] loading from cache: /home/aleksander.berezowsk/.cache/spiking_eegnet/BNCI2014_001_af1ccf3e92f684d8a93c057082b654d7.npz
[BNCI2014_001] cache hit: (5184, 1, 22, 1001), classes=['feet', 'left_hand', 'right_hand', 'tongue'], subjects=9
Dataset meta: {'n_classes': 4, 'n_channels': 22, 'n_samples': 1001, 'class_names': ['feet', 'left_hand', 'right_hand', 'tongue'], 'subject_list': [1, 2, 3, 4, 5, 6, 7, 8, 9], 'n_subjects': 9, 'sfreq': 250.0}

Applying bandpass filter: 39.347158081356255–12.576434908658635 Hz
Finished : Sun Jun 14 23:38:57 MDT 2026
Exit code: 0
