mkdir: cannot create directory ‘/scratch/mne_data’: Permission denied

[notice] A new release of pip is available: 24.2 -> 26.1.2
[notice] To update, run: pip install --upgrade pip

[notice] A new release of pip is available: 24.2 -> 26.1.2
[notice] To update, run: pip install --upgrade pip
ERROR: Invalid requirement: 'Binary file requirements.txt matches': Expected end or semicolon (after name and no valid version specifier)
    Binary file requirements.txt matches
           ^ (from line 1 of /home/aleksander.berezowsk/requirements_notorch.txt)

[notice] A new release of pip is available: 24.2 -> 26.1.2
[notice] To update, run: pip install --upgrade pip

[notice] A new release of pip is available: 24.2 -> 26.1.2
[notice] To update, run: pip install --upgrade pip
/home/aleksander.berezowsk/spiking-eegnet/src/main.py:97: ExperimentalWarning: Argument ``multivariate`` is an experimental feature. The interface can change in the future.
  sampler=TPESampler(n_startup_trials=tpe_trails, multivariate=True, group=True)
/home/aleksander.berezowsk/spiking-eegnet/src/main.py:97: ExperimentalWarning: Argument ``group`` is an experimental feature. The interface can change in the future.
  sampler=TPESampler(n_startup_trials=tpe_trails, multivariate=True, group=True)
[I 2026-06-22 19:29:37,454] Using an existing study with name 'snn_eegnet_v3_200_20' instead of creating a new one.
[I 2026-06-23 00:04:01,392] Trial 1 finished with value: 0.36496913580246915 and parameters: {'FLOW': 2.8341768564880447, 'FHIGH': 87.40835589195878, 'LR_EXP': -2.2899772977657156, 'DROPOUT': 0.35282724330059345, 'BETA': 0.5797552075364416, 'SPIKE_GRAD_SLOPE': 54.627377967399525, 'TEMPORAL_FILTERS': 5, 'DEPTH_MULTIPLIER': 1, 'POINTWISE_FILTERS': 55, 'TEMPORAL_KERNEL_DIV': 8, 'SEPARABLE_KERNEL_SIZE': 18, 'POOL1_SIZE': 4, 'POOL2_SIZE': 7, 'N_STEPS_TRAIN': 7, 'N_STEPS_EVAL': 22, 'READOUT_MODE': 'spk_last'}. Best is trial 0 with value: 0.37789351851851855.
[I 2026-06-23 10:49:23,566] Trial 5 finished with value: 0.3931327160493827 and parameters: {'FLOW': 4.080442549624081, 'FHIGH': 78.30059003183267, 'LR_EXP': -3.9059498693629613, 'DROPOUT': 0.5799074137837913, 'BETA': 0.7440357964998375, 'SPIKE_GRAD_SLOPE': 8.931131482214125, 'TEMPORAL_FILTERS': 29, 'DEPTH_MULTIPLIER': 4, 'POINTWISE_FILTERS': 12, 'TEMPORAL_KERNEL_DIV': 2, 'SEPARABLE_KERNEL_SIZE': 17, 'POOL1_SIZE': 6, 'POOL2_SIZE': 8, 'N_STEPS_TRAIN': 5, 'N_STEPS_EVAL': 6, 'READOUT_MODE': 'spk_mean'}. Best is trial 4 with value: 0.4220679012345679.
slurmstepd: error: *** JOB 44160212 ON fg2 CANCELLED AT 2026-06-23T19:29:22 DUE TO TIME LIMIT ***
