Job ID   : 43965859
Node     : fg2
Started  : Wed Jun 17 18:23:12 MDT 2026
Directory: /home/aleksander.berezowsk/spiking-eegnet
Requirement already satisfied: setuptools==69.5.1 in /home/aleksander.berezowsk/venv/lib/python3.12/site-packages (69.5.1)
Requirement already satisfied: torch==2.4.0 in /home/aleksander.berezowsk/venv/lib/python3.12/site-packages (2.4.0)
Requirement already satisfied: torchvision==0.19.0 in /home/aleksander.berezowsk/venv/lib/python3.12/site-packages (0.19.0)
Requirement already satisfied: torchaudio==2.4.0 in /home/aleksander.berezowsk/venv/lib/python3.12/site-packages (2.4.0)
Requirement already satisfied: torchmetrics in /home/aleksander.berezowsk/venv/lib/python3.12/site-packages (1.9.0)
Requirement already satisfied: filelock in /home/aleksander.berezowsk/venv/lib/python3.12/site-packages (from torch==2.4.0) (3.29.0)
Requirement already satisfied: typing-extensions>=4.8.0 in /home/aleksander.berezowsk/venv/lib/python3.12/site-packages (from torch==2.4.0) (4.15.0)
Requirement already satisfied: sympy in /home/aleksander.berezowsk/venv/lib/python3.12/site-packages (from torch==2.4.0) (1.14.0)
Requirement already satisfied: networkx in /home/aleksander.berezowsk/venv/lib/python3.12/site-packages (from torch==2.4.0) (3.6.1)
Requirement already satisfied: jinja2 in /home/aleksander.berezowsk/venv/lib/python3.12/site-packages (from torch==2.4.0) (3.1.6)
Requirement already satisfied: fsspec in /home/aleksander.berezowsk/venv/lib/python3.12/site-packages (from torch==2.4.0) (2026.4.0)
Requirement already satisfied: setuptools in /home/aleksander.berezowsk/venv/lib/python3.12/site-packages (from torch==2.4.0) (69.5.1)
Requirement already satisfied: nvidia-cuda-nvrtc-cu12==12.1.105 in /home/aleksander.berezowsk/venv/lib/python3.12/site-packages (from torch==2.4.0) (12.1.105)
Requirement already satisfied: nvidia-cuda-runtime-cu12==12.1.105 in /home/aleksander.berezowsk/venv/lib/python3.12/site-packages (from torch==2.4.0) (12.1.105)
Requirement already satisfied: nvidia-cuda-cupti-cu12==12.1.105 in /home/aleksander.berezowsk/venv/lib/python3.12/site-packages (from torch==2.4.0) (12.1.105)
Requirement already satisfied: nvidia-cudnn-cu12==9.1.0.70 in /home/aleksander.berezowsk/venv/lib/python3.12/site-packages (from torch==2.4.0) (9.1.0.70)
Requirement already satisfied: nvidia-cublas-cu12==12.1.3.1 in /home/aleksander.berezowsk/venv/lib/python3.12/site-packages (from torch==2.4.0) (12.1.3.1)
Requirement already satisfied: nvidia-cufft-cu12==11.0.2.54 in /home/aleksander.berezowsk/venv/lib/python3.12/site-packages (from torch==2.4.0) (11.0.2.54)
Requirement already satisfied: nvidia-curand-cu12==10.3.2.106 in /home/aleksander.berezowsk/venv/lib/python3.12/site-packages (from torch==2.4.0) (10.3.2.106)
Requirement already satisfied: nvidia-cusolver-cu12==11.4.5.107 in /home/aleksander.berezowsk/venv/lib/python3.12/site-packages (from torch==2.4.0) (11.4.5.107)
Requirement already satisfied: nvidia-cusparse-cu12==12.1.0.106 in /home/aleksander.berezowsk/venv/lib/python3.12/site-packages (from torch==2.4.0) (12.1.0.106)
Requirement already satisfied: nvidia-nccl-cu12==2.20.5 in /home/aleksander.berezowsk/venv/lib/python3.12/site-packages (from torch==2.4.0) (2.20.5)
Requirement already satisfied: nvidia-nvtx-cu12==12.1.105 in /home/aleksander.berezowsk/venv/lib/python3.12/site-packages (from torch==2.4.0) (12.1.105)
Requirement already satisfied: triton==3.0.0 in /home/aleksander.berezowsk/venv/lib/python3.12/site-packages (from torch==2.4.0) (3.0.0)
Requirement already satisfied: numpy in /home/aleksander.berezowsk/venv/lib/python3.12/site-packages (from torchvision==0.19.0) (2.4.6)
Requirement already satisfied: pillow!=8.3.*,>=5.3.0 in /home/aleksander.berezowsk/venv/lib/python3.12/site-packages (from torchvision==0.19.0) (12.2.0)
Requirement already satisfied: nvidia-nvjitlink-cu12 in /home/aleksander.berezowsk/venv/lib/python3.12/site-packages (from nvidia-cusolver-cu12==11.4.5.107->torch==2.4.0) (12.9.86)
Requirement already satisfied: packaging>17.1 in /home/aleksander.berezowsk/venv/lib/python3.12/site-packages (from torchmetrics) (26.2)
Requirement already satisfied: lightning-utilities>=0.15.3 in /home/aleksander.berezowsk/venv/lib/python3.12/site-packages (from torchmetrics) (0.15.3)
Requirement already satisfied: MarkupSafe>=2.0 in /home/aleksander.berezowsk/venv/lib/python3.12/site-packages (from jinja2->torch==2.4.0) (3.0.3)
Requirement already satisfied: mpmath<1.4,>=1.1.0 in /home/aleksander.berezowsk/venv/lib/python3.12/site-packages (from sympy->torch==2.4.0) (1.3.0)
Requirement already satisfied: optuna in /home/aleksander.berezowsk/venv/lib/python3.12/site-packages (4.9.0)
Requirement already satisfied: snntorch in /home/aleksander.berezowsk/venv/lib/python3.12/site-packages (0.9.4)
Requirement already satisfied: alembic>=1.5.0 in /home/aleksander.berezowsk/venv/lib/python3.12/site-packages (from optuna) (1.18.4)
Requirement already satisfied: colorlog in /home/aleksander.berezowsk/venv/lib/python3.12/site-packages (from optuna) (6.10.1)
Requirement already satisfied: numpy in /home/aleksander.berezowsk/venv/lib/python3.12/site-packages (from optuna) (2.4.6)
Requirement already satisfied: packaging>=20.0 in /home/aleksander.berezowsk/venv/lib/python3.12/site-packages (from optuna) (26.2)
Requirement already satisfied: sqlalchemy>=1.4.2 in /home/aleksander.berezowsk/venv/lib/python3.12/site-packages (from optuna) (2.0.50)
Requirement already satisfied: tqdm in /home/aleksander.berezowsk/venv/lib/python3.12/site-packages (from optuna) (4.67.3)
Requirement already satisfied: PyYAML in /home/aleksander.berezowsk/venv/lib/python3.12/site-packages (from optuna) (6.0.3)
Requirement already satisfied: Mako in /home/aleksander.berezowsk/venv/lib/python3.12/site-packages (from alembic>=1.5.0->optuna) (1.3.12)
Requirement already satisfied: typing-extensions>=4.12 in /home/aleksander.berezowsk/venv/lib/python3.12/site-packages (from alembic>=1.5.0->optuna) (4.15.0)
Requirement already satisfied: greenlet>=1 in /home/aleksander.berezowsk/venv/lib/python3.12/site-packages (from sqlalchemy>=1.4.2->optuna) (3.5.1)
Requirement already satisfied: MarkupSafe>=0.9.2 in /home/aleksander.berezowsk/venv/lib/python3.12/site-packages (from Mako->alembic>=1.5.0->optuna) (3.0.3)
Device: cuda
[BNCI2014_001] loading from cache: /home/aleksander.berezowsk/.cache/spiking_eegnet/BNCI2014_001_af1ccf3e92f684d8a93c057082b654d7.npz
[BNCI2014_001] cache hit: (5184, 1, 22, 1001), classes=['feet', 'left_hand', 'right_hand', 'tongue'], subjects=9
Dataset meta: {'n_classes': 4, 'n_channels': 22, 'n_samples': 1001, 'class_names': ['feet', 'left_hand', 'right_hand', 'tongue'], 'subject_list': [1, 2, 3, 4, 5, 6, 7, 8, 9], 'n_subjects': 9, 'sfreq': 250.0}
Applying bandpass filter: 4.0–40.0 Hz

Training model (float32) …

=== LOSO (hold out subject 0) ===
  Train: 4608 trials  |  Test: 576 trials
  Model params: 8,916
  epoch   1/100  loss=1.3913  bal_acc=0.2812
  epoch   2/100  loss=1.3740  bal_acc=0.3611
  epoch   3/100  loss=1.3629  bal_acc=0.3542
  epoch   4/100  loss=1.3509  bal_acc=0.3247
  epoch   5/100  loss=1.3431  bal_acc=0.3958
  epoch   6/100  loss=1.3330  bal_acc=0.3958
  epoch   7/100  loss=1.3232  bal_acc=0.3646
  epoch   8/100  loss=1.3054  bal_acc=0.3802
  epoch   9/100  loss=1.2970  bal_acc=0.4219
  epoch  10/100  loss=1.2792  bal_acc=0.4375
  epoch  11/100  loss=1.2685  bal_acc=0.4184
  epoch  12/100  loss=1.2551  bal_acc=0.4288
  epoch  13/100  loss=1.2542  bal_acc=0.4271
  epoch  14/100  loss=1.2428  bal_acc=0.4653
  epoch  15/100  loss=1.2325  bal_acc=0.4392
  epoch  16/100  loss=1.2176  bal_acc=0.4427
  epoch  17/100  loss=1.2081  bal_acc=0.4462
  epoch  18/100  loss=1.1988  bal_acc=0.4097
  epoch  19/100  loss=1.1937  bal_acc=0.5000
  epoch  20/100  loss=1.1794  bal_acc=0.4792
  epoch  21/100  loss=1.1700  bal_acc=0.5347
  epoch  22/100  loss=1.1612  bal_acc=0.5278
  epoch  23/100  loss=1.1621  bal_acc=0.4497
  epoch  24/100  loss=1.1565  bal_acc=0.5069
  epoch  25/100  loss=1.1538  bal_acc=0.4792
  epoch  26/100  loss=1.1484  bal_acc=0.3924
  epoch  27/100  loss=1.1338  bal_acc=0.4792
  epoch  28/100  loss=1.1311  bal_acc=0.4965
  epoch  29/100  loss=1.1353  bal_acc=0.4080
  epoch  30/100  loss=1.1254  bal_acc=0.3889
  epoch  31/100  loss=1.1125  bal_acc=0.5122
  epoch  32/100  loss=1.1137  bal_acc=0.5052
  epoch  33/100  loss=1.1089  bal_acc=0.4740
  epoch  34/100  loss=1.1023  bal_acc=0.4375
  epoch  35/100  loss=1.1020  bal_acc=0.4861
  epoch  36/100  loss=1.1006  bal_acc=0.4392
  epoch  37/100  loss=1.0862  bal_acc=0.3941
  epoch  38/100  loss=1.0850  bal_acc=0.4097
  epoch  39/100  loss=1.0863  bal_acc=0.3108
  epoch  40/100  loss=1.0802  bal_acc=0.3264
  epoch  41/100  loss=1.0755  bal_acc=0.4219
  epoch  42/100  loss=1.0816  bal_acc=0.3993
  epoch  43/100  loss=1.0708  bal_acc=0.4514
  epoch  44/100  loss=1.0645  bal_acc=0.5122
  epoch  45/100  loss=1.0703  bal_acc=0.3993
  epoch  46/100  loss=1.0649  bal_acc=0.5243
  epoch  47/100  loss=1.0518  bal_acc=0.5295
  epoch  48/100  loss=1.0416  bal_acc=0.5312
  epoch  49/100  loss=1.0499  bal_acc=0.4306
  epoch  50/100  loss=1.0366  bal_acc=0.4028
  epoch  51/100  loss=1.0372  bal_acc=0.4705
  epoch  52/100  loss=1.0440  bal_acc=0.5069
  epoch  53/100  loss=1.0413  bal_acc=0.4792
  epoch  54/100  loss=1.0328  bal_acc=0.4062
  epoch  55/100  loss=1.0374  bal_acc=0.4340
  epoch  56/100  loss=1.0376  bal_acc=0.4861
  epoch  57/100  loss=1.0322  bal_acc=0.4479
  epoch  58/100  loss=1.0261  bal_acc=0.3559
  epoch  59/100  loss=1.0311  bal_acc=0.5017
  epoch  60/100  loss=1.0293  bal_acc=0.4740
  epoch  61/100  loss=1.0139  bal_acc=0.4635
  epoch  62/100  loss=1.0199  bal_acc=0.3420
  epoch  63/100  loss=1.0211  bal_acc=0.4948
  epoch  64/100  loss=1.0206  bal_acc=0.4219
  epoch  65/100  loss=1.0143  bal_acc=0.4149
  epoch  66/100  loss=1.0166  bal_acc=0.4271
  epoch  67/100  loss=0.9983  bal_acc=0.3663
  epoch  68/100  loss=1.0060  bal_acc=0.4306
  epoch  69/100  loss=0.9912  bal_acc=0.3490
  epoch  70/100  loss=1.0044  bal_acc=0.3854
  epoch  71/100  loss=0.9977  bal_acc=0.5208
  epoch  72/100  loss=1.0033  bal_acc=0.4948
  epoch  73/100  loss=0.9961  bal_acc=0.3785
  epoch  74/100  loss=1.0040  bal_acc=0.4688
  epoch  75/100  loss=0.9956  bal_acc=0.3507
  epoch  76/100  loss=0.9961  bal_acc=0.3507
  epoch  77/100  loss=0.9969  bal_acc=0.4722
  epoch  78/100  loss=1.0071  bal_acc=0.3472
  epoch  79/100  loss=0.9924  bal_acc=0.5139
  epoch  80/100  loss=0.9822  bal_acc=0.4948
  epoch  81/100  loss=0.9717  bal_acc=0.5747
  epoch  82/100  loss=0.9807  bal_acc=0.4688
  epoch  83/100  loss=0.9808  bal_acc=0.5104
  epoch  84/100  loss=0.9907  bal_acc=0.5295
  epoch  85/100  loss=0.9738  bal_acc=0.5226
  epoch  86/100  loss=0.9839  bal_acc=0.5226
  epoch  87/100  loss=0.9898  bal_acc=0.5399
  epoch  88/100  loss=0.9693  bal_acc=0.4236
  epoch  89/100  loss=0.9778  bal_acc=0.5399
  epoch  90/100  loss=0.9706  bal_acc=0.5868
  epoch  91/100  loss=0.9799  bal_acc=0.5590
  epoch  92/100  loss=0.9738  bal_acc=0.5816
  epoch  93/100  loss=0.9735  bal_acc=0.5729
  epoch  94/100  loss=0.9787  bal_acc=0.5000
  epoch  95/100  loss=0.9701  bal_acc=0.5729
  epoch  96/100  loss=0.9751  bal_acc=0.4826
  epoch  97/100  loss=0.9647  bal_acc=0.3524
  epoch  98/100  loss=0.9722  bal_acc=0.4566
  epoch  99/100  loss=0.9709  bal_acc=0.4722
  epoch 100/100  loss=0.9665  bal_acc=0.4323

Training complete.  Final balanced accuracy: 0.4323
Checkpoint saved → results/BNCI2014_001/model.pt

============================================================
  Starting fixed-point quantization sweep
============================================================

============================================================
  Model Weight Analysis
============================================================
[Analysis] Architecture summary → results/BNCI2014_001/quantization/model_analysis/model_architecture.txt

======================================================================
  Model: SpikingEEGNet
======================================================================
  Total parameters  : 8,916
  Trainable params  : 8,916
  Non-trainable     : 0

  SpikingEEGNet  (SpikingEEGNet)  [8,916 params]
    temporal_conv  (Sequential)  [4,016 params]
      0  (Conv2d)
          └─ weight:[8, 1, 1, 500]  numel=4,000
      1  (BatchNorm2d)
          └─ weight:[8]  numel=8
          └─ bias:[8]  numel=8
          └─ running_mean:[8]  [buffer]
          └─ running_var:[8]  [buffer]
    lif1  (Leaky)
        └─ threshold:[]  [buffer]
        └─ graded_spikes_factor:[]  [buffer]
        └─ reset_mechanism_val:[]  [buffer]
        └─ beta:[]  [buffer]
        └─ mem:[32, 8, 22, 1002]  [buffer]
    depthwise_conv  (Sequential)  [384 params]
      0  (Conv2d)
          └─ weight:[16, 1, 22, 1]  numel=352
      1  (BatchNorm2d)
          └─ weight:[16]  numel=16
          └─ bias:[16]  numel=16
          └─ running_mean:[16]  [buffer]
          └─ running_var:[16]  [buffer]
    lif2  (Leaky)
        └─ threshold:[]  [buffer]
        └─ graded_spikes_factor:[]  [buffer]
        └─ reset_mechanism_val:[]  [buffer]
        └─ beta:[]  [buffer]
        └─ mem:[32, 16, 1, 1002]  [buffer]
    pool1  (AvgPool2d)  [no params]
    drop1  (Dropout)  [no params]
    separable_depthwise  (Conv2d)
        └─ weight:[16, 1, 1, 16]  numel=256
    separable_pointwise  (Sequential)  [288 params]
      0  (Conv2d)
          └─ weight:[16, 16, 1, 1]  numel=256
      1  (BatchNorm2d)
          └─ weight:[16]  numel=16
          └─ bias:[16]  numel=16
          └─ running_mean:[16]  [buffer]
          └─ running_var:[16]  [buffer]
    lif3  (Leaky)
        └─ threshold:[]  [buffer]
        └─ graded_spikes_factor:[]  [buffer]
        └─ reset_mechanism_val:[]  [buffer]
        └─ beta:[]  [buffer]
        └─ mem:[32, 16, 1, 251]  [buffer]
    pool2  (AvgPool2d)  [no params]
    drop2  (Dropout)  [no params]
    classifier  (Linear)
        └─ weight:[4, 992]  numel=3,968
        └─ bias:[4]  numel=4
======================================================================
[Analysis] Layer stats CSV     → results/BNCI2014_001/quantization/model_analysis/layer_weight_stats.csv
[Analysis] Outlier report      → results/BNCI2014_001/quantization/model_analysis/weight_outlier_report.txt

======================================================================
  Weight Outlier Report  (threshold = 3.0σ)
======================================================================

  Top 20 tensors by maximum |weight|:
  Rank  Tensor name                                         |max|       std  shape
  ----------------------------------------------------------------------------------
     1  lif1.mem                                         63.08731   7.36612  (32, 8, 22, 1002)
     2  lif3.mem                                         53.12890   6.23202  (32, 16, 1, 251)
     3  lif2.mem                                         46.57390   7.42440  (32, 16, 1, 1002)
     4  temporal_conv.1.running_var                       2.39544   0.42343  (8,)
     5  depthwise_conv.1.weight                           1.26293   0.10469  (16,)
     6  separable_pointwise.1.weight                      1.11480   0.03969  (16,)
     7  temporal_conv.1.weight                            1.08437   0.07692  (8,)
     8  lif2.threshold                                    1.00000   0.00000  ()
     9  lif1.threshold                                    1.00000   0.00000  ()
    10  lif1.graded_spikes_factor                         1.00000   0.00000  ()
    11  lif2.graded_spikes_factor                         1.00000   0.00000  ()
    12  lif3.graded_spikes_factor                         1.00000   0.00000  ()
    13  lif3.threshold                                    1.00000   0.00000  ()
    14  lif2.beta                                         0.95000   0.00000  ()
    15  lif1.beta                                         0.95000   0.00000  ()
    16  lif3.beta                                         0.95000   0.00000  ()
    17  separable_pointwise.0.weight                      0.43308   0.14503  (16, 16, 1, 1)
    18  depthwise_conv.0.weight                           0.37058   0.13163  (16, 1, 22, 1)
    19  depthwise_conv.1.running_mean                     0.35772   0.16787  (16,)
    20  separable_depthwise.weight                        0.31277   0.14500  (16, 1, 1, 16)

  Layers where > 1% of weights are >3.0σ outliers:
  Tensor name                                      out%   out_count     abs_max
  ----------------------------------------------------------------------------
  separable_pointwise.1.bias                      6.25%           1     0.12837
  lif2.mem                                        1.76%       9,054    46.57390
  lif3.mem                                        1.75%       2,254    53.12890
  lif1.mem                                        1.30%      73,237    63.08731

  BatchNorm running statistics (can be large → drives integer bit width):
  Tensor name                                           min         max     abs_max
  --------------------------------------------------------------------------------
  temporal_conv.1.running_var                       1.19368     2.39544     2.39544
  depthwise_conv.1.running_mean                    -0.31078     0.35772     0.35772
  separable_pointwise.1.running_mean               -0.22674     0.24078     0.24078
  depthwise_conv.1.running_var                      0.02108     0.21887     0.21887
  separable_pointwise.1.running_var                 0.01200     0.03064     0.03064
  temporal_conv.1.running_mean                     -0.00125     0.00070     0.00125

  Likely drivers of large integer-bit requirement
  (tensors with |max| >= 50% of global max = 63.08731):
    • lif1.mem  |max|=63.08731  (100.0% of global max)
    • lif3.mem  |max|=53.12890  (84.2% of global max)
    • lif2.mem  |max|=46.57390  (73.8% of global max)

======================================================================

[Analysis] Generating plots …
[Analysis] Saved → results/BNCI2014_001/quantization/model_analysis/weight_distributions.png
[Analysis] Saved → results/BNCI2014_001/quantization/model_analysis/parameter_magnitude_bar.png
[Analysis] Saved → results/BNCI2014_001/quantization/model_analysis/outlier_fraction_bar.png
[Analysis] Saved → results/BNCI2014_001/quantization/model_analysis/weight_heatmaps.png
[Analysis] Saved → results/BNCI2014_001/quantization/model_analysis/layer_stats_table.png

[Analysis] Complete.  All outputs in results/BNCI2014_001/quantization/model_analysis/
============================================================

  [DEBUG param] temporal_conv.0.weight                             max=0.154584  shape=(8, 1, 1, 500)
  [DEBUG param] temporal_conv.1.weight                             max=1.084366  shape=(8,)
  [DEBUG param] temporal_conv.1.bias                               max=0.125195  shape=(8,)
  [DEBUG param] depthwise_conv.0.weight                            max=0.370576  shape=(16, 1, 22, 1)
  [DEBUG param] depthwise_conv.1.weight                            max=1.262933  shape=(16,)
  [DEBUG param] depthwise_conv.1.bias                              max=0.227388  shape=(16,)
  [DEBUG param] separable_depthwise.weight                         max=0.312773  shape=(16, 1, 1, 16)
  [DEBUG param] separable_pointwise.0.weight                       max=0.433076  shape=(16, 16, 1, 1)
  [DEBUG param] separable_pointwise.1.weight                       max=1.114799  shape=(16,)
  [DEBUG param] separable_pointwise.1.bias                         max=0.128366  shape=(16,)
  [DEBUG param] classifier.weight                                  max=0.288532  shape=(4, 992)
  [DEBUG param] classifier.bias                                    max=0.049129  shape=(4,)
  [DEBUG buf]  temporal_conv.1.running_mean                       max=0.001253  shape=(8,)  <-- included
  [DEBUG buf]  temporal_conv.1.running_var                        max=2.395442  shape=(8,)  <-- SKIPPED
  [DEBUG buf]  temporal_conv.1.num_batches_tracked                max=57601.000000  shape=()  <-- SKIPPED
  [DEBUG buf]  lif1.threshold                                     max=1.000000  shape=()  <-- SKIPPED
  [DEBUG buf]  lif1.graded_spikes_factor                          max=1.000000  shape=()  <-- SKIPPED
  [DEBUG buf]  lif1.reset_mechanism_val                           max=0.000000  shape=()  <-- included
  [DEBUG buf]  lif1.beta                                          max=0.950000  shape=()  <-- SKIPPED
  [DEBUG buf]  lif1.mem                                           max=63.087315  shape=(32, 8, 22, 1002)  <-- SKIPPED
  [DEBUG buf]  depthwise_conv.1.running_mean                      max=0.357719  shape=(16,)  <-- included
  [DEBUG buf]  depthwise_conv.1.running_var                       max=0.218873  shape=(16,)  <-- SKIPPED
  [DEBUG buf]  depthwise_conv.1.num_batches_tracked               max=57601.000000  shape=()  <-- SKIPPED
  [DEBUG buf]  lif2.threshold                                     max=1.000000  shape=()  <-- SKIPPED
  [DEBUG buf]  lif2.graded_spikes_factor                          max=1.000000  shape=()  <-- SKIPPED
  [DEBUG buf]  lif2.reset_mechanism_val                           max=0.000000  shape=()  <-- included
  [DEBUG buf]  lif2.beta                                          max=0.950000  shape=()  <-- SKIPPED
  [DEBUG buf]  lif2.mem                                           max=46.573895  shape=(32, 16, 1, 1002)  <-- SKIPPED
  [DEBUG buf]  separable_pointwise.1.running_mean                 max=0.240779  shape=(16,)  <-- included
  [DEBUG buf]  separable_pointwise.1.running_var                  max=0.030644  shape=(16,)  <-- SKIPPED
  [DEBUG buf]  separable_pointwise.1.num_batches_tracked          max=57601.000000  shape=()  <-- SKIPPED
  [DEBUG buf]  lif3.threshold                                     max=1.000000  shape=()  <-- SKIPPED
  [DEBUG buf]  lif3.graded_spikes_factor                          max=1.000000  shape=()  <-- SKIPPED
  [DEBUG buf]  lif3.reset_mechanism_val                           max=0.000000  shape=()  <-- included
  [DEBUG buf]  lif3.beta                                          max=0.950000  shape=()  <-- SKIPPED
  [DEBUG buf]  lif3.mem                                           max=53.128902  shape=(32, 16, 1, 251)  <-- SKIPPED

[QuantAnalysis] Maximum observed value  : 8.530083
[QuantAnalysis]   - max input abs       : 8.530083
[QuantAnalysis]   - max param abs       : 1.262933
[QuantAnalysis] Minimum integer bits    : 4
[QuantAnalysis] Safety margin           : 1 bit(s)
[QuantAnalysis] Sign bit                : 1 (signed)
[QuantAnalysis] Selected integer bits   : 6

============================================================
  Fixed-Point Sweep: Q6.<F>  (F = 64 → 0)
  Overflow mode  : saturate
  Rounding mode  : nearest
  Signed         : True
  SNN time steps : 20
  Output dir     : results/BNCI2014_001/quantization
============================================================

Evaluating float32 baseline …
  Float32 baseline → acc=0.4323  loss=1.2636

  [  1/65]  Q6.64         acc=0.3455  loss=1.2624  (1.8s)  [2%]
  [  2/65]  Q6.63         acc=0.3455  loss=1.2624  (1.7s)  [3%]
  [  3/65]  Q6.62         acc=0.3455  loss=1.2624  (1.7s)  [5%]
  [  4/65]  Q6.61         acc=0.3455  loss=1.2624  (1.7s)  [6%]
  [  5/65]  Q6.60         acc=0.3455  loss=1.2624  (1.7s)  [8%]
  [  6/65]  Q6.59         acc=0.3455  loss=1.2624  (1.7s)  [9%]
  [  7/65]  Q6.58         acc=0.3455  loss=1.2624  (1.7s)  [11%]
  [  8/65]  Q6.57         acc=0.3455  loss=1.2624  (1.7s)  [12%]
  [  9/65]  Q6.56         acc=0.3455  loss=1.2624  (1.7s)  [14%]
  [ 10/65]  Q6.55         acc=0.3455  loss=1.2624  (1.7s)  [15%]
  [ 11/65]  Q6.54         acc=0.3455  loss=1.2624  (1.7s)  [17%]
  [ 12/65]  Q6.53         acc=0.3455  loss=1.2624  (1.7s)  [18%]
  [ 13/65]  Q6.52         acc=0.3455  loss=1.2624  (1.7s)  [20%]
  [ 14/65]  Q6.51         acc=0.3455  loss=1.2624  (1.7s)  [22%]
  [ 15/65]  Q6.50         acc=0.3455  loss=1.2624  (1.7s)  [23%]
  [ 16/65]  Q6.49         acc=0.3455  loss=1.2624  (1.7s)  [25%]
  [ 17/65]  Q6.48         acc=0.3455  loss=1.2624  (1.7s)  [26%]
  [ 18/65]  Q6.47         acc=0.3455  loss=1.2624  (1.7s)  [28%]
  [ 19/65]  Q6.46         acc=0.3455  loss=1.2624  (1.7s)  [29%]
  [ 20/65]  Q6.45         acc=0.3455  loss=1.2624  (1.7s)  [31%]
  [ 21/65]  Q6.44         acc=0.3455  loss=1.2624  (1.7s)  [32%]
  [ 22/65]  Q6.43         acc=0.3455  loss=1.2624  (1.7s)  [34%]
  [ 23/65]  Q6.42         acc=0.3455  loss=1.2624  (1.7s)  [35%]
  [ 24/65]  Q6.41         acc=0.3455  loss=1.2624  (1.7s)  [37%]
  [ 25/65]  Q6.40         acc=0.3455  loss=1.2624  (1.7s)  [38%]
  [ 26/65]  Q6.39         acc=0.3455  loss=1.2624  (1.7s)  [40%]
  [ 27/65]  Q6.38         acc=0.3455  loss=1.2624  (1.7s)  [42%]
  [ 28/65]  Q6.37         acc=0.3455  loss=1.2624  (1.7s)  [43%]
  [ 29/65]  Q6.36         acc=0.3455  loss=1.2624  (1.7s)  [45%]
  [ 30/65]  Q6.35         acc=0.3455  loss=1.2624  (1.7s)  [46%]
  [ 31/65]  Q6.34         acc=0.3455  loss=1.2624  (1.7s)  [48%]
  [ 32/65]  Q6.33         acc=0.3455  loss=1.2624  (1.7s)  [49%]
  [ 33/65]  Q6.32         acc=0.3455  loss=1.2624  (1.7s)  [51%]
  [ 34/65]  Q6.31         acc=0.3455  loss=1.2624  (1.7s)  [52%]
  [ 35/65]  Q6.30         acc=0.3455  loss=1.2624  (1.7s)  [54%]
  [ 36/65]  Q6.29         acc=0.3455  loss=1.2624  (1.7s)  [55%]
  [ 37/65]  Q6.28         acc=0.3455  loss=1.2624  (1.7s)  [57%]
  [ 38/65]  Q6.27         acc=0.3455  loss=1.2624  (1.7s)  [58%]
  [ 39/65]  Q6.26         acc=0.3455  loss=1.2625  (1.7s)  [60%]
  [ 40/65]  Q6.25         acc=0.3455  loss=1.2624  (1.7s)  [62%]
  [ 41/65]  Q6.24         acc=0.3455  loss=1.2625  (1.7s)  [63%]
  [ 42/65]  Q6.23         acc=0.3455  loss=1.2625  (1.7s)  [65%]
  [ 43/65]  Q6.22         acc=0.3472  loss=1.2624  (1.7s)  [66%]
  [ 44/65]  Q6.21         acc=0.3455  loss=1.2624  (1.7s)  [68%]
  [ 45/65]  Q6.20         acc=0.3455  loss=1.2625  (1.7s)  [69%]
  [ 46/65]  Q6.19         acc=0.3438  loss=1.2625  (1.7s)  [71%]
  [ 47/65]  Q6.18         acc=0.3490  loss=1.2626  (1.7s)  [72%]
  [ 48/65]  Q6.17         acc=0.3455  loss=1.2623  (1.7s)  [74%]
  [ 49/65]  Q6.16         acc=0.3490  loss=1.2629  (1.7s)  [75%]
  [ 50/65]  Q6.15         acc=0.3507  loss=1.2613  (1.7s)  [77%]
  [ 51/65]  Q6.14         acc=0.3472  loss=1.2627  (1.7s)  [78%]
  [ 52/65]  Q6.13         acc=0.3490  loss=1.2623  (1.7s)  [80%]
  [ 53/65]  Q6.12         acc=0.3455  loss=1.2615  (1.7s)  [82%]
  [ 54/65]  Q6.11         acc=0.3455  loss=1.2639  (1.7s)  [83%]
  [ 55/65]  Q6.10         acc=0.3490  loss=1.2599  (1.7s)  [85%]
  [ 56/65]  Q6.9          acc=0.3507  loss=1.2541  (1.7s)  [86%]
  [ 57/65]  Q6.8          acc=0.3542  loss=1.2647  (1.7s)  [88%]
  [ 58/65]  Q6.7          acc=0.3819  loss=1.2502  (1.7s)  [89%]
  [ 59/65]  Q6.6          acc=0.3108  loss=1.2809  (1.7s)  [91%]
  [ 60/65]  Q6.5          acc=0.3802  loss=1.2575  (1.7s)  [92%]
  [ 61/65]  Q6.4          acc=0.4497  loss=1.1933  (1.7s)  [94%]
  [ 62/65]  Q6.3          acc=0.3941  loss=1.5843  (1.7s)  [95%]
  [ 63/65]  Q6.2          acc=0.2726  loss=1.4284  (1.7s)  [97%]
  [ 64/65]  Q6.1          acc=0.2500  loss=1.4650  (1.7s)  [98%]
  [ 65/65]  Q6.0          acc=0.2500  loss=1.3863  (1.7s)  [100%]

[Sweep] Results saved → results/BNCI2014_001/quantization/quantization_results.csv
[Sweep] Baseline saved → results/BNCI2014_001/quantization/float_baseline.csv

[Sweep] Generating plots …
[Plot] Saved → results/BNCI2014_001/quantization/accuracy_vs_fractional_bits.png
[Plot] Saved → results/BNCI2014_001/quantization/loss_vs_fractional_bits.png
[Plot] Saved → results/BNCI2014_001/quantization/accuracy_drop_vs_fractional_bits.png

[Sweep] Complete.  Results in results/BNCI2014_001/quantization/

=======================================================
    F-bits    Accuracy        Loss   Drop pp
-------------------------------------------------------
        64      34.55%      1.2624    +8.68pp
        60      34.55%      1.2624    +8.68pp
        56      34.55%      1.2624    +8.68pp
        52      34.55%      1.2624    +8.68pp
        48      34.55%      1.2624    +8.68pp
        44      34.55%      1.2624    +8.68pp
        40      34.55%      1.2624    +8.68pp
        36      34.55%      1.2624    +8.68pp
        32      34.55%      1.2624    +8.68pp
        28      34.55%      1.2624    +8.68pp
        24      34.55%      1.2625    +8.68pp
        20      34.55%      1.2625    +8.68pp
        16      34.90%      1.2629    +8.33pp
        12      34.55%      1.2615    +8.68pp
         8      35.42%      1.2647    +7.81pp
         4      44.97%      1.1933    -1.74pp
         0      25.00%      1.3863   +18.23pp
=======================================================

  Minimum fractional bits for <5.0pp accuracy drop: 3

All done.  Results saved to results/BNCI2014_001/quantization/
Finished : Wed Jun 17 18:37:36 MDT 2026
Exit code: 0
