Job ID   : 44069093
Node     : fg1
Started  : Sat Jun 20 15:41:02 MDT 2026
Directory: /home/aleksander.berezowsk/spiking-eegnet
Requirement already satisfied: setuptools==69.5.1 in /home/aleksander.berezowsk/venv/lib/python3.12/site-packages (69.5.1)
Requirement already satisfied: torch==2.4.0 in /home/aleksander.berezowsk/venv/lib/python3.12/site-packages (2.4.0)
Requirement already satisfied: torchvision==0.19.0 in /home/aleksander.berezowsk/venv/lib/python3.12/site-packages (0.19.0)
Requirement already satisfied: torchaudio==2.4.0 in /home/aleksander.berezowsk/venv/lib/python3.12/site-packages (2.4.0)
Requirement already satisfied: torchmetrics in /home/aleksander.berezowsk/venv/lib/python3.12/site-packages (1.9.0)
Requirement already satisfied: filelock in /home/aleksander.berezowsk/venv/lib/python3.12/site-packages (from torch==2.4.0) (3.29.0)
Requirement already satisfied: typing-extensions>=4.8.0 in /home/aleksander.berezowsk/venv/lib/python3.12/site-packages (from torch==2.4.0) (4.15.0)
Requirement already satisfied: sympy in /home/aleksander.berezowsk/venv/lib/python3.12/site-packages (from torch==2.4.0) (1.14.0)
Requirement already satisfied: networkx in /home/aleksander.berezowsk/venv/lib/python3.12/site-packages (from torch==2.4.0) (3.6.1)
Requirement already satisfied: jinja2 in /home/aleksander.berezowsk/venv/lib/python3.12/site-packages (from torch==2.4.0) (3.1.6)
Requirement already satisfied: fsspec in /home/aleksander.berezowsk/venv/lib/python3.12/site-packages (from torch==2.4.0) (2026.4.0)
Requirement already satisfied: setuptools in /home/aleksander.berezowsk/venv/lib/python3.12/site-packages (from torch==2.4.0) (69.5.1)
Requirement already satisfied: nvidia-cuda-nvrtc-cu12==12.1.105 in /home/aleksander.berezowsk/venv/lib/python3.12/site-packages (from torch==2.4.0) (12.1.105)
Requirement already satisfied: nvidia-cuda-runtime-cu12==12.1.105 in /home/aleksander.berezowsk/venv/lib/python3.12/site-packages (from torch==2.4.0) (12.1.105)
Requirement already satisfied: nvidia-cuda-cupti-cu12==12.1.105 in /home/aleksander.berezowsk/venv/lib/python3.12/site-packages (from torch==2.4.0) (12.1.105)
Requirement already satisfied: nvidia-cudnn-cu12==9.1.0.70 in /home/aleksander.berezowsk/venv/lib/python3.12/site-packages (from torch==2.4.0) (9.1.0.70)
Requirement already satisfied: nvidia-cublas-cu12==12.1.3.1 in /home/aleksander.berezowsk/venv/lib/python3.12/site-packages (from torch==2.4.0) (12.1.3.1)
Requirement already satisfied: nvidia-cufft-cu12==11.0.2.54 in /home/aleksander.berezowsk/venv/lib/python3.12/site-packages (from torch==2.4.0) (11.0.2.54)
Requirement already satisfied: nvidia-curand-cu12==10.3.2.106 in /home/aleksander.berezowsk/venv/lib/python3.12/site-packages (from torch==2.4.0) (10.3.2.106)
Requirement already satisfied: nvidia-cusolver-cu12==11.4.5.107 in /home/aleksander.berezowsk/venv/lib/python3.12/site-packages (from torch==2.4.0) (11.4.5.107)
Requirement already satisfied: nvidia-cusparse-cu12==12.1.0.106 in /home/aleksander.berezowsk/venv/lib/python3.12/site-packages (from torch==2.4.0) (12.1.0.106)
Requirement already satisfied: nvidia-nccl-cu12==2.20.5 in /home/aleksander.berezowsk/venv/lib/python3.12/site-packages (from torch==2.4.0) (2.20.5)
Requirement already satisfied: nvidia-nvtx-cu12==12.1.105 in /home/aleksander.berezowsk/venv/lib/python3.12/site-packages (from torch==2.4.0) (12.1.105)
Requirement already satisfied: triton==3.0.0 in /home/aleksander.berezowsk/venv/lib/python3.12/site-packages (from torch==2.4.0) (3.0.0)
Requirement already satisfied: numpy in /home/aleksander.berezowsk/venv/lib/python3.12/site-packages (from torchvision==0.19.0) (2.4.6)
Requirement already satisfied: pillow!=8.3.*,>=5.3.0 in /home/aleksander.berezowsk/venv/lib/python3.12/site-packages (from torchvision==0.19.0) (12.2.0)
Requirement already satisfied: nvidia-nvjitlink-cu12 in /home/aleksander.berezowsk/venv/lib/python3.12/site-packages (from nvidia-cusolver-cu12==11.4.5.107->torch==2.4.0) (12.9.86)
Requirement already satisfied: packaging>17.1 in /home/aleksander.berezowsk/venv/lib/python3.12/site-packages (from torchmetrics) (26.2)
Requirement already satisfied: lightning-utilities>=0.15.3 in /home/aleksander.berezowsk/venv/lib/python3.12/site-packages (from torchmetrics) (0.15.3)
Requirement already satisfied: MarkupSafe>=2.0 in /home/aleksander.berezowsk/venv/lib/python3.12/site-packages (from jinja2->torch==2.4.0) (3.0.3)
Requirement already satisfied: mpmath<1.4,>=1.1.0 in /home/aleksander.berezowsk/venv/lib/python3.12/site-packages (from sympy->torch==2.4.0) (1.3.0)
Requirement already satisfied: optuna in /home/aleksander.berezowsk/venv/lib/python3.12/site-packages (4.9.0)
Requirement already satisfied: snntorch in /home/aleksander.berezowsk/venv/lib/python3.12/site-packages (0.9.4)
Requirement already satisfied: alembic>=1.5.0 in /home/aleksander.berezowsk/venv/lib/python3.12/site-packages (from optuna) (1.18.4)
Requirement already satisfied: colorlog in /home/aleksander.berezowsk/venv/lib/python3.12/site-packages (from optuna) (6.10.1)
Requirement already satisfied: numpy in /home/aleksander.berezowsk/venv/lib/python3.12/site-packages (from optuna) (2.4.6)
Requirement already satisfied: packaging>=20.0 in /home/aleksander.berezowsk/venv/lib/python3.12/site-packages (from optuna) (26.2)
Requirement already satisfied: sqlalchemy>=1.4.2 in /home/aleksander.berezowsk/venv/lib/python3.12/site-packages (from optuna) (2.0.50)
Requirement already satisfied: tqdm in /home/aleksander.berezowsk/venv/lib/python3.12/site-packages (from optuna) (4.67.3)
Requirement already satisfied: PyYAML in /home/aleksander.berezowsk/venv/lib/python3.12/site-packages (from optuna) (6.0.3)
Requirement already satisfied: Mako in /home/aleksander.berezowsk/venv/lib/python3.12/site-packages (from alembic>=1.5.0->optuna) (1.3.12)
Requirement already satisfied: typing-extensions>=4.12 in /home/aleksander.berezowsk/venv/lib/python3.12/site-packages (from alembic>=1.5.0->optuna) (4.15.0)
Requirement already satisfied: greenlet>=1 in /home/aleksander.berezowsk/venv/lib/python3.12/site-packages (from sqlalchemy>=1.4.2->optuna) (3.5.1)
Requirement already satisfied: MarkupSafe>=0.9.2 in /home/aleksander.berezowsk/venv/lib/python3.12/site-packages (from Mako->alembic>=1.5.0->optuna) (3.0.3)
Device: cuda
[BNCI2014_001] loading from cache: /home/aleksander.berezowsk/.cache/spiking_eegnet/BNCI2014_001_af1ccf3e92f684d8a93c057082b654d7.npz
[BNCI2014_001] cache hit: (5184, 1, 22, 1001), classes=['feet', 'left_hand', 'right_hand', 'tongue'], subjects=9
Dataset meta: {'n_classes': 4, 'n_channels': 22, 'n_samples': 1001, 'class_names': ['feet', 'left_hand', 'right_hand', 'tongue'], 'subject_list': [1, 2, 3, 4, 5, 6, 7, 8, 9], 'n_subjects': 9, 'sfreq': 250.0}

Applying bandpass filter: 1.9011465867013184–114.49813380733752 Hz

=== LOSO (hold out subject 0) ===
  Train: 4608 trials  |  Test: 576 trials
  Model params: 25,303
  epoch   1/100  loss=1.3827  bal_acc=0.3455
  epoch   2/100  loss=1.3439  bal_acc=0.3594
  epoch   3/100  loss=1.2946  bal_acc=0.4062
  epoch   4/100  loss=1.2397  bal_acc=0.4149
  epoch   5/100  loss=1.1850  bal_acc=0.4566
  epoch   6/100  loss=1.1251  bal_acc=0.4826
  epoch   7/100  loss=1.0700  bal_acc=0.5087
  epoch   8/100  loss=1.0215  bal_acc=0.5347
  epoch   9/100  loss=0.9857  bal_acc=0.5660
  epoch  10/100  loss=0.9532  bal_acc=0.5590
  epoch  11/100  loss=0.9252  bal_acc=0.5382
  epoch  12/100  loss=0.9008  bal_acc=0.5556
  epoch  13/100  loss=0.8852  bal_acc=0.5295
  epoch  14/100  loss=0.8615  bal_acc=0.5399
  epoch  15/100  loss=0.8362  bal_acc=0.5226
  epoch  16/100  loss=0.8204  bal_acc=0.5556
  epoch  17/100  loss=0.7931  bal_acc=0.5330
  epoch  18/100  loss=0.7773  bal_acc=0.4792
  epoch  19/100  loss=0.7510  bal_acc=0.4844
  epoch  20/100  loss=0.7407  bal_acc=0.5399
  epoch  21/100  loss=0.7127  bal_acc=0.5174
  epoch  22/100  loss=0.7097  bal_acc=0.5260
  epoch  23/100  loss=0.6845  bal_acc=0.4688
  epoch  24/100  loss=0.6775  bal_acc=0.4896
  epoch  25/100  loss=0.6528  bal_acc=0.4792
  epoch  26/100  loss=0.6341  bal_acc=0.4705
  epoch  27/100  loss=0.6262  bal_acc=0.4722
  epoch  28/100  loss=0.6069  bal_acc=0.4844
  epoch  29/100  loss=0.5938  bal_acc=0.3837
  epoch  30/100  loss=0.5825  bal_acc=0.4931
  epoch  31/100  loss=0.5711  bal_acc=0.4167
  epoch  32/100  loss=0.5570  bal_acc=0.4948
  epoch  33/100  loss=0.5509  bal_acc=0.5434
  epoch  34/100  loss=0.5455  bal_acc=0.5625
  epoch  35/100  loss=0.5249  bal_acc=0.5347
  epoch  36/100  loss=0.5081  bal_acc=0.5000
  epoch  37/100  loss=0.4981  bal_acc=0.5503
  epoch  38/100  loss=0.4993  bal_acc=0.5503
  epoch  39/100  loss=0.4910  bal_acc=0.5486
  epoch  40/100  loss=0.4787  bal_acc=0.5694
  epoch  41/100  loss=0.4671  bal_acc=0.5712
  epoch  42/100  loss=0.4640  bal_acc=0.5938
  epoch  43/100  loss=0.4448  bal_acc=0.5729
  epoch  44/100  loss=0.4403  bal_acc=0.5243
  epoch  45/100  loss=0.4263  bal_acc=0.5747
  epoch  46/100  loss=0.4295  bal_acc=0.5816
  epoch  47/100  loss=0.4159  bal_acc=0.4826
  epoch  48/100  loss=0.4112  bal_acc=0.5938
  epoch  49/100  loss=0.4115  bal_acc=0.5938
  epoch  50/100  loss=0.3932  bal_acc=0.5903
  epoch  51/100  loss=0.3822  bal_acc=0.5608
  epoch  52/100  loss=0.3888  bal_acc=0.5521
  epoch  53/100  loss=0.3823  bal_acc=0.5764
  epoch  54/100  loss=0.3705  bal_acc=0.5868
  epoch  55/100  loss=0.3727  bal_acc=0.6007
  epoch  56/100  loss=0.3596  bal_acc=0.5885
  epoch  57/100  loss=0.3527  bal_acc=0.5069
  epoch  58/100  loss=0.3438  bal_acc=0.5122
  epoch  59/100  loss=0.3452  bal_acc=0.5590
  epoch  60/100  loss=0.3343  bal_acc=0.5712
  epoch  61/100  loss=0.3222  bal_acc=0.5781
  epoch  62/100  loss=0.3241  bal_acc=0.5868
  epoch  63/100  loss=0.3192  bal_acc=0.5764
  epoch  64/100  loss=0.3248  bal_acc=0.5677
  epoch  65/100  loss=0.3151  bal_acc=0.5677
  epoch  66/100  loss=0.3149  bal_acc=0.5885
  epoch  67/100  loss=0.3033  bal_acc=0.5694
  epoch  68/100  loss=0.2897  bal_acc=0.5764
  epoch  69/100  loss=0.2955  bal_acc=0.5469
  epoch  70/100  loss=0.2943  bal_acc=0.5712
  epoch  71/100  loss=0.2803  bal_acc=0.5799
  epoch  72/100  loss=0.2789  bal_acc=0.5747
  epoch  73/100  loss=0.2833  bal_acc=0.5747
  epoch  74/100  loss=0.2893  bal_acc=0.5625
  epoch  75/100  loss=0.2732  bal_acc=0.5868
  epoch  76/100  loss=0.2694  bal_acc=0.5469
  epoch  77/100  loss=0.2665  bal_acc=0.5330
  epoch  78/100  loss=0.2594  bal_acc=0.5590
  epoch  79/100  loss=0.2605  bal_acc=0.5781
  epoch  80/100  loss=0.2570  bal_acc=0.5747
  epoch  81/100  loss=0.2570  bal_acc=0.5660
  epoch  82/100  loss=0.2530  bal_acc=0.5347
  epoch  83/100  loss=0.2494  bal_acc=0.5556
  epoch  84/100  loss=0.2454  bal_acc=0.5625
  epoch  85/100  loss=0.2458  bal_acc=0.5382
  epoch  86/100  loss=0.2434  bal_acc=0.5017
  epoch  87/100  loss=0.2339  bal_acc=0.5764
  epoch  88/100  loss=0.2280  bal_acc=0.5278
  epoch  89/100  loss=0.2336  bal_acc=0.5469
  epoch  90/100  loss=0.2310  bal_acc=0.5642
  epoch  91/100  loss=0.2275  bal_acc=0.5851
  epoch  92/100  loss=0.2266  bal_acc=0.5556
  epoch  93/100  loss=0.2256  bal_acc=0.5694
  epoch  94/100  loss=0.2271  bal_acc=0.5781
  epoch  95/100  loss=0.2097  bal_acc=0.5573
  epoch  96/100  loss=0.2045  bal_acc=0.5538
  epoch  97/100  loss=0.2015  bal_acc=0.5747
  epoch  98/100  loss=0.2051  bal_acc=0.5590
  epoch  99/100  loss=0.2110  bal_acc=0.5747
  epoch 100/100  loss=0.2021  bal_acc=0.5677
  [LOSO 1/9] subject 0: acc=0.5677  running_mean=0.5677

=== LOSO (hold out subject 1) ===
  Train: 4608 trials  |  Test: 576 trials
  Model params: 25,303
  epoch   1/100  loss=1.3805  bal_acc=0.2569
  epoch   2/100  loss=1.3365  bal_acc=0.2691
  epoch   3/100  loss=1.2732  bal_acc=0.2795
  epoch   4/100  loss=1.2038  bal_acc=0.2830
  epoch   5/100  loss=1.1335  bal_acc=0.2795
  epoch   6/100  loss=1.0707  bal_acc=0.2743
  epoch   7/100  loss=1.0209  bal_acc=0.2969
  epoch   8/100  loss=0.9756  bal_acc=0.2969
  epoch   9/100  loss=0.9396  bal_acc=0.2934
  epoch  10/100  loss=0.9045  bal_acc=0.3003
  epoch  11/100  loss=0.8802  bal_acc=0.3212
  epoch  12/100  loss=0.8508  bal_acc=0.3420
  epoch  13/100  loss=0.8214  bal_acc=0.3194
  epoch  14/100  loss=0.8039  bal_acc=0.3299
  epoch  15/100  loss=0.7794  bal_acc=0.3385
  epoch  16/100  loss=0.7521  bal_acc=0.3021
  epoch  17/100  loss=0.7383  bal_acc=0.3368
  epoch  18/100  loss=0.7187  bal_acc=0.3490
  epoch  19/100  loss=0.7054  bal_acc=0.3316
  epoch  20/100  loss=0.6877  bal_acc=0.2830
  epoch  21/100  loss=0.6607  bal_acc=0.3472
  epoch  22/100  loss=0.6426  bal_acc=0.2882
  epoch  23/100  loss=0.6207  bal_acc=0.3003
  epoch  24/100  loss=0.6172  bal_acc=0.3125
  epoch  25/100  loss=0.5964  bal_acc=0.3021
  epoch  26/100  loss=0.5949  bal_acc=0.3490
  epoch  27/100  loss=0.5610  bal_acc=0.3299
  epoch  28/100  loss=0.5595  bal_acc=0.3420
  epoch  29/100  loss=0.5505  bal_acc=0.2847
  epoch  30/100  loss=0.5385  bal_acc=0.2882
  epoch  31/100  loss=0.5267  bal_acc=0.3281
  epoch  32/100  loss=0.5030  bal_acc=0.3021
  epoch  33/100  loss=0.4971  bal_acc=0.3160
  epoch  34/100  loss=0.4956  bal_acc=0.3385
  epoch  35/100  loss=0.4815  bal_acc=0.3056
  epoch  36/100  loss=0.4657  bal_acc=0.2899
  epoch  37/100  loss=0.4626  bal_acc=0.2969
  epoch  38/100  loss=0.4563  bal_acc=0.3021
  epoch  39/100  loss=0.4512  bal_acc=0.3073
  epoch  40/100  loss=0.4295  bal_acc=0.3403
  epoch  41/100  loss=0.4202  bal_acc=0.3455
  epoch  42/100  loss=0.4141  bal_acc=0.3177
  epoch  43/100  loss=0.3998  bal_acc=0.2934
  epoch  44/100  loss=0.3963  bal_acc=0.3108
  epoch  45/100  loss=0.3857  bal_acc=0.3003
  epoch  46/100  loss=0.3881  bal_acc=0.3003
  epoch  47/100  loss=0.3728  bal_acc=0.3229
  epoch  48/100  loss=0.3751  bal_acc=0.3247
  epoch  49/100  loss=0.3682  bal_acc=0.3524
  epoch  50/100  loss=0.3554  bal_acc=0.3090
  epoch  51/100  loss=0.3510  bal_acc=0.3021
  epoch  52/100  loss=0.3382  bal_acc=0.3663
  epoch  53/100  loss=0.3559  bal_acc=0.3333
  epoch  54/100  loss=0.3276  bal_acc=0.3524
  epoch  55/100  loss=0.3208  bal_acc=0.3333
  epoch  56/100  loss=0.3155  bal_acc=0.3628
  epoch  57/100  loss=0.3094  bal_acc=0.3490
  epoch  58/100  loss=0.3102  bal_acc=0.3247
  epoch  59/100  loss=0.3031  bal_acc=0.3576
  epoch  60/100  loss=0.3088  bal_acc=0.3316
  epoch  61/100  loss=0.2920  bal_acc=0.3420
  epoch  62/100  loss=0.2962  bal_acc=0.3351
  epoch  63/100  loss=0.2892  bal_acc=0.3490
  epoch  64/100  loss=0.2771  bal_acc=0.3247
  epoch  65/100  loss=0.2734  bal_acc=0.3490
  epoch  66/100  loss=0.2785  bal_acc=0.3524
  epoch  67/100  loss=0.2752  bal_acc=0.3524
  epoch  68/100  loss=0.2759  bal_acc=0.3403
  epoch  69/100  loss=0.2757  bal_acc=0.3385
  epoch  70/100  loss=0.2550  bal_acc=0.3524
  epoch  71/100  loss=0.2465  bal_acc=0.3559
  epoch  72/100  loss=0.2541  bal_acc=0.3854
  epoch  73/100  loss=0.2426  bal_acc=0.3611
  epoch  74/100  loss=0.2469  bal_acc=0.3524
  epoch  75/100  loss=0.2421  bal_acc=0.3333
  epoch  76/100  loss=0.2322  bal_acc=0.3420
  epoch  77/100  loss=0.2370  bal_acc=0.3247
  epoch  78/100  loss=0.2186  bal_acc=0.3524
  epoch  79/100  loss=0.2266  bal_acc=0.3576
  epoch  80/100  loss=0.2236  bal_acc=0.3490
  epoch  81/100  loss=0.2245  bal_acc=0.3698
  epoch  82/100  loss=0.2173  bal_acc=0.3229
  epoch  83/100  loss=0.2157  bal_acc=0.3264
  epoch  84/100  loss=0.2145  bal_acc=0.2934
  epoch  85/100  loss=0.1984  bal_acc=0.3403
  epoch  86/100  loss=0.2016  bal_acc=0.3142
  epoch  87/100  loss=0.1957  bal_acc=0.3281
  epoch  88/100  loss=0.2008  bal_acc=0.3490
  epoch  89/100  loss=0.2024  bal_acc=0.3229
  epoch  90/100  loss=0.1845  bal_acc=0.3663
  epoch  91/100  loss=0.1971  bal_acc=0.3420
  epoch  92/100  loss=0.1840  bal_acc=0.3403
  epoch  93/100  loss=0.1904  bal_acc=0.3281
  epoch  94/100  loss=0.1858  bal_acc=0.3438
  epoch  95/100  loss=0.1825  bal_acc=0.3194
  epoch  96/100  loss=0.1893  bal_acc=0.3351
  epoch  97/100  loss=0.1780  bal_acc=0.3472
  epoch  98/100  loss=0.1746  bal_acc=0.3438
  epoch  99/100  loss=0.1837  bal_acc=0.3333
  epoch 100/100  loss=0.1776  bal_acc=0.3281
  [LOSO 2/9] subject 1: acc=0.3281  running_mean=0.4479

=== LOSO (hold out subject 2) ===
  Train: 4608 trials  |  Test: 576 trials
  Model params: 25,303
  epoch   1/100  loss=1.3851  bal_acc=0.3837
  epoch   2/100  loss=1.3520  bal_acc=0.4045
  epoch   3/100  loss=1.3116  bal_acc=0.4549
  epoch   4/100  loss=1.2594  bal_acc=0.4913
  epoch   5/100  loss=1.2106  bal_acc=0.4618
  epoch   6/100  loss=1.1672  bal_acc=0.4479
  epoch   7/100  loss=1.1217  bal_acc=0.4896
  epoch   8/100  loss=1.0803  bal_acc=0.5833
  epoch   9/100  loss=1.0491  bal_acc=0.5347
  epoch  10/100  loss=1.0229  bal_acc=0.5330
  epoch  11/100  loss=0.9962  bal_acc=0.6424
  epoch  12/100  loss=0.9732  bal_acc=0.5833
  epoch  13/100  loss=0.9452  bal_acc=0.6128
  epoch  14/100  loss=0.9249  bal_acc=0.5747
  epoch  15/100  loss=0.9017  bal_acc=0.5972
  epoch  16/100  loss=0.8785  bal_acc=0.5799
  epoch  17/100  loss=0.8511  bal_acc=0.5799
  epoch  18/100  loss=0.8385  bal_acc=0.5660
  epoch  19/100  loss=0.8172  bal_acc=0.5486
  epoch  20/100  loss=0.7976  bal_acc=0.5868
  epoch  21/100  loss=0.7842  bal_acc=0.5503
  epoch  22/100  loss=0.7699  bal_acc=0.5347
  epoch  23/100  loss=0.7482  bal_acc=0.5122
  epoch  24/100  loss=0.7287  bal_acc=0.5347
  epoch  25/100  loss=0.7099  bal_acc=0.5677
  epoch  26/100  loss=0.7019  bal_acc=0.5104
  epoch  27/100  loss=0.6761  bal_acc=0.5556
  epoch  28/100  loss=0.6613  bal_acc=0.5365
  epoch  29/100  loss=0.6470  bal_acc=0.5903
  epoch  30/100  loss=0.6489  bal_acc=0.5608
  epoch  31/100  loss=0.6157  bal_acc=0.5677
  epoch  32/100  loss=0.6152  bal_acc=0.5486
  epoch  33/100  loss=0.6014  bal_acc=0.5903
  epoch  34/100  loss=0.5805  bal_acc=0.5851
  epoch  35/100  loss=0.5783  bal_acc=0.5434
  epoch  36/100  loss=0.5669  bal_acc=0.5122
  epoch  37/100  loss=0.5440  bal_acc=0.5660
  epoch  38/100  loss=0.5388  bal_acc=0.5920
  epoch  39/100  loss=0.5240  bal_acc=0.6007
  epoch  40/100  loss=0.5195  bal_acc=0.5382
  epoch  41/100  loss=0.5082  bal_acc=0.5278
  epoch  42/100  loss=0.5058  bal_acc=0.5573
  epoch  43/100  loss=0.4867  bal_acc=0.5486
  epoch  44/100  loss=0.4835  bal_acc=0.5278
  epoch  45/100  loss=0.4756  bal_acc=0.5677
  epoch  46/100  loss=0.4707  bal_acc=0.5799
  epoch  47/100  loss=0.4631  bal_acc=0.5781
  epoch  48/100  loss=0.4482  bal_acc=0.6007
  epoch  49/100  loss=0.4360  bal_acc=0.5660
  epoch  50/100  loss=0.4274  bal_acc=0.5694
  epoch  51/100  loss=0.4230  bal_acc=0.5521
  epoch  52/100  loss=0.4179  bal_acc=0.5556
  epoch  53/100  loss=0.4058  bal_acc=0.5573
  epoch  54/100  loss=0.4006  bal_acc=0.6059
  epoch  55/100  loss=0.4064  bal_acc=0.5625
  epoch  56/100  loss=0.3905  bal_acc=0.5816
  epoch  57/100  loss=0.3818  bal_acc=0.5764
  epoch  58/100  loss=0.3775  bal_acc=0.5625
  epoch  59/100  loss=0.3686  bal_acc=0.5642
  epoch  60/100  loss=0.3658  bal_acc=0.6024
  epoch  61/100  loss=0.3729  bal_acc=0.5694
  epoch  62/100  loss=0.3594  bal_acc=0.5608
  epoch  63/100  loss=0.3580  bal_acc=0.5712
  epoch  64/100  loss=0.3441  bal_acc=0.5712
  epoch  65/100  loss=0.3460  bal_acc=0.5903
  epoch  66/100  loss=0.3322  bal_acc=0.6059
  epoch  67/100  loss=0.3325  bal_acc=0.5833
  epoch  68/100  loss=0.3241  bal_acc=0.5278
  epoch  69/100  loss=0.3268  bal_acc=0.5694
  epoch  70/100  loss=0.3185  bal_acc=0.5330
  epoch  71/100  loss=0.3199  bal_acc=0.5712
  epoch  72/100  loss=0.3069  bal_acc=0.5278
  epoch  73/100  loss=0.3012  bal_acc=0.5451
  epoch  74/100  loss=0.2992  bal_acc=0.5642
  epoch  75/100  loss=0.3009  bal_acc=0.5781
  epoch  76/100  loss=0.2996  bal_acc=0.5330
  epoch  77/100  loss=0.2871  bal_acc=0.6163
  epoch  78/100  loss=0.2863  bal_acc=0.5365
  epoch  79/100  loss=0.2826  bal_acc=0.5764
  epoch  80/100  loss=0.2745  bal_acc=0.4965
  epoch  81/100  loss=0.2812  bal_acc=0.5503
  epoch  82/100  loss=0.2875  bal_acc=0.5399
  epoch  83/100  loss=0.2536  bal_acc=0.5556
  epoch  84/100  loss=0.2646  bal_acc=0.5868
  epoch  85/100  loss=0.2604  bal_acc=0.6094
  epoch  86/100  loss=0.2582  bal_acc=0.5538
  epoch  87/100  loss=0.2618  bal_acc=0.5365
  epoch  88/100  loss=0.2557  bal_acc=0.5729
  epoch  89/100  loss=0.2529  bal_acc=0.6128
  epoch  90/100  loss=0.2534  bal_acc=0.5556
  epoch  91/100  loss=0.2491  bal_acc=0.5885
  epoch  92/100  loss=0.2388  bal_acc=0.5694
  epoch  93/100  loss=0.2306  bal_acc=0.5781
  epoch  94/100  loss=0.2356  bal_acc=0.5295
  epoch  95/100  loss=0.2382  bal_acc=0.5434
  epoch  96/100  loss=0.2309  bal_acc=0.5486
  epoch  97/100  loss=0.2402  bal_acc=0.5556
  epoch  98/100  loss=0.2224  bal_acc=0.5469
  epoch  99/100  loss=0.2271  bal_acc=0.5955
  epoch 100/100  loss=0.2287  bal_acc=0.5990
  [LOSO 3/9] subject 2: acc=0.5990  running_mean=0.4983

=== LOSO (hold out subject 3) ===
  Train: 4608 trials  |  Test: 576 trials
  Model params: 25,303
  epoch   1/100  loss=1.3779  bal_acc=0.2587
  epoch   2/100  loss=1.3321  bal_acc=0.2865
  epoch   3/100  loss=1.2757  bal_acc=0.3802
  epoch   4/100  loss=1.2098  bal_acc=0.3542
  epoch   5/100  loss=1.1434  bal_acc=0.3767
  epoch   6/100  loss=1.0833  bal_acc=0.3924
  epoch   7/100  loss=1.0296  bal_acc=0.3628
  epoch   8/100  loss=0.9758  bal_acc=0.3403
  epoch   9/100  loss=0.9340  bal_acc=0.3576
  epoch  10/100  loss=0.9042  bal_acc=0.4236
  epoch  11/100  loss=0.8714  bal_acc=0.3628
  epoch  12/100  loss=0.8437  bal_acc=0.3472
  epoch  13/100  loss=0.8181  bal_acc=0.3490
  epoch  14/100  loss=0.7915  bal_acc=0.3316
  epoch  15/100  loss=0.7835  bal_acc=0.3438
  epoch  16/100  loss=0.7595  bal_acc=0.4288
  epoch  17/100  loss=0.7429  bal_acc=0.3715
  epoch  18/100  loss=0.7195  bal_acc=0.3698
  epoch  19/100  loss=0.7058  bal_acc=0.4045
  epoch  20/100  loss=0.6884  bal_acc=0.4288
  epoch  21/100  loss=0.6610  bal_acc=0.3837
  epoch  22/100  loss=0.6502  bal_acc=0.4566
  epoch  23/100  loss=0.6371  bal_acc=0.4479
  epoch  24/100  loss=0.6314  bal_acc=0.4010
  epoch  25/100  loss=0.6173  bal_acc=0.4097
  epoch  26/100  loss=0.6005  bal_acc=0.4253
  epoch  27/100  loss=0.5920  bal_acc=0.4514
  epoch  28/100  loss=0.5843  bal_acc=0.3941
  epoch  29/100  loss=0.5691  bal_acc=0.4410
  epoch  30/100  loss=0.5577  bal_acc=0.4358
  epoch  31/100  loss=0.5406  bal_acc=0.4705
  epoch  32/100  loss=0.5313  bal_acc=0.4531
  epoch  33/100  loss=0.5173  bal_acc=0.4028
  epoch  34/100  loss=0.5151  bal_acc=0.4462
  epoch  35/100  loss=0.5088  bal_acc=0.4236
  epoch  36/100  loss=0.4883  bal_acc=0.4115
  epoch  37/100  loss=0.4897  bal_acc=0.3872
  epoch  38/100  loss=0.4686  bal_acc=0.4201
  epoch  39/100  loss=0.4592  bal_acc=0.4236
  epoch  40/100  loss=0.4515  bal_acc=0.4010
  epoch  41/100  loss=0.4420  bal_acc=0.4219
  epoch  42/100  loss=0.4336  bal_acc=0.3785
  epoch  43/100  loss=0.4270  bal_acc=0.4583
  epoch  44/100  loss=0.4313  bal_acc=0.4444
  epoch  45/100  loss=0.4176  bal_acc=0.4444
  epoch  46/100  loss=0.4124  bal_acc=0.4080
  epoch  47/100  loss=0.3920  bal_acc=0.4132
  epoch  48/100  loss=0.3871  bal_acc=0.4219
  epoch  49/100  loss=0.3889  bal_acc=0.3594
  epoch  50/100  loss=0.3882  bal_acc=0.4201
  epoch  51/100  loss=0.3822  bal_acc=0.3681
  epoch  52/100  loss=0.3589  bal_acc=0.4271
  epoch  53/100  loss=0.3589  bal_acc=0.3941
  epoch  54/100  loss=0.3544  bal_acc=0.4288
  epoch  55/100  loss=0.3455  bal_acc=0.4062
  epoch  56/100  loss=0.3465  bal_acc=0.4323
  epoch  57/100  loss=0.3406  bal_acc=0.3872
  epoch  58/100  loss=0.3239  bal_acc=0.4601
  epoch  59/100  loss=0.3235  bal_acc=0.4340
  epoch  60/100  loss=0.3157  bal_acc=0.3889
  epoch  61/100  loss=0.3174  bal_acc=0.4323
  epoch  62/100  loss=0.3103  bal_acc=0.4670
  epoch  63/100  loss=0.3046  bal_acc=0.4410
  epoch  64/100  loss=0.3063  bal_acc=0.3976
  epoch  65/100  loss=0.3110  bal_acc=0.4236
  epoch  66/100  loss=0.2935  bal_acc=0.4375
  epoch  67/100  loss=0.2874  bal_acc=0.4601
  epoch  68/100  loss=0.2838  bal_acc=0.4583
  epoch  69/100  loss=0.2870  bal_acc=0.4115
  epoch  70/100  loss=0.2776  bal_acc=0.3976
  epoch  71/100  loss=0.2704  bal_acc=0.4462
  epoch  72/100  loss=0.2642  bal_acc=0.4010
  epoch  73/100  loss=0.2662  bal_acc=0.4236
  epoch  74/100  loss=0.2653  bal_acc=0.4219
  epoch  75/100  loss=0.2608  bal_acc=0.4045
  epoch  76/100  loss=0.2585  bal_acc=0.3958
  epoch  77/100  loss=0.2512  bal_acc=0.4184
  epoch  78/100  loss=0.2591  bal_acc=0.4427
  epoch  79/100  loss=0.2366  bal_acc=0.3958
  epoch  80/100  loss=0.2432  bal_acc=0.3958
  epoch  81/100  loss=0.2334  bal_acc=0.4375
  epoch  82/100  loss=0.2387  bal_acc=0.4097
  epoch  83/100  loss=0.2290  bal_acc=0.4531
  epoch  84/100  loss=0.2206  bal_acc=0.4340
  epoch  85/100  loss=0.2394  bal_acc=0.4149
  epoch  86/100  loss=0.2291  bal_acc=0.4392
  epoch  87/100  loss=0.2249  bal_acc=0.4479
  epoch  88/100  loss=0.2178  bal_acc=0.4201
  epoch  89/100  loss=0.2091  bal_acc=0.4410
  epoch  90/100  loss=0.2163  bal_acc=0.4323
  epoch  91/100  loss=0.2129  bal_acc=0.4271
  epoch  92/100  loss=0.2129  bal_acc=0.4392
  epoch  93/100  loss=0.2118  bal_acc=0.4201
  epoch  94/100  loss=0.2079  bal_acc=0.4358
  epoch  95/100  loss=0.2003  bal_acc=0.4271
  epoch  96/100  loss=0.1891  bal_acc=0.4010
  epoch  97/100  loss=0.2026  bal_acc=0.4358
  epoch  98/100  loss=0.1981  bal_acc=0.4219
  epoch  99/100  loss=0.1998  bal_acc=0.4462
  epoch 100/100  loss=0.1908  bal_acc=0.4219
  [LOSO 4/9] subject 3: acc=0.4219  running_mean=0.4792

=== LOSO (hold out subject 4) ===
  Train: 4608 trials  |  Test: 576 trials
  Model params: 25,303
  epoch   1/100  loss=1.3778  bal_acc=0.2500
  epoch   2/100  loss=1.3303  bal_acc=0.2622
  epoch   3/100  loss=1.2657  bal_acc=0.2743
  epoch   4/100  loss=1.2034  bal_acc=0.2865
  epoch   5/100  loss=1.1411  bal_acc=0.2691
  epoch   6/100  loss=1.0822  bal_acc=0.2865
  epoch   7/100  loss=1.0129  bal_acc=0.2778
  epoch   8/100  loss=0.9640  bal_acc=0.2830
  epoch   9/100  loss=0.9248  bal_acc=0.2934
  epoch  10/100  loss=0.9004  bal_acc=0.2899
  epoch  11/100  loss=0.8675  bal_acc=0.2847
  epoch  12/100  loss=0.8378  bal_acc=0.2969
  epoch  13/100  loss=0.8083  bal_acc=0.2865
  epoch  14/100  loss=0.8011  bal_acc=0.2917
  epoch  15/100  loss=0.7649  bal_acc=0.3090
  epoch  16/100  loss=0.7455  bal_acc=0.2812
  epoch  17/100  loss=0.7336  bal_acc=0.2847
  epoch  18/100  loss=0.7144  bal_acc=0.3108
  epoch  19/100  loss=0.6914  bal_acc=0.2986
  epoch  20/100  loss=0.6710  bal_acc=0.2882
  epoch  21/100  loss=0.6553  bal_acc=0.3125
  epoch  22/100  loss=0.6449  bal_acc=0.2899
  epoch  23/100  loss=0.6246  bal_acc=0.3194
  epoch  24/100  loss=0.6181  bal_acc=0.3056
  epoch  25/100  loss=0.6056  bal_acc=0.2899
  epoch  26/100  loss=0.5804  bal_acc=0.3247
  epoch  27/100  loss=0.5718  bal_acc=0.2899
  epoch  28/100  loss=0.5580  bal_acc=0.2830
  epoch  29/100  loss=0.5555  bal_acc=0.2934
  epoch  30/100  loss=0.5297  bal_acc=0.3142
  epoch  31/100  loss=0.5157  bal_acc=0.3090
  epoch  32/100  loss=0.5189  bal_acc=0.2934
  epoch  33/100  loss=0.5030  bal_acc=0.2934
  epoch  34/100  loss=0.4833  bal_acc=0.2951
  epoch  35/100  loss=0.4799  bal_acc=0.3090
  epoch  36/100  loss=0.4680  bal_acc=0.3090
  epoch  37/100  loss=0.4563  bal_acc=0.2934
  epoch  38/100  loss=0.4508  bal_acc=0.3351
  epoch  39/100  loss=0.4369  bal_acc=0.2917
  epoch  40/100  loss=0.4398  bal_acc=0.3038
  epoch  41/100  loss=0.4164  bal_acc=0.2882
  epoch  42/100  loss=0.4099  bal_acc=0.3073
  epoch  43/100  loss=0.4026  bal_acc=0.2986
  epoch  44/100  loss=0.4001  bal_acc=0.2726
  epoch  45/100  loss=0.3894  bal_acc=0.2934
  epoch  46/100  loss=0.3724  bal_acc=0.2882
  epoch  47/100  loss=0.3659  bal_acc=0.3021
  epoch  48/100  loss=0.3684  bal_acc=0.2865
  epoch  49/100  loss=0.3504  bal_acc=0.3003
  epoch  50/100  loss=0.3548  bal_acc=0.2951
  epoch  51/100  loss=0.3492  bal_acc=0.2986
  epoch  52/100  loss=0.3399  bal_acc=0.2882
  epoch  53/100  loss=0.3261  bal_acc=0.2865
  epoch  54/100  loss=0.3340  bal_acc=0.2986
  epoch  55/100  loss=0.3277  bal_acc=0.2986
  epoch  56/100  loss=0.3162  bal_acc=0.3177
  epoch  57/100  loss=0.3101  bal_acc=0.2882
  epoch  58/100  loss=0.3126  bal_acc=0.2934
  epoch  59/100  loss=0.3044  bal_acc=0.3229
  epoch  60/100  loss=0.2901  bal_acc=0.3264
  epoch  61/100  loss=0.3034  bal_acc=0.3125
  epoch  62/100  loss=0.2943  bal_acc=0.3021
  epoch  63/100  loss=0.2833  bal_acc=0.3038
  epoch  64/100  loss=0.2896  bal_acc=0.2969
  epoch  65/100  loss=0.2754  bal_acc=0.3108
  epoch  66/100  loss=0.2758  bal_acc=0.3212
  epoch  67/100  loss=0.2721  bal_acc=0.3142
  epoch  68/100  loss=0.2677  bal_acc=0.3212
  epoch  69/100  loss=0.2643  bal_acc=0.3385
  epoch  70/100  loss=0.2537  bal_acc=0.3403
  epoch  71/100  loss=0.2430  bal_acc=0.3368
  epoch  72/100  loss=0.2512  bal_acc=0.3368
  epoch  73/100  loss=0.2454  bal_acc=0.3437
  epoch  74/100  loss=0.2345  bal_acc=0.3142
  epoch  75/100  loss=0.2356  bal_acc=0.3264
  epoch  76/100  loss=0.2387  bal_acc=0.3194
  epoch  77/100  loss=0.2317  bal_acc=0.3142
  epoch  78/100  loss=0.2280  bal_acc=0.3194
  epoch  79/100  loss=0.2202  bal_acc=0.3229
  epoch  80/100  loss=0.2336  bal_acc=0.3142
  epoch  81/100  loss=0.2077  bal_acc=0.3281
  epoch  82/100  loss=0.2124  bal_acc=0.3247
  epoch  83/100  loss=0.2166  bal_acc=0.3403
  epoch  84/100  loss=0.2120  bal_acc=0.3229
  epoch  85/100  loss=0.2183  bal_acc=0.2934
  epoch  86/100  loss=0.2002  bal_acc=0.3368
  epoch  87/100  loss=0.2032  bal_acc=0.3333
  epoch  88/100  loss=0.1972  bal_acc=0.3455
  epoch  89/100  loss=0.1906  bal_acc=0.3368
  epoch  90/100  loss=0.1906  bal_acc=0.3333
  epoch  91/100  loss=0.1918  bal_acc=0.3212
  epoch  92/100  loss=0.1859  bal_acc=0.3403
  epoch  93/100  loss=0.1810  bal_acc=0.3264
  epoch  94/100  loss=0.1849  bal_acc=0.3247
  epoch  95/100  loss=0.1857  bal_acc=0.3281
  epoch  96/100  loss=0.1802  bal_acc=0.3472
  epoch  97/100  loss=0.1742  bal_acc=0.3385
  epoch  98/100  loss=0.1708  bal_acc=0.3507
  epoch  99/100  loss=0.1707  bal_acc=0.3438
  epoch 100/100  loss=0.1725  bal_acc=0.3559
  [LOSO 5/9] subject 4: acc=0.3559  running_mean=0.4545

=== LOSO (hold out subject 5) ===
  Train: 4608 trials  |  Test: 576 trials
  Model params: 25,303
  epoch   1/100  loss=1.3798  bal_acc=0.2587
  epoch   2/100  loss=1.3183  bal_acc=0.2691
  epoch   3/100  loss=1.2564  bal_acc=0.2778
  epoch   4/100  loss=1.1957  bal_acc=0.3021
  epoch   5/100  loss=1.1324  bal_acc=0.3125
  epoch   6/100  loss=1.0756  bal_acc=0.2865
  epoch   7/100  loss=1.0256  bal_acc=0.3212
  epoch   8/100  loss=0.9811  bal_acc=0.3003
  epoch   9/100  loss=0.9468  bal_acc=0.3021
  epoch  10/100  loss=0.9163  bal_acc=0.3090
  epoch  11/100  loss=0.8949  bal_acc=0.3021
  epoch  12/100  loss=0.8648  bal_acc=0.2951
  epoch  13/100  loss=0.8367  bal_acc=0.2951
  epoch  14/100  loss=0.8206  bal_acc=0.3108
  epoch  15/100  loss=0.8093  bal_acc=0.2934
  epoch  16/100  loss=0.7888  bal_acc=0.3507
  epoch  17/100  loss=0.7561  bal_acc=0.3038
  epoch  18/100  loss=0.7468  bal_acc=0.3160
  epoch  19/100  loss=0.7236  bal_acc=0.3281
  epoch  20/100  loss=0.7043  bal_acc=0.3177
  epoch  21/100  loss=0.6973  bal_acc=0.3125
  epoch  22/100  loss=0.6924  bal_acc=0.2951
  epoch  23/100  loss=0.6609  bal_acc=0.3003
  epoch  24/100  loss=0.6566  bal_acc=0.3194
  epoch  25/100  loss=0.6407  bal_acc=0.3021
  epoch  26/100  loss=0.6207  bal_acc=0.3073
  epoch  27/100  loss=0.6062  bal_acc=0.3420
  epoch  28/100  loss=0.5931  bal_acc=0.3177
  epoch  29/100  loss=0.5939  bal_acc=0.3125
  epoch  30/100  loss=0.5690  bal_acc=0.3160
  epoch  31/100  loss=0.5606  bal_acc=0.3142
  epoch  32/100  loss=0.5456  bal_acc=0.3056
  epoch  33/100  loss=0.5379  bal_acc=0.3090
  epoch  34/100  loss=0.5275  bal_acc=0.3177
  epoch  35/100  loss=0.5215  bal_acc=0.3038
  epoch  36/100  loss=0.5016  bal_acc=0.3316
  epoch  37/100  loss=0.4973  bal_acc=0.3090
  epoch  38/100  loss=0.4845  bal_acc=0.3264
  epoch  39/100  loss=0.4688  bal_acc=0.3316
  epoch  40/100  loss=0.4625  bal_acc=0.3229
  epoch  41/100  loss=0.4607  bal_acc=0.3281
  epoch  42/100  loss=0.4525  bal_acc=0.3559
  epoch  43/100  loss=0.4463  bal_acc=0.3438
  epoch  44/100  loss=0.4305  bal_acc=0.3559
  epoch  45/100  loss=0.4257  bal_acc=0.3264
  epoch  46/100  loss=0.4133  bal_acc=0.3472
  epoch  47/100  loss=0.4017  bal_acc=0.3403
  epoch  48/100  loss=0.4005  bal_acc=0.3542
  epoch  49/100  loss=0.3918  bal_acc=0.3507
  epoch  50/100  loss=0.3763  bal_acc=0.3611
  epoch  51/100  loss=0.3840  bal_acc=0.3802
  epoch  52/100  loss=0.3733  bal_acc=0.3646
  epoch  53/100  loss=0.3670  bal_acc=0.3316
  epoch  54/100  loss=0.3556  bal_acc=0.3767
  epoch  55/100  loss=0.3562  bal_acc=0.3802
  epoch  56/100  loss=0.3549  bal_acc=0.3733
  epoch  57/100  loss=0.3452  bal_acc=0.3524
  epoch  58/100  loss=0.3354  bal_acc=0.3958
  epoch  59/100  loss=0.3289  bal_acc=0.4062
  epoch  60/100  loss=0.3261  bal_acc=0.3976
  epoch  61/100  loss=0.3203  bal_acc=0.3715
  epoch  62/100  loss=0.3145  bal_acc=0.3611
  epoch  63/100  loss=0.3077  bal_acc=0.3628
  epoch  64/100  loss=0.3068  bal_acc=0.3490
  epoch  65/100  loss=0.3046  bal_acc=0.3611
  epoch  66/100  loss=0.2897  bal_acc=0.3594
  epoch  67/100  loss=0.2817  bal_acc=0.3750
  epoch  68/100  loss=0.2826  bal_acc=0.3924
  epoch  69/100  loss=0.2750  bal_acc=0.3698
  epoch  70/100  loss=0.2753  bal_acc=0.3576
  epoch  71/100  loss=0.2632  bal_acc=0.3733
  epoch  72/100  loss=0.2616  bal_acc=0.3733
  epoch  73/100  loss=0.2586  bal_acc=0.3663
  epoch  74/100  loss=0.2553  bal_acc=0.3472
  epoch  75/100  loss=0.2534  bal_acc=0.3750
  epoch  76/100  loss=0.2606  bal_acc=0.3611
  epoch  77/100  loss=0.2420  bal_acc=0.3698
  epoch  78/100  loss=0.2376  bal_acc=0.3819
  epoch  79/100  loss=0.2436  bal_acc=0.3976
  epoch  80/100  loss=0.2363  bal_acc=0.3924
  epoch  81/100  loss=0.2402  bal_acc=0.3750
  epoch  82/100  loss=0.2298  bal_acc=0.3854
  epoch  83/100  loss=0.2342  bal_acc=0.3941
  epoch  84/100  loss=0.2262  bal_acc=0.3750
  epoch  85/100  loss=0.2158  bal_acc=0.3785
  epoch  86/100  loss=0.2272  bal_acc=0.3802
  epoch  87/100  loss=0.2155  bal_acc=0.3854
  epoch  88/100  loss=0.2085  bal_acc=0.3941
  epoch  89/100  loss=0.2057  bal_acc=0.3628
  epoch  90/100  loss=0.2003  bal_acc=0.3924
  epoch  91/100  loss=0.2077  bal_acc=0.3628
  epoch  92/100  loss=0.2084  bal_acc=0.3715
  epoch  93/100  loss=0.2032  bal_acc=0.3715
  epoch  94/100  loss=0.2059  bal_acc=0.3976
  epoch  95/100  loss=0.1978  bal_acc=0.4045
  epoch  96/100  loss=0.1986  bal_acc=0.3941
  epoch  97/100  loss=0.1926  bal_acc=0.3785
  epoch  98/100  loss=0.1937  bal_acc=0.3576
  epoch  99/100  loss=0.1896  bal_acc=0.3837
  epoch 100/100  loss=0.1876  bal_acc=0.3750
  [LOSO 6/9] subject 5: acc=0.3750  running_mean=0.4413

=== LOSO (hold out subject 6) ===
  Train: 4608 trials  |  Test: 576 trials
  Model params: 25,303
  epoch   1/100  loss=1.3841  bal_acc=0.3160
  epoch   2/100  loss=1.3432  bal_acc=0.3177
  epoch   3/100  loss=1.2946  bal_acc=0.3281
  epoch   4/100  loss=1.2268  bal_acc=0.3333
  epoch   5/100  loss=1.1676  bal_acc=0.3472
  epoch   6/100  loss=1.1067  bal_acc=0.3351
  epoch   7/100  loss=1.0508  bal_acc=0.3611
  epoch   8/100  loss=1.0041  bal_acc=0.3611
  epoch   9/100  loss=0.9597  bal_acc=0.3906
  epoch  10/100  loss=0.9297  bal_acc=0.4479
  epoch  11/100  loss=0.8967  bal_acc=0.3281
  epoch  12/100  loss=0.8735  bal_acc=0.3594
  epoch  13/100  loss=0.8485  bal_acc=0.4201
  epoch  14/100  loss=0.8295  bal_acc=0.4271
  epoch  15/100  loss=0.8155  bal_acc=0.4253
  epoch  16/100  loss=0.7983  bal_acc=0.4427
  epoch  17/100  loss=0.7686  bal_acc=0.3941
  epoch  18/100  loss=0.7521  bal_acc=0.3438
  epoch  19/100  loss=0.7319  bal_acc=0.3264
  epoch  20/100  loss=0.7197  bal_acc=0.3594
  epoch  21/100  loss=0.7101  bal_acc=0.3142
  epoch  22/100  loss=0.6887  bal_acc=0.3663
  epoch  23/100  loss=0.6747  bal_acc=0.3507
  epoch  24/100  loss=0.6623  bal_acc=0.3472
  epoch  25/100  loss=0.6519  bal_acc=0.3681
  epoch  26/100  loss=0.6413  bal_acc=0.3507
  epoch  27/100  loss=0.6176  bal_acc=0.3628
  epoch  28/100  loss=0.6044  bal_acc=0.3212
  epoch  29/100  loss=0.5844  bal_acc=0.3212
  epoch  30/100  loss=0.5779  bal_acc=0.3090
  epoch  31/100  loss=0.5649  bal_acc=0.3229
  epoch  32/100  loss=0.5597  bal_acc=0.3316
  epoch  33/100  loss=0.5501  bal_acc=0.3212
  epoch  34/100  loss=0.5384  bal_acc=0.4045
  epoch  35/100  loss=0.5193  bal_acc=0.3507
  epoch  36/100  loss=0.5138  bal_acc=0.3194
  epoch  37/100  loss=0.5021  bal_acc=0.3333
  epoch  38/100  loss=0.5046  bal_acc=0.3785
  epoch  39/100  loss=0.4672  bal_acc=0.3733
  epoch  40/100  loss=0.4841  bal_acc=0.4028
  epoch  41/100  loss=0.4597  bal_acc=0.3559
  epoch  42/100  loss=0.4695  bal_acc=0.3681
  epoch  43/100  loss=0.4568  bal_acc=0.4201
  epoch  44/100  loss=0.4422  bal_acc=0.4253
  epoch  45/100  loss=0.4424  bal_acc=0.3854
  epoch  46/100  loss=0.4238  bal_acc=0.3976
  epoch  47/100  loss=0.4169  bal_acc=0.4167
  epoch  48/100  loss=0.4182  bal_acc=0.3819
  epoch  49/100  loss=0.4064  bal_acc=0.3976
  epoch  50/100  loss=0.3919  bal_acc=0.4531
  epoch  51/100  loss=0.3995  bal_acc=0.3854
  epoch  52/100  loss=0.3865  bal_acc=0.4497
  epoch  53/100  loss=0.3816  bal_acc=0.3976
  epoch  54/100  loss=0.3805  bal_acc=0.3889
  epoch  55/100  loss=0.3657  bal_acc=0.4115
  epoch  56/100  loss=0.3595  bal_acc=0.3976
  epoch  57/100  loss=0.3510  bal_acc=0.4653
  epoch  58/100  loss=0.3561  bal_acc=0.3802
  epoch  59/100  loss=0.3417  bal_acc=0.4410
  epoch  60/100  loss=0.3293  bal_acc=0.4236
  epoch  61/100  loss=0.3326  bal_acc=0.4670
  epoch  62/100  loss=0.3288  bal_acc=0.4549
  epoch  63/100  loss=0.3195  bal_acc=0.4566
  epoch  64/100  loss=0.3181  bal_acc=0.4653
  epoch  65/100  loss=0.3176  bal_acc=0.4115
  epoch  66/100  loss=0.3065  bal_acc=0.4601
  epoch  67/100  loss=0.3094  bal_acc=0.4653
  epoch  68/100  loss=0.3036  bal_acc=0.4653
  epoch  69/100  loss=0.3013  bal_acc=0.4132
  epoch  70/100  loss=0.2877  bal_acc=0.4688
  epoch  71/100  loss=0.2950  bal_acc=0.4844
  epoch  72/100  loss=0.2883  bal_acc=0.4531
  epoch  73/100  loss=0.2760  bal_acc=0.4688
  epoch  74/100  loss=0.2666  bal_acc=0.4306
  epoch  75/100  loss=0.2690  bal_acc=0.4375
  epoch  76/100  loss=0.2692  bal_acc=0.4097
  epoch  77/100  loss=0.2499  bal_acc=0.4184
  epoch  78/100  loss=0.2577  bal_acc=0.4774
  epoch  79/100  loss=0.2543  bal_acc=0.4670
  epoch  80/100  loss=0.2496  bal_acc=0.4340
  epoch  81/100  loss=0.2468  bal_acc=0.4826
  epoch  82/100  loss=0.2491  bal_acc=0.4601
  epoch  83/100  loss=0.2410  bal_acc=0.4201
  epoch  84/100  loss=0.2351  bal_acc=0.4375
  epoch  85/100  loss=0.2380  bal_acc=0.4566
  epoch  86/100  loss=0.2326  bal_acc=0.4323
  epoch  87/100  loss=0.2262  bal_acc=0.4549
  epoch  88/100  loss=0.2227  bal_acc=0.4705
  epoch  89/100  loss=0.2284  bal_acc=0.4601
  epoch  90/100  loss=0.2216  bal_acc=0.4479
  epoch  91/100  loss=0.2185  bal_acc=0.4688
  epoch  92/100  loss=0.2250  bal_acc=0.4601
  epoch  93/100  loss=0.2116  bal_acc=0.4705
  epoch  94/100  loss=0.2145  bal_acc=0.4774
  epoch  95/100  loss=0.2152  bal_acc=0.4809
  epoch  96/100  loss=0.2173  bal_acc=0.4618
  epoch  97/100  loss=0.2142  bal_acc=0.4635
  epoch  98/100  loss=0.2050  bal_acc=0.4809
  epoch  99/100  loss=0.2004  bal_acc=0.4965
  epoch 100/100  loss=0.2010  bal_acc=0.4878
  [LOSO 7/9] subject 6: acc=0.4878  running_mean=0.4479

=== LOSO (hold out subject 7) ===
  Train: 4608 trials  |  Test: 576 trials
  Model params: 25,303
  epoch   1/100  loss=1.3817  bal_acc=0.3212
  epoch   2/100  loss=1.3454  bal_acc=0.3733
  epoch   3/100  loss=1.2946  bal_acc=0.4028
  epoch   4/100  loss=1.2326  bal_acc=0.4653
  epoch   5/100  loss=1.1720  bal_acc=0.5451
  epoch   6/100  loss=1.1186  bal_acc=0.5469
  epoch   7/100  loss=1.0825  bal_acc=0.5399
  epoch   8/100  loss=1.0559  bal_acc=0.5417
  epoch   9/100  loss=1.0149  bal_acc=0.4965
  epoch  10/100  loss=0.9927  bal_acc=0.5365
  epoch  11/100  loss=0.9622  bal_acc=0.5868
  epoch  12/100  loss=0.9342  bal_acc=0.5243
  epoch  13/100  loss=0.9129  bal_acc=0.5677
  epoch  14/100  loss=0.8948  bal_acc=0.5174
  epoch  15/100  loss=0.8733  bal_acc=0.5104
  epoch  16/100  loss=0.8458  bal_acc=0.5191
  epoch  17/100  loss=0.8321  bal_acc=0.4826
  epoch  18/100  loss=0.8137  bal_acc=0.5747
  epoch  19/100  loss=0.7885  bal_acc=0.5660
  epoch  20/100  loss=0.7719  bal_acc=0.5486
  epoch  21/100  loss=0.7550  bal_acc=0.5764
  epoch  22/100  loss=0.7386  bal_acc=0.4688
  epoch  23/100  loss=0.7094  bal_acc=0.5295
  epoch  24/100  loss=0.6919  bal_acc=0.5851
  epoch  25/100  loss=0.6726  bal_acc=0.4809
  epoch  26/100  loss=0.6687  bal_acc=0.5816
  epoch  27/100  loss=0.6469  bal_acc=0.5660
  epoch  28/100  loss=0.6385  bal_acc=0.4913
  epoch  29/100  loss=0.6159  bal_acc=0.5399
  epoch  30/100  loss=0.6156  bal_acc=0.5556
  epoch  31/100  loss=0.5883  bal_acc=0.5312
  epoch  32/100  loss=0.5717  bal_acc=0.6076
  epoch  33/100  loss=0.5640  bal_acc=0.5469
  epoch  34/100  loss=0.5577  bal_acc=0.5903
  epoch  35/100  loss=0.5542  bal_acc=0.6076
  epoch  36/100  loss=0.5423  bal_acc=0.5573
  epoch  37/100  loss=0.5234  bal_acc=0.5885
  epoch  38/100  loss=0.5090  bal_acc=0.5451
  epoch  39/100  loss=0.5003  bal_acc=0.6059
  epoch  40/100  loss=0.4988  bal_acc=0.5868
  epoch  41/100  loss=0.4801  bal_acc=0.5972
  epoch  42/100  loss=0.4734  bal_acc=0.5990
  epoch  43/100  loss=0.4649  bal_acc=0.5972
  epoch  44/100  loss=0.4623  bal_acc=0.6163
  epoch  45/100  loss=0.4454  bal_acc=0.5938
  epoch  46/100  loss=0.4341  bal_acc=0.6059
  epoch  47/100  loss=0.4363  bal_acc=0.5816
  epoch  48/100  loss=0.4288  bal_acc=0.5503
  epoch  49/100  loss=0.4148  bal_acc=0.5851
  epoch  50/100  loss=0.4114  bal_acc=0.5747
  epoch  51/100  loss=0.4080  bal_acc=0.5781
  epoch  52/100  loss=0.4006  bal_acc=0.5885
  epoch  53/100  loss=0.3820  bal_acc=0.5885
  epoch  54/100  loss=0.3830  bal_acc=0.6094
  epoch  55/100  loss=0.3736  bal_acc=0.5469
  epoch  56/100  loss=0.3740  bal_acc=0.5781
  epoch  57/100  loss=0.3624  bal_acc=0.5885
  epoch  58/100  loss=0.3580  bal_acc=0.5920
  epoch  59/100  loss=0.3597  bal_acc=0.5694
  epoch  60/100  loss=0.3480  bal_acc=0.5938
  epoch  61/100  loss=0.3401  bal_acc=0.5538
  epoch  62/100  loss=0.3396  bal_acc=0.5729
  epoch  63/100  loss=0.3306  bal_acc=0.5503
  epoch  64/100  loss=0.3210  bal_acc=0.5972
  epoch  65/100  loss=0.3268  bal_acc=0.5521
  epoch  66/100  loss=0.3127  bal_acc=0.5868
  epoch  67/100  loss=0.3117  bal_acc=0.6007
  epoch  68/100  loss=0.3077  bal_acc=0.5417
  epoch  69/100  loss=0.3120  bal_acc=0.6042
  epoch  70/100  loss=0.3090  bal_acc=0.5712
  epoch  71/100  loss=0.2857  bal_acc=0.5729
  epoch  72/100  loss=0.2941  bal_acc=0.5938
  epoch  73/100  loss=0.2965  bal_acc=0.5868
  epoch  74/100  loss=0.2831  bal_acc=0.6024
  epoch  75/100  loss=0.2737  bal_acc=0.5694
  epoch  76/100  loss=0.2706  bal_acc=0.5955
  epoch  77/100  loss=0.2805  bal_acc=0.5799
  epoch  78/100  loss=0.2706  bal_acc=0.5642
  epoch  79/100  loss=0.2671  bal_acc=0.5469
  epoch  80/100  loss=0.2699  bal_acc=0.5625
  epoch  81/100  loss=0.2587  bal_acc=0.5764
  epoch  82/100  loss=0.2524  bal_acc=0.6024
  epoch  83/100  loss=0.2508  bal_acc=0.5990
  epoch  84/100  loss=0.2447  bal_acc=0.5816
  epoch  85/100  loss=0.2342  bal_acc=0.5868
  epoch  86/100  loss=0.2461  bal_acc=0.5903
  epoch  87/100  loss=0.2427  bal_acc=0.5990
  epoch  88/100  loss=0.2427  bal_acc=0.5399
  epoch  89/100  loss=0.2342  bal_acc=0.5799
  epoch  90/100  loss=0.2382  bal_acc=0.5556
  epoch  91/100  loss=0.2286  bal_acc=0.5781
  epoch  92/100  loss=0.2251  bal_acc=0.5538
  epoch  93/100  loss=0.2297  bal_acc=0.5503
  epoch  94/100  loss=0.2321  bal_acc=0.5556
  epoch  95/100  loss=0.2174  bal_acc=0.5903
  epoch  96/100  loss=0.2172  bal_acc=0.5538
  epoch  97/100  loss=0.2174  bal_acc=0.5556
  epoch  98/100  loss=0.2115  bal_acc=0.5434
  epoch  99/100  loss=0.2129  bal_acc=0.5399
  epoch 100/100  loss=0.2064  bal_acc=0.5556
  [LOSO 8/9] subject 7: acc=0.5556  running_mean=0.4614

=== LOSO (hold out subject 8) ===
  Train: 4608 trials  |  Test: 576 trials
  Model params: 25,303
  epoch   1/100  loss=1.3861  bal_acc=0.4028
  epoch   2/100  loss=1.3514  bal_acc=0.3802
  epoch   3/100  loss=1.3116  bal_acc=0.3056
  epoch   4/100  loss=1.2616  bal_acc=0.3976
  epoch   5/100  loss=1.2122  bal_acc=0.3924
  epoch   6/100  loss=1.1510  bal_acc=0.4913
  epoch   7/100  loss=1.1020  bal_acc=0.4757
  epoch   8/100  loss=1.0580  bal_acc=0.5451
  epoch   9/100  loss=1.0182  bal_acc=0.5035
  epoch  10/100  loss=0.9900  bal_acc=0.4566
  epoch  11/100  loss=0.9629  bal_acc=0.5538
  epoch  12/100  loss=0.9313  bal_acc=0.5295
  epoch  13/100  loss=0.9055  bal_acc=0.5330
  epoch  14/100  loss=0.8845  bal_acc=0.5781
  epoch  15/100  loss=0.8619  bal_acc=0.4931
  epoch  16/100  loss=0.8388  bal_acc=0.5816
  epoch  17/100  loss=0.8106  bal_acc=0.5417
  epoch  18/100  loss=0.7892  bal_acc=0.5295
  epoch  19/100  loss=0.7701  bal_acc=0.5712
  epoch  20/100  loss=0.7465  bal_acc=0.5139
  epoch  21/100  loss=0.7375  bal_acc=0.5156
  epoch  22/100  loss=0.7189  bal_acc=0.5764
  epoch  23/100  loss=0.7014  bal_acc=0.5573
  epoch  24/100  loss=0.6841  bal_acc=0.5295
  epoch  25/100  loss=0.6698  bal_acc=0.6076
  epoch  26/100  loss=0.6529  bal_acc=0.5781
  epoch  27/100  loss=0.6455  bal_acc=0.5990
  epoch  28/100  loss=0.6290  bal_acc=0.6042
  epoch  29/100  loss=0.6126  bal_acc=0.6007
  epoch  30/100  loss=0.6110  bal_acc=0.6042
  epoch  31/100  loss=0.5888  bal_acc=0.6267
  epoch  32/100  loss=0.5769  bal_acc=0.5694
  epoch  33/100  loss=0.5625  bal_acc=0.5990
  epoch  34/100  loss=0.5504  bal_acc=0.5851
  epoch  35/100  loss=0.5437  bal_acc=0.6389
  epoch  36/100  loss=0.5345  bal_acc=0.6094
  epoch  37/100  loss=0.5186  bal_acc=0.5503
  epoch  38/100  loss=0.5232  bal_acc=0.5538
  epoch  39/100  loss=0.5034  bal_acc=0.5469
  epoch  40/100  loss=0.4970  bal_acc=0.5365
  epoch  41/100  loss=0.4955  bal_acc=0.5816
  epoch  42/100  loss=0.4799  bal_acc=0.5573
  epoch  43/100  loss=0.4671  bal_acc=0.5503
  epoch  44/100  loss=0.4653  bal_acc=0.5781
  epoch  45/100  loss=0.4621  bal_acc=0.5747
  epoch  46/100  loss=0.4531  bal_acc=0.6233
  epoch  47/100  loss=0.4407  bal_acc=0.5521
  epoch  48/100  loss=0.4338  bal_acc=0.6128
  epoch  49/100  loss=0.4278  bal_acc=0.6146
  epoch  50/100  loss=0.4129  bal_acc=0.5955
  epoch  51/100  loss=0.4213  bal_acc=0.5833
  epoch  52/100  loss=0.4026  bal_acc=0.5920
  epoch  53/100  loss=0.3951  bal_acc=0.6302
  epoch  54/100  loss=0.4020  bal_acc=0.5851
  epoch  55/100  loss=0.3777  bal_acc=0.5660
  epoch  56/100  loss=0.3803  bal_acc=0.5226
  epoch  57/100  loss=0.3805  bal_acc=0.5885
  epoch  58/100  loss=0.3721  bal_acc=0.5833
  epoch  59/100  loss=0.3604  bal_acc=0.5660
  epoch  60/100  loss=0.3641  bal_acc=0.5503
  epoch  61/100  loss=0.3508  bal_acc=0.5903
  epoch  62/100  loss=0.3530  bal_acc=0.5712
  epoch  63/100  loss=0.3491  bal_acc=0.6007
  epoch  64/100  loss=0.3408  bal_acc=0.5781
  epoch  65/100  loss=0.3339  bal_acc=0.5972
  epoch  66/100  loss=0.3239  bal_acc=0.5573
  epoch  67/100  loss=0.3272  bal_acc=0.5885
  epoch  68/100  loss=0.3159  bal_acc=0.5677
  epoch  69/100  loss=0.3240  bal_acc=0.5851
  epoch  70/100  loss=0.3167  bal_acc=0.6389
  epoch  71/100  loss=0.3082  bal_acc=0.5868
  epoch  72/100  loss=0.3033  bal_acc=0.6319
  epoch  73/100  loss=0.3073  bal_acc=0.5608
  epoch  74/100  loss=0.3021  bal_acc=0.5486
  epoch  75/100  loss=0.2929  bal_acc=0.5556
  epoch  76/100  loss=0.2938  bal_acc=0.5590
  epoch  77/100  loss=0.2838  bal_acc=0.6146
  epoch  78/100  loss=0.2898  bal_acc=0.5938
  epoch  79/100  loss=0.2868  bal_acc=0.5955
  epoch  80/100  loss=0.2683  bal_acc=0.5677
  epoch  81/100  loss=0.2714  bal_acc=0.5156
  epoch  82/100  loss=0.2629  bal_acc=0.5694
  epoch  83/100  loss=0.2640  bal_acc=0.5712
  epoch  84/100  loss=0.2679  bal_acc=0.5972
  epoch  85/100  loss=0.2674  bal_acc=0.5747
  epoch  86/100  loss=0.2624  bal_acc=0.5833
  epoch  87/100  loss=0.2519  bal_acc=0.5955
  epoch  88/100  loss=0.2582  bal_acc=0.5799
  epoch  89/100  loss=0.2538  bal_acc=0.5747
  epoch  90/100  loss=0.2457  bal_acc=0.5972
  epoch  91/100  loss=0.2433  bal_acc=0.5833
  epoch  92/100  loss=0.2399  bal_acc=0.5747
  epoch  93/100  loss=0.2342  bal_acc=0.5955
  epoch  94/100  loss=0.2349  bal_acc=0.5903
  epoch  95/100  loss=0.2295  bal_acc=0.5833
  epoch  96/100  loss=0.2253  bal_acc=0.5764
  epoch  97/100  loss=0.2277  bal_acc=0.5590
  epoch  98/100  loss=0.2266  bal_acc=0.5590
  epoch  99/100  loss=0.2125  bal_acc=0.5451
  epoch 100/100  loss=0.2147  bal_acc=0.5226
  [LOSO 9/9] subject 8: acc=0.5226  running_mean=0.4682
Results saved to results/BNCI2014_001/results_trial_52.json
Trial logged to results/BNCI2014_001/trials.csv
[status] trial 52 done (state=COMPLETE, value=0.46817129629629634) -- 49 completed total
Device: cuda
[BNCI2014_001] loading from cache: /home/aleksander.berezowsk/.cache/spiking_eegnet/BNCI2014_001_af1ccf3e92f684d8a93c057082b654d7.npz
[BNCI2014_001] cache hit: (5184, 1, 22, 1001), classes=['feet', 'left_hand', 'right_hand', 'tongue'], subjects=9
Dataset meta: {'n_classes': 4, 'n_channels': 22, 'n_samples': 1001, 'class_names': ['feet', 'left_hand', 'right_hand', 'tongue'], 'subject_list': [1, 2, 3, 4, 5, 6, 7, 8, 9], 'n_subjects': 9, 'sfreq': 250.0}

Applying bandpass filter: 5.365044218580377–117.02397395498069 Hz

=== LOSO (hold out subject 0) ===
  Train: 4608 trials  |  Test: 576 trials
  Model params: 26,283
  epoch   1/100  loss=1.3858  bal_acc=0.4583
  epoch   2/100  loss=1.3247  bal_acc=0.4601
  epoch   3/100  loss=1.2309  bal_acc=0.4844
  epoch   4/100  loss=1.1703  bal_acc=0.5347
  epoch   5/100  loss=1.1114  bal_acc=0.4774
  epoch   6/100  loss=1.0657  bal_acc=0.5764
  epoch   7/100  loss=1.0282  bal_acc=0.4549
  epoch   8/100  loss=0.9909  bal_acc=0.5087
  epoch   9/100  loss=0.9614  bal_acc=0.5347
  epoch  10/100  loss=0.9312  bal_acc=0.5990
  epoch  11/100  loss=0.9007  bal_acc=0.5816
  epoch  12/100  loss=0.8797  bal_acc=0.5503
  epoch  13/100  loss=0.8470  bal_acc=0.5556
  epoch  14/100  loss=0.8390  bal_acc=0.5260
  epoch  15/100  loss=0.8219  bal_acc=0.5573
  epoch  16/100  loss=0.7998  bal_acc=0.4149
  epoch  17/100  loss=0.7841  bal_acc=0.5087
  epoch  18/100  loss=0.7484  bal_acc=0.5017
  epoch  19/100  loss=0.7435  bal_acc=0.5174
  epoch  20/100  loss=0.7217  bal_acc=0.5104
  epoch  21/100  loss=0.7010  bal_acc=0.5069
  epoch  22/100  loss=0.6919  bal_acc=0.4878
  epoch  23/100  loss=0.6836  bal_acc=0.5208
  epoch  24/100  loss=0.6715  bal_acc=0.5608
  epoch  25/100  loss=0.6483  bal_acc=0.4653
  epoch  26/100  loss=0.6409  bal_acc=0.5625
  epoch  27/100  loss=0.6215  bal_acc=0.4965
  epoch  28/100  loss=0.5984  bal_acc=0.5694
  epoch  29/100  loss=0.6015  bal_acc=0.4774
  epoch  30/100  loss=0.5915  bal_acc=0.5434
  epoch  31/100  loss=0.5684  bal_acc=0.5903
  epoch  32/100  loss=0.5548  bal_acc=0.4236
  epoch  33/100  loss=0.5638  bal_acc=0.5417
  epoch  34/100  loss=0.5421  bal_acc=0.5868
  epoch  35/100  loss=0.5273  bal_acc=0.5851
  epoch  36/100  loss=0.5241  bal_acc=0.5538
  epoch  37/100  loss=0.5114  bal_acc=0.5191
  epoch  38/100  loss=0.4896  bal_acc=0.5521
  epoch  39/100  loss=0.4886  bal_acc=0.4896
  epoch  40/100  loss=0.4855  bal_acc=0.5868
  epoch  41/100  loss=0.4743  bal_acc=0.5729
  epoch  42/100  loss=0.4823  bal_acc=0.5122
  epoch  43/100  loss=0.4601  bal_acc=0.5521
  epoch  44/100  loss=0.4584  bal_acc=0.5608
  epoch  45/100  loss=0.4443  bal_acc=0.5868
  epoch  46/100  loss=0.4250  bal_acc=0.5868
  epoch  47/100  loss=0.4360  bal_acc=0.5729
  epoch  48/100  loss=0.4208  bal_acc=0.5747
  epoch  49/100  loss=0.4205  bal_acc=0.6233
  epoch  50/100  loss=0.4056  bal_acc=0.5851
  epoch  51/100  loss=0.3987  bal_acc=0.5573
  epoch  52/100  loss=0.3998  bal_acc=0.5573
  epoch  53/100  loss=0.4033  bal_acc=0.5729
  epoch  54/100  loss=0.3987  bal_acc=0.5816
  epoch  55/100  loss=0.3757  bal_acc=0.5903
  epoch  56/100  loss=0.3661  bal_acc=0.5781
  epoch  57/100  loss=0.3552  bal_acc=0.5521
  epoch  58/100  loss=0.3623  bal_acc=0.5417
  epoch  59/100  loss=0.3548  bal_acc=0.5625
  epoch  60/100  loss=0.3480  bal_acc=0.6094
  epoch  61/100  loss=0.3383  bal_acc=0.5608
  epoch  62/100  loss=0.3467  bal_acc=0.6128
  epoch  63/100  loss=0.3356  bal_acc=0.5590
  epoch  64/100  loss=0.3375  bal_acc=0.5920
  epoch  65/100  loss=0.3307  bal_acc=0.6094
  epoch  66/100  loss=0.3280  bal_acc=0.4948
  epoch  67/100  loss=0.3100  bal_acc=0.5990
  epoch  68/100  loss=0.3318  bal_acc=0.5677
  epoch  69/100  loss=0.2998  bal_acc=0.6076
  epoch  70/100  loss=0.3227  bal_acc=0.6181
  epoch  71/100  loss=0.3087  bal_acc=0.6215
  epoch  72/100  loss=0.3100  bal_acc=0.6181
  epoch  73/100  loss=0.2992  bal_acc=0.5677
  epoch  74/100  loss=0.2981  bal_acc=0.5469
  epoch  75/100  loss=0.2950  bal_acc=0.4896
  epoch  76/100  loss=0.2894  bal_acc=0.5781
  epoch  77/100  loss=0.2847  bal_acc=0.5694
  epoch  78/100  loss=0.2823  bal_acc=0.6146
  epoch  79/100  loss=0.2727  bal_acc=0.6250
  epoch  80/100  loss=0.2773  bal_acc=0.5990
  epoch  81/100  loss=0.2727  bal_acc=0.5781
  epoch  82/100  loss=0.2739  bal_acc=0.5781
  epoch  83/100  loss=0.2556  bal_acc=0.5747
  epoch  84/100  loss=0.2635  bal_acc=0.5938
  epoch  85/100  loss=0.2573  bal_acc=0.6007
  epoch  86/100  loss=0.2672  bal_acc=0.6128
  epoch  87/100  loss=0.2623  bal_acc=0.5625
  epoch  88/100  loss=0.2344  bal_acc=0.6042
  epoch  89/100  loss=0.2584  bal_acc=0.5885
  epoch  90/100  loss=0.2513  bal_acc=0.5903
  epoch  91/100  loss=0.2485  bal_acc=0.6007
  epoch  92/100  loss=0.2302  bal_acc=0.5972
  epoch  93/100  loss=0.2446  bal_acc=0.6024
  epoch  94/100  loss=0.2390  bal_acc=0.6094
  epoch  95/100  loss=0.2412  bal_acc=0.5712
  epoch  96/100  loss=0.2332  bal_acc=0.6146
  epoch  97/100  loss=0.2421  bal_acc=0.5799
  epoch  98/100  loss=0.2361  bal_acc=0.5851
  epoch  99/100  loss=0.2252  bal_acc=0.5486
  epoch 100/100  loss=0.2325  bal_acc=0.5920
  [LOSO 1/9] subject 0: acc=0.5920  running_mean=0.5920

=== LOSO (hold out subject 1) ===
  Train: 4608 trials  |  Test: 576 trials
  Model params: 26,283
  epoch   1/100  loss=1.3739  bal_acc=0.2413
  epoch   2/100  loss=1.2917  bal_acc=0.2622
  epoch   3/100  loss=1.1889  bal_acc=0.2812
  epoch   4/100  loss=1.1160  bal_acc=0.2865
  epoch   5/100  loss=1.0561  bal_acc=0.2622
  epoch   6/100  loss=1.0182  bal_acc=0.3160
  epoch   7/100  loss=0.9630  bal_acc=0.2969
  epoch   8/100  loss=0.9353  bal_acc=0.2969
  epoch   9/100  loss=0.9065  bal_acc=0.3056
  epoch  10/100  loss=0.8544  bal_acc=0.2882
  epoch  11/100  loss=0.8303  bal_acc=0.3003
  epoch  12/100  loss=0.7983  bal_acc=0.3229
  epoch  13/100  loss=0.7807  bal_acc=0.3090
  epoch  14/100  loss=0.7495  bal_acc=0.3229
  epoch  15/100  loss=0.7305  bal_acc=0.3056
  epoch  16/100  loss=0.7061  bal_acc=0.3142
  epoch  17/100  loss=0.6908  bal_acc=0.3021
  epoch  18/100  loss=0.6725  bal_acc=0.3403
  epoch  19/100  loss=0.6535  bal_acc=0.3003
  epoch  20/100  loss=0.6269  bal_acc=0.3108
  epoch  21/100  loss=0.6167  bal_acc=0.3212
  epoch  22/100  loss=0.6067  bal_acc=0.3090
  epoch  23/100  loss=0.5859  bal_acc=0.3229
  epoch  24/100  loss=0.5642  bal_acc=0.3264
  epoch  25/100  loss=0.5511  bal_acc=0.3264
  epoch  26/100  loss=0.5461  bal_acc=0.3090
  epoch  27/100  loss=0.5328  bal_acc=0.3125
  epoch  28/100  loss=0.5316  bal_acc=0.3316
  epoch  29/100  loss=0.5107  bal_acc=0.3316
  epoch  30/100  loss=0.4955  bal_acc=0.3299
  epoch  31/100  loss=0.4892  bal_acc=0.2934
  epoch  32/100  loss=0.4786  bal_acc=0.3281
  epoch  33/100  loss=0.4703  bal_acc=0.3403
  epoch  34/100  loss=0.4483  bal_acc=0.3316
  epoch  35/100  loss=0.4466  bal_acc=0.2743
  epoch  36/100  loss=0.4296  bal_acc=0.3472
  epoch  37/100  loss=0.4315  bal_acc=0.3351
  epoch  38/100  loss=0.4129  bal_acc=0.3507
  epoch  39/100  loss=0.4081  bal_acc=0.3177
  epoch  40/100  loss=0.3934  bal_acc=0.3108
  epoch  41/100  loss=0.4016  bal_acc=0.3229
  epoch  42/100  loss=0.3948  bal_acc=0.3177
  epoch  43/100  loss=0.3894  bal_acc=0.3038
  epoch  44/100  loss=0.3652  bal_acc=0.3247
  epoch  45/100  loss=0.3742  bal_acc=0.3108
  epoch  46/100  loss=0.3698  bal_acc=0.3038
  epoch  47/100  loss=0.3597  bal_acc=0.2917
  epoch  48/100  loss=0.3718  bal_acc=0.3316
  epoch  49/100  loss=0.3496  bal_acc=0.3229
  epoch  50/100  loss=0.3386  bal_acc=0.2951
  epoch  51/100  loss=0.3335  bal_acc=0.3229
  epoch  52/100  loss=0.3294  bal_acc=0.3229
  epoch  53/100  loss=0.3158  bal_acc=0.2951
  epoch  54/100  loss=0.3108  bal_acc=0.3385
  epoch  55/100  loss=0.3114  bal_acc=0.3125
  epoch  56/100  loss=0.3069  bal_acc=0.3073
  epoch  57/100  loss=0.2988  bal_acc=0.3090
  epoch  58/100  loss=0.2972  bal_acc=0.3108
  epoch  59/100  loss=0.2850  bal_acc=0.3316
  epoch  60/100  loss=0.2885  bal_acc=0.3212
  epoch  61/100  loss=0.2775  bal_acc=0.3333
  epoch  62/100  loss=0.2792  bal_acc=0.3490
  epoch  63/100  loss=0.2710  bal_acc=0.3333
  epoch  64/100  loss=0.2601  bal_acc=0.3073
  epoch  65/100  loss=0.2698  bal_acc=0.3385
  epoch  66/100  loss=0.2757  bal_acc=0.3056
  epoch  67/100  loss=0.2629  bal_acc=0.3420
  epoch  68/100  loss=0.2556  bal_acc=0.3420
  epoch  69/100  loss=0.2557  bal_acc=0.3160
  epoch  70/100  loss=0.2582  bal_acc=0.3264
  epoch  71/100  loss=0.2618  bal_acc=0.3351
  epoch  72/100  loss=0.2492  bal_acc=0.3385
  epoch  73/100  loss=0.2331  bal_acc=0.3247
  epoch  74/100  loss=0.2378  bal_acc=0.2812
  epoch  75/100  loss=0.2318  bal_acc=0.2899
  epoch  76/100  loss=0.2377  bal_acc=0.3385
  epoch  77/100  loss=0.2304  bal_acc=0.3333
  epoch  78/100  loss=0.2385  bal_acc=0.3368
  epoch  79/100  loss=0.2301  bal_acc=0.3281
  epoch  80/100  loss=0.2219  bal_acc=0.3177
  epoch  81/100  loss=0.2220  bal_acc=0.3316
  epoch  82/100  loss=0.2207  bal_acc=0.3229
  epoch  83/100  loss=0.2170  bal_acc=0.3351
  epoch  84/100  loss=0.2194  bal_acc=0.3021
  epoch  85/100  loss=0.2102  bal_acc=0.3316
  epoch  86/100  loss=0.2206  bal_acc=0.3212
  epoch  87/100  loss=0.2176  bal_acc=0.3438
  epoch  88/100  loss=0.2189  bal_acc=0.3542
  epoch  89/100  loss=0.2088  bal_acc=0.3247
  epoch  90/100  loss=0.1938  bal_acc=0.3333
  epoch  91/100  loss=0.1999  bal_acc=0.3542
  epoch  92/100  loss=0.1933  bal_acc=0.3247
  epoch  93/100  loss=0.1886  bal_acc=0.3073
  epoch  94/100  loss=0.1916  bal_acc=0.2917
  epoch  95/100  loss=0.1850  bal_acc=0.3160
  epoch  96/100  loss=0.1909  bal_acc=0.3264
  epoch  97/100  loss=0.1879  bal_acc=0.3333
  epoch  98/100  loss=0.1894  bal_acc=0.3368
  epoch  99/100  loss=0.1847  bal_acc=0.3333
  epoch 100/100  loss=0.1909  bal_acc=0.3056
  [LOSO 2/9] subject 1: acc=0.3056  running_mean=0.4488

=== LOSO (hold out subject 2) ===
  Train: 4608 trials  |  Test: 576 trials
  Model params: 26,283
  epoch   1/100  loss=1.3920  bal_acc=0.2847
  epoch   2/100  loss=1.3362  bal_acc=0.4288
  epoch   3/100  loss=1.2720  bal_acc=0.4826
  epoch   4/100  loss=1.2073  bal_acc=0.4358
  epoch   5/100  loss=1.1457  bal_acc=0.5451
  epoch   6/100  loss=1.0829  bal_acc=0.5903
  epoch   7/100  loss=1.0494  bal_acc=0.6250
  epoch   8/100  loss=1.0148  bal_acc=0.4983
  epoch   9/100  loss=0.9725  bal_acc=0.6337
  epoch  10/100  loss=0.9419  bal_acc=0.5990
  epoch  11/100  loss=0.9201  bal_acc=0.5017
  epoch  12/100  loss=0.8868  bal_acc=0.5122
  epoch  13/100  loss=0.8746  bal_acc=0.5747
  epoch  14/100  loss=0.8395  bal_acc=0.5260
  epoch  15/100  loss=0.8289  bal_acc=0.5104
  epoch  16/100  loss=0.7961  bal_acc=0.5365
  epoch  17/100  loss=0.7714  bal_acc=0.5642
  epoch  18/100  loss=0.7565  bal_acc=0.5243
  epoch  19/100  loss=0.7471  bal_acc=0.5017
  epoch  20/100  loss=0.7197  bal_acc=0.4913
  epoch  21/100  loss=0.7026  bal_acc=0.5799
  epoch  22/100  loss=0.6881  bal_acc=0.5799
  epoch  23/100  loss=0.6644  bal_acc=0.5938
  epoch  24/100  loss=0.6607  bal_acc=0.6128
  epoch  25/100  loss=0.6318  bal_acc=0.6128
  epoch  26/100  loss=0.6315  bal_acc=0.5538
  epoch  27/100  loss=0.6142  bal_acc=0.6198
  epoch  28/100  loss=0.5932  bal_acc=0.5920
  epoch  29/100  loss=0.5963  bal_acc=0.6024
  epoch  30/100  loss=0.5701  bal_acc=0.6024
  epoch  31/100  loss=0.5564  bal_acc=0.5920
  epoch  32/100  loss=0.5515  bal_acc=0.5069
  epoch  33/100  loss=0.5410  bal_acc=0.6267
  epoch  34/100  loss=0.5314  bal_acc=0.5590
  epoch  35/100  loss=0.5208  bal_acc=0.4948
  epoch  36/100  loss=0.5019  bal_acc=0.5816
  epoch  37/100  loss=0.5009  bal_acc=0.5816
  epoch  38/100  loss=0.4788  bal_acc=0.5729
  epoch  39/100  loss=0.4622  bal_acc=0.5174
  epoch  40/100  loss=0.4605  bal_acc=0.5885
  epoch  41/100  loss=0.4612  bal_acc=0.4444
  epoch  42/100  loss=0.4594  bal_acc=0.5938
  epoch  43/100  loss=0.4403  bal_acc=0.5226
  epoch  44/100  loss=0.4243  bal_acc=0.6128
  epoch  45/100  loss=0.4392  bal_acc=0.5417
  epoch  46/100  loss=0.4159  bal_acc=0.5521
  epoch  47/100  loss=0.4099  bal_acc=0.5243
  epoch  48/100  loss=0.4213  bal_acc=0.5903
  epoch  49/100  loss=0.3986  bal_acc=0.5260
  epoch  50/100  loss=0.3971  bal_acc=0.5781
  epoch  51/100  loss=0.3815  bal_acc=0.4757
  epoch  52/100  loss=0.3928  bal_acc=0.5035
  epoch  53/100  loss=0.3782  bal_acc=0.4965
  epoch  54/100  loss=0.3670  bal_acc=0.4774
  epoch  55/100  loss=0.3682  bal_acc=0.5712
  epoch  56/100  loss=0.3645  bal_acc=0.5451
  epoch  57/100  loss=0.3552  bal_acc=0.5000
  epoch  58/100  loss=0.3521  bal_acc=0.4774
  epoch  59/100  loss=0.3595  bal_acc=0.4149
  epoch  60/100  loss=0.3501  bal_acc=0.4983
  epoch  61/100  loss=0.3417  bal_acc=0.5451
  epoch  62/100  loss=0.3404  bal_acc=0.5608
  epoch  63/100  loss=0.3250  bal_acc=0.4774
  epoch  64/100  loss=0.3320  bal_acc=0.5191
  epoch  65/100  loss=0.3329  bal_acc=0.4861
  epoch  66/100  loss=0.3078  bal_acc=0.5694
  epoch  67/100  loss=0.3045  bal_acc=0.5226
  epoch  68/100  loss=0.3067  bal_acc=0.5226
  epoch  69/100  loss=0.3132  bal_acc=0.5069
  epoch  70/100  loss=0.2886  bal_acc=0.5156
  epoch  71/100  loss=0.2983  bal_acc=0.4688
  epoch  72/100  loss=0.2922  bal_acc=0.4809
  epoch  73/100  loss=0.2976  bal_acc=0.4948
  epoch  74/100  loss=0.2910  bal_acc=0.5434
  epoch  75/100  loss=0.2819  bal_acc=0.5903
  epoch  76/100  loss=0.2835  bal_acc=0.5712
  epoch  77/100  loss=0.2761  bal_acc=0.5521
  epoch  78/100  loss=0.2791  bal_acc=0.5139
  epoch  79/100  loss=0.2755  bal_acc=0.4844
  epoch  80/100  loss=0.2693  bal_acc=0.5365
  epoch  81/100  loss=0.2798  bal_acc=0.5260
  epoch  82/100  loss=0.2724  bal_acc=0.5417
  epoch  83/100  loss=0.2703  bal_acc=0.5208
  epoch  84/100  loss=0.2550  bal_acc=0.4583
  epoch  85/100  loss=0.2567  bal_acc=0.4549
  epoch  86/100  loss=0.2546  bal_acc=0.5417
  epoch  87/100  loss=0.2541  bal_acc=0.5764
  epoch  88/100  loss=0.2537  bal_acc=0.5469
  epoch  89/100  loss=0.2370  bal_acc=0.5486
  epoch  90/100  loss=0.2473  bal_acc=0.5295
  epoch  91/100  loss=0.2400  bal_acc=0.5139
  epoch  92/100  loss=0.2510  bal_acc=0.5087
  epoch  93/100  loss=0.2341  bal_acc=0.4635
  epoch  94/100  loss=0.2293  bal_acc=0.5312
  epoch  95/100  loss=0.2298  bal_acc=0.6076
  epoch  96/100  loss=0.2245  bal_acc=0.5625
  epoch  97/100  loss=0.2146  bal_acc=0.4688
  epoch  98/100  loss=0.2398  bal_acc=0.5260
  epoch  99/100  loss=0.2372  bal_acc=0.4878
  epoch 100/100  loss=0.2370  bal_acc=0.5208
  [LOSO 3/9] subject 2: acc=0.5208  running_mean=0.4728

=== LOSO (hold out subject 3) ===
  Train: 4608 trials  |  Test: 576 trials
  Model params: 26,283
  epoch   1/100  loss=1.3853  bal_acc=0.3924
  epoch   2/100  loss=1.3182  bal_acc=0.3490
  epoch   3/100  loss=1.2181  bal_acc=0.3837
  epoch   4/100  loss=1.1268  bal_acc=0.3576
  epoch   5/100  loss=1.0592  bal_acc=0.3819
  epoch   6/100  loss=1.0095  bal_acc=0.3628
  epoch   7/100  loss=0.9811  bal_acc=0.3733
  epoch   8/100  loss=0.9492  bal_acc=0.3264
  epoch   9/100  loss=0.9185  bal_acc=0.3507
  epoch  10/100  loss=0.8977  bal_acc=0.3733
  epoch  11/100  loss=0.8766  bal_acc=0.2899
  epoch  12/100  loss=0.8430  bal_acc=0.3958
  epoch  13/100  loss=0.8133  bal_acc=0.4427
  epoch  14/100  loss=0.8031  bal_acc=0.3924
  epoch  15/100  loss=0.7846  bal_acc=0.4462
  epoch  16/100  loss=0.7611  bal_acc=0.3854
  epoch  17/100  loss=0.7471  bal_acc=0.4479
  epoch  18/100  loss=0.7247  bal_acc=0.3542
  epoch  19/100  loss=0.7002  bal_acc=0.3368
  epoch  20/100  loss=0.6811  bal_acc=0.3750
  epoch  21/100  loss=0.6668  bal_acc=0.3733
  epoch  22/100  loss=0.6524  bal_acc=0.3750
  epoch  23/100  loss=0.6391  bal_acc=0.4097
  epoch  24/100  loss=0.6363  bal_acc=0.3403
  epoch  25/100  loss=0.6112  bal_acc=0.3090
  epoch  26/100  loss=0.6056  bal_acc=0.3385
  epoch  27/100  loss=0.5852  bal_acc=0.3941
  epoch  28/100  loss=0.5706  bal_acc=0.3715
  epoch  29/100  loss=0.5651  bal_acc=0.2969
  epoch  30/100  loss=0.5522  bal_acc=0.3872
  epoch  31/100  loss=0.5333  bal_acc=0.3785
  epoch  32/100  loss=0.5209  bal_acc=0.3628
  epoch  33/100  loss=0.5080  bal_acc=0.3333
  epoch  34/100  loss=0.5133  bal_acc=0.3403
  epoch  35/100  loss=0.5020  bal_acc=0.3351
  epoch  36/100  loss=0.4783  bal_acc=0.3281
  epoch  37/100  loss=0.4848  bal_acc=0.3472
  epoch  38/100  loss=0.4708  bal_acc=0.3333
  epoch  39/100  loss=0.4588  bal_acc=0.3038
  epoch  40/100  loss=0.4569  bal_acc=0.3160
  epoch  41/100  loss=0.4569  bal_acc=0.3628
  epoch  42/100  loss=0.4338  bal_acc=0.3316
  epoch  43/100  loss=0.4397  bal_acc=0.3542
  epoch  44/100  loss=0.4249  bal_acc=0.3455
  epoch  45/100  loss=0.4191  bal_acc=0.3872
  epoch  46/100  loss=0.4138  bal_acc=0.3750
  epoch  47/100  loss=0.4104  bal_acc=0.3872
  epoch  48/100  loss=0.3889  bal_acc=0.3576
  epoch  49/100  loss=0.3917  bal_acc=0.3767
  epoch  50/100  loss=0.3859  bal_acc=0.3733
  epoch  51/100  loss=0.3663  bal_acc=0.3733
  epoch  52/100  loss=0.3679  bal_acc=0.3264
  epoch  53/100  loss=0.3632  bal_acc=0.3472
  epoch  54/100  loss=0.3570  bal_acc=0.3889
  epoch  55/100  loss=0.3441  bal_acc=0.3733
  epoch  56/100  loss=0.3438  bal_acc=0.3872
  epoch  57/100  loss=0.3472  bal_acc=0.3837
  epoch  58/100  loss=0.3396  bal_acc=0.3715
  epoch  59/100  loss=0.3140  bal_acc=0.3958
  epoch  60/100  loss=0.3256  bal_acc=0.3941
  epoch  61/100  loss=0.3240  bal_acc=0.3611
  epoch  62/100  loss=0.3295  bal_acc=0.3524
  epoch  63/100  loss=0.3077  bal_acc=0.3472
  epoch  64/100  loss=0.3095  bal_acc=0.3681
  epoch  65/100  loss=0.2981  bal_acc=0.3490
  epoch  66/100  loss=0.2997  bal_acc=0.3281
  epoch  67/100  loss=0.3006  bal_acc=0.3524
  epoch  68/100  loss=0.2889  bal_acc=0.3750
  epoch  69/100  loss=0.2849  bal_acc=0.3229
  epoch  70/100  loss=0.2877  bal_acc=0.3507
  epoch  71/100  loss=0.2839  bal_acc=0.3924
  epoch  72/100  loss=0.2748  bal_acc=0.3958
  epoch  73/100  loss=0.2812  bal_acc=0.3993
  epoch  74/100  loss=0.2727  bal_acc=0.3976
  epoch  75/100  loss=0.2657  bal_acc=0.3993
  epoch  76/100  loss=0.2565  bal_acc=0.3576
  epoch  77/100  loss=0.2693  bal_acc=0.3785
  epoch  78/100  loss=0.2594  bal_acc=0.3351
  epoch  79/100  loss=0.2580  bal_acc=0.3819
  epoch  80/100  loss=0.2628  bal_acc=0.3819
  epoch  81/100  loss=0.2566  bal_acc=0.3663
  epoch  82/100  loss=0.2615  bal_acc=0.4062
  epoch  83/100  loss=0.2620  bal_acc=0.3924
  epoch  84/100  loss=0.2491  bal_acc=0.4132
  epoch  85/100  loss=0.2492  bal_acc=0.3785
  epoch  86/100  loss=0.2453  bal_acc=0.3819
  epoch  87/100  loss=0.2410  bal_acc=0.3906
  epoch  88/100  loss=0.2425  bal_acc=0.3854
  epoch  89/100  loss=0.2402  bal_acc=0.3802
  epoch  90/100  loss=0.2295  bal_acc=0.3837
  epoch  91/100  loss=0.2184  bal_acc=0.3837
  epoch  92/100  loss=0.2216  bal_acc=0.3733
  epoch  93/100  loss=0.2139  bal_acc=0.3924
  epoch  94/100  loss=0.2325  bal_acc=0.3872
  epoch  95/100  loss=0.2229  bal_acc=0.3802
  epoch  96/100  loss=0.2190  bal_acc=0.3906
  epoch  97/100  loss=0.2321  bal_acc=0.3767
  epoch  98/100  loss=0.2149  bal_acc=0.3472
  epoch  99/100  loss=0.2139  bal_acc=0.3837
  epoch 100/100  loss=0.2243  bal_acc=0.3559
  [LOSO 4/9] subject 3: acc=0.3559  running_mean=0.4436

=== LOSO (hold out subject 4) ===
  Train: 4608 trials  |  Test: 576 trials
  Model params: 26,283
  epoch   1/100  loss=1.3784  bal_acc=0.2778
  epoch   2/100  loss=1.2986  bal_acc=0.2691
  epoch   3/100  loss=1.2012  bal_acc=0.2500
  epoch   4/100  loss=1.1089  bal_acc=0.2500
  epoch   5/100  loss=1.0451  bal_acc=0.2465
  epoch   6/100  loss=1.0073  bal_acc=0.2500
  epoch   7/100  loss=0.9546  bal_acc=0.2483
  epoch   8/100  loss=0.9150  bal_acc=0.2760
  epoch   9/100  loss=0.8827  bal_acc=0.2760
  epoch  10/100  loss=0.8553  bal_acc=0.2569
  epoch  11/100  loss=0.8259  bal_acc=0.2969
  epoch  12/100  loss=0.7988  bal_acc=0.2483
  epoch  13/100  loss=0.7747  bal_acc=0.2795
  epoch  14/100  loss=0.7490  bal_acc=0.2986
  epoch  15/100  loss=0.7220  bal_acc=0.2691
  epoch  16/100  loss=0.7091  bal_acc=0.3021
  epoch  17/100  loss=0.6846  bal_acc=0.2812
  epoch  18/100  loss=0.6626  bal_acc=0.2865
  epoch  19/100  loss=0.6508  bal_acc=0.2691
  epoch  20/100  loss=0.6320  bal_acc=0.3056
  epoch  21/100  loss=0.6124  bal_acc=0.2778
  epoch  22/100  loss=0.5897  bal_acc=0.2899
  epoch  23/100  loss=0.5724  bal_acc=0.2622
  epoch  24/100  loss=0.5641  bal_acc=0.2552
  epoch  25/100  loss=0.5337  bal_acc=0.2882
  epoch  26/100  loss=0.5382  bal_acc=0.2726
  epoch  27/100  loss=0.5175  bal_acc=0.2986
  epoch  28/100  loss=0.5147  bal_acc=0.2743
  epoch  29/100  loss=0.5021  bal_acc=0.2726
  epoch  30/100  loss=0.4857  bal_acc=0.2674
  epoch  31/100  loss=0.4816  bal_acc=0.3142
  epoch  32/100  loss=0.4752  bal_acc=0.2691
  epoch  33/100  loss=0.4501  bal_acc=0.2726
  epoch  34/100  loss=0.4523  bal_acc=0.2708
  epoch  35/100  loss=0.4394  bal_acc=0.2882
  epoch  36/100  loss=0.4266  bal_acc=0.2812
  epoch  37/100  loss=0.4198  bal_acc=0.2760
  epoch  38/100  loss=0.4156  bal_acc=0.2708
  epoch  39/100  loss=0.4147  bal_acc=0.2917
  epoch  40/100  loss=0.3818  bal_acc=0.2899
  epoch  41/100  loss=0.3832  bal_acc=0.2865
  epoch  42/100  loss=0.3789  bal_acc=0.3056
  epoch  43/100  loss=0.3734  bal_acc=0.2639
  epoch  44/100  loss=0.3666  bal_acc=0.2812
  epoch  45/100  loss=0.3699  bal_acc=0.2726
  epoch  46/100  loss=0.3530  bal_acc=0.2691
  epoch  47/100  loss=0.3462  bal_acc=0.2726
  epoch  48/100  loss=0.3335  bal_acc=0.2760
  epoch  49/100  loss=0.3415  bal_acc=0.2760
  epoch  50/100  loss=0.3317  bal_acc=0.2691
  epoch  51/100  loss=0.3176  bal_acc=0.2743
  epoch  52/100  loss=0.3199  bal_acc=0.2847
  epoch  53/100  loss=0.3049  bal_acc=0.2917
  epoch  54/100  loss=0.3029  bal_acc=0.2847
  epoch  55/100  loss=0.3161  bal_acc=0.2743
  epoch  56/100  loss=0.2982  bal_acc=0.2830
  epoch  57/100  loss=0.2979  bal_acc=0.3003
  epoch  58/100  loss=0.2879  bal_acc=0.2899
  epoch  59/100  loss=0.2866  bal_acc=0.3021
  epoch  60/100  loss=0.2778  bal_acc=0.2726
  epoch  61/100  loss=0.2841  bal_acc=0.2708
  epoch  62/100  loss=0.2632  bal_acc=0.2865
  epoch  63/100  loss=0.2773  bal_acc=0.2865
  epoch  64/100  loss=0.2670  bal_acc=0.3125
  epoch  65/100  loss=0.2556  bal_acc=0.2865
  epoch  66/100  loss=0.2586  bal_acc=0.2778
  epoch  67/100  loss=0.2585  bal_acc=0.2830
  epoch  68/100  loss=0.2484  bal_acc=0.2951
  epoch  69/100  loss=0.2572  bal_acc=0.2882
  epoch  70/100  loss=0.2530  bal_acc=0.2847
  epoch  71/100  loss=0.2395  bal_acc=0.2778
  epoch  72/100  loss=0.2435  bal_acc=0.2656
  epoch  73/100  loss=0.2295  bal_acc=0.2830
  epoch  74/100  loss=0.2314  bal_acc=0.2969
  epoch  75/100  loss=0.2166  bal_acc=0.2917
  epoch  76/100  loss=0.2285  bal_acc=0.2708
  epoch  77/100  loss=0.2298  bal_acc=0.2760
  epoch  78/100  loss=0.2273  bal_acc=0.2865
  epoch  79/100  loss=0.2080  bal_acc=0.2882
  epoch  80/100  loss=0.2183  bal_acc=0.2847
  epoch  81/100  loss=0.2105  bal_acc=0.2951
  epoch  82/100  loss=0.2047  bal_acc=0.2882
  epoch  83/100  loss=0.2145  bal_acc=0.3073
  epoch  84/100  loss=0.2181  bal_acc=0.2778
  epoch  85/100  loss=0.1939  bal_acc=0.2830
  epoch  86/100  loss=0.2041  bal_acc=0.2760
  epoch  87/100  loss=0.2020  bal_acc=0.2882
  epoch  88/100  loss=0.2015  bal_acc=0.2986
  epoch  89/100  loss=0.1878  bal_acc=0.2951
  epoch  90/100  loss=0.1961  bal_acc=0.2847
  epoch  91/100  loss=0.1880  bal_acc=0.2674
  epoch  92/100  loss=0.1884  bal_acc=0.2865
  epoch  93/100  loss=0.1880  bal_acc=0.2899
  epoch  94/100  loss=0.2048  bal_acc=0.2726
  epoch  95/100  loss=0.1972  bal_acc=0.2847
  epoch  96/100  loss=0.1804  bal_acc=0.2865
  epoch  97/100  loss=0.1788  bal_acc=0.3038
  epoch  98/100  loss=0.1808  bal_acc=0.2917
  epoch  99/100  loss=0.1872  bal_acc=0.3056
  epoch 100/100  loss=0.1721  bal_acc=0.2917
  [LOSO 5/9] subject 4: acc=0.2917  running_mean=0.4132

=== LOSO (hold out subject 5) ===
  Train: 4608 trials  |  Test: 576 trials
  Model params: 26,283
  epoch   1/100  loss=1.3908  bal_acc=0.3038
  epoch   2/100  loss=1.3172  bal_acc=0.2222
  epoch   3/100  loss=1.2237  bal_acc=0.2552
  epoch   4/100  loss=1.1401  bal_acc=0.2431
  epoch   5/100  loss=1.0790  bal_acc=0.2569
  epoch   6/100  loss=1.0332  bal_acc=0.2760
  epoch   7/100  loss=0.9992  bal_acc=0.3056
  epoch   8/100  loss=0.9617  bal_acc=0.2726
  epoch   9/100  loss=0.9315  bal_acc=0.2656
  epoch  10/100  loss=0.9023  bal_acc=0.2969
  epoch  11/100  loss=0.8765  bal_acc=0.2743
  epoch  12/100  loss=0.8554  bal_acc=0.2969
  epoch  13/100  loss=0.8281  bal_acc=0.2569
  epoch  14/100  loss=0.8141  bal_acc=0.2500
  epoch  15/100  loss=0.7939  bal_acc=0.2569
  epoch  16/100  loss=0.7745  bal_acc=0.2656
  epoch  17/100  loss=0.7518  bal_acc=0.2604
  epoch  18/100  loss=0.7369  bal_acc=0.2552
  epoch  19/100  loss=0.7208  bal_acc=0.2726
  epoch  20/100  loss=0.7052  bal_acc=0.2656
  epoch  21/100  loss=0.6776  bal_acc=0.2604
  epoch  22/100  loss=0.6679  bal_acc=0.2691
  epoch  23/100  loss=0.6367  bal_acc=0.2882
  epoch  24/100  loss=0.6334  bal_acc=0.2882
  epoch  25/100  loss=0.6302  bal_acc=0.2795
  epoch  26/100  loss=0.5981  bal_acc=0.2674
  epoch  27/100  loss=0.5854  bal_acc=0.3021
  epoch  28/100  loss=0.5781  bal_acc=0.3003
  epoch  29/100  loss=0.5781  bal_acc=0.3073
  epoch  30/100  loss=0.5410  bal_acc=0.2951
  epoch  31/100  loss=0.5383  bal_acc=0.2674
  epoch  32/100  loss=0.5343  bal_acc=0.2847
  epoch  33/100  loss=0.5216  bal_acc=0.3073
  epoch  34/100  loss=0.5050  bal_acc=0.3368
  epoch  35/100  loss=0.4898  bal_acc=0.2812
  epoch  36/100  loss=0.4831  bal_acc=0.2708
  epoch  37/100  loss=0.4742  bal_acc=0.3021
  epoch  38/100  loss=0.4677  bal_acc=0.3038
  epoch  39/100  loss=0.4570  bal_acc=0.2656
  epoch  40/100  loss=0.4502  bal_acc=0.2934
  epoch  41/100  loss=0.4442  bal_acc=0.3056
  epoch  42/100  loss=0.4217  bal_acc=0.2986
  epoch  43/100  loss=0.4220  bal_acc=0.3299
  epoch  44/100  loss=0.4269  bal_acc=0.3247
  epoch  45/100  loss=0.4145  bal_acc=0.3247
  epoch  46/100  loss=0.4089  bal_acc=0.2969
  epoch  47/100  loss=0.4042  bal_acc=0.3247
  epoch  48/100  loss=0.3972  bal_acc=0.3056
  epoch  49/100  loss=0.3816  bal_acc=0.3281
  epoch  50/100  loss=0.3782  bal_acc=0.3073
  epoch  51/100  loss=0.3762  bal_acc=0.3056
  epoch  52/100  loss=0.3688  bal_acc=0.3090
  epoch  53/100  loss=0.3666  bal_acc=0.3177
  epoch  54/100  loss=0.3645  bal_acc=0.3108
  epoch  55/100  loss=0.3482  bal_acc=0.3247
  epoch  56/100  loss=0.3340  bal_acc=0.2986
  epoch  57/100  loss=0.3318  bal_acc=0.2812
  epoch  58/100  loss=0.3269  bal_acc=0.2986
  epoch  59/100  loss=0.3334  bal_acc=0.3108
  epoch  60/100  loss=0.3263  bal_acc=0.2795
  epoch  61/100  loss=0.3076  bal_acc=0.3073
  epoch  62/100  loss=0.3012  bal_acc=0.3073
  epoch  63/100  loss=0.3195  bal_acc=0.3021
  epoch  64/100  loss=0.3201  bal_acc=0.3073
  epoch  65/100  loss=0.2885  bal_acc=0.3385
  epoch  66/100  loss=0.2969  bal_acc=0.3021
  epoch  67/100  loss=0.2889  bal_acc=0.3090
  epoch  68/100  loss=0.2915  bal_acc=0.3090
  epoch  69/100  loss=0.2798  bal_acc=0.2899
  epoch  70/100  loss=0.2931  bal_acc=0.3368
  epoch  71/100  loss=0.2778  bal_acc=0.3073
  epoch  72/100  loss=0.2748  bal_acc=0.3385
  epoch  73/100  loss=0.2632  bal_acc=0.3281
  epoch  74/100  loss=0.2674  bal_acc=0.3003
  epoch  75/100  loss=0.2709  bal_acc=0.3194
  epoch  76/100  loss=0.2618  bal_acc=0.3021
  epoch  77/100  loss=0.2721  bal_acc=0.3073
  epoch  78/100  loss=0.2584  bal_acc=0.3420
  epoch  79/100  loss=0.2533  bal_acc=0.3108
  epoch  80/100  loss=0.2543  bal_acc=0.3177
  epoch  81/100  loss=0.2424  bal_acc=0.3194
  epoch  82/100  loss=0.2394  bal_acc=0.3177
  epoch  83/100  loss=0.2487  bal_acc=0.3281
  epoch  84/100  loss=0.2341  bal_acc=0.3142
  epoch  85/100  loss=0.2512  bal_acc=0.3212
  epoch  86/100  loss=0.2428  bal_acc=0.3229
  epoch  87/100  loss=0.2210  bal_acc=0.3351
  epoch  88/100  loss=0.2380  bal_acc=0.3160
  epoch  89/100  loss=0.2402  bal_acc=0.3316
  epoch  90/100  loss=0.2199  bal_acc=0.3090
  epoch  91/100  loss=0.2135  bal_acc=0.3160
  epoch  92/100  loss=0.2248  bal_acc=0.3351
  epoch  93/100  loss=0.2242  bal_acc=0.3108
  epoch  94/100  loss=0.2256  bal_acc=0.3021
  epoch  95/100  loss=0.2211  bal_acc=0.3316
  epoch  96/100  loss=0.2065  bal_acc=0.3160
  epoch  97/100  loss=0.2071  bal_acc=0.3264
  epoch  98/100  loss=0.2113  bal_acc=0.3073
  epoch  99/100  loss=0.2075  bal_acc=0.3281
  epoch 100/100  loss=0.2071  bal_acc=0.3177
  [LOSO 6/9] subject 5: acc=0.3177  running_mean=0.3973

=== LOSO (hold out subject 6) ===
  Train: 4608 trials  |  Test: 576 trials
  Model params: 26,283
  epoch   1/100  loss=1.3877  bal_acc=0.2743
  epoch   2/100  loss=1.3179  bal_acc=0.3021
  epoch   3/100  loss=1.2213  bal_acc=0.2882
  epoch   4/100  loss=1.1315  bal_acc=0.3385
  epoch   5/100  loss=1.0659  bal_acc=0.3646
  epoch   6/100  loss=1.0181  bal_acc=0.3021
  epoch   7/100  loss=0.9814  bal_acc=0.3108
  epoch   8/100  loss=0.9468  bal_acc=0.3524
  epoch   9/100  loss=0.9083  bal_acc=0.3663
  epoch  10/100  loss=0.8843  bal_acc=0.4271
  epoch  11/100  loss=0.8612  bal_acc=0.4028
  epoch  12/100  loss=0.8286  bal_acc=0.3733
  epoch  13/100  loss=0.8069  bal_acc=0.4392
  epoch  14/100  loss=0.7855  bal_acc=0.3976
  epoch  15/100  loss=0.7720  bal_acc=0.3924
  epoch  16/100  loss=0.7455  bal_acc=0.3385
  epoch  17/100  loss=0.7384  bal_acc=0.2951
  epoch  18/100  loss=0.7159  bal_acc=0.3837
  epoch  19/100  loss=0.6959  bal_acc=0.3889
  epoch  20/100  loss=0.6719  bal_acc=0.3802
  epoch  21/100  loss=0.6600  bal_acc=0.3976
  epoch  22/100  loss=0.6428  bal_acc=0.3906
  epoch  23/100  loss=0.6464  bal_acc=0.4253
  epoch  24/100  loss=0.6249  bal_acc=0.4080
  epoch  25/100  loss=0.6121  bal_acc=0.4132
  epoch  26/100  loss=0.5889  bal_acc=0.4184
  epoch  27/100  loss=0.5782  bal_acc=0.3663
  epoch  28/100  loss=0.5708  bal_acc=0.4045
  epoch  29/100  loss=0.5564  bal_acc=0.4184
  epoch  30/100  loss=0.5533  bal_acc=0.3681
  epoch  31/100  loss=0.5403  bal_acc=0.3611
  epoch  32/100  loss=0.5257  bal_acc=0.4132
  epoch  33/100  loss=0.5196  bal_acc=0.4132
  epoch  34/100  loss=0.5306  bal_acc=0.4288
  epoch  35/100  loss=0.4965  bal_acc=0.4080
  epoch  36/100  loss=0.4849  bal_acc=0.4444
  epoch  37/100  loss=0.4765  bal_acc=0.4097
  epoch  38/100  loss=0.4639  bal_acc=0.4010
  epoch  39/100  loss=0.4518  bal_acc=0.4080
  epoch  40/100  loss=0.4511  bal_acc=0.3507
  epoch  41/100  loss=0.4554  bal_acc=0.3819
  epoch  42/100  loss=0.4539  bal_acc=0.4097
  epoch  43/100  loss=0.4261  bal_acc=0.4062
  epoch  44/100  loss=0.4338  bal_acc=0.3906
  epoch  45/100  loss=0.4195  bal_acc=0.4358
  epoch  46/100  loss=0.4072  bal_acc=0.4010
  epoch  47/100  loss=0.3981  bal_acc=0.4132
  epoch  48/100  loss=0.3952  bal_acc=0.3993
  epoch  49/100  loss=0.3940  bal_acc=0.3542
  epoch  50/100  loss=0.3849  bal_acc=0.4010
  epoch  51/100  loss=0.3724  bal_acc=0.4115
  epoch  52/100  loss=0.3640  bal_acc=0.4184
  epoch  53/100  loss=0.3803  bal_acc=0.3941
  epoch  54/100  loss=0.3563  bal_acc=0.3802
  epoch  55/100  loss=0.3462  bal_acc=0.3663
  epoch  56/100  loss=0.3598  bal_acc=0.3750
  epoch  57/100  loss=0.3364  bal_acc=0.3976
  epoch  58/100  loss=0.3453  bal_acc=0.4219
  epoch  59/100  loss=0.3251  bal_acc=0.3976
  epoch  60/100  loss=0.3232  bal_acc=0.3785
  epoch  61/100  loss=0.3378  bal_acc=0.3924
  epoch  62/100  loss=0.3123  bal_acc=0.3941
  epoch  63/100  loss=0.3127  bal_acc=0.3976
  epoch  64/100  loss=0.3021  bal_acc=0.3993
  epoch  65/100  loss=0.3025  bal_acc=0.4149
  epoch  66/100  loss=0.3022  bal_acc=0.3976
  epoch  67/100  loss=0.3142  bal_acc=0.4167
  epoch  68/100  loss=0.2938  bal_acc=0.3767
  epoch  69/100  loss=0.2902  bal_acc=0.3750
  epoch  70/100  loss=0.2961  bal_acc=0.3889
  epoch  71/100  loss=0.2777  bal_acc=0.3958
  epoch  72/100  loss=0.2870  bal_acc=0.3993
  epoch  73/100  loss=0.2853  bal_acc=0.3854
  epoch  74/100  loss=0.2797  bal_acc=0.4097
  epoch  75/100  loss=0.2710  bal_acc=0.3924
  epoch  76/100  loss=0.2671  bal_acc=0.3854
  epoch  77/100  loss=0.2583  bal_acc=0.4045
  epoch  78/100  loss=0.2687  bal_acc=0.3681
  epoch  79/100  loss=0.2698  bal_acc=0.3941
  epoch  80/100  loss=0.2642  bal_acc=0.3958
  epoch  81/100  loss=0.2674  bal_acc=0.3715
  epoch  82/100  loss=0.2455  bal_acc=0.3819
  epoch  83/100  loss=0.2545  bal_acc=0.3872
  epoch  84/100  loss=0.2309  bal_acc=0.4167
  epoch  85/100  loss=0.2383  bal_acc=0.4010
  epoch  86/100  loss=0.2477  bal_acc=0.4010
  epoch  87/100  loss=0.2402  bal_acc=0.3941
  epoch  88/100  loss=0.2472  bal_acc=0.3958
  epoch  89/100  loss=0.2386  bal_acc=0.4080
  epoch  90/100  loss=0.2350  bal_acc=0.4080
  epoch  91/100  loss=0.2297  bal_acc=0.3993
  epoch  92/100  loss=0.2291  bal_acc=0.3906
  epoch  93/100  loss=0.2227  bal_acc=0.4115
  epoch  94/100  loss=0.2188  bal_acc=0.4271
  epoch  95/100  loss=0.2316  bal_acc=0.3698
  epoch  96/100  loss=0.2285  bal_acc=0.3819
  epoch  97/100  loss=0.2186  bal_acc=0.3993
  epoch  98/100  loss=0.2333  bal_acc=0.4149
  epoch  99/100  loss=0.2269  bal_acc=0.3958
  epoch 100/100  loss=0.2159  bal_acc=0.4132
  [LOSO 7/9] subject 6: acc=0.4132  running_mean=0.3996

=== LOSO (hold out subject 7) ===
  Train: 4608 trials  |  Test: 576 trials
  Model params: 26,283
  epoch   1/100  loss=1.3851  bal_acc=0.2986
  epoch   2/100  loss=1.3336  bal_acc=0.4410
  epoch   3/100  loss=1.2696  bal_acc=0.4444
  epoch   4/100  loss=1.2042  bal_acc=0.5365
  epoch   5/100  loss=1.1498  bal_acc=0.5000
  epoch   6/100  loss=1.1041  bal_acc=0.4844
  epoch   7/100  loss=1.0709  bal_acc=0.5417
  epoch   8/100  loss=1.0257  bal_acc=0.5017
  epoch   9/100  loss=0.9953  bal_acc=0.5712
  epoch  10/100  loss=0.9655  bal_acc=0.5069
  epoch  11/100  loss=0.9292  bal_acc=0.4948
  epoch  12/100  loss=0.9103  bal_acc=0.4792
  epoch  13/100  loss=0.8769  bal_acc=0.4688
  epoch  14/100  loss=0.8534  bal_acc=0.4410
  epoch  15/100  loss=0.8385  bal_acc=0.4878
  epoch  16/100  loss=0.8192  bal_acc=0.5521
  epoch  17/100  loss=0.7903  bal_acc=0.4167
  epoch  18/100  loss=0.7675  bal_acc=0.4983
  epoch  19/100  loss=0.7523  bal_acc=0.5729
  epoch  20/100  loss=0.7430  bal_acc=0.4931
  epoch  21/100  loss=0.7153  bal_acc=0.4271
  epoch  22/100  loss=0.7045  bal_acc=0.5243
  epoch  23/100  loss=0.6893  bal_acc=0.5156
  epoch  24/100  loss=0.6750  bal_acc=0.5226
  epoch  25/100  loss=0.6579  bal_acc=0.4878
  epoch  26/100  loss=0.6480  bal_acc=0.5538
  epoch  27/100  loss=0.6276  bal_acc=0.5868
  epoch  28/100  loss=0.6113  bal_acc=0.5556
  epoch  29/100  loss=0.5988  bal_acc=0.5920
  epoch  30/100  loss=0.5902  bal_acc=0.6007
  epoch  31/100  loss=0.5753  bal_acc=0.5885
  epoch  32/100  loss=0.5669  bal_acc=0.5382
  epoch  33/100  loss=0.5499  bal_acc=0.6146
  epoch  34/100  loss=0.5333  bal_acc=0.5747
  epoch  35/100  loss=0.5256  bal_acc=0.5642
  epoch  36/100  loss=0.5095  bal_acc=0.5851
  epoch  37/100  loss=0.5230  bal_acc=0.6094
  epoch  38/100  loss=0.4919  bal_acc=0.6354
  epoch  39/100  loss=0.4992  bal_acc=0.5677
  epoch  40/100  loss=0.4806  bal_acc=0.5382
  epoch  41/100  loss=0.4780  bal_acc=0.5972
  epoch  42/100  loss=0.4646  bal_acc=0.5764
  epoch  43/100  loss=0.4585  bal_acc=0.5938
  epoch  44/100  loss=0.4509  bal_acc=0.6024
  epoch  45/100  loss=0.4344  bal_acc=0.6076
  epoch  46/100  loss=0.4321  bal_acc=0.5174
  epoch  47/100  loss=0.4269  bal_acc=0.5451
  epoch  48/100  loss=0.4142  bal_acc=0.6233
  epoch  49/100  loss=0.4078  bal_acc=0.6094
  epoch  50/100  loss=0.4039  bal_acc=0.5486
  epoch  51/100  loss=0.3923  bal_acc=0.5903
  epoch  52/100  loss=0.3874  bal_acc=0.5312
  epoch  53/100  loss=0.3845  bal_acc=0.5347
  epoch  54/100  loss=0.3782  bal_acc=0.5972
  epoch  55/100  loss=0.3783  bal_acc=0.5521
  epoch  56/100  loss=0.3545  bal_acc=0.5712
  epoch  57/100  loss=0.3507  bal_acc=0.5781
  epoch  58/100  loss=0.3505  bal_acc=0.6094
  epoch  59/100  loss=0.3478  bal_acc=0.6128
  epoch  60/100  loss=0.3402  bal_acc=0.5417
  epoch  61/100  loss=0.3392  bal_acc=0.6042
  epoch  62/100  loss=0.3422  bal_acc=0.6059
  epoch  63/100  loss=0.3230  bal_acc=0.6111
  epoch  64/100  loss=0.3255  bal_acc=0.6215
  epoch  65/100  loss=0.3229  bal_acc=0.5764
  epoch  66/100  loss=0.3035  bal_acc=0.6007
  epoch  67/100  loss=0.3111  bal_acc=0.5868
  epoch  68/100  loss=0.3089  bal_acc=0.5764
  epoch  69/100  loss=0.3030  bal_acc=0.5920
  epoch  70/100  loss=0.3094  bal_acc=0.6128
  epoch  71/100  loss=0.2827  bal_acc=0.6094
  epoch  72/100  loss=0.2910  bal_acc=0.5851
  epoch  73/100  loss=0.2977  bal_acc=0.6163
  epoch  74/100  loss=0.2879  bal_acc=0.5885
  epoch  75/100  loss=0.2798  bal_acc=0.6094
  epoch  76/100  loss=0.2683  bal_acc=0.6128
  epoch  77/100  loss=0.2707  bal_acc=0.5920
  epoch  78/100  loss=0.2759  bal_acc=0.5781
  epoch  79/100  loss=0.2707  bal_acc=0.5938
  epoch  80/100  loss=0.2725  bal_acc=0.5851
  epoch  81/100  loss=0.2584  bal_acc=0.5903
  epoch  82/100  loss=0.2655  bal_acc=0.6094
  epoch  83/100  loss=0.2700  bal_acc=0.5781
  epoch  84/100  loss=0.2579  bal_acc=0.5972
  epoch  85/100  loss=0.2537  bal_acc=0.6128
  epoch  86/100  loss=0.2512  bal_acc=0.6163
  epoch  87/100  loss=0.2392  bal_acc=0.6163
  epoch  88/100  loss=0.2414  bal_acc=0.5972
  epoch  89/100  loss=0.2327  bal_acc=0.5694
  epoch  90/100  loss=0.2383  bal_acc=0.5972
  epoch  91/100  loss=0.2331  bal_acc=0.5781
  epoch  92/100  loss=0.2330  bal_acc=0.5660
  epoch  93/100  loss=0.2362  bal_acc=0.5729
  epoch  94/100  loss=0.2434  bal_acc=0.5799
  epoch  95/100  loss=0.2314  bal_acc=0.5833
  epoch  96/100  loss=0.2353  bal_acc=0.6111
  epoch  97/100  loss=0.2263  bal_acc=0.5538
  epoch  98/100  loss=0.2212  bal_acc=0.5920
  epoch  99/100  loss=0.2303  bal_acc=0.6042
  epoch 100/100  loss=0.2174  bal_acc=0.5712
  [LOSO 8/9] subject 7: acc=0.5712  running_mean=0.4210

=== LOSO (hold out subject 8) ===
  Train: 4608 trials  |  Test: 576 trials
  Model params: 26,283
  epoch   1/100  loss=1.3933  bal_acc=0.3194
  epoch   2/100  loss=1.3489  bal_acc=0.2535
  epoch   3/100  loss=1.2932  bal_acc=0.2691
  epoch   4/100  loss=1.2132  bal_acc=0.3646
  epoch   5/100  loss=1.1388  bal_acc=0.4740
  epoch   6/100  loss=1.1014  bal_acc=0.4549
  epoch   7/100  loss=1.0539  bal_acc=0.4931
  epoch   8/100  loss=1.0237  bal_acc=0.4740
  epoch   9/100  loss=0.9855  bal_acc=0.5434
  epoch  10/100  loss=0.9539  bal_acc=0.5417
  epoch  11/100  loss=0.9195  bal_acc=0.4913
  epoch  12/100  loss=0.8977  bal_acc=0.5521
  epoch  13/100  loss=0.8760  bal_acc=0.5434
  epoch  14/100  loss=0.8576  bal_acc=0.5417
  epoch  15/100  loss=0.8248  bal_acc=0.5191
  epoch  16/100  loss=0.8093  bal_acc=0.5486
  epoch  17/100  loss=0.7835  bal_acc=0.5000
  epoch  18/100  loss=0.7530  bal_acc=0.5503
  epoch  19/100  loss=0.7504  bal_acc=0.5434
  epoch  20/100  loss=0.7272  bal_acc=0.5087
  epoch  21/100  loss=0.7098  bal_acc=0.5156
  epoch  22/100  loss=0.6948  bal_acc=0.5521
  epoch  23/100  loss=0.6830  bal_acc=0.5347
  epoch  24/100  loss=0.6587  bal_acc=0.4549
  epoch  25/100  loss=0.6462  bal_acc=0.5052
  epoch  26/100  loss=0.6300  bal_acc=0.4878
  epoch  27/100  loss=0.6263  bal_acc=0.4861
  epoch  28/100  loss=0.6044  bal_acc=0.5556
  epoch  29/100  loss=0.5945  bal_acc=0.4913
  epoch  30/100  loss=0.5858  bal_acc=0.5469
  epoch  31/100  loss=0.5736  bal_acc=0.5035
  epoch  32/100  loss=0.5624  bal_acc=0.4948
  epoch  33/100  loss=0.5515  bal_acc=0.4965
  epoch  34/100  loss=0.5483  bal_acc=0.5278
  epoch  35/100  loss=0.5281  bal_acc=0.4861
  epoch  36/100  loss=0.5186  bal_acc=0.5556
  epoch  37/100  loss=0.5123  bal_acc=0.5104
  epoch  38/100  loss=0.5015  bal_acc=0.4722
  epoch  39/100  loss=0.4834  bal_acc=0.5191
  epoch  40/100  loss=0.4749  bal_acc=0.4948
  epoch  41/100  loss=0.4702  bal_acc=0.5330
  epoch  42/100  loss=0.4661  bal_acc=0.5122
  epoch  43/100  loss=0.4513  bal_acc=0.4844
  epoch  44/100  loss=0.4417  bal_acc=0.4983
  epoch  45/100  loss=0.4400  bal_acc=0.5295
  epoch  46/100  loss=0.4285  bal_acc=0.5139
  epoch  47/100  loss=0.4276  bal_acc=0.5382
  epoch  48/100  loss=0.4144  bal_acc=0.5434
  epoch  49/100  loss=0.4205  bal_acc=0.5278
  epoch  50/100  loss=0.4033  bal_acc=0.5278
  epoch  51/100  loss=0.3963  bal_acc=0.4896
  epoch  52/100  loss=0.3862  bal_acc=0.5122
  epoch  53/100  loss=0.3863  bal_acc=0.5069
  epoch  54/100  loss=0.3934  bal_acc=0.5590
  epoch  55/100  loss=0.3769  bal_acc=0.5521
  epoch  56/100  loss=0.3680  bal_acc=0.5174
  epoch  57/100  loss=0.3665  bal_acc=0.5278
  epoch  58/100  loss=0.3620  bal_acc=0.5573
  epoch  59/100  loss=0.3537  bal_acc=0.5799
  epoch  60/100  loss=0.3470  bal_acc=0.5538
  epoch  61/100  loss=0.3402  bal_acc=0.5382
  epoch  62/100  loss=0.3487  bal_acc=0.5035
  epoch  63/100  loss=0.3346  bal_acc=0.5399
  epoch  64/100  loss=0.3227  bal_acc=0.5052
  epoch  65/100  loss=0.3305  bal_acc=0.5434
  epoch  66/100  loss=0.3152  bal_acc=0.5955
  epoch  67/100  loss=0.3142  bal_acc=0.4913
  epoch  68/100  loss=0.3170  bal_acc=0.5278
  epoch  69/100  loss=0.3125  bal_acc=0.5521
  epoch  70/100  loss=0.3098  bal_acc=0.5312
  epoch  71/100  loss=0.3043  bal_acc=0.5590
  epoch  72/100  loss=0.3016  bal_acc=0.5208
  epoch  73/100  loss=0.3084  bal_acc=0.5382
  epoch  74/100  loss=0.2985  bal_acc=0.5851
  epoch  75/100  loss=0.2927  bal_acc=0.5330
  epoch  76/100  loss=0.2966  bal_acc=0.5399
  epoch  77/100  loss=0.2872  bal_acc=0.5556
  epoch  78/100  loss=0.2715  bal_acc=0.5556
  epoch  79/100  loss=0.2702  bal_acc=0.5417
  epoch  80/100  loss=0.2682  bal_acc=0.4983
  epoch  81/100  loss=0.2654  bal_acc=0.5365
  epoch  82/100  loss=0.2722  bal_acc=0.5347
  epoch  83/100  loss=0.2596  bal_acc=0.5694
  epoch  84/100  loss=0.2500  bal_acc=0.5747
  epoch  85/100  loss=0.2625  bal_acc=0.5660
  epoch  86/100  loss=0.2563  bal_acc=0.5486
  epoch  87/100  loss=0.2683  bal_acc=0.5365
  epoch  88/100  loss=0.2497  bal_acc=0.5469
  epoch  89/100  loss=0.2650  bal_acc=0.5590
  epoch  90/100  loss=0.2348  bal_acc=0.5486
  epoch  91/100  loss=0.2424  bal_acc=0.5208
