Job ID   : 44259611
Node     : fg2
Started  : Thu Jun 25 11:55:41 MDT 2026
Directory: /home/aleksander.berezowsk/spiking-eegnet
Requirement already satisfied: setuptools==69.5.1 in /home/aleksander.berezowsk/venv/lib/python3.12/site-packages (69.5.1)
Requirement already satisfied: torch==2.4.0 in /home/aleksander.berezowsk/venv/lib/python3.12/site-packages (2.4.0)
Requirement already satisfied: torchvision==0.19.0 in /home/aleksander.berezowsk/venv/lib/python3.12/site-packages (0.19.0)
Requirement already satisfied: torchaudio==2.4.0 in /home/aleksander.berezowsk/venv/lib/python3.12/site-packages (2.4.0)
Requirement already satisfied: torchmetrics in /home/aleksander.berezowsk/venv/lib/python3.12/site-packages (1.9.0)
Requirement already satisfied: filelock in /home/aleksander.berezowsk/venv/lib/python3.12/site-packages (from torch==2.4.0) (3.29.0)
Requirement already satisfied: typing-extensions>=4.8.0 in /home/aleksander.berezowsk/venv/lib/python3.12/site-packages (from torch==2.4.0) (4.15.0)
Requirement already satisfied: sympy in /home/aleksander.berezowsk/venv/lib/python3.12/site-packages (from torch==2.4.0) (1.14.0)
Requirement already satisfied: networkx in /home/aleksander.berezowsk/venv/lib/python3.12/site-packages (from torch==2.4.0) (3.6.1)
Requirement already satisfied: jinja2 in /home/aleksander.berezowsk/venv/lib/python3.12/site-packages (from torch==2.4.0) (3.1.6)
Requirement already satisfied: fsspec in /home/aleksander.berezowsk/venv/lib/python3.12/site-packages (from torch==2.4.0) (2026.4.0)
Requirement already satisfied: setuptools in /home/aleksander.berezowsk/venv/lib/python3.12/site-packages (from torch==2.4.0) (69.5.1)
Requirement already satisfied: nvidia-cuda-nvrtc-cu12==12.1.105 in /home/aleksander.berezowsk/venv/lib/python3.12/site-packages (from torch==2.4.0) (12.1.105)
Requirement already satisfied: nvidia-cuda-runtime-cu12==12.1.105 in /home/aleksander.berezowsk/venv/lib/python3.12/site-packages (from torch==2.4.0) (12.1.105)
Requirement already satisfied: nvidia-cuda-cupti-cu12==12.1.105 in /home/aleksander.berezowsk/venv/lib/python3.12/site-packages (from torch==2.4.0) (12.1.105)
Requirement already satisfied: nvidia-cudnn-cu12==9.1.0.70 in /home/aleksander.berezowsk/venv/lib/python3.12/site-packages (from torch==2.4.0) (9.1.0.70)
Requirement already satisfied: nvidia-cublas-cu12==12.1.3.1 in /home/aleksander.berezowsk/venv/lib/python3.12/site-packages (from torch==2.4.0) (12.1.3.1)
Requirement already satisfied: nvidia-cufft-cu12==11.0.2.54 in /home/aleksander.berezowsk/venv/lib/python3.12/site-packages (from torch==2.4.0) (11.0.2.54)
Requirement already satisfied: nvidia-curand-cu12==10.3.2.106 in /home/aleksander.berezowsk/venv/lib/python3.12/site-packages (from torch==2.4.0) (10.3.2.106)
Requirement already satisfied: nvidia-cusolver-cu12==11.4.5.107 in /home/aleksander.berezowsk/venv/lib/python3.12/site-packages (from torch==2.4.0) (11.4.5.107)
Requirement already satisfied: nvidia-cusparse-cu12==12.1.0.106 in /home/aleksander.berezowsk/venv/lib/python3.12/site-packages (from torch==2.4.0) (12.1.0.106)
Requirement already satisfied: nvidia-nccl-cu12==2.20.5 in /home/aleksander.berezowsk/venv/lib/python3.12/site-packages (from torch==2.4.0) (2.20.5)
Requirement already satisfied: nvidia-nvtx-cu12==12.1.105 in /home/aleksander.berezowsk/venv/lib/python3.12/site-packages (from torch==2.4.0) (12.1.105)
Requirement already satisfied: triton==3.0.0 in /home/aleksander.berezowsk/venv/lib/python3.12/site-packages (from torch==2.4.0) (3.0.0)
Requirement already satisfied: numpy in /home/aleksander.berezowsk/venv/lib/python3.12/site-packages (from torchvision==0.19.0) (2.4.6)
Requirement already satisfied: pillow!=8.3.*,>=5.3.0 in /home/aleksander.berezowsk/venv/lib/python3.12/site-packages (from torchvision==0.19.0) (12.2.0)
Requirement already satisfied: nvidia-nvjitlink-cu12 in /home/aleksander.berezowsk/venv/lib/python3.12/site-packages (from nvidia-cusolver-cu12==11.4.5.107->torch==2.4.0) (12.9.86)
Requirement already satisfied: packaging>17.1 in /home/aleksander.berezowsk/venv/lib/python3.12/site-packages (from torchmetrics) (26.2)
Requirement already satisfied: lightning-utilities>=0.15.3 in /home/aleksander.berezowsk/venv/lib/python3.12/site-packages (from torchmetrics) (0.15.3)
Requirement already satisfied: MarkupSafe>=2.0 in /home/aleksander.berezowsk/venv/lib/python3.12/site-packages (from jinja2->torch==2.4.0) (3.0.3)
Requirement already satisfied: mpmath<1.4,>=1.1.0 in /home/aleksander.berezowsk/venv/lib/python3.12/site-packages (from sympy->torch==2.4.0) (1.3.0)
Requirement already satisfied: optuna in /home/aleksander.berezowsk/venv/lib/python3.12/site-packages (4.9.0)
Requirement already satisfied: snntorch in /home/aleksander.berezowsk/venv/lib/python3.12/site-packages (0.9.4)
Requirement already satisfied: alembic>=1.5.0 in /home/aleksander.berezowsk/venv/lib/python3.12/site-packages (from optuna) (1.18.4)
Requirement already satisfied: colorlog in /home/aleksander.berezowsk/venv/lib/python3.12/site-packages (from optuna) (6.10.1)
Requirement already satisfied: numpy in /home/aleksander.berezowsk/venv/lib/python3.12/site-packages (from optuna) (2.4.6)
Requirement already satisfied: packaging>=20.0 in /home/aleksander.berezowsk/venv/lib/python3.12/site-packages (from optuna) (26.2)
Requirement already satisfied: sqlalchemy>=1.4.2 in /home/aleksander.berezowsk/venv/lib/python3.12/site-packages (from optuna) (2.0.50)
Requirement already satisfied: tqdm in /home/aleksander.berezowsk/venv/lib/python3.12/site-packages (from optuna) (4.67.3)
Requirement already satisfied: PyYAML in /home/aleksander.berezowsk/venv/lib/python3.12/site-packages (from optuna) (6.0.3)
Requirement already satisfied: Mako in /home/aleksander.berezowsk/venv/lib/python3.12/site-packages (from alembic>=1.5.0->optuna) (1.3.12)
Requirement already satisfied: typing-extensions>=4.12 in /home/aleksander.berezowsk/venv/lib/python3.12/site-packages (from alembic>=1.5.0->optuna) (4.15.0)
Requirement already satisfied: greenlet>=1 in /home/aleksander.berezowsk/venv/lib/python3.12/site-packages (from sqlalchemy>=1.4.2->optuna) (3.5.1)
Requirement already satisfied: MarkupSafe>=0.9.2 in /home/aleksander.berezowsk/venv/lib/python3.12/site-packages (from Mako->alembic>=1.5.0->optuna) (3.0.3)
Device: cuda
[BNCI2014_001] loading from cache: /home/aleksander.berezowsk/.cache/spiking_eegnet/BNCI2014_001_af1ccf3e92f684d8a93c057082b654d7.npz
[BNCI2014_001] cache hit: (5184, 1, 22, 1001), classes=['feet', 'left_hand', 'right_hand', 'tongue'], subjects=9
Dataset meta: {'n_classes': 4, 'n_channels': 22, 'n_samples': 1001, 'class_names': ['feet', 'left_hand', 'right_hand', 'tongue'], 'subject_list': [1, 2, 3, 4, 5, 6, 7, 8, 9], 'n_subjects': 9, 'sfreq': 250.0}

Applying bandpass filter: 2.963893624757568–14.993788934626043 Hz

=== LOSO (hold out subject 0) ===
  Train: 4608 trials  |  Test: 576 trials
  Model params: 19,526
  epoch   1/50  loss=1.3448  bal_acc=0.4774
  epoch   2/50  loss=1.2219  bal_acc=0.4566
  epoch   3/50  loss=1.1554  bal_acc=0.5017
  epoch   4/50  loss=1.1348  bal_acc=0.5434
  epoch   5/50  loss=1.0803  bal_acc=0.4149
  epoch   6/50  loss=1.0905  bal_acc=0.4931
  epoch   7/50  loss=1.0640  bal_acc=0.5139
  epoch   8/50  loss=1.0478  bal_acc=0.4861
  epoch   9/50  loss=1.0365  bal_acc=0.5035
  epoch  10/50  loss=1.0204  bal_acc=0.4948
  epoch  11/50  loss=1.0166  bal_acc=0.4392
  epoch  12/50  loss=0.9996  bal_acc=0.4931
  epoch  13/50  loss=0.9803  bal_acc=0.4948
  epoch  14/50  loss=0.9615  bal_acc=0.5156
  epoch  15/50  loss=0.9544  bal_acc=0.5278
  epoch  16/50  loss=0.9324  bal_acc=0.5365
  epoch  17/50  loss=0.9355  bal_acc=0.5295
  epoch  18/50  loss=0.9282  bal_acc=0.5469
  epoch  19/50  loss=0.9232  bal_acc=0.4965
  epoch  20/50  loss=0.9205  bal_acc=0.5399
  epoch  21/50  loss=0.8940  bal_acc=0.4983
  epoch  22/50  loss=0.8903  bal_acc=0.4358
  epoch  23/50  loss=0.9079  bal_acc=0.4479
  epoch  24/50  loss=0.8827  bal_acc=0.5382
  epoch  25/50  loss=0.8719  bal_acc=0.4392
  epoch  26/50  loss=0.8503  bal_acc=0.4983
  epoch  27/50  loss=0.8452  bal_acc=0.4497
  epoch  28/50  loss=0.8508  bal_acc=0.4809
  epoch  29/50  loss=0.8429  bal_acc=0.4618
  epoch  30/50  loss=0.8535  bal_acc=0.4514
  epoch  31/50  loss=0.8428  bal_acc=0.4913
  epoch  32/50  loss=0.8299  bal_acc=0.4653
  epoch  33/50  loss=0.8418  bal_acc=0.5295
  epoch  34/50  loss=0.8170  bal_acc=0.4948
  epoch  35/50  loss=0.7988  bal_acc=0.4201
  epoch  36/50  loss=0.8329  bal_acc=0.4653
  epoch  37/50  loss=0.8057  bal_acc=0.4705
  epoch  38/50  loss=0.7997  bal_acc=0.4896
  epoch  39/50  loss=0.8122  bal_acc=0.4583
  epoch  40/50  loss=0.8162  bal_acc=0.4201
  epoch  41/50  loss=0.7961  bal_acc=0.4392
  epoch  42/50  loss=0.7967  bal_acc=0.4149
  epoch  43/50  loss=0.7991  bal_acc=0.4306
  epoch  44/50  loss=0.7825  bal_acc=0.4271
  epoch  45/50  loss=0.7856  bal_acc=0.4531
  epoch  46/50  loss=0.8021  bal_acc=0.4670
  epoch  47/50  loss=0.8167  bal_acc=0.4514
  epoch  48/50  loss=0.7850  bal_acc=0.4740
  epoch  49/50  loss=0.7762  bal_acc=0.4913
  epoch  50/50  loss=0.7805  bal_acc=0.4740
  [LOSO 1/9] subject 0: acc=0.4740  running_mean=0.4740

=== LOSO (hold out subject 1) ===
  Train: 4608 trials  |  Test: 576 trials
  Model params: 19,526
  epoch   1/50  loss=1.3341  bal_acc=0.2899
  epoch   2/50  loss=1.1538  bal_acc=0.2795
  epoch   3/50  loss=1.1157  bal_acc=0.2743
  epoch   4/50  loss=1.0557  bal_acc=0.2726
  epoch   5/50  loss=1.0286  bal_acc=0.2969
  epoch   6/50  loss=0.9958  bal_acc=0.2830
  epoch   7/50  loss=0.9916  bal_acc=0.3160
  epoch   8/50  loss=0.9428  bal_acc=0.3368
  epoch   9/50  loss=0.9268  bal_acc=0.3333
  epoch  10/50  loss=0.9083  bal_acc=0.3333
  epoch  11/50  loss=0.9080  bal_acc=0.3142
  epoch  12/50  loss=0.8997  bal_acc=0.3333
  epoch  13/50  loss=0.8887  bal_acc=0.3628
  epoch  14/50  loss=0.8682  bal_acc=0.3455
  epoch  15/50  loss=0.8476  bal_acc=0.3333
  epoch  16/50  loss=0.8421  bal_acc=0.3611
  epoch  17/50  loss=0.8291  bal_acc=0.3142
  epoch  18/50  loss=0.8153  bal_acc=0.3264
  epoch  19/50  loss=0.8314  bal_acc=0.3212
  epoch  20/50  loss=0.8184  bal_acc=0.3299
  epoch  21/50  loss=0.8144  bal_acc=0.3455
  epoch  22/50  loss=0.8050  bal_acc=0.3299
  epoch  23/50  loss=0.7812  bal_acc=0.3316
  epoch  24/50  loss=0.8061  bal_acc=0.3351
  epoch  25/50  loss=0.7887  bal_acc=0.3351
  epoch  26/50  loss=0.7578  bal_acc=0.3021
  epoch  27/50  loss=0.7645  bal_acc=0.3142
  epoch  28/50  loss=0.7728  bal_acc=0.2951
  epoch  29/50  loss=0.7639  bal_acc=0.3073
  epoch  30/50  loss=0.7710  bal_acc=0.3212
  epoch  31/50  loss=0.7740  bal_acc=0.3056
  epoch  32/50  loss=0.7440  bal_acc=0.3142
  epoch  33/50  loss=0.7170  bal_acc=0.3264
  epoch  34/50  loss=0.7231  bal_acc=0.3333
  epoch  35/50  loss=0.7301  bal_acc=0.3281
  epoch  36/50  loss=0.7206  bal_acc=0.3212
  epoch  37/50  loss=0.7110  bal_acc=0.3090
  epoch  38/50  loss=0.7117  bal_acc=0.3142
  epoch  39/50  loss=0.7235  bal_acc=0.3090
  epoch  40/50  loss=0.7178  bal_acc=0.3281
  epoch  41/50  loss=0.7221  bal_acc=0.3299
  epoch  42/50  loss=0.7301  bal_acc=0.3299
  epoch  43/50  loss=0.7149  bal_acc=0.3351
  epoch  44/50  loss=0.7138  bal_acc=0.3108
  epoch  45/50  loss=0.7117  bal_acc=0.3281
  epoch  46/50  loss=0.7111  bal_acc=0.3160
  epoch  47/50  loss=0.7175  bal_acc=0.3229
  epoch  48/50  loss=0.7000  bal_acc=0.2882
  epoch  49/50  loss=0.7125  bal_acc=0.3247
  epoch  50/50  loss=0.7012  bal_acc=0.3142
  [LOSO 2/9] subject 1: acc=0.3142  running_mean=0.3941

=== LOSO (hold out subject 2) ===
  Train: 4608 trials  |  Test: 576 trials
  Model params: 19,526
  epoch   1/50  loss=1.3596  bal_acc=0.5729
  epoch   2/50  loss=1.2384  bal_acc=0.4983
  epoch   3/50  loss=1.1962  bal_acc=0.5191
  epoch   4/50  loss=1.1694  bal_acc=0.5382
  epoch   5/50  loss=1.1298  bal_acc=0.5469
  epoch   6/50  loss=1.1028  bal_acc=0.4531
  epoch   7/50  loss=1.0700  bal_acc=0.5521
  epoch   8/50  loss=1.0535  bal_acc=0.5920
  epoch   9/50  loss=1.0373  bal_acc=0.5729
  epoch  10/50  loss=1.0152  bal_acc=0.5087
  epoch  11/50  loss=1.0136  bal_acc=0.4792
  epoch  12/50  loss=1.0013  bal_acc=0.5399
  epoch  13/50  loss=0.9900  bal_acc=0.5903
  epoch  14/50  loss=0.9723  bal_acc=0.5486
  epoch  15/50  loss=0.9611  bal_acc=0.4896
  epoch  16/50  loss=0.9518  bal_acc=0.5104
  epoch  17/50  loss=0.9426  bal_acc=0.4983
  epoch  18/50  loss=0.9621  bal_acc=0.5295
  epoch  19/50  loss=0.9394  bal_acc=0.4375
  epoch  20/50  loss=0.9305  bal_acc=0.4774
  epoch  21/50  loss=0.8928  bal_acc=0.4688
  epoch  22/50  loss=0.9086  bal_acc=0.4948
  epoch  23/50  loss=0.8989  bal_acc=0.4983
  epoch  24/50  loss=0.8981  bal_acc=0.4774
  epoch  25/50  loss=0.8994  bal_acc=0.4497
  epoch  26/50  loss=0.8869  bal_acc=0.5035
  epoch  27/50  loss=0.9085  bal_acc=0.5486
  epoch  28/50  loss=0.8865  bal_acc=0.5781
  epoch  29/50  loss=0.8713  bal_acc=0.4045
  epoch  30/50  loss=0.8667  bal_acc=0.5330
  epoch  31/50  loss=0.8470  bal_acc=0.5365
  epoch  32/50  loss=0.8482  bal_acc=0.5677
  epoch  33/50  loss=0.8119  bal_acc=0.5573
  epoch  34/50  loss=0.8448  bal_acc=0.5625
  epoch  35/50  loss=0.8257  bal_acc=0.5747
  epoch  36/50  loss=0.8232  bal_acc=0.5260
  epoch  37/50  loss=0.8062  bal_acc=0.5174
  epoch  38/50  loss=0.8013  bal_acc=0.4757
  epoch  39/50  loss=0.7798  bal_acc=0.4601
  epoch  40/50  loss=0.7860  bal_acc=0.4809
  epoch  41/50  loss=0.7843  bal_acc=0.5243
  epoch  42/50  loss=0.7870  bal_acc=0.4497
  epoch  43/50  loss=0.8040  bal_acc=0.4497
  epoch  44/50  loss=0.7661  bal_acc=0.4549
  epoch  45/50  loss=0.7873  bal_acc=0.3958
  epoch  46/50  loss=0.7943  bal_acc=0.5017
  epoch  47/50  loss=0.7497  bal_acc=0.5017
  epoch  48/50  loss=0.7718  bal_acc=0.4896
  epoch  49/50  loss=0.7609  bal_acc=0.4670
  epoch  50/50  loss=0.7526  bal_acc=0.4635
  [LOSO 3/9] subject 2: acc=0.4635  running_mean=0.4172

=== LOSO (hold out subject 3) ===
  Train: 4608 trials  |  Test: 576 trials
  Model params: 19,526
  epoch   1/50  loss=1.3499  bal_acc=0.3247
  epoch   2/50  loss=1.1781  bal_acc=0.3142
  epoch   3/50  loss=1.1183  bal_acc=0.3403
  epoch   4/50  loss=1.0765  bal_acc=0.3524
  epoch   5/50  loss=1.0475  bal_acc=0.3437
  epoch   6/50  loss=1.0086  bal_acc=0.2969
  epoch   7/50  loss=0.9842  bal_acc=0.2951
  epoch   8/50  loss=0.9662  bal_acc=0.2847
  epoch   9/50  loss=0.9568  bal_acc=0.2795
  epoch  10/50  loss=0.9441  bal_acc=0.2743
  epoch  11/50  loss=0.9346  bal_acc=0.2865
  epoch  12/50  loss=0.9084  bal_acc=0.3160
  epoch  13/50  loss=0.8901  bal_acc=0.3316
  epoch  14/50  loss=0.8765  bal_acc=0.3142
  epoch  15/50  loss=0.8593  bal_acc=0.2951
  epoch  16/50  loss=0.8429  bal_acc=0.3420
  epoch  17/50  loss=0.8283  bal_acc=0.3264
  epoch  18/50  loss=0.8370  bal_acc=0.3056
  epoch  19/50  loss=0.8033  bal_acc=0.3073
  epoch  20/50  loss=0.7998  bal_acc=0.3003
  epoch  21/50  loss=0.8039  bal_acc=0.3333
  epoch  22/50  loss=0.7960  bal_acc=0.3021
  epoch  23/50  loss=0.7908  bal_acc=0.3264
  epoch  24/50  loss=0.7617  bal_acc=0.3056
  epoch  25/50  loss=0.7875  bal_acc=0.2951
  epoch  26/50  loss=0.7545  bal_acc=0.2743
  epoch  27/50  loss=0.7629  bal_acc=0.3490
  epoch  28/50  loss=0.7436  bal_acc=0.3090
  epoch  29/50  loss=0.7367  bal_acc=0.3264
  epoch  30/50  loss=0.7293  bal_acc=0.3351
  epoch  31/50  loss=0.7306  bal_acc=0.3003
  epoch  32/50  loss=0.6991  bal_acc=0.3177
  epoch  33/50  loss=0.7076  bal_acc=0.3038
  epoch  34/50  loss=0.6986  bal_acc=0.3281
  epoch  35/50  loss=0.7063  bal_acc=0.3281
  epoch  36/50  loss=0.6825  bal_acc=0.3142
  epoch  37/50  loss=0.6900  bal_acc=0.3160
  epoch  38/50  loss=0.6888  bal_acc=0.3264
  epoch  39/50  loss=0.6753  bal_acc=0.3281
  epoch  40/50  loss=0.6566  bal_acc=0.3212
  epoch  41/50  loss=0.6770  bal_acc=0.3385
  epoch  42/50  loss=0.6801  bal_acc=0.3316
  epoch  43/50  loss=0.6566  bal_acc=0.3073
  epoch  44/50  loss=0.6772  bal_acc=0.3385
  epoch  45/50  loss=0.6669  bal_acc=0.3455
  epoch  46/50  loss=0.7085  bal_acc=0.2951
  epoch  47/50  loss=0.6772  bal_acc=0.2847
  epoch  48/50  loss=0.6423  bal_acc=0.3108
  epoch  49/50  loss=0.6339  bal_acc=0.3316
  epoch  50/50  loss=0.6482  bal_acc=0.3108
  [LOSO 4/9] subject 3: acc=0.3108  running_mean=0.3906

=== LOSO (hold out subject 4) ===
  Train: 4608 trials  |  Test: 576 trials
  Model params: 19,526
  epoch   1/50  loss=1.2900  bal_acc=0.2344
  epoch   2/50  loss=1.1340  bal_acc=0.2483
  epoch   3/50  loss=1.1027  bal_acc=0.2483
  epoch   4/50  loss=1.0359  bal_acc=0.2517
  epoch   5/50  loss=1.0180  bal_acc=0.2344
  epoch   6/50  loss=0.9773  bal_acc=0.2587
  epoch   7/50  loss=0.9604  bal_acc=0.2552
  epoch   8/50  loss=0.9293  bal_acc=0.2795
  epoch   9/50  loss=0.9259  bal_acc=0.2847
  epoch  10/50  loss=0.8972  bal_acc=0.2569
  epoch  11/50  loss=0.8778  bal_acc=0.2865
  epoch  12/50  loss=0.8634  bal_acc=0.2760
  epoch  13/50  loss=0.8471  bal_acc=0.2934
  epoch  14/50  loss=0.8220  bal_acc=0.2778
  epoch  15/50  loss=0.8354  bal_acc=0.2760
  epoch  16/50  loss=0.8197  bal_acc=0.3056
  epoch  17/50  loss=0.8029  bal_acc=0.2934
  epoch  18/50  loss=0.7853  bal_acc=0.2726
  epoch  19/50  loss=0.7841  bal_acc=0.2778
  epoch  20/50  loss=0.7745  bal_acc=0.2882
  epoch  21/50  loss=0.7666  bal_acc=0.3281
  epoch  22/50  loss=0.7643  bal_acc=0.3056
  epoch  23/50  loss=0.7367  bal_acc=0.2882
  epoch  24/50  loss=0.7507  bal_acc=0.3090
  epoch  25/50  loss=0.7272  bal_acc=0.2847
  epoch  26/50  loss=0.7055  bal_acc=0.3142
  epoch  27/50  loss=0.7212  bal_acc=0.3038
  epoch  28/50  loss=0.7096  bal_acc=0.3038
  epoch  29/50  loss=0.7036  bal_acc=0.3177
  epoch  30/50  loss=0.7134  bal_acc=0.2899
  epoch  31/50  loss=0.6848  bal_acc=0.2917
  epoch  32/50  loss=0.6765  bal_acc=0.2830
  epoch  33/50  loss=0.6589  bal_acc=0.2934
  epoch  34/50  loss=0.6623  bal_acc=0.2986
  epoch  35/50  loss=0.6619  bal_acc=0.2708
  epoch  36/50  loss=0.6592  bal_acc=0.3038
  epoch  37/50  loss=0.6391  bal_acc=0.2917
  epoch  38/50  loss=0.6513  bal_acc=0.2847
  epoch  39/50  loss=0.6351  bal_acc=0.3090
  epoch  40/50  loss=0.6357  bal_acc=0.3021
  epoch  41/50  loss=0.6245  bal_acc=0.2830
  epoch  42/50  loss=0.6203  bal_acc=0.2708
  epoch  43/50  loss=0.6135  bal_acc=0.2934
  epoch  44/50  loss=0.6197  bal_acc=0.2587
  epoch  45/50  loss=0.6207  bal_acc=0.2917
  epoch  46/50  loss=0.6256  bal_acc=0.2656
  epoch  47/50  loss=0.5908  bal_acc=0.2917
  epoch  48/50  loss=0.6137  bal_acc=0.2726
  epoch  49/50  loss=0.6049  bal_acc=0.2708
  epoch  50/50  loss=0.6086  bal_acc=0.2830
  [LOSO 5/9] subject 4: acc=0.2830  running_mean=0.3691

=== LOSO (hold out subject 5) ===
  Train: 4608 trials  |  Test: 576 trials
  Model params: 19,526
  epoch   1/50  loss=1.3211  bal_acc=0.2986
  epoch   2/50  loss=1.1730  bal_acc=0.2865
  epoch   3/50  loss=1.1095  bal_acc=0.2934
  epoch   4/50  loss=1.0522  bal_acc=0.2569
  epoch   5/50  loss=1.0388  bal_acc=0.2639
  epoch   6/50  loss=1.0379  bal_acc=0.2969
  epoch   7/50  loss=1.0149  bal_acc=0.2691
  epoch   8/50  loss=0.9837  bal_acc=0.2708
  epoch   9/50  loss=0.9775  bal_acc=0.2778
  epoch  10/50  loss=0.9527  bal_acc=0.2951
  epoch  11/50  loss=0.9377  bal_acc=0.3125
  epoch  12/50  loss=0.9031  bal_acc=0.2830
  epoch  13/50  loss=0.9074  bal_acc=0.3611
  epoch  14/50  loss=0.9062  bal_acc=0.3003
  epoch  15/50  loss=0.8987  bal_acc=0.3212
  epoch  16/50  loss=0.8721  bal_acc=0.3125
  epoch  17/50  loss=0.8800  bal_acc=0.3264
  epoch  18/50  loss=0.8823  bal_acc=0.3177
  epoch  19/50  loss=0.8591  bal_acc=0.3212
  epoch  20/50  loss=0.8541  bal_acc=0.3212
  epoch  21/50  loss=0.8534  bal_acc=0.3281
  epoch  22/50  loss=0.8511  bal_acc=0.3142
  epoch  23/50  loss=0.8417  bal_acc=0.2969
  epoch  24/50  loss=0.8370  bal_acc=0.3229
  epoch  25/50  loss=0.8538  bal_acc=0.3003
  epoch  26/50  loss=0.8199  bal_acc=0.3455
  epoch  27/50  loss=0.8254  bal_acc=0.3021
  epoch  28/50  loss=0.8212  bal_acc=0.3142
  epoch  29/50  loss=0.8103  bal_acc=0.3229
  epoch  30/50  loss=0.7964  bal_acc=0.3420
  epoch  31/50  loss=0.7977  bal_acc=0.2778
  epoch  32/50  loss=0.8095  bal_acc=0.3403
  epoch  33/50  loss=0.7971  bal_acc=0.3142
  epoch  34/50  loss=0.7969  bal_acc=0.3194
  epoch  35/50  loss=0.7811  bal_acc=0.2778
  epoch  36/50  loss=0.7948  bal_acc=0.2708
  epoch  37/50  loss=0.7679  bal_acc=0.3142
  epoch  38/50  loss=0.7743  bal_acc=0.2969
  epoch  39/50  loss=0.7744  bal_acc=0.2986
  epoch  40/50  loss=0.7731  bal_acc=0.2708
  epoch  41/50  loss=0.7622  bal_acc=0.2830
  epoch  42/50  loss=0.7785  bal_acc=0.3056
  epoch  43/50  loss=0.7620  bal_acc=0.2622
  epoch  44/50  loss=0.7748  bal_acc=0.3281
  epoch  45/50  loss=0.7698  bal_acc=0.3038
  epoch  46/50  loss=0.7402  bal_acc=0.2847
  epoch  47/50  loss=0.7222  bal_acc=0.3056
  epoch  48/50  loss=0.7385  bal_acc=0.3420
  epoch  49/50  loss=0.7762  bal_acc=0.3194
  epoch  50/50  loss=0.7815  bal_acc=0.2882
  [LOSO 6/9] subject 5: acc=0.2882  running_mean=0.3556

=== LOSO (hold out subject 6) ===
  Train: 4608 trials  |  Test: 576 trials
  Model params: 19,526
  epoch   1/50  loss=1.3304  bal_acc=0.2448
  epoch   2/50  loss=1.1620  bal_acc=0.2847
  epoch   3/50  loss=1.0989  bal_acc=0.2934
  epoch   4/50  loss=1.0600  bal_acc=0.2951
  epoch   5/50  loss=1.0182  bal_acc=0.2726
  epoch   6/50  loss=0.9910  bal_acc=0.2674
  epoch   7/50  loss=0.9576  bal_acc=0.2535
  epoch   8/50  loss=0.9676  bal_acc=0.2726
  epoch   9/50  loss=0.9523  bal_acc=0.2431
  epoch  10/50  loss=0.9415  bal_acc=0.3125
  epoch  11/50  loss=0.9237  bal_acc=0.2691
  epoch  12/50  loss=0.9316  bal_acc=0.2917
  epoch  13/50  loss=0.8870  bal_acc=0.3003
  epoch  14/50  loss=0.8778  bal_acc=0.2361
  epoch  15/50  loss=0.8991  bal_acc=0.2830
  epoch  16/50  loss=0.8714  bal_acc=0.2708
  epoch  17/50  loss=0.8805  bal_acc=0.2865
  epoch  18/50  loss=0.8396  bal_acc=0.3021
  epoch  19/50  loss=0.8408  bal_acc=0.3056
  epoch  20/50  loss=0.8407  bal_acc=0.2830
  epoch  21/50  loss=0.8141  bal_acc=0.2847
  epoch  22/50  loss=0.8240  bal_acc=0.2726
  epoch  23/50  loss=0.8177  bal_acc=0.2500
  epoch  24/50  loss=0.8552  bal_acc=0.2708
  epoch  25/50  loss=0.8518  bal_acc=0.2448
  epoch  26/50  loss=0.8522  bal_acc=0.2552
  epoch  27/50  loss=0.8407  bal_acc=0.2865
  epoch  28/50  loss=0.8373  bal_acc=0.2865
  epoch  29/50  loss=0.8109  bal_acc=0.2656
  epoch  30/50  loss=0.8165  bal_acc=0.2917
  epoch  31/50  loss=0.8016  bal_acc=0.2795
  epoch  32/50  loss=0.7743  bal_acc=0.2795
  epoch  33/50  loss=0.7660  bal_acc=0.2552
  epoch  34/50  loss=0.7790  bal_acc=0.2483
  epoch  35/50  loss=0.7742  bal_acc=0.2760
  epoch  36/50  loss=0.7568  bal_acc=0.3264
  epoch  37/50  loss=0.7756  bal_acc=0.2865
  epoch  38/50  loss=0.7609  bal_acc=0.2726
  epoch  39/50  loss=0.7537  bal_acc=0.2934
  epoch  40/50  loss=0.7414  bal_acc=0.2795
  epoch  41/50  loss=0.7608  bal_acc=0.2743
  epoch  42/50  loss=0.7667  bal_acc=0.3108
  epoch  43/50  loss=0.7513  bal_acc=0.2830
  epoch  44/50  loss=0.7106  bal_acc=0.2917
  epoch  45/50  loss=0.7049  bal_acc=0.3003
  epoch  46/50  loss=0.6984  bal_acc=0.2899
  epoch  47/50  loss=0.6978  bal_acc=0.2917
  epoch  48/50  loss=0.6997  bal_acc=0.2917
  epoch  49/50  loss=0.6937  bal_acc=0.2778
  epoch  50/50  loss=0.7077  bal_acc=0.3125
  [LOSO 7/9] subject 6: acc=0.3125  running_mean=0.3495

=== LOSO (hold out subject 7) ===
  Train: 4608 trials  |  Test: 576 trials
  Model params: 19,526
  epoch   1/50  loss=1.3488  bal_acc=0.5139
  epoch   2/50  loss=1.2275  bal_acc=0.5521
  epoch   3/50  loss=1.1709  bal_acc=0.5955
  epoch   4/50  loss=1.1342  bal_acc=0.4601
  epoch   5/50  loss=1.1096  bal_acc=0.4931
  epoch   6/50  loss=1.0745  bal_acc=0.5330
  epoch   7/50  loss=1.0762  bal_acc=0.5573
  epoch   8/50  loss=1.0357  bal_acc=0.5434
  epoch   9/50  loss=1.0241  bal_acc=0.5434
  epoch  10/50  loss=1.0045  bal_acc=0.5330
  epoch  11/50  loss=0.9977  bal_acc=0.5521
  epoch  12/50  loss=0.9855  bal_acc=0.5677
  epoch  13/50  loss=0.9790  bal_acc=0.5885
  epoch  14/50  loss=0.9509  bal_acc=0.5469
  epoch  15/50  loss=0.9489  bal_acc=0.5816
  epoch  16/50  loss=0.9176  bal_acc=0.5816
  epoch  17/50  loss=0.9198  bal_acc=0.5365
  epoch  18/50  loss=0.9107  bal_acc=0.5799
  epoch  19/50  loss=0.9052  bal_acc=0.5660
  epoch  20/50  loss=0.8952  bal_acc=0.5312
  epoch  21/50  loss=0.8745  bal_acc=0.5868
  epoch  22/50  loss=0.8791  bal_acc=0.5538
  epoch  23/50  loss=0.8671  bal_acc=0.5851
  epoch  24/50  loss=0.8366  bal_acc=0.5938
  epoch  25/50  loss=0.8288  bal_acc=0.5938
  epoch  26/50  loss=0.8112  bal_acc=0.5851
  epoch  27/50  loss=0.8153  bal_acc=0.6111
  epoch  28/50  loss=0.8189  bal_acc=0.5556
  epoch  29/50  loss=0.8118  bal_acc=0.5694
  epoch  30/50  loss=0.8054  bal_acc=0.6372
  epoch  31/50  loss=0.7860  bal_acc=0.6267
  epoch  32/50  loss=0.7988  bal_acc=0.6493
  epoch  33/50  loss=0.7919  bal_acc=0.5399
  epoch  34/50  loss=0.7767  bal_acc=0.6007
  epoch  35/50  loss=0.7701  bal_acc=0.6181
  epoch  36/50  loss=0.7638  bal_acc=0.5920
  epoch  37/50  loss=0.7703  bal_acc=0.6458
  epoch  38/50  loss=0.7432  bal_acc=0.6042
  epoch  39/50  loss=0.7439  bal_acc=0.5799
  epoch  40/50  loss=0.7558  bal_acc=0.6059
  epoch  41/50  loss=0.7401  bal_acc=0.5868
  epoch  42/50  loss=0.7512  bal_acc=0.6059
  epoch  43/50  loss=0.7426  bal_acc=0.5903
  epoch  44/50  loss=0.7373  bal_acc=0.5503
  epoch  45/50  loss=0.7135  bal_acc=0.5903
  epoch  46/50  loss=0.7420  bal_acc=0.6007
  epoch  47/50  loss=0.7110  bal_acc=0.6024
  epoch  48/50  loss=0.7206  bal_acc=0.5868
  epoch  49/50  loss=0.7271  bal_acc=0.5781
  epoch  50/50  loss=0.7217  bal_acc=0.5816
  [LOSO 8/9] subject 7: acc=0.5816  running_mean=0.3785

=== LOSO (hold out subject 8) ===
  Train: 4608 trials  |  Test: 576 trials
  Model params: 19,526
  epoch   1/50  loss=1.3539  bal_acc=0.4167
  epoch   2/50  loss=1.2318  bal_acc=0.5434
  epoch   3/50  loss=1.1810  bal_acc=0.5312
  epoch   4/50  loss=1.1491  bal_acc=0.5799
  epoch   5/50  loss=1.1286  bal_acc=0.5642
  epoch   6/50  loss=1.0944  bal_acc=0.6094
  epoch   7/50  loss=1.0764  bal_acc=0.5781
  epoch   8/50  loss=1.0493  bal_acc=0.5677
  epoch   9/50  loss=1.0333  bal_acc=0.6024
  epoch  10/50  loss=1.0201  bal_acc=0.6285
  epoch  11/50  loss=1.0079  bal_acc=0.5990
  epoch  12/50  loss=0.9956  bal_acc=0.5660
  epoch  13/50  loss=0.9628  bal_acc=0.5608
  epoch  14/50  loss=0.9735  bal_acc=0.5191
  epoch  15/50  loss=0.9704  bal_acc=0.5556
  epoch  16/50  loss=0.9455  bal_acc=0.5920
  epoch  17/50  loss=0.9505  bal_acc=0.5955
  epoch  18/50  loss=0.9440  bal_acc=0.5729
  epoch  19/50  loss=0.9402  bal_acc=0.5729
  epoch  20/50  loss=0.9115  bal_acc=0.5556
  epoch  21/50  loss=0.9115  bal_acc=0.5608
  epoch  22/50  loss=0.9045  bal_acc=0.5486
  epoch  23/50  loss=0.8974  bal_acc=0.5885
  epoch  24/50  loss=0.8922  bal_acc=0.5556
  epoch  25/50  loss=0.8609  bal_acc=0.5278
  epoch  26/50  loss=0.8567  bal_acc=0.5260
  epoch  27/50  loss=0.8575  bal_acc=0.5747
  epoch  28/50  loss=0.8495  bal_acc=0.5955
  epoch  29/50  loss=0.8328  bal_acc=0.6059
  epoch  30/50  loss=0.8461  bal_acc=0.5885
  epoch  31/50  loss=0.8172  bal_acc=0.5955
  epoch  32/50  loss=0.8053  bal_acc=0.5816
  epoch  33/50  loss=0.8033  bal_acc=0.5781
  epoch  34/50  loss=0.8100  bal_acc=0.5486
  epoch  35/50  loss=0.8122  bal_acc=0.5712
  epoch  36/50  loss=0.7698  bal_acc=0.5608
  epoch  37/50  loss=0.7784  bal_acc=0.5556
  epoch  38/50  loss=0.7772  bal_acc=0.5816
  epoch  39/50  loss=0.7819  bal_acc=0.5955
  epoch  40/50  loss=0.7739  bal_acc=0.5434
  epoch  41/50  loss=0.7892  bal_acc=0.5573
  epoch  42/50  loss=0.7593  bal_acc=0.5764
  epoch  43/50  loss=0.7588  bal_acc=0.5608
  epoch  44/50  loss=0.7725  bal_acc=0.5590
  epoch  45/50  loss=0.7481  bal_acc=0.5642
  epoch  46/50  loss=0.7401  bal_acc=0.5764
  epoch  47/50  loss=0.7313  bal_acc=0.5694
  epoch  48/50  loss=0.7349  bal_acc=0.5347
  epoch  49/50  loss=0.7436  bal_acc=0.5816
  epoch  50/50  loss=0.7405  bal_acc=0.5608
  [LOSO 9/9] subject 8: acc=0.5608  running_mean=0.3987
Results saved to results/BNCI2014_001/results_trial_7.json
Trial logged to results/BNCI2014_001/trials.csv
[status] trial 7 done (state=COMPLETE, value=0.39872685185185186) -- 8 completed total
Device: cuda
[BNCI2014_001] loading from cache: /home/aleksander.berezowsk/.cache/spiking_eegnet/BNCI2014_001_af1ccf3e92f684d8a93c057082b654d7.npz
[BNCI2014_001] cache hit: (5184, 1, 22, 1001), classes=['feet', 'left_hand', 'right_hand', 'tongue'], subjects=9
Dataset meta: {'n_classes': 4, 'n_channels': 22, 'n_samples': 1001, 'class_names': ['feet', 'left_hand', 'right_hand', 'tongue'], 'subject_list': [1, 2, 3, 4, 5, 6, 7, 8, 9], 'n_subjects': 9, 'sfreq': 250.0}

Applying bandpass filter: 3.0371031665689263–75.33237645082441 Hz

=== LOSO (hold out subject 0) ===
  Train: 4608 trials  |  Test: 576 trials
  Model params: 12,870
  epoch   1/50  loss=1.3856  bal_acc=0.3802
  epoch   2/50  loss=1.3760  bal_acc=0.3472
  epoch   3/50  loss=1.3674  bal_acc=0.3056
  epoch   4/50  loss=1.3569  bal_acc=0.4288
  epoch   5/50  loss=1.3433  bal_acc=0.4253
  epoch   6/50  loss=1.3247  bal_acc=0.4497
  epoch   7/50  loss=1.3051  bal_acc=0.4427
  epoch   8/50  loss=1.2787  bal_acc=0.4340
  epoch   9/50  loss=1.2609  bal_acc=0.4427
  epoch  10/50  loss=1.2437  bal_acc=0.4167
  epoch  11/50  loss=1.2289  bal_acc=0.4601
  epoch  12/50  loss=1.2094  bal_acc=0.4167
  epoch  13/50  loss=1.2019  bal_acc=0.4375
  epoch  14/50  loss=1.1797  bal_acc=0.4809
  epoch  15/50  loss=1.1714  bal_acc=0.4722
  epoch  16/50  loss=1.1567  bal_acc=0.5069
  epoch  17/50  loss=1.1405  bal_acc=0.4913
  epoch  18/50  loss=1.1291  bal_acc=0.4479
  epoch  19/50  loss=1.1191  bal_acc=0.5104
  epoch  20/50  loss=1.1079  bal_acc=0.5156
  epoch  21/50  loss=1.0953  bal_acc=0.5278
  epoch  22/50  loss=1.0884  bal_acc=0.5087
  epoch  23/50  loss=1.0731  bal_acc=0.5104
  epoch  24/50  loss=1.0666  bal_acc=0.4931
  epoch  25/50  loss=1.0659  bal_acc=0.5035
  epoch  26/50  loss=1.0544  bal_acc=0.5017
  epoch  27/50  loss=1.0496  bal_acc=0.5052
  epoch  28/50  loss=1.0312  bal_acc=0.5330
  epoch  29/50  loss=1.0304  bal_acc=0.5243
  epoch  30/50  loss=1.0297  bal_acc=0.5104
  epoch  31/50  loss=1.0312  bal_acc=0.4983
  epoch  32/50  loss=1.0218  bal_acc=0.5243
  epoch  33/50  loss=1.0181  bal_acc=0.5208
  epoch  34/50  loss=1.0126  bal_acc=0.5278
  epoch  35/50  loss=1.0078  bal_acc=0.5243
  epoch  36/50  loss=1.0036  bal_acc=0.5399
  epoch  37/50  loss=0.9977  bal_acc=0.5417
  epoch  38/50  loss=0.9971  bal_acc=0.5052
  epoch  39/50  loss=0.9983  bal_acc=0.5608
  epoch  40/50  loss=0.9897  bal_acc=0.5451
  epoch  41/50  loss=0.9863  bal_acc=0.5417
  epoch  42/50  loss=0.9816  bal_acc=0.5590
  epoch  43/50  loss=0.9715  bal_acc=0.5174
  epoch  44/50  loss=0.9713  bal_acc=0.4896
  epoch  45/50  loss=0.9690  bal_acc=0.5556
  epoch  46/50  loss=0.9670  bal_acc=0.5556
  epoch  47/50  loss=0.9635  bal_acc=0.5000
  epoch  48/50  loss=0.9585  bal_acc=0.5087
  epoch  49/50  loss=0.9557  bal_acc=0.5226
  epoch  50/50  loss=0.9548  bal_acc=0.5469
  [LOSO 1/9] subject 0: acc=0.5469  running_mean=0.5469

=== LOSO (hold out subject 1) ===
  Train: 4608 trials  |  Test: 576 trials
  Model params: 12,870
  epoch   1/50  loss=1.3863  bal_acc=0.2500
  epoch   2/50  loss=1.3802  bal_acc=0.2431
  epoch   3/50  loss=1.3744  bal_acc=0.2691
  epoch   4/50  loss=1.3628  bal_acc=0.2465
  epoch   5/50  loss=1.3503  bal_acc=0.2500
  epoch   6/50  loss=1.3354  bal_acc=0.2587
  epoch   7/50  loss=1.3206  bal_acc=0.2622
  epoch   8/50  loss=1.3015  bal_acc=0.2674
  epoch   9/50  loss=1.2865  bal_acc=0.2656
  epoch  10/50  loss=1.2701  bal_acc=0.2830
  epoch  11/50  loss=1.2522  bal_acc=0.2899
  epoch  12/50  loss=1.2225  bal_acc=0.2882
  epoch  13/50  loss=1.2006  bal_acc=0.2865
  epoch  14/50  loss=1.1767  bal_acc=0.2726
  epoch  15/50  loss=1.1535  bal_acc=0.2865
  epoch  16/50  loss=1.1362  bal_acc=0.2674
  epoch  17/50  loss=1.1304  bal_acc=0.2986
  epoch  18/50  loss=1.1188  bal_acc=0.2812
  epoch  19/50  loss=1.1130  bal_acc=0.2847
  epoch  20/50  loss=1.1024  bal_acc=0.2882
  epoch  21/50  loss=1.0916  bal_acc=0.2899
  epoch  22/50  loss=1.0838  bal_acc=0.3073
  epoch  23/50  loss=1.0744  bal_acc=0.2899
  epoch  24/50  loss=1.0745  bal_acc=0.2882
  epoch  25/50  loss=1.0603  bal_acc=0.3021
  epoch  26/50  loss=1.0564  bal_acc=0.2934
  epoch  27/50  loss=1.0478  bal_acc=0.3003
  epoch  28/50  loss=1.0329  bal_acc=0.3056
  epoch  29/50  loss=1.0332  bal_acc=0.3160
  epoch  30/50  loss=1.0311  bal_acc=0.2882
  epoch  31/50  loss=1.0180  bal_acc=0.3351
  epoch  32/50  loss=1.0034  bal_acc=0.2969
  epoch  33/50  loss=1.0097  bal_acc=0.3299
  epoch  34/50  loss=0.9980  bal_acc=0.3142
  epoch  35/50  loss=0.9912  bal_acc=0.3194
  epoch  36/50  loss=0.9847  bal_acc=0.3177
  epoch  37/50  loss=0.9759  bal_acc=0.2986
  epoch  38/50  loss=0.9754  bal_acc=0.2986
  epoch  39/50  loss=0.9746  bal_acc=0.3073
  epoch  40/50  loss=0.9640  bal_acc=0.2899
  epoch  41/50  loss=0.9566  bal_acc=0.2934
  epoch  42/50  loss=0.9524  bal_acc=0.3160
  epoch  43/50  loss=0.9586  bal_acc=0.3160
  epoch  44/50  loss=0.9467  bal_acc=0.3142
  epoch  45/50  loss=0.9391  bal_acc=0.3073
  epoch  46/50  loss=0.9325  bal_acc=0.3108
  epoch  47/50  loss=0.9303  bal_acc=0.3212
  epoch  48/50  loss=0.9270  bal_acc=0.3108
  epoch  49/50  loss=0.9241  bal_acc=0.3090
  epoch  50/50  loss=0.9192  bal_acc=0.3247
  [LOSO 2/9] subject 1: acc=0.3247  running_mean=0.4358

=== LOSO (hold out subject 2) ===
  Train: 4608 trials  |  Test: 576 trials
  Model params: 12,870
  epoch   1/50  loss=1.3863  bal_acc=0.2778
  epoch   2/50  loss=1.3800  bal_acc=0.3351
  epoch   3/50  loss=1.3742  bal_acc=0.3490
  epoch   4/50  loss=1.3660  bal_acc=0.3767
  epoch   5/50  loss=1.3588  bal_acc=0.3785
  epoch   6/50  loss=1.3469  bal_acc=0.3854
  epoch   7/50  loss=1.3337  bal_acc=0.4392
  epoch   8/50  loss=1.3187  bal_acc=0.4149
  epoch   9/50  loss=1.3041  bal_acc=0.4635
  epoch  10/50  loss=1.2878  bal_acc=0.3681
  epoch  11/50  loss=1.2720  bal_acc=0.3507
  epoch  12/50  loss=1.2576  bal_acc=0.5017
  epoch  13/50  loss=1.2428  bal_acc=0.5660
  epoch  14/50  loss=1.2269  bal_acc=0.5278
  epoch  15/50  loss=1.2115  bal_acc=0.5990
  epoch  16/50  loss=1.2003  bal_acc=0.4670
  epoch  17/50  loss=1.1886  bal_acc=0.4722
  epoch  18/50  loss=1.1800  bal_acc=0.5434
  epoch  19/50  loss=1.1727  bal_acc=0.5833
  epoch  20/50  loss=1.1644  bal_acc=0.4427
  epoch  21/50  loss=1.1561  bal_acc=0.6094
  epoch  22/50  loss=1.1529  bal_acc=0.5347
  epoch  23/50  loss=1.1412  bal_acc=0.5764
  epoch  24/50  loss=1.1334  bal_acc=0.6302
  epoch  25/50  loss=1.1270  bal_acc=0.5087
  epoch  26/50  loss=1.1151  bal_acc=0.6163
  epoch  27/50  loss=1.1151  bal_acc=0.6215
  epoch  28/50  loss=1.1049  bal_acc=0.5694
  epoch  29/50  loss=1.1048  bal_acc=0.6094
  epoch  30/50  loss=1.1073  bal_acc=0.6111
  epoch  31/50  loss=1.1003  bal_acc=0.6215
  epoch  32/50  loss=1.0838  bal_acc=0.5069
  epoch  33/50  loss=1.0876  bal_acc=0.5451
  epoch  34/50  loss=1.0801  bal_acc=0.5365
  epoch  35/50  loss=1.0758  bal_acc=0.4601
  epoch  36/50  loss=1.0635  bal_acc=0.6285
  epoch  37/50  loss=1.0691  bal_acc=0.5486
  epoch  38/50  loss=1.0648  bal_acc=0.5174
  epoch  39/50  loss=1.0622  bal_acc=0.6285
  epoch  40/50  loss=1.0570  bal_acc=0.4115
  epoch  41/50  loss=1.0500  bal_acc=0.5174
  epoch  42/50  loss=1.0368  bal_acc=0.4219
  epoch  43/50  loss=1.0446  bal_acc=0.5608
  epoch  44/50  loss=1.0338  bal_acc=0.4826
  epoch  45/50  loss=1.0341  bal_acc=0.5694
  epoch  46/50  loss=1.0313  bal_acc=0.5451
  epoch  47/50  loss=1.0304  bal_acc=0.4688
  epoch  48/50  loss=1.0280  bal_acc=0.6094
  epoch  49/50  loss=1.0183  bal_acc=0.5347
  epoch  50/50  loss=1.0139  bal_acc=0.5608
  [LOSO 3/9] subject 2: acc=0.5608  running_mean=0.4774

=== LOSO (hold out subject 3) ===
  Train: 4608 trials  |  Test: 576 trials
  Model params: 12,870
  epoch   1/50  loss=1.3845  bal_acc=0.2622
  epoch   2/50  loss=1.3776  bal_acc=0.2552
  epoch   3/50  loss=1.3652  bal_acc=0.2830
  epoch   4/50  loss=1.3520  bal_acc=0.2778
  epoch   5/50  loss=1.3322  bal_acc=0.3906
  epoch   6/50  loss=1.3105  bal_acc=0.3316
  epoch   7/50  loss=1.2968  bal_acc=0.3663
  epoch   8/50  loss=1.2800  bal_acc=0.3819
  epoch   9/50  loss=1.2609  bal_acc=0.3611
  epoch  10/50  loss=1.2352  bal_acc=0.3368
  epoch  11/50  loss=1.2168  bal_acc=0.3611
  epoch  12/50  loss=1.1905  bal_acc=0.3663
  epoch  13/50  loss=1.1715  bal_acc=0.3472
  epoch  14/50  loss=1.1451  bal_acc=0.3490
  epoch  15/50  loss=1.1366  bal_acc=0.3611
  epoch  16/50  loss=1.1134  bal_acc=0.3576
  epoch  17/50  loss=1.1033  bal_acc=0.3420
  epoch  18/50  loss=1.1018  bal_acc=0.3333
  epoch  19/50  loss=1.0826  bal_acc=0.3628
  epoch  20/50  loss=1.0735  bal_acc=0.3628
  epoch  21/50  loss=1.0743  bal_acc=0.3455
  epoch  22/50  loss=1.0676  bal_acc=0.3472
  epoch  23/50  loss=1.0510  bal_acc=0.3611
  epoch  24/50  loss=1.0472  bal_acc=0.3438
  epoch  25/50  loss=1.0428  bal_acc=0.3681
  epoch  26/50  loss=1.0375  bal_acc=0.3611
  epoch  27/50  loss=1.0337  bal_acc=0.3490
  epoch  28/50  loss=1.0194  bal_acc=0.3438
  epoch  29/50  loss=1.0227  bal_acc=0.3733
  epoch  30/50  loss=1.0063  bal_acc=0.3646
  epoch  31/50  loss=1.0050  bal_acc=0.3490
  epoch  32/50  loss=0.9978  bal_acc=0.3611
  epoch  33/50  loss=0.9867  bal_acc=0.3750
  epoch  34/50  loss=0.9824  bal_acc=0.3472
  epoch  35/50  loss=0.9849  bal_acc=0.3681
  epoch  36/50  loss=0.9830  bal_acc=0.3351
  epoch  37/50  loss=0.9675  bal_acc=0.3628
  epoch  38/50  loss=0.9691  bal_acc=0.3576
  epoch  39/50  loss=0.9566  bal_acc=0.3611
  epoch  40/50  loss=0.9623  bal_acc=0.3715
  epoch  41/50  loss=0.9495  bal_acc=0.3681
  epoch  42/50  loss=0.9466  bal_acc=0.3819
  epoch  43/50  loss=0.9368  bal_acc=0.3576
  epoch  44/50  loss=0.9371  bal_acc=0.3646
  epoch  45/50  loss=0.9371  bal_acc=0.3281
  epoch  46/50  loss=0.9280  bal_acc=0.3628
  epoch  47/50  loss=0.9190  bal_acc=0.3611
  epoch  48/50  loss=0.9319  bal_acc=0.3472
  epoch  49/50  loss=0.9333  bal_acc=0.3542
  epoch  50/50  loss=0.9344  bal_acc=0.3351
  [LOSO 4/9] subject 3: acc=0.3351  running_mean=0.4418

=== LOSO (hold out subject 4) ===
  Train: 4608 trials  |  Test: 576 trials
  Model params: 12,870
  epoch   1/50  loss=1.3850  bal_acc=0.2812
  epoch   2/50  loss=1.3762  bal_acc=0.3056
  epoch   3/50  loss=1.3646  bal_acc=0.2552
  epoch   4/50  loss=1.3450  bal_acc=0.2552
  epoch   5/50  loss=1.3212  bal_acc=0.2552
  epoch   6/50  loss=1.3002  bal_acc=0.2552
  epoch   7/50  loss=1.2799  bal_acc=0.2552
  epoch   8/50  loss=1.2570  bal_acc=0.2535
  epoch   9/50  loss=1.2357  bal_acc=0.2812
  epoch  10/50  loss=1.1997  bal_acc=0.2882
  epoch  11/50  loss=1.1784  bal_acc=0.2847
  epoch  12/50  loss=1.1557  bal_acc=0.2569
  epoch  13/50  loss=1.1342  bal_acc=0.2517
  epoch  14/50  loss=1.1153  bal_acc=0.2413
  epoch  15/50  loss=1.0992  bal_acc=0.2691
  epoch  16/50  loss=1.0924  bal_acc=0.2569
  epoch  17/50  loss=1.0811  bal_acc=0.2517
  epoch  18/50  loss=1.0642  bal_acc=0.2517
  epoch  19/50  loss=1.0605  bal_acc=0.2587
  epoch  20/50  loss=1.0456  bal_acc=0.2500
  epoch  21/50  loss=1.0300  bal_acc=0.2500
  epoch  22/50  loss=1.0249  bal_acc=0.2569
  epoch  23/50  loss=1.0234  bal_acc=0.2708
  epoch  24/50  loss=1.0195  bal_acc=0.2604
  epoch  25/50  loss=1.0038  bal_acc=0.2708
  epoch  26/50  loss=1.0057  bal_acc=0.2604
  epoch  27/50  loss=0.9955  bal_acc=0.2483
  epoch  28/50  loss=0.9873  bal_acc=0.2448
  epoch  29/50  loss=0.9769  bal_acc=0.2552
  epoch  30/50  loss=0.9692  bal_acc=0.2483
  epoch  31/50  loss=0.9735  bal_acc=0.2639
  epoch  32/50  loss=0.9601  bal_acc=0.2431
  epoch  33/50  loss=0.9449  bal_acc=0.2465
  epoch  34/50  loss=0.9437  bal_acc=0.2639
  epoch  35/50  loss=0.9372  bal_acc=0.2517
  epoch  36/50  loss=0.9307  bal_acc=0.2587
  epoch  37/50  loss=0.9190  bal_acc=0.2604
  epoch  38/50  loss=0.9149  bal_acc=0.2708
  epoch  39/50  loss=0.9128  bal_acc=0.2691
  epoch  40/50  loss=0.9088  bal_acc=0.2743
  epoch  41/50  loss=0.8984  bal_acc=0.2795
  epoch  42/50  loss=0.8888  bal_acc=0.2847
  epoch  43/50  loss=0.8874  bal_acc=0.2743
  epoch  44/50  loss=0.8850  bal_acc=0.2812
  epoch  45/50  loss=0.8819  bal_acc=0.3142
  epoch  46/50  loss=0.8798  bal_acc=0.2917
  epoch  47/50  loss=0.8768  bal_acc=0.2726
  epoch  48/50  loss=0.8615  bal_acc=0.2622
  epoch  49/50  loss=0.8673  bal_acc=0.2691
  epoch  50/50  loss=0.8648  bal_acc=0.2708
  [LOSO 5/9] subject 4: acc=0.2708  running_mean=0.4076

=== LOSO (hold out subject 5) ===
  Train: 4608 trials  |  Test: 576 trials
  Model params: 12,870
  epoch   1/50  loss=1.3875  bal_acc=0.2552
  epoch   2/50  loss=1.3775  bal_acc=0.2847
  epoch   3/50  loss=1.3713  bal_acc=0.2726
  epoch   4/50  loss=1.3588  bal_acc=0.2517
  epoch   5/50  loss=1.3350  bal_acc=0.2188
  epoch   6/50  loss=1.3137  bal_acc=0.2326
  epoch   7/50  loss=1.2990  bal_acc=0.2257
  epoch   8/50  loss=1.2885  bal_acc=0.2292
  epoch   9/50  loss=1.2728  bal_acc=0.2153
  epoch  10/50  loss=1.2635  bal_acc=0.2222
  epoch  11/50  loss=1.2461  bal_acc=0.2517
  epoch  12/50  loss=1.2311  bal_acc=0.2361
  epoch  13/50  loss=1.2082  bal_acc=0.2413
  epoch  14/50  loss=1.1860  bal_acc=0.2413
  epoch  15/50  loss=1.1615  bal_acc=0.2448
  epoch  16/50  loss=1.1419  bal_acc=0.2604
  epoch  17/50  loss=1.1252  bal_acc=0.2691
  epoch  18/50  loss=1.1148  bal_acc=0.2743
  epoch  19/50  loss=1.0998  bal_acc=0.2604
  epoch  20/50  loss=1.0969  bal_acc=0.2639
  epoch  21/50  loss=1.0803  bal_acc=0.2639
  epoch  22/50  loss=1.0732  bal_acc=0.2847
  epoch  23/50  loss=1.0619  bal_acc=0.2760
  epoch  24/50  loss=1.0592  bal_acc=0.2622
  epoch  25/50  loss=1.0437  bal_acc=0.2361
  epoch  26/50  loss=1.0381  bal_acc=0.2760
  epoch  27/50  loss=1.0302  bal_acc=0.2691
  epoch  28/50  loss=1.0215  bal_acc=0.2448
  epoch  29/50  loss=1.0164  bal_acc=0.2622
  epoch  30/50  loss=1.0165  bal_acc=0.2587
  epoch  31/50  loss=1.0060  bal_acc=0.2517
  epoch  32/50  loss=0.9976  bal_acc=0.2500
  epoch  33/50  loss=0.9948  bal_acc=0.2743
  epoch  34/50  loss=0.9819  bal_acc=0.2656
  epoch  35/50  loss=0.9830  bal_acc=0.2865
  epoch  36/50  loss=0.9724  bal_acc=0.2622
  epoch  37/50  loss=0.9691  bal_acc=0.2604
  epoch  38/50  loss=0.9657  bal_acc=0.2899
  epoch  39/50  loss=0.9575  bal_acc=0.2691
  epoch  40/50  loss=0.9565  bal_acc=0.2743
  epoch  41/50  loss=0.9579  bal_acc=0.2830
  epoch  42/50  loss=0.9614  bal_acc=0.2795
  epoch  43/50  loss=0.9548  bal_acc=0.2674
  epoch  44/50  loss=0.9516  bal_acc=0.2483
  epoch  45/50  loss=0.9352  bal_acc=0.2656
  epoch  46/50  loss=0.9259  bal_acc=0.2743
  epoch  47/50  loss=0.9384  bal_acc=0.2795
  epoch  48/50  loss=0.9214  bal_acc=0.2812
  epoch  49/50  loss=0.9199  bal_acc=0.2587
  epoch  50/50  loss=0.9122  bal_acc=0.2639
  [LOSO 6/9] subject 5: acc=0.2639  running_mean=0.3837

=== LOSO (hold out subject 6) ===
  Train: 4608 trials  |  Test: 576 trials
  Model params: 12,870
  epoch   1/50  loss=1.3855  bal_acc=0.2865
  epoch   2/50  loss=1.3772  bal_acc=0.2517
  epoch   3/50  loss=1.3668  bal_acc=0.2396
  epoch   4/50  loss=1.3466  bal_acc=0.2865
  epoch   5/50  loss=1.3244  bal_acc=0.2865
  epoch   6/50  loss=1.2993  bal_acc=0.2674
  epoch   7/50  loss=1.2676  bal_acc=0.2604
  epoch   8/50  loss=1.2382  bal_acc=0.2743
  epoch   9/50  loss=1.2097  bal_acc=0.2795
  epoch  10/50  loss=1.1817  bal_acc=0.2795
  epoch  11/50  loss=1.1675  bal_acc=0.2778
  epoch  12/50  loss=1.1508  bal_acc=0.2812
  epoch  13/50  loss=1.1383  bal_acc=0.2726
  epoch  14/50  loss=1.1261  bal_acc=0.2760
  epoch  15/50  loss=1.1235  bal_acc=0.2830
  epoch  16/50  loss=1.1107  bal_acc=0.2760
  epoch  17/50  loss=1.0974  bal_acc=0.2934
  epoch  18/50  loss=1.0953  bal_acc=0.2865
  epoch  19/50  loss=1.0823  bal_acc=0.2708
  epoch  20/50  loss=1.0807  bal_acc=0.2674
  epoch  21/50  loss=1.0726  bal_acc=0.2865
  epoch  22/50  loss=1.0698  bal_acc=0.2882
  epoch  23/50  loss=1.0662  bal_acc=0.2969
  epoch  24/50  loss=1.0552  bal_acc=0.2847
  epoch  25/50  loss=1.0502  bal_acc=0.3090
  epoch  26/50  loss=1.0433  bal_acc=0.3125
  epoch  27/50  loss=1.0408  bal_acc=0.2882
  epoch  28/50  loss=1.0329  bal_acc=0.3194
  epoch  29/50  loss=1.0287  bal_acc=0.2865
  epoch  30/50  loss=1.0270  bal_acc=0.2899
  epoch  31/50  loss=1.0175  bal_acc=0.3125
  epoch  32/50  loss=1.0180  bal_acc=0.3056
  epoch  33/50  loss=1.0136  bal_acc=0.3125
  epoch  34/50  loss=1.0112  bal_acc=0.3351
  epoch  35/50  loss=1.0057  bal_acc=0.2830
  epoch  36/50  loss=0.9993  bal_acc=0.2587
  epoch  37/50  loss=0.9904  bal_acc=0.2934
  epoch  38/50  loss=0.9881  bal_acc=0.2951
  epoch  39/50  loss=0.9865  bal_acc=0.3090
  epoch  40/50  loss=0.9840  bal_acc=0.2986
  epoch  41/50  loss=0.9766  bal_acc=0.2830
  epoch  42/50  loss=0.9637  bal_acc=0.3142
  epoch  43/50  loss=0.9610  bal_acc=0.2656
  epoch  44/50  loss=0.9639  bal_acc=0.2951
  epoch  45/50  loss=0.9494  bal_acc=0.2951
  epoch  46/50  loss=0.9533  bal_acc=0.3038
  epoch  47/50  loss=0.9393  bal_acc=0.2986
  epoch  48/50  loss=0.9426  bal_acc=0.2830
  epoch  49/50  loss=0.9345  bal_acc=0.2917
  epoch  50/50  loss=0.9389  bal_acc=0.2865
  [LOSO 7/9] subject 6: acc=0.2865  running_mean=0.3698

=== LOSO (hold out subject 7) ===
  Train: 4608 trials  |  Test: 576 trials
  Model params: 12,870
  epoch   1/50  loss=1.3869  bal_acc=0.2917
  epoch   2/50  loss=1.3787  bal_acc=0.2517
  epoch   3/50  loss=1.3721  bal_acc=0.2778
  epoch   4/50  loss=1.3599  bal_acc=0.2847
  epoch   5/50  loss=1.3479  bal_acc=0.4132
  epoch   6/50  loss=1.3280  bal_acc=0.4479
  epoch   7/50  loss=1.3039  bal_acc=0.4323
  epoch   8/50  loss=1.2847  bal_acc=0.4740
  epoch   9/50  loss=1.2620  bal_acc=0.4809
  epoch  10/50  loss=1.2393  bal_acc=0.5000
  epoch  11/50  loss=1.2206  bal_acc=0.5191
  epoch  12/50  loss=1.2071  bal_acc=0.5122
  epoch  13/50  loss=1.1958  bal_acc=0.4566
  epoch  14/50  loss=1.1892  bal_acc=0.3906
  epoch  15/50  loss=1.1769  bal_acc=0.5608
  epoch  16/50  loss=1.1649  bal_acc=0.5521
  epoch  17/50  loss=1.1593  bal_acc=0.5608
  epoch  18/50  loss=1.1508  bal_acc=0.5712
  epoch  19/50  loss=1.1437  bal_acc=0.5781
  epoch  20/50  loss=1.1365  bal_acc=0.5747
  epoch  21/50  loss=1.1323  bal_acc=0.5660
  epoch  22/50  loss=1.1282  bal_acc=0.5799
  epoch  23/50  loss=1.1118  bal_acc=0.5747
  epoch  24/50  loss=1.1007  bal_acc=0.5556
  epoch  25/50  loss=1.0954  bal_acc=0.6059
  epoch  26/50  loss=1.0923  bal_acc=0.5781
  epoch  27/50  loss=1.0876  bal_acc=0.5330
  epoch  28/50  loss=1.0897  bal_acc=0.5990
  epoch  29/50  loss=1.0738  bal_acc=0.5990
  epoch  30/50  loss=1.0675  bal_acc=0.5920
  epoch  31/50  loss=1.0704  bal_acc=0.5903
  epoch  32/50  loss=1.0656  bal_acc=0.6181
  epoch  33/50  loss=1.0583  bal_acc=0.6059
  epoch  34/50  loss=1.0520  bal_acc=0.6024
  epoch  35/50  loss=1.0499  bal_acc=0.5903
  epoch  36/50  loss=1.0502  bal_acc=0.5955
  epoch  37/50  loss=1.0400  bal_acc=0.6181
  epoch  38/50  loss=1.0437  bal_acc=0.6042
  epoch  39/50  loss=1.0365  bal_acc=0.5920
  epoch  40/50  loss=1.0340  bal_acc=0.6007
  epoch  41/50  loss=1.0324  bal_acc=0.5972
  epoch  42/50  loss=1.0259  bal_acc=0.5972
  epoch  43/50  loss=1.0187  bal_acc=0.5990
  epoch  44/50  loss=1.0184  bal_acc=0.5799
  epoch  45/50  loss=1.0193  bal_acc=0.5764
  epoch  46/50  loss=1.0057  bal_acc=0.5712
  epoch  47/50  loss=1.0114  bal_acc=0.5851
  epoch  48/50  loss=1.0031  bal_acc=0.5694
  epoch  49/50  loss=0.9958  bal_acc=0.5677
  epoch  50/50  loss=1.0002  bal_acc=0.5747
  [LOSO 8/9] subject 7: acc=0.5747  running_mean=0.3954

=== LOSO (hold out subject 8) ===
  Train: 4608 trials  |  Test: 576 trials
  Model params: 12,870
  epoch   1/50  loss=1.3863  bal_acc=0.2986
  epoch   2/50  loss=1.3833  bal_acc=0.2569
  epoch   3/50  loss=1.3778  bal_acc=0.2604
  epoch   4/50  loss=1.3676  bal_acc=0.2569
  epoch   5/50  loss=1.3547  bal_acc=0.2587
  epoch   6/50  loss=1.3437  bal_acc=0.2760
  epoch   7/50  loss=1.3284  bal_acc=0.2726
  epoch   8/50  loss=1.3109  bal_acc=0.3090
  epoch   9/50  loss=1.2846  bal_acc=0.3542
  epoch  10/50  loss=1.2618  bal_acc=0.3924
  epoch  11/50  loss=1.2423  bal_acc=0.4201
  epoch  12/50  loss=1.2226  bal_acc=0.4288
  epoch  13/50  loss=1.1999  bal_acc=0.4306
  epoch  14/50  loss=1.1939  bal_acc=0.4722
  epoch  15/50  loss=1.1888  bal_acc=0.4670
  epoch  16/50  loss=1.1805  bal_acc=0.4913
  epoch  17/50  loss=1.1625  bal_acc=0.4896
  epoch  18/50  loss=1.1642  bal_acc=0.5104
  epoch  19/50  loss=1.1466  bal_acc=0.5174
  epoch  20/50  loss=1.1377  bal_acc=0.5139
  epoch  21/50  loss=1.1345  bal_acc=0.5087
  epoch  22/50  loss=1.1169  bal_acc=0.5208
  epoch  23/50  loss=1.1109  bal_acc=0.5469
  epoch  24/50  loss=1.1024  bal_acc=0.5226
  epoch  25/50  loss=1.1017  bal_acc=0.5382
  epoch  26/50  loss=1.0945  bal_acc=0.5451
  epoch  27/50  loss=1.0816  bal_acc=0.5434
  epoch  28/50  loss=1.0783  bal_acc=0.5590
  epoch  29/50  loss=1.0673  bal_acc=0.5556
  epoch  30/50  loss=1.0633  bal_acc=0.5573
  epoch  31/50  loss=1.0616  bal_acc=0.5660
  epoch  32/50  loss=1.0501  bal_acc=0.5521
  epoch  33/50  loss=1.0496  bal_acc=0.5538
  epoch  34/50  loss=1.0380  bal_acc=0.5312
  epoch  35/50  loss=1.0314  bal_acc=0.5538
  epoch  36/50  loss=1.0218  bal_acc=0.5573
  epoch  37/50  loss=1.0282  bal_acc=0.5521
  epoch  38/50  loss=1.0167  bal_acc=0.5747
  epoch  39/50  loss=1.0104  bal_acc=0.5538
  epoch  40/50  loss=1.0125  bal_acc=0.5590
  epoch  41/50  loss=0.9983  bal_acc=0.5556
  epoch  42/50  loss=0.9994  bal_acc=0.5451
  epoch  43/50  loss=0.9876  bal_acc=0.5573
  epoch  44/50  loss=0.9832  bal_acc=0.5590
  epoch  45/50  loss=0.9867  bal_acc=0.5625
  epoch  46/50  loss=0.9779  bal_acc=0.5712
  epoch  47/50  loss=0.9713  bal_acc=0.5712
  epoch  48/50  loss=0.9665  bal_acc=0.5799
  epoch  49/50  loss=0.9678  bal_acc=0.5677
  epoch  50/50  loss=0.9700  bal_acc=0.5417
  [LOSO 9/9] subject 8: acc=0.5417  running_mean=0.4117
Results saved to results/BNCI2014_001/results_trial_9.json
Trial logged to results/BNCI2014_001/trials.csv
[status] trial 9 done (state=COMPLETE, value=0.41165123456790126) -- 10 completed total
Device: cuda
[BNCI2014_001] loading from cache: /home/aleksander.berezowsk/.cache/spiking_eegnet/BNCI2014_001_af1ccf3e92f684d8a93c057082b654d7.npz
[BNCI2014_001] cache hit: (5184, 1, 22, 1001), classes=['feet', 'left_hand', 'right_hand', 'tongue'], subjects=9
Dataset meta: {'n_classes': 4, 'n_channels': 22, 'n_samples': 1001, 'class_names': ['feet', 'left_hand', 'right_hand', 'tongue'], 'subject_list': [1, 2, 3, 4, 5, 6, 7, 8, 9], 'n_subjects': 9, 'sfreq': 250.0}

Applying bandpass filter: 1.0097029018956665–107.44916560403574 Hz

=== LOSO (hold out subject 0) ===
  Train: 4608 trials  |  Test: 576 trials
  Model params: 9,563
  epoch   1/50  loss=1.3742  bal_acc=0.3073
  epoch   2/50  loss=1.2977  bal_acc=0.3767
  epoch   3/50  loss=1.2250  bal_acc=0.3785
  epoch   4/50  loss=1.1497  bal_acc=0.4184
  epoch   5/50  loss=1.0850  bal_acc=0.4323
  epoch   6/50  loss=1.0312  bal_acc=0.4792
  epoch   7/50  loss=0.9873  bal_acc=0.4948
  epoch   8/50  loss=0.9635  bal_acc=0.5035
  epoch   9/50  loss=0.9262  bal_acc=0.5035
  epoch  10/50  loss=0.9029  bal_acc=0.4913
  epoch  11/50  loss=0.8845  bal_acc=0.5208
  epoch  12/50  loss=0.8637  bal_acc=0.5312
  epoch  13/50  loss=0.8321  bal_acc=0.5278
  epoch  14/50  loss=0.8085  bal_acc=0.5729
  epoch  15/50  loss=0.8066  bal_acc=0.5833
  epoch  16/50  loss=0.7779  bal_acc=0.5677
  epoch  17/50  loss=0.7596  bal_acc=0.6267
  epoch  18/50  loss=0.7616  bal_acc=0.5573
  epoch  19/50  loss=0.7479  bal_acc=0.5208
  epoch  20/50  loss=0.7370  bal_acc=0.5903
  epoch  21/50  loss=0.7104  bal_acc=0.6111
  epoch  22/50  loss=0.6931  bal_acc=0.5677
  epoch  23/50  loss=0.6942  bal_acc=0.5694
  epoch  24/50  loss=0.6894  bal_acc=0.5608
  epoch  25/50  loss=0.6753  bal_acc=0.5451
  epoch  26/50  loss=0.6614  bal_acc=0.5868
  epoch  27/50  loss=0.6572  bal_acc=0.5382
  epoch  28/50  loss=0.6536  bal_acc=0.5677
  epoch  29/50  loss=0.6540  bal_acc=0.5556
  epoch  30/50  loss=0.6348  bal_acc=0.5972
  epoch  31/50  loss=0.6427  bal_acc=0.5885
  epoch  32/50  loss=0.6299  bal_acc=0.5694
  epoch  33/50  loss=0.6067  bal_acc=0.5556
  epoch  34/50  loss=0.6090  bal_acc=0.5920
  epoch  35/50  loss=0.6015  bal_acc=0.5660
  epoch  36/50  loss=0.5834  bal_acc=0.5503
  epoch  37/50  loss=0.5915  bal_acc=0.5712
  epoch  38/50  loss=0.5821  bal_acc=0.5677
  epoch  39/50  loss=0.5721  bal_acc=0.5590
  epoch  40/50  loss=0.5803  bal_acc=0.5955
  epoch  41/50  loss=0.5564  bal_acc=0.5955
  epoch  42/50  loss=0.5735  bal_acc=0.5573
  epoch  43/50  loss=0.5647  bal_acc=0.5434
  epoch  44/50  loss=0.5441  bal_acc=0.5278
  epoch  45/50  loss=0.5559  bal_acc=0.6007
  epoch  46/50  loss=0.5418  bal_acc=0.5434
  epoch  47/50  loss=0.5513  bal_acc=0.5417
  epoch  48/50  loss=0.5444  bal_acc=0.5712
  epoch  49/50  loss=0.5289  bal_acc=0.5868
  epoch  50/50  loss=0.5367  bal_acc=0.5556
  [LOSO 1/9] subject 0: acc=0.5556  running_mean=0.5556

=== LOSO (hold out subject 1) ===
  Train: 4608 trials  |  Test: 576 trials
  Model params: 9,563
  epoch   1/50  loss=1.3625  bal_acc=0.2708
  epoch   2/50  loss=1.2389  bal_acc=0.2951
  epoch   3/50  loss=1.0879  bal_acc=0.3073
  epoch   4/50  loss=1.0247  bal_acc=0.3247
  epoch   5/50  loss=0.9767  bal_acc=0.3090
  epoch   6/50  loss=0.9261  bal_acc=0.3628
  epoch   7/50  loss=0.8854  bal_acc=0.3524
  epoch   8/50  loss=0.8789  bal_acc=0.3559
  epoch   9/50  loss=0.8539  bal_acc=0.3611
  epoch  10/50  loss=0.8266  bal_acc=0.3611
  epoch  11/50  loss=0.8100  bal_acc=0.3333
  epoch  12/50  loss=0.7923  bal_acc=0.3628
  epoch  13/50  loss=0.7514  bal_acc=0.3455
  epoch  14/50  loss=0.7322  bal_acc=0.3455
  epoch  15/50  loss=0.7144  bal_acc=0.3750
  epoch  16/50  loss=0.7002  bal_acc=0.3542
  epoch  17/50  loss=0.6933  bal_acc=0.3594
  epoch  18/50  loss=0.6729  bal_acc=0.3490
  epoch  19/50  loss=0.6794  bal_acc=0.3542
  epoch  20/50  loss=0.6665  bal_acc=0.3906
  epoch  21/50  loss=0.6361  bal_acc=0.3628
  epoch  22/50  loss=0.6349  bal_acc=0.3594
  epoch  23/50  loss=0.6264  bal_acc=0.3663
  epoch  24/50  loss=0.6209  bal_acc=0.3628
  epoch  25/50  loss=0.5998  bal_acc=0.3420
  epoch  26/50  loss=0.5922  bal_acc=0.3646
  epoch  27/50  loss=0.5934  bal_acc=0.3802
  epoch  28/50  loss=0.5702  bal_acc=0.3559
  epoch  29/50  loss=0.5564  bal_acc=0.3559
  epoch  30/50  loss=0.5507  bal_acc=0.3576
  epoch  31/50  loss=0.5544  bal_acc=0.3646
  epoch  32/50  loss=0.5503  bal_acc=0.3802
  epoch  33/50  loss=0.5560  bal_acc=0.3767
  epoch  34/50  loss=0.5575  bal_acc=0.3646
  epoch  35/50  loss=0.5344  bal_acc=0.3681
  epoch  36/50  loss=0.5340  bal_acc=0.3802
  epoch  37/50  loss=0.5183  bal_acc=0.3733
  epoch  38/50  loss=0.5165  bal_acc=0.3837
  epoch  39/50  loss=0.5016  bal_acc=0.3438
  epoch  40/50  loss=0.5131  bal_acc=0.3837
  epoch  41/50  loss=0.5082  bal_acc=0.3785
  epoch  42/50  loss=0.4984  bal_acc=0.3681
  epoch  43/50  loss=0.4829  bal_acc=0.3819
  epoch  44/50  loss=0.4790  bal_acc=0.3576
  epoch  45/50  loss=0.4823  bal_acc=0.3837
  epoch  46/50  loss=0.4809  bal_acc=0.3681
  epoch  47/50  loss=0.4731  bal_acc=0.3698
  epoch  48/50  loss=0.4685  bal_acc=0.3681
  epoch  49/50  loss=0.4658  bal_acc=0.3698
  epoch  50/50  loss=0.4689  bal_acc=0.3750
  [LOSO 2/9] subject 1: acc=0.3750  running_mean=0.4653

=== LOSO (hold out subject 2) ===
  Train: 4608 trials  |  Test: 576 trials
  Model params: 9,563
  epoch   1/50  loss=1.3698  bal_acc=0.4323
  epoch   2/50  loss=1.2793  bal_acc=0.4844
  epoch   3/50  loss=1.2197  bal_acc=0.4514
  epoch   4/50  loss=1.1453  bal_acc=0.5208
  epoch   5/50  loss=1.0839  bal_acc=0.5868
  epoch   6/50  loss=1.0263  bal_acc=0.5069
  epoch   7/50  loss=1.0005  bal_acc=0.5069
  epoch   8/50  loss=0.9762  bal_acc=0.4896
  epoch   9/50  loss=0.9493  bal_acc=0.6233
  epoch  10/50  loss=0.9238  bal_acc=0.5625
  epoch  11/50  loss=0.9079  bal_acc=0.5729
  epoch  12/50  loss=0.8806  bal_acc=0.5573
  epoch  13/50  loss=0.8740  bal_acc=0.5260
  epoch  14/50  loss=0.8437  bal_acc=0.5347
  epoch  15/50  loss=0.8473  bal_acc=0.5521
  epoch  16/50  loss=0.8183  bal_acc=0.5833
  epoch  17/50  loss=0.8071  bal_acc=0.6007
  epoch  18/50  loss=0.8088  bal_acc=0.6372
  epoch  19/50  loss=0.7906  bal_acc=0.6267
  epoch  20/50  loss=0.7724  bal_acc=0.5677
  epoch  21/50  loss=0.7598  bal_acc=0.5938
  epoch  22/50  loss=0.7432  bal_acc=0.5590
  epoch  23/50  loss=0.7322  bal_acc=0.5747
  epoch  24/50  loss=0.7115  bal_acc=0.5920
  epoch  25/50  loss=0.7080  bal_acc=0.5816
  epoch  26/50  loss=0.6972  bal_acc=0.5365
  epoch  27/50  loss=0.6982  bal_acc=0.6267
  epoch  28/50  loss=0.6864  bal_acc=0.5747
  epoch  29/50  loss=0.6900  bal_acc=0.5851
  epoch  30/50  loss=0.6897  bal_acc=0.6024
  epoch  31/50  loss=0.6581  bal_acc=0.5990
  epoch  32/50  loss=0.6622  bal_acc=0.5434
  epoch  33/50  loss=0.6543  bal_acc=0.6111
  epoch  34/50  loss=0.6408  bal_acc=0.5972
  epoch  35/50  loss=0.6463  bal_acc=0.5729
  epoch  36/50  loss=0.6315  bal_acc=0.5694
  epoch  37/50  loss=0.6472  bal_acc=0.6250
  epoch  38/50  loss=0.6112  bal_acc=0.5955
  epoch  39/50  loss=0.6279  bal_acc=0.6111
  epoch  40/50  loss=0.6117  bal_acc=0.6111
  epoch  41/50  loss=0.6054  bal_acc=0.6319
  epoch  42/50  loss=0.6185  bal_acc=0.5747
  epoch  43/50  loss=0.5938  bal_acc=0.6337
  epoch  44/50  loss=0.5955  bal_acc=0.5625
  epoch  45/50  loss=0.5941  bal_acc=0.5538
  epoch  46/50  loss=0.5766  bal_acc=0.6250
  epoch  47/50  loss=0.5719  bal_acc=0.6372
  epoch  48/50  loss=0.5757  bal_acc=0.5938
  epoch  49/50  loss=0.5867  bal_acc=0.5781
  epoch  50/50  loss=0.5731  bal_acc=0.5885
  [LOSO 3/9] subject 2: acc=0.5885  running_mean=0.5064

=== LOSO (hold out subject 3) ===
  Train: 4608 trials  |  Test: 576 trials
  Model params: 9,563
  epoch   1/50  loss=1.3744  bal_acc=0.3594
  epoch   2/50  loss=1.2781  bal_acc=0.2899
  epoch   3/50  loss=1.1659  bal_acc=0.3924
  epoch   4/50  loss=1.0790  bal_acc=0.3802
  epoch   5/50  loss=1.0241  bal_acc=0.4253
  epoch   6/50  loss=0.9656  bal_acc=0.3611
  epoch   7/50  loss=0.9284  bal_acc=0.3819
  epoch   8/50  loss=0.9006  bal_acc=0.3767
  epoch   9/50  loss=0.8886  bal_acc=0.3559
  epoch  10/50  loss=0.8524  bal_acc=0.3837
  epoch  11/50  loss=0.8371  bal_acc=0.3872
  epoch  12/50  loss=0.8176  bal_acc=0.4271
  epoch  13/50  loss=0.8022  bal_acc=0.3316
  epoch  14/50  loss=0.7959  bal_acc=0.3472
  epoch  15/50  loss=0.7758  bal_acc=0.3837
  epoch  16/50  loss=0.7727  bal_acc=0.3906
  epoch  17/50  loss=0.7402  bal_acc=0.3906
  epoch  18/50  loss=0.7326  bal_acc=0.3490
  epoch  19/50  loss=0.7182  bal_acc=0.3663
  epoch  20/50  loss=0.7062  bal_acc=0.3958
  epoch  21/50  loss=0.6815  bal_acc=0.4132
  epoch  22/50  loss=0.6698  bal_acc=0.4132
  epoch  23/50  loss=0.6630  bal_acc=0.3681
  epoch  24/50  loss=0.6518  bal_acc=0.3681
  epoch  25/50  loss=0.6448  bal_acc=0.4236
  epoch  26/50  loss=0.6255  bal_acc=0.4045
  epoch  27/50  loss=0.6356  bal_acc=0.4062
  epoch  28/50  loss=0.6185  bal_acc=0.3941
  epoch  29/50  loss=0.5980  bal_acc=0.4549
  epoch  30/50  loss=0.6002  bal_acc=0.3837
  epoch  31/50  loss=0.6051  bal_acc=0.4219
  epoch  32/50  loss=0.5787  bal_acc=0.4340
  epoch  33/50  loss=0.5945  bal_acc=0.4097
  epoch  34/50  loss=0.5754  bal_acc=0.4392
  epoch  35/50  loss=0.5553  bal_acc=0.4219
  epoch  36/50  loss=0.5647  bal_acc=0.4045
  epoch  37/50  loss=0.5440  bal_acc=0.4253
  epoch  38/50  loss=0.5485  bal_acc=0.3924
  epoch  39/50  loss=0.5395  bal_acc=0.4115
  epoch  40/50  loss=0.5258  bal_acc=0.4340
  epoch  41/50  loss=0.5227  bal_acc=0.4288
  epoch  42/50  loss=0.5122  bal_acc=0.4253
  epoch  43/50  loss=0.5264  bal_acc=0.4410
  epoch  44/50  loss=0.5153  bal_acc=0.4271
  epoch  45/50  loss=0.5115  bal_acc=0.4462
  epoch  46/50  loss=0.5056  bal_acc=0.4253
  epoch  47/50  loss=0.5138  bal_acc=0.4358
  epoch  48/50  loss=0.4945  bal_acc=0.4479
  epoch  49/50  loss=0.4972  bal_acc=0.4497
  epoch  50/50  loss=0.4916  bal_acc=0.4462
  [LOSO 4/9] subject 3: acc=0.4462  running_mean=0.4913

=== LOSO (hold out subject 4) ===
  Train: 4608 trials  |  Test: 576 trials
  Model params: 9,563
  epoch   1/50  loss=1.3668  bal_acc=0.2847
  epoch   2/50  loss=1.2625  bal_acc=0.2726
  epoch   3/50  loss=1.1761  bal_acc=0.2865
  epoch   4/50  loss=1.0854  bal_acc=0.2656
  epoch   5/50  loss=0.9925  bal_acc=0.2899
  epoch   6/50  loss=0.9462  bal_acc=0.2500
  epoch   7/50  loss=0.9013  bal_acc=0.2899
  epoch   8/50  loss=0.8723  bal_acc=0.3073
  epoch   9/50  loss=0.8403  bal_acc=0.3125
  epoch  10/50  loss=0.8280  bal_acc=0.2882
  epoch  11/50  loss=0.7994  bal_acc=0.2969
  epoch  12/50  loss=0.7855  bal_acc=0.3177
  epoch  13/50  loss=0.7737  bal_acc=0.2917
  epoch  14/50  loss=0.7504  bal_acc=0.3038
  epoch  15/50  loss=0.7316  bal_acc=0.3351
  epoch  16/50  loss=0.7073  bal_acc=0.3507
  epoch  17/50  loss=0.6964  bal_acc=0.3455
  epoch  18/50  loss=0.6782  bal_acc=0.3212
  epoch  19/50  loss=0.6644  bal_acc=0.3351
  epoch  20/50  loss=0.6627  bal_acc=0.3437
  epoch  21/50  loss=0.6562  bal_acc=0.3490
  epoch  22/50  loss=0.6246  bal_acc=0.3507
  epoch  23/50  loss=0.6167  bal_acc=0.3576
  epoch  24/50  loss=0.6030  bal_acc=0.3576
  epoch  25/50  loss=0.6045  bal_acc=0.3854
  epoch  26/50  loss=0.5888  bal_acc=0.3542
  epoch  27/50  loss=0.5791  bal_acc=0.3785
  epoch  28/50  loss=0.5749  bal_acc=0.3646
  epoch  29/50  loss=0.5660  bal_acc=0.3750
  epoch  30/50  loss=0.5684  bal_acc=0.3872
  epoch  31/50  loss=0.5547  bal_acc=0.3767
  epoch  32/50  loss=0.5463  bal_acc=0.3455
  epoch  33/50  loss=0.5380  bal_acc=0.3628
  epoch  34/50  loss=0.5318  bal_acc=0.3750
  epoch  35/50  loss=0.5222  bal_acc=0.3403
  epoch  36/50  loss=0.5134  bal_acc=0.3559
  epoch  37/50  loss=0.5129  bal_acc=0.3750
  epoch  38/50  loss=0.5063  bal_acc=0.3472
  epoch  39/50  loss=0.5096  bal_acc=0.3646
  epoch  40/50  loss=0.4879  bal_acc=0.3906
  epoch  41/50  loss=0.5037  bal_acc=0.3611
  epoch  42/50  loss=0.4889  bal_acc=0.3819
  epoch  43/50  loss=0.4914  bal_acc=0.3646
  epoch  44/50  loss=0.4792  bal_acc=0.3576
  epoch  45/50  loss=0.4703  bal_acc=0.3681
  epoch  46/50  loss=0.4680  bal_acc=0.3715
  epoch  47/50  loss=0.4701  bal_acc=0.3559
  epoch  48/50  loss=0.4728  bal_acc=0.3611
  epoch  49/50  loss=0.4749  bal_acc=0.3351
  epoch  50/50  loss=0.4758  bal_acc=0.3524
  [LOSO 5/9] subject 4: acc=0.3524  running_mean=0.4635

=== LOSO (hold out subject 5) ===
  Train: 4608 trials  |  Test: 576 trials
  Model params: 9,563
  epoch   1/50  loss=1.3744  bal_acc=0.3142
  epoch   2/50  loss=1.2745  bal_acc=0.3142
  epoch   3/50  loss=1.1758  bal_acc=0.3194
  epoch   4/50  loss=1.1008  bal_acc=0.3299
  epoch   5/50  loss=1.0404  bal_acc=0.3160
  epoch   6/50  loss=0.9996  bal_acc=0.3455
  epoch   7/50  loss=0.9551  bal_acc=0.3576
  epoch   8/50  loss=0.9252  bal_acc=0.3368
  epoch   9/50  loss=0.9004  bal_acc=0.3333
  epoch  10/50  loss=0.8833  bal_acc=0.3628
  epoch  11/50  loss=0.8587  bal_acc=0.3837
  epoch  12/50  loss=0.8295  bal_acc=0.3351
  epoch  13/50  loss=0.8004  bal_acc=0.3576
  epoch  14/50  loss=0.7879  bal_acc=0.3924
  epoch  15/50  loss=0.7740  bal_acc=0.3455
  epoch  16/50  loss=0.7605  bal_acc=0.3819
  epoch  17/50  loss=0.7253  bal_acc=0.3906
  epoch  18/50  loss=0.7329  bal_acc=0.3663
  epoch  19/50  loss=0.7185  bal_acc=0.3316
  epoch  20/50  loss=0.6930  bal_acc=0.3524
  epoch  21/50  loss=0.6863  bal_acc=0.3646
  epoch  22/50  loss=0.6830  bal_acc=0.3958
  epoch  23/50  loss=0.6695  bal_acc=0.4028
  epoch  24/50  loss=0.6532  bal_acc=0.4253
  epoch  25/50  loss=0.6368  bal_acc=0.3854
  epoch  26/50  loss=0.6255  bal_acc=0.4410
  epoch  27/50  loss=0.6111  bal_acc=0.3542
  epoch  28/50  loss=0.6060  bal_acc=0.4253
  epoch  29/50  loss=0.5996  bal_acc=0.3559
  epoch  30/50  loss=0.5960  bal_acc=0.3906
  epoch  31/50  loss=0.5941  bal_acc=0.4010
  epoch  32/50  loss=0.5817  bal_acc=0.4097
  epoch  33/50  loss=0.5752  bal_acc=0.3628
  epoch  34/50  loss=0.5730  bal_acc=0.4115
  epoch  35/50  loss=0.5591  bal_acc=0.4184
  epoch  36/50  loss=0.5561  bal_acc=0.3889
  epoch  37/50  loss=0.5535  bal_acc=0.4358
  epoch  38/50  loss=0.5562  bal_acc=0.3958
  epoch  39/50  loss=0.5339  bal_acc=0.3490
  epoch  40/50  loss=0.5260  bal_acc=0.4097
  epoch  41/50  loss=0.5202  bal_acc=0.3750
  epoch  42/50  loss=0.5249  bal_acc=0.3854
  epoch  43/50  loss=0.5302  bal_acc=0.3681
  epoch  44/50  loss=0.5292  bal_acc=0.4375
  epoch  45/50  loss=0.5251  bal_acc=0.4097
  epoch  46/50  loss=0.5101  bal_acc=0.3906
  epoch  47/50  loss=0.5147  bal_acc=0.4323
  epoch  48/50  loss=0.4996  bal_acc=0.3854
  epoch  49/50  loss=0.4955  bal_acc=0.4010
  epoch  50/50  loss=0.4987  bal_acc=0.4115
  [LOSO 6/9] subject 5: acc=0.4115  running_mean=0.4549

=== LOSO (hold out subject 6) ===
  Train: 4608 trials  |  Test: 576 trials
  Model params: 9,563
  epoch   1/50  loss=1.3776  bal_acc=0.2899
  epoch   2/50  loss=1.2576  bal_acc=0.3177
  epoch   3/50  loss=1.1439  bal_acc=0.3281
  epoch   4/50  loss=1.0795  bal_acc=0.3611
  epoch   5/50  loss=1.0195  bal_acc=0.3941
  epoch   6/50  loss=0.9759  bal_acc=0.3472
  epoch   7/50  loss=0.9372  bal_acc=0.4184
  epoch   8/50  loss=0.9074  bal_acc=0.3767
  epoch   9/50  loss=0.8814  bal_acc=0.3733
  epoch  10/50  loss=0.8546  bal_acc=0.3542
  epoch  11/50  loss=0.8388  bal_acc=0.4115
  epoch  12/50  loss=0.8292  bal_acc=0.3819
  epoch  13/50  loss=0.8122  bal_acc=0.4201
  epoch  14/50  loss=0.7867  bal_acc=0.3611
  epoch  15/50  loss=0.7680  bal_acc=0.3507
  epoch  16/50  loss=0.7466  bal_acc=0.3854
  epoch  17/50  loss=0.7443  bal_acc=0.3958
  epoch  18/50  loss=0.7352  bal_acc=0.3750
  epoch  19/50  loss=0.7275  bal_acc=0.3576
  epoch  20/50  loss=0.7234  bal_acc=0.3854
  epoch  21/50  loss=0.6948  bal_acc=0.3559
  epoch  22/50  loss=0.6881  bal_acc=0.3854
  epoch  23/50  loss=0.6641  bal_acc=0.3611
  epoch  24/50  loss=0.6651  bal_acc=0.4028
  epoch  25/50  loss=0.6513  bal_acc=0.3698
  epoch  26/50  loss=0.6435  bal_acc=0.3837
  epoch  27/50  loss=0.6416  bal_acc=0.3958
  epoch  28/50  loss=0.6216  bal_acc=0.3993
  epoch  29/50  loss=0.6106  bal_acc=0.3715
  epoch  30/50  loss=0.6026  bal_acc=0.3941
  epoch  31/50  loss=0.5986  bal_acc=0.4253
  epoch  32/50  loss=0.5868  bal_acc=0.4462
  epoch  33/50  loss=0.5745  bal_acc=0.3924
  epoch  34/50  loss=0.5834  bal_acc=0.4167
  epoch  35/50  loss=0.5730  bal_acc=0.3628
  epoch  36/50  loss=0.5781  bal_acc=0.3802
  epoch  37/50  loss=0.5651  bal_acc=0.3976
  epoch  38/50  loss=0.5641  bal_acc=0.4271
  epoch  39/50  loss=0.5500  bal_acc=0.3854
  epoch  40/50  loss=0.5390  bal_acc=0.3490
  epoch  41/50  loss=0.5488  bal_acc=0.3802
  epoch  42/50  loss=0.5357  bal_acc=0.4201
  epoch  43/50  loss=0.5459  bal_acc=0.4184
  epoch  44/50  loss=0.5270  bal_acc=0.4635
  epoch  45/50  loss=0.5280  bal_acc=0.4010
  epoch  46/50  loss=0.5135  bal_acc=0.4253
  epoch  47/50  loss=0.5157  bal_acc=0.4080
  epoch  48/50  loss=0.5236  bal_acc=0.4514
  epoch  49/50  loss=0.5174  bal_acc=0.4618
  epoch  50/50  loss=0.5080  bal_acc=0.4062
  [LOSO 7/9] subject 6: acc=0.4062  running_mean=0.4479

=== LOSO (hold out subject 7) ===
  Train: 4608 trials  |  Test: 576 trials
  Model params: 9,563
  epoch   1/50  loss=1.3752  bal_acc=0.3542
  epoch   2/50  loss=1.3010  bal_acc=0.4097
  epoch   3/50  loss=1.2108  bal_acc=0.4670
  epoch   4/50  loss=1.1139  bal_acc=0.5590
  epoch   5/50  loss=1.0548  bal_acc=0.5451
  epoch   6/50  loss=1.0110  bal_acc=0.5903
  epoch   7/50  loss=0.9769  bal_acc=0.5885
  epoch   8/50  loss=0.9562  bal_acc=0.6111
  epoch   9/50  loss=0.9170  bal_acc=0.5365
  epoch  10/50  loss=0.8908  bal_acc=0.5660
  epoch  11/50  loss=0.8862  bal_acc=0.6233
  epoch  12/50  loss=0.8714  bal_acc=0.6128
  epoch  13/50  loss=0.8493  bal_acc=0.5677
  epoch  14/50  loss=0.8301  bal_acc=0.5990
  epoch  15/50  loss=0.8129  bal_acc=0.6250
  epoch  16/50  loss=0.8011  bal_acc=0.6024
  epoch  17/50  loss=0.7830  bal_acc=0.6233
  epoch  18/50  loss=0.7713  bal_acc=0.6337
  epoch  19/50  loss=0.7694  bal_acc=0.5781
  epoch  20/50  loss=0.7555  bal_acc=0.6024
  epoch  21/50  loss=0.7486  bal_acc=0.6111
  epoch  22/50  loss=0.7258  bal_acc=0.6059
  epoch  23/50  loss=0.7134  bal_acc=0.5903
  epoch  24/50  loss=0.7179  bal_acc=0.5868
  epoch  25/50  loss=0.7109  bal_acc=0.5938
  epoch  26/50  loss=0.6892  bal_acc=0.5990
  epoch  27/50  loss=0.6753  bal_acc=0.5816
  epoch  28/50  loss=0.6738  bal_acc=0.5260
  epoch  29/50  loss=0.6618  bal_acc=0.5903
  epoch  30/50  loss=0.6590  bal_acc=0.6146
  epoch  31/50  loss=0.6560  bal_acc=0.6181
  epoch  32/50  loss=0.6499  bal_acc=0.6233
  epoch  33/50  loss=0.6380  bal_acc=0.5972
  epoch  34/50  loss=0.6323  bal_acc=0.5816
  epoch  35/50  loss=0.6280  bal_acc=0.6128
  epoch  36/50  loss=0.6084  bal_acc=0.5764
  epoch  37/50  loss=0.6039  bal_acc=0.5660
  epoch  38/50  loss=0.6038  bal_acc=0.5885
  epoch  39/50  loss=0.6058  bal_acc=0.5729
  epoch  40/50  loss=0.6011  bal_acc=0.5781
  epoch  41/50  loss=0.5837  bal_acc=0.5278
  epoch  42/50  loss=0.5855  bal_acc=0.5833
  epoch  43/50  loss=0.5910  bal_acc=0.5885
  epoch  44/50  loss=0.5860  bal_acc=0.5833
  epoch  45/50  loss=0.5799  bal_acc=0.5938
  epoch  46/50  loss=0.5727  bal_acc=0.5920
  epoch  47/50  loss=0.5748  bal_acc=0.5955
  epoch  48/50  loss=0.5686  bal_acc=0.5694
  epoch  49/50  loss=0.5530  bal_acc=0.6076
  epoch  50/50  loss=0.5471  bal_acc=0.6128
  [LOSO 8/9] subject 7: acc=0.6128  running_mean=0.4685

=== LOSO (hold out subject 8) ===
  Train: 4608 trials  |  Test: 576 trials
  Model params: 9,563
  epoch   1/50  loss=1.3750  bal_acc=0.2951
  epoch   2/50  loss=1.2906  bal_acc=0.3524
  epoch   3/50  loss=1.2014  bal_acc=0.4358
  epoch   4/50  loss=1.1264  bal_acc=0.4844
  epoch   5/50  loss=1.0649  bal_acc=0.5434
  epoch   6/50  loss=1.0360  bal_acc=0.5365
  epoch   7/50  loss=0.9857  bal_acc=0.5174
  epoch   8/50  loss=0.9560  bal_acc=0.4774
  epoch   9/50  loss=0.9407  bal_acc=0.6615
  epoch  10/50  loss=0.9022  bal_acc=0.6042
  epoch  11/50  loss=0.8894  bal_acc=0.5955
  epoch  12/50  loss=0.8595  bal_acc=0.6215
  epoch  13/50  loss=0.8385  bal_acc=0.6076
  epoch  14/50  loss=0.8285  bal_acc=0.5677
  epoch  15/50  loss=0.8045  bal_acc=0.6441
  epoch  16/50  loss=0.7862  bal_acc=0.6562
  epoch  17/50  loss=0.7815  bal_acc=0.6146
  epoch  18/50  loss=0.7731  bal_acc=0.5851
  epoch  19/50  loss=0.7556  bal_acc=0.6111
  epoch  20/50  loss=0.7379  bal_acc=0.6111
  epoch  21/50  loss=0.7292  bal_acc=0.6111
  epoch  22/50  loss=0.7140  bal_acc=0.6181
  epoch  23/50  loss=0.7086  bal_acc=0.6250
  epoch  24/50  loss=0.7035  bal_acc=0.5764
  epoch  25/50  loss=0.6949  bal_acc=0.6250
  epoch  26/50  loss=0.6760  bal_acc=0.6615
  epoch  27/50  loss=0.6611  bal_acc=0.6233
  epoch  28/50  loss=0.6477  bal_acc=0.6267
  epoch  29/50  loss=0.6379  bal_acc=0.6007
  epoch  30/50  loss=0.6433  bal_acc=0.6441
  epoch  31/50  loss=0.6202  bal_acc=0.6476
  epoch  32/50  loss=0.6223  bal_acc=0.6441
  epoch  33/50  loss=0.6103  bal_acc=0.6493
  epoch  34/50  loss=0.6109  bal_acc=0.6580
  epoch  35/50  loss=0.6030  bal_acc=0.6424
  epoch  36/50  loss=0.5887  bal_acc=0.6476
  epoch  37/50  loss=0.5789  bal_acc=0.6319
  epoch  38/50  loss=0.5886  bal_acc=0.6076
  epoch  39/50  loss=0.5845  bal_acc=0.5903
  epoch  40/50  loss=0.5641  bal_acc=0.6042
  epoch  41/50  loss=0.5735  bal_acc=0.6684
  epoch  42/50  loss=0.5687  bal_acc=0.6181
  epoch  43/50  loss=0.5623  bal_acc=0.6198
  epoch  44/50  loss=0.5492  bal_acc=0.6302
  epoch  45/50  loss=0.5448  bal_acc=0.6441
  epoch  46/50  loss=0.5455  bal_acc=0.6233
  epoch  47/50  loss=0.5446  bal_acc=0.6024
  epoch  48/50  loss=0.5523  bal_acc=0.6458
  epoch  49/50  loss=0.5348  bal_acc=0.6510
  epoch  50/50  loss=0.5248  bal_acc=0.6354
  [LOSO 9/9] subject 8: acc=0.6354  running_mean=0.4871
Results saved to results/BNCI2014_001/results_trial_11.json
Trial logged to results/BNCI2014_001/trials.csv
[status] trial 11 done (state=COMPLETE, value=0.4870756172839506) -- 12 completed total
Device: cuda
[BNCI2014_001] loading from cache: /home/aleksander.berezowsk/.cache/spiking_eegnet/BNCI2014_001_af1ccf3e92f684d8a93c057082b654d7.npz
[BNCI2014_001] cache hit: (5184, 1, 22, 1001), classes=['feet', 'left_hand', 'right_hand', 'tongue'], subjects=9
Dataset meta: {'n_classes': 4, 'n_channels': 22, 'n_samples': 1001, 'class_names': ['feet', 'left_hand', 'right_hand', 'tongue'], 'subject_list': [1, 2, 3, 4, 5, 6, 7, 8, 9], 'n_subjects': 9, 'sfreq': 250.0}

Applying bandpass filter: 2.5310132250102058–31.671999299629597 Hz

=== LOSO (hold out subject 0) ===
  Train: 4608 trials  |  Test: 576 trials
  Model params: 16,032
  epoch   1/50  loss=1.4220  bal_acc=0.3229
  epoch   2/50  loss=1.3428  bal_acc=0.4271
  epoch   3/50  loss=1.2389  bal_acc=0.4167
  epoch   4/50  loss=1.1819  bal_acc=0.4497
  epoch   5/50  loss=1.1416  bal_acc=0.5035
  epoch   6/50  loss=1.0994  bal_acc=0.4601
  epoch   7/50  loss=1.0633  bal_acc=0.5000
  epoch   8/50  loss=1.0447  bal_acc=0.4097
  epoch   9/50  loss=1.0256  bal_acc=0.5278
  epoch  10/50  loss=0.9924  bal_acc=0.4948
  epoch  11/50  loss=0.9765  bal_acc=0.5556
  epoch  12/50  loss=0.9587  bal_acc=0.4531
  epoch  13/50  loss=0.9446  bal_acc=0.5139
  epoch  14/50  loss=0.9153  bal_acc=0.4792
  epoch  15/50  loss=0.8940  bal_acc=0.5035
  epoch  16/50  loss=0.9042  bal_acc=0.5503
  epoch  17/50  loss=0.8776  bal_acc=0.5417
  epoch  18/50  loss=0.8591  bal_acc=0.4965
  epoch  19/50  loss=0.8481  bal_acc=0.5312
  epoch  20/50  loss=0.8158  bal_acc=0.5608
  epoch  21/50  loss=0.8104  bal_acc=0.5642
  epoch  22/50  loss=0.8058  bal_acc=0.5590
  epoch  23/50  loss=0.8042  bal_acc=0.4844
  epoch  24/50  loss=0.7832  bal_acc=0.5486
  epoch  25/50  loss=0.7830  bal_acc=0.5694
  epoch  26/50  loss=0.7860  bal_acc=0.5903
  epoch  27/50  loss=0.7536  bal_acc=0.5868
  epoch  28/50  loss=0.7433  bal_acc=0.5399
  epoch  29/50  loss=0.7552  bal_acc=0.5608
  epoch  30/50  loss=0.7380  bal_acc=0.5399
  epoch  31/50  loss=0.7299  bal_acc=0.5434
  epoch  32/50  loss=0.7254  bal_acc=0.5694
  epoch  33/50  loss=0.7097  bal_acc=0.5712
  epoch  34/50  loss=0.7179  bal_acc=0.4566
  epoch  35/50  loss=0.6982  bal_acc=0.4757
  epoch  36/50  loss=0.6899  bal_acc=0.5990
  epoch  37/50  loss=0.7076  bal_acc=0.5851
  epoch  38/50  loss=0.6930  bal_acc=0.5451
  epoch  39/50  loss=0.6930  bal_acc=0.5434
  epoch  40/50  loss=0.6803  bal_acc=0.5660
  epoch  41/50  loss=0.6757  bal_acc=0.5851
  epoch  42/50  loss=0.6697  bal_acc=0.5451
  epoch  43/50  loss=0.6683  bal_acc=0.5885
  epoch  44/50  loss=0.6694  bal_acc=0.5469
  epoch  45/50  loss=0.6519  bal_acc=0.5538
  epoch  46/50  loss=0.6592  bal_acc=0.5799
  epoch  47/50  loss=0.6572  bal_acc=0.5816
  epoch  48/50  loss=0.6300  bal_acc=0.5833
  epoch  49/50  loss=0.6365  bal_acc=0.5608
  epoch  50/50  loss=0.6216  bal_acc=0.5938
  [LOSO 1/9] subject 0: acc=0.5938  running_mean=0.5938

=== LOSO (hold out subject 1) ===
  Train: 4608 trials  |  Test: 576 trials
  Model params: 16,032
  epoch   1/50  loss=1.4219  bal_acc=0.2535
  epoch   2/50  loss=1.3334  bal_acc=0.2674
  epoch   3/50  loss=1.2201  bal_acc=0.3281
  epoch   4/50  loss=1.1486  bal_acc=0.3750
  epoch   5/50  loss=1.0864  bal_acc=0.3403
  epoch   6/50  loss=1.0333  bal_acc=0.2899
  epoch   7/50  loss=0.9931  bal_acc=0.3767
  epoch   8/50  loss=0.9870  bal_acc=0.3472
  epoch   9/50  loss=0.9498  bal_acc=0.3819
  epoch  10/50  loss=0.9297  bal_acc=0.3542
  epoch  11/50  loss=0.9146  bal_acc=0.3403
  epoch  12/50  loss=0.8822  bal_acc=0.3507
  epoch  13/50  loss=0.8625  bal_acc=0.3368
  epoch  14/50  loss=0.8484  bal_acc=0.3698
  epoch  15/50  loss=0.8221  bal_acc=0.3160
  epoch  16/50  loss=0.8081  bal_acc=0.3212
  epoch  17/50  loss=0.7972  bal_acc=0.3142
  epoch  18/50  loss=0.7831  bal_acc=0.3229
  epoch  19/50  loss=0.7792  bal_acc=0.3403
  epoch  20/50  loss=0.7735  bal_acc=0.3681
  epoch  21/50  loss=0.7511  bal_acc=0.3715
  epoch  22/50  loss=0.7519  bal_acc=0.3177
  epoch  23/50  loss=0.7511  bal_acc=0.3299
  epoch  24/50  loss=0.7081  bal_acc=0.2969
  epoch  25/50  loss=0.7137  bal_acc=0.2917
  epoch  26/50  loss=0.7206  bal_acc=0.3299
  epoch  27/50  loss=0.6973  bal_acc=0.3733
  epoch  28/50  loss=0.7003  bal_acc=0.3368
  epoch  29/50  loss=0.7052  bal_acc=0.3767
  epoch  30/50  loss=0.6769  bal_acc=0.3403
  epoch  31/50  loss=0.7012  bal_acc=0.3438
  epoch  32/50  loss=0.6751  bal_acc=0.3316
  epoch  33/50  loss=0.6905  bal_acc=0.3281
  epoch  34/50  loss=0.6768  bal_acc=0.3733
  epoch  35/50  loss=0.6335  bal_acc=0.3698
  epoch  36/50  loss=0.6696  bal_acc=0.3090
  epoch  37/50  loss=0.6314  bal_acc=0.3681
  epoch  38/50  loss=0.6372  bal_acc=0.3420
  epoch  39/50  loss=0.6326  bal_acc=0.3559
  epoch  40/50  loss=0.6456  bal_acc=0.3455
  epoch  41/50  loss=0.6220  bal_acc=0.3194
  epoch  42/50  loss=0.6321  bal_acc=0.3524
  epoch  43/50  loss=0.6049  bal_acc=0.3646
  epoch  44/50  loss=0.5991  bal_acc=0.3611
  epoch  45/50  loss=0.6049  bal_acc=0.3229
  epoch  46/50  loss=0.6109  bal_acc=0.3733
  epoch  47/50  loss=0.6032  bal_acc=0.3837
  epoch  48/50  loss=0.6032  bal_acc=0.2986
  epoch  49/50  loss=0.5777  bal_acc=0.3663
  epoch  50/50  loss=0.5853  bal_acc=0.3351
  [LOSO 2/9] subject 1: acc=0.3351  running_mean=0.4644

=== LOSO (hold out subject 2) ===
  Train: 4608 trials  |  Test: 576 trials
  Model params: 16,032
  epoch   1/50  loss=1.4154  bal_acc=0.3125
  epoch   2/50  loss=1.3581  bal_acc=0.3490
  epoch   3/50  loss=1.2999  bal_acc=0.3872
  epoch   4/50  loss=1.2553  bal_acc=0.3490
  epoch   5/50  loss=1.1989  bal_acc=0.3924
  epoch   6/50  loss=1.1532  bal_acc=0.4271
  epoch   7/50  loss=1.1285  bal_acc=0.4132
  epoch   8/50  loss=1.1182  bal_acc=0.4427
  epoch   9/50  loss=1.0795  bal_acc=0.4740
  epoch  10/50  loss=1.0640  bal_acc=0.4340
  epoch  11/50  loss=1.0468  bal_acc=0.3976
  epoch  12/50  loss=1.0317  bal_acc=0.4913
  epoch  13/50  loss=1.0109  bal_acc=0.4722
  epoch  14/50  loss=0.9754  bal_acc=0.5156
  epoch  15/50  loss=0.9657  bal_acc=0.4167
  epoch  16/50  loss=0.9548  bal_acc=0.4566
  epoch  17/50  loss=0.9385  bal_acc=0.4132
  epoch  18/50  loss=0.9113  bal_acc=0.4670
  epoch  19/50  loss=0.9206  bal_acc=0.5035
  epoch  20/50  loss=0.8951  bal_acc=0.4601
  epoch  21/50  loss=0.8836  bal_acc=0.4653
  epoch  22/50  loss=0.8597  bal_acc=0.4340
  epoch  23/50  loss=0.8612  bal_acc=0.5052
  epoch  24/50  loss=0.8406  bal_acc=0.5451
  epoch  25/50  loss=0.8199  bal_acc=0.4497
  epoch  26/50  loss=0.8193  bal_acc=0.4688
  epoch  27/50  loss=0.8135  bal_acc=0.4479
  epoch  28/50  loss=0.8070  bal_acc=0.4774
  epoch  29/50  loss=0.7796  bal_acc=0.4948
  epoch  30/50  loss=0.7967  bal_acc=0.4410
  epoch  31/50  loss=0.7827  bal_acc=0.4427
  epoch  32/50  loss=0.7530  bal_acc=0.5035
  epoch  33/50  loss=0.7687  bal_acc=0.4201
  epoch  34/50  loss=0.7441  bal_acc=0.4045
  epoch  35/50  loss=0.7429  bal_acc=0.4392
  epoch  36/50  loss=0.7456  bal_acc=0.4844
  epoch  37/50  loss=0.7490  bal_acc=0.3993
  epoch  38/50  loss=0.7286  bal_acc=0.4201
  epoch  39/50  loss=0.7252  bal_acc=0.4497
  epoch  40/50  loss=0.7187  bal_acc=0.4688
  epoch  41/50  loss=0.7222  bal_acc=0.5243
  epoch  42/50  loss=0.7105  bal_acc=0.4340
  epoch  43/50  loss=0.6954  bal_acc=0.4844
  epoch  44/50  loss=0.6830  bal_acc=0.5191
  epoch  45/50  loss=0.6903  bal_acc=0.4896
  epoch  46/50  loss=0.6729  bal_acc=0.4514
  epoch  47/50  loss=0.6872  bal_acc=0.4479
  epoch  48/50  loss=0.6669  bal_acc=0.4583
  epoch  49/50  loss=0.6802  bal_acc=0.4271
  epoch  50/50  loss=0.6691  bal_acc=0.4844
  [LOSO 3/9] subject 2: acc=0.4844  running_mean=0.4711

=== LOSO (hold out subject 3) ===
  Train: 4608 trials  |  Test: 576 trials
  Model params: 16,032
  epoch   1/50  loss=1.4112  bal_acc=0.2708
  epoch   2/50  loss=1.2795  bal_acc=0.3368
  epoch   3/50  loss=1.1681  bal_acc=0.3385
  epoch   4/50  loss=1.1173  bal_acc=0.3628
  epoch   5/50  loss=1.0825  bal_acc=0.3316
  epoch   6/50  loss=1.0333  bal_acc=0.3646
  epoch   7/50  loss=0.9997  bal_acc=0.3507
  epoch   8/50  loss=0.9604  bal_acc=0.3663
  epoch   9/50  loss=0.9515  bal_acc=0.3594
  epoch  10/50  loss=0.9248  bal_acc=0.3507
  epoch  11/50  loss=0.9096  bal_acc=0.3490
  epoch  12/50  loss=0.8847  bal_acc=0.3420
  epoch  13/50  loss=0.8718  bal_acc=0.3177
  epoch  14/50  loss=0.8651  bal_acc=0.3490
  epoch  15/50  loss=0.8404  bal_acc=0.3663
  epoch  16/50  loss=0.8117  bal_acc=0.3090
  epoch  17/50  loss=0.8344  bal_acc=0.3507
  epoch  18/50  loss=0.8028  bal_acc=0.3333
  epoch  19/50  loss=0.7870  bal_acc=0.3524
  epoch  20/50  loss=0.7804  bal_acc=0.3507
  epoch  21/50  loss=0.7611  bal_acc=0.3351
  epoch  22/50  loss=0.7615  bal_acc=0.3802
  epoch  23/50  loss=0.7432  bal_acc=0.3837
  epoch  24/50  loss=0.7326  bal_acc=0.3767
  epoch  25/50  loss=0.7412  bal_acc=0.3594
  epoch  26/50  loss=0.7120  bal_acc=0.3003
  epoch  27/50  loss=0.7084  bal_acc=0.3681
  epoch  28/50  loss=0.7074  bal_acc=0.3681
  epoch  29/50  loss=0.6966  bal_acc=0.3646
  epoch  30/50  loss=0.7016  bal_acc=0.3611
  epoch  31/50  loss=0.6818  bal_acc=0.3281
  epoch  32/50  loss=0.6782  bal_acc=0.3507
  epoch  33/50  loss=0.6734  bal_acc=0.3837
  epoch  34/50  loss=0.6591  bal_acc=0.3472
  epoch  35/50  loss=0.6705  bal_acc=0.3681
  epoch  36/50  loss=0.6404  bal_acc=0.3368
  epoch  37/50  loss=0.6566  bal_acc=0.3142
  epoch  38/50  loss=0.6443  bal_acc=0.3385
  epoch  39/50  loss=0.6331  bal_acc=0.3819
  epoch  40/50  loss=0.6252  bal_acc=0.3785
  epoch  41/50  loss=0.6120  bal_acc=0.3507
  epoch  42/50  loss=0.6251  bal_acc=0.3906
  epoch  43/50  loss=0.6037  bal_acc=0.3819
  epoch  44/50  loss=0.6277  bal_acc=0.3872
  epoch  45/50  loss=0.5918  bal_acc=0.3438
  epoch  46/50  loss=0.6071  bal_acc=0.3472
  epoch  47/50  loss=0.5839  bal_acc=0.3247
  epoch  48/50  loss=0.6142  bal_acc=0.3142
  epoch  49/50  loss=0.5915  bal_acc=0.3524
  epoch  50/50  loss=0.5981  bal_acc=0.3594
  [LOSO 4/9] subject 3: acc=0.3594  running_mean=0.4431

=== LOSO (hold out subject 4) ===
  Train: 4608 trials  |  Test: 576 trials
  Model params: 16,032
  epoch   1/50  loss=1.4132  bal_acc=0.2674
  epoch   2/50  loss=1.2941  bal_acc=0.2552
  epoch   3/50  loss=1.1686  bal_acc=0.2778
  epoch   4/50  loss=1.1045  bal_acc=0.2517
  epoch   5/50  loss=1.0508  bal_acc=0.2656
  epoch   6/50  loss=1.0322  bal_acc=0.2743
  epoch   7/50  loss=0.9838  bal_acc=0.3056
  epoch   8/50  loss=0.9673  bal_acc=0.2587
  epoch   9/50  loss=0.9441  bal_acc=0.2587
  epoch  10/50  loss=0.9281  bal_acc=0.2726
  epoch  11/50  loss=0.8985  bal_acc=0.2795
  epoch  12/50  loss=0.8734  bal_acc=0.2917
  epoch  13/50  loss=0.8679  bal_acc=0.2691
  epoch  14/50  loss=0.8371  bal_acc=0.2517
  epoch  15/50  loss=0.8226  bal_acc=0.2656
  epoch  16/50  loss=0.8133  bal_acc=0.2622
  epoch  17/50  loss=0.8028  bal_acc=0.2812
  epoch  18/50  loss=0.8021  bal_acc=0.2951
  epoch  19/50  loss=0.7488  bal_acc=0.3125
  epoch  20/50  loss=0.7599  bal_acc=0.2882
  epoch  21/50  loss=0.7562  bal_acc=0.2934
  epoch  22/50  loss=0.7439  bal_acc=0.3160
  epoch  23/50  loss=0.7283  bal_acc=0.3247
  epoch  24/50  loss=0.7257  bal_acc=0.3212
  epoch  25/50  loss=0.7149  bal_acc=0.3160
  epoch  26/50  loss=0.7116  bal_acc=0.3021
  epoch  27/50  loss=0.6705  bal_acc=0.2726
  epoch  28/50  loss=0.6719  bal_acc=0.2899
  epoch  29/50  loss=0.6854  bal_acc=0.3056
  epoch  30/50  loss=0.6632  bal_acc=0.3073
  epoch  31/50  loss=0.6562  bal_acc=0.2639
  epoch  32/50  loss=0.6633  bal_acc=0.2865
  epoch  33/50  loss=0.6504  bal_acc=0.3125
  epoch  34/50  loss=0.6284  bal_acc=0.3264
  epoch  35/50  loss=0.6215  bal_acc=0.3212
  epoch  36/50  loss=0.6276  bal_acc=0.3073
  epoch  37/50  loss=0.6353  bal_acc=0.3299
  epoch  38/50  loss=0.6396  bal_acc=0.2917
  epoch  39/50  loss=0.6158  bal_acc=0.3194
  epoch  40/50  loss=0.6020  bal_acc=0.3003
  epoch  41/50  loss=0.5910  bal_acc=0.3021
  epoch  42/50  loss=0.5926  bal_acc=0.3021
  epoch  43/50  loss=0.5944  bal_acc=0.3160
  epoch  44/50  loss=0.5918  bal_acc=0.3264
  epoch  45/50  loss=0.5691  bal_acc=0.2951
  epoch  46/50  loss=0.5853  bal_acc=0.2969
  epoch  47/50  loss=0.5832  bal_acc=0.3281
  epoch  48/50  loss=0.5570  bal_acc=0.2656
  epoch  49/50  loss=0.5712  bal_acc=0.3299
  epoch  50/50  loss=0.5707  bal_acc=0.2830
  [LOSO 5/9] subject 4: acc=0.2830  running_mean=0.4111

=== LOSO (hold out subject 5) ===
  Train: 4608 trials  |  Test: 576 trials
  Model params: 16,032
  epoch   1/50  loss=1.3931  bal_acc=0.3160
  epoch   2/50  loss=1.2674  bal_acc=0.2934
  epoch   3/50  loss=1.1900  bal_acc=0.3160
  epoch   4/50  loss=1.1344  bal_acc=0.2934
  epoch   5/50  loss=1.0950  bal_acc=0.3160
  epoch   6/50  loss=1.0380  bal_acc=0.2934
  epoch   7/50  loss=1.0274  bal_acc=0.3542
  epoch   8/50  loss=1.0222  bal_acc=0.3229
  epoch   9/50  loss=0.9761  bal_acc=0.3333
  epoch  10/50  loss=0.9718  bal_acc=0.3021
  epoch  11/50  loss=0.9378  bal_acc=0.2743
  epoch  12/50  loss=0.9370  bal_acc=0.3299
  epoch  13/50  loss=0.9121  bal_acc=0.3628
  epoch  14/50  loss=0.9008  bal_acc=0.2726
  epoch  15/50  loss=0.8688  bal_acc=0.3125
  epoch  16/50  loss=0.8826  bal_acc=0.3108
  epoch  17/50  loss=0.8425  bal_acc=0.3194
  epoch  18/50  loss=0.8427  bal_acc=0.3003
  epoch  19/50  loss=0.8313  bal_acc=0.3212
  epoch  20/50  loss=0.8063  bal_acc=0.3229
  epoch  21/50  loss=0.8041  bal_acc=0.3090
  epoch  22/50  loss=0.7951  bal_acc=0.3316
  epoch  23/50  loss=0.7875  bal_acc=0.3333
  epoch  24/50  loss=0.7742  bal_acc=0.3576
  epoch  25/50  loss=0.7740  bal_acc=0.3125
  epoch  26/50  loss=0.7718  bal_acc=0.3316
  epoch  27/50  loss=0.7535  bal_acc=0.3264
  epoch  28/50  loss=0.7421  bal_acc=0.3142
  epoch  29/50  loss=0.7251  bal_acc=0.2917
  epoch  30/50  loss=0.7255  bal_acc=0.3351
  epoch  31/50  loss=0.7195  bal_acc=0.3056
  epoch  32/50  loss=0.7061  bal_acc=0.3333
  epoch  33/50  loss=0.7067  bal_acc=0.3142
  epoch  34/50  loss=0.7131  bal_acc=0.3281
  epoch  35/50  loss=0.7075  bal_acc=0.3368
  epoch  36/50  loss=0.6960  bal_acc=0.3594
  epoch  37/50  loss=0.6823  bal_acc=0.3385
  epoch  38/50  loss=0.6955  bal_acc=0.3368
  epoch  39/50  loss=0.6708  bal_acc=0.3264
  epoch  40/50  loss=0.6758  bal_acc=0.3438
  epoch  41/50  loss=0.6701  bal_acc=0.3576
  epoch  42/50  loss=0.6595  bal_acc=0.3438
  epoch  43/50  loss=0.6576  bal_acc=0.3368
  epoch  44/50  loss=0.6339  bal_acc=0.3299
  epoch  45/50  loss=0.6490  bal_acc=0.3715
  epoch  46/50  loss=0.6401  bal_acc=0.3715
  epoch  47/50  loss=0.6450  bal_acc=0.3472
  epoch  48/50  loss=0.6269  bal_acc=0.3212
  epoch  49/50  loss=0.6160  bal_acc=0.3194
  epoch  50/50  loss=0.6382  bal_acc=0.3524
  [LOSO 6/9] subject 5: acc=0.3524  running_mean=0.4013

=== LOSO (hold out subject 6) ===
  Train: 4608 trials  |  Test: 576 trials
  Model params: 16,032
  epoch   1/50  loss=1.3882  bal_acc=0.2795
  epoch   2/50  loss=1.2862  bal_acc=0.2622
  epoch   3/50  loss=1.1733  bal_acc=0.2969
  epoch   4/50  loss=1.1459  bal_acc=0.3090
  epoch   5/50  loss=1.0880  bal_acc=0.2847
  epoch   6/50  loss=1.0681  bal_acc=0.3056
  epoch   7/50  loss=1.0308  bal_acc=0.3177
  epoch   8/50  loss=1.0141  bal_acc=0.2691
  epoch   9/50  loss=0.9905  bal_acc=0.2899
  epoch  10/50  loss=0.9541  bal_acc=0.2500
  epoch  11/50  loss=0.9505  bal_acc=0.2934
  epoch  12/50  loss=0.9424  bal_acc=0.2882
  epoch  13/50  loss=0.9122  bal_acc=0.2778
  epoch  14/50  loss=0.9101  bal_acc=0.2917
  epoch  15/50  loss=0.9020  bal_acc=0.2917
  epoch  16/50  loss=0.8880  bal_acc=0.2552
  epoch  17/50  loss=0.8724  bal_acc=0.2535
  epoch  18/50  loss=0.8702  bal_acc=0.3247
  epoch  19/50  loss=0.8503  bal_acc=0.3628
  epoch  20/50  loss=0.8409  bal_acc=0.2865
  epoch  21/50  loss=0.8269  bal_acc=0.3108
  epoch  22/50  loss=0.8287  bal_acc=0.2812
  epoch  23/50  loss=0.8152  bal_acc=0.3073
  epoch  24/50  loss=0.8223  bal_acc=0.3056
  epoch  25/50  loss=0.8188  bal_acc=0.2708
  epoch  26/50  loss=0.8010  bal_acc=0.2726
  epoch  27/50  loss=0.7714  bal_acc=0.3177
  epoch  28/50  loss=0.7818  bal_acc=0.2899
  epoch  29/50  loss=0.7782  bal_acc=0.2934
  epoch  30/50  loss=0.7733  bal_acc=0.2986
  epoch  31/50  loss=0.7595  bal_acc=0.2778
  epoch  32/50  loss=0.7448  bal_acc=0.3194
  epoch  33/50  loss=0.7352  bal_acc=0.2951
  epoch  34/50  loss=0.7189  bal_acc=0.2934
  epoch  35/50  loss=0.7322  bal_acc=0.2986
  epoch  36/50  loss=0.7232  bal_acc=0.3073
  epoch  37/50  loss=0.7237  bal_acc=0.3090
  epoch  38/50  loss=0.7182  bal_acc=0.3420
  epoch  39/50  loss=0.7315  bal_acc=0.3038
  epoch  40/50  loss=0.7032  bal_acc=0.3438
  epoch  41/50  loss=0.7095  bal_acc=0.2865
  epoch  42/50  loss=0.6942  bal_acc=0.2986
  epoch  43/50  loss=0.6880  bal_acc=0.3038
  epoch  44/50  loss=0.7158  bal_acc=0.3681
  epoch  45/50  loss=0.6983  bal_acc=0.2778
  epoch  46/50  loss=0.6991  bal_acc=0.3003
  epoch  47/50  loss=0.6884  bal_acc=0.3403
  epoch  48/50  loss=0.6784  bal_acc=0.3090
  epoch  49/50  loss=0.6819  bal_acc=0.3403
  epoch  50/50  loss=0.6735  bal_acc=0.3212
  [LOSO 7/9] subject 6: acc=0.3212  running_mean=0.3899

=== LOSO (hold out subject 7) ===
  Train: 4608 trials  |  Test: 576 trials
  Model params: 16,032
  epoch   1/50  loss=1.4166  bal_acc=0.2795
  epoch   2/50  loss=1.3664  bal_acc=0.3368
  epoch   3/50  loss=1.3039  bal_acc=0.4844
  epoch   4/50  loss=1.2414  bal_acc=0.3802
  epoch   5/50  loss=1.2018  bal_acc=0.4531
  epoch   6/50  loss=1.1571  bal_acc=0.4288
  epoch   7/50  loss=1.1373  bal_acc=0.4566
  epoch   8/50  loss=1.1097  bal_acc=0.5104
  epoch   9/50  loss=1.0814  bal_acc=0.5191
  epoch  10/50  loss=1.0367  bal_acc=0.5260
  epoch  11/50  loss=1.0322  bal_acc=0.5226
  epoch  12/50  loss=1.0034  bal_acc=0.5747
  epoch  13/50  loss=0.9706  bal_acc=0.5608
  epoch  14/50  loss=0.9533  bal_acc=0.5139
  epoch  15/50  loss=0.9398  bal_acc=0.5677
  epoch  16/50  loss=0.9214  bal_acc=0.5260
  epoch  17/50  loss=0.9060  bal_acc=0.5677
  epoch  18/50  loss=0.8923  bal_acc=0.5382
  epoch  19/50  loss=0.8782  bal_acc=0.5556
  epoch  20/50  loss=0.8663  bal_acc=0.5312
  epoch  21/50  loss=0.8565  bal_acc=0.5712
  epoch  22/50  loss=0.8335  bal_acc=0.5712
  epoch  23/50  loss=0.8342  bal_acc=0.5816
  epoch  24/50  loss=0.8278  bal_acc=0.5538
  epoch  25/50  loss=0.8300  bal_acc=0.5660
  epoch  26/50  loss=0.8156  bal_acc=0.5590
  epoch  27/50  loss=0.8006  bal_acc=0.5521
  epoch  28/50  loss=0.7977  bal_acc=0.5642
  epoch  29/50  loss=0.7749  bal_acc=0.5590
  epoch  30/50  loss=0.7619  bal_acc=0.5816
  epoch  31/50  loss=0.7852  bal_acc=0.5434
  epoch  32/50  loss=0.7661  bal_acc=0.5747
  epoch  33/50  loss=0.7352  bal_acc=0.5781
  epoch  34/50  loss=0.7371  bal_acc=0.5556
  epoch  35/50  loss=0.7220  bal_acc=0.5955
