mkdir: cannot create directory ‘/scratch/mne_data’: Permission denied

[notice] A new release of pip is available: 24.2 -> 26.1.2
[notice] To update, run: pip install --upgrade pip

[notice] A new release of pip is available: 24.2 -> 26.1.2
[notice] To update, run: pip install --upgrade pip
ERROR: Invalid requirement: 'Binary file requirements.txt matches': Expected end or semicolon (after name and no valid version specifier)
    Binary file requirements.txt matches
           ^ (from line 1 of /home/aleksander.berezowsk/requirements_notorch.txt)

[notice] A new release of pip is available: 24.2 -> 26.1.2
[notice] To update, run: pip install --upgrade pip

[notice] A new release of pip is available: 24.2 -> 26.1.2
[notice] To update, run: pip install --upgrade pip
/home/aleksander.berezowsk/spiking-eegnet/src/main.py:89: ExperimentalWarning: Argument ``multivariate`` is an experimental feature. The interface can change in the future.
  sampler=TPESampler(n_startup_trials=tpe_trails, multivariate=True, group=True)
/home/aleksander.berezowsk/spiking-eegnet/src/main.py:89: ExperimentalWarning: Argument ``group`` is an experimental feature. The interface can change in the future.
  sampler=TPESampler(n_startup_trials=tpe_trails, multivariate=True, group=True)
[I 2026-06-20 14:04:45,441] Using an existing study with name 'snn_eegnet_v2_200_20' instead of creating a new one.
[I 2026-06-20 16:43:14,792] Trial 49 finished with value: 0.4124228395061728 and parameters: {'FLOW': 7.904789776342436, 'FHIGH': 91.97255357247411, 'LR_EXP': -2.9320743743874202, 'DROPOUT': 0.32907160113435613, 'BETA': 0.6574352389858253, 'SPIKE_GRAD_SLOPE': 19.264339663597276, 'TEMPORAL_FILTERS': 26, 'DEPTH_MULTIPLIER': 4, 'POINTWISE_FILTERS': 45, 'TEMPORAL_KERNEL_DIV': 4, 'SEPARABLE_KERNEL_SIZE': 5, 'POOL1_SIZE': 6, 'POOL2_SIZE': 7, 'NORM_AXIS': 'full'}. Best is trial 40 with value: 0.46836419753086417.
[I 2026-06-20 18:09:52,182] Trial 54 pruned. 
[I 2026-06-20 21:13:21,624] Trial 56 finished with value: 0.41358024691358025 and parameters: {'FLOW': 1.767606840158959, 'FHIGH': 63.27674027737246, 'LR_EXP': -3.590215245854506, 'DROPOUT': 0.5143098070561454, 'BETA': 0.7861662313487912, 'SPIKE_GRAD_SLOPE': 11.96025042660592, 'TEMPORAL_FILTERS': 32, 'DEPTH_MULTIPLIER': 4, 'POINTWISE_FILTERS': 23, 'TEMPORAL_KERNEL_DIV': 4, 'SEPARABLE_KERNEL_SIZE': 11, 'POOL1_SIZE': 5, 'POOL2_SIZE': 8, 'NORM_AXIS': 'no_channel'}. Best is trial 55 with value: 0.48398919753086417.
